  **** HLS Build v2024.2 5238294
Sourcing Tcl script '/home/ggg_wufuqi/hls/MIMO_detect-main/mimo_cpp_gai/run_cpp.tcl'
INFO: [HLS 200-1510] Running: open_component -reset component_perfect_loop_hls_cpp -flow_target vivado 
INFO: [HLS 200-10] Creating and opening project '/home/ggg_wufuqi/hls/MIMO_detect-main/mimo_cpp_gai/component_perfect_loop_hls_cpp'.
INFO: [HLS 200-10] Creating and opening solution '/home/ggg_wufuqi/hls/MIMO_detect-main/mimo_cpp_gai/component_perfect_loop_hls_cpp/hls'.
INFO: [HLS 200-10] Cleaning up the solution database.
INFO: [HLS 200-1505] Using flow_target 'vivado'
Resolution: For help on HLS 200-1505 see docs.xilinx.com/access/sources/dita/topic?Doc_Version=2024.2%20English&url=ug1448-hls-guidance&resourceid=200-1505.html
INFO: [HLS 200-1510] Running: add_files MHGD_accel_1.cpp 
INFO: [HLS 200-10] Adding design file 'MHGD_accel_1.cpp' to the project
INFO: [HLS 200-1510] Running: add_files MHGD_accel_1.h 
INFO: [HLS 200-10] Adding design file 'MHGD_accel_1.h' to the project
INFO: [HLS 200-1510] Running: add_files MIMO_simulation_1.cpp 
INFO: [HLS 200-10] Adding design file 'MIMO_simulation_1.cpp' to the project
INFO: [HLS 200-1510] Running: add_files MIMO_simulation_1.h 
INFO: [HLS 200-10] Adding design file 'MIMO_simulation_1.h' to the project
INFO: [HLS 200-1510] Running: add_files MyComplex.cpp 
WARNING: [HLS 200-40] Cannot find design file 'MyComplex.cpp'
INFO: [HLS 200-1510] Running: add_files MyComplex_1.h 
INFO: [HLS 200-10] Adding design file 'MyComplex_1.h' to the project
INFO: [HLS 200-1510] Running: add_files sys_config.h 
WARNING: [HLS 200-40] Cannot find design file 'sys_config.h'
INFO: [HLS 200-1510] Running: add_files util_1.cpp 
INFO: [HLS 200-10] Adding design file 'util_1.cpp' to the project
INFO: [HLS 200-1510] Running: add_files util_1.h 
INFO: [HLS 200-10] Adding design file 'util_1.h' to the project
INFO: [HLS 200-1510] Running: add_files -tb tb_1.cpp 
INFO: [HLS 200-10] Adding test bench file 'tb_1.cpp' to the project
INFO: [HLS 200-1510] Running: add_files -tb /home/ggg_wufuqi/hls/MHGD/MHGD/output_file/bits_output_SNR=5.txt -cflags -I. 
INFO: [HLS 200-10] Adding test bench file '/home/ggg_wufuqi/hls/MHGD/MHGD/output_file/bits_output_SNR=5.txt' to the project
INFO: [HLS 200-1510] Running: add_files -tb /home/ggg_wufuqi/hls/MHGD/MHGD/output_file/bits_output_SNR=10.txt -cflags -I. 
INFO: [HLS 200-10] Adding test bench file '/home/ggg_wufuqi/hls/MHGD/MHGD/output_file/bits_output_SNR=10.txt' to the project
INFO: [HLS 200-1510] Running: add_files -tb /home/ggg_wufuqi/hls/MHGD/MHGD/output_file/bits_output_SNR=15.txt -cflags -I. 
INFO: [HLS 200-10] Adding test bench file '/home/ggg_wufuqi/hls/MHGD/MHGD/output_file/bits_output_SNR=15.txt' to the project
INFO: [HLS 200-1510] Running: add_files -tb /home/ggg_wufuqi/hls/MHGD/MHGD/output_file/bits_output_SNR=20.txt -cflags -I. 
INFO: [HLS 200-10] Adding test bench file '/home/ggg_wufuqi/hls/MHGD/MHGD/output_file/bits_output_SNR=20.txt' to the project
INFO: [HLS 200-1510] Running: add_files -tb /home/ggg_wufuqi/hls/MHGD/MHGD/output_file/bits_output_SNR=25.txt -cflags -I. 
INFO: [HLS 200-10] Adding test bench file '/home/ggg_wufuqi/hls/MHGD/MHGD/output_file/bits_output_SNR=25.txt' to the project
INFO: [HLS 200-1510] Running: add_files -tb /home/ggg_wufuqi/hls/MHGD/MHGD/input_file/H_SNR=5.txt -cflags -I. 
INFO: [HLS 200-10] Adding test bench file '/home/ggg_wufuqi/hls/MHGD/MHGD/input_file/H_SNR=5.txt' to the project
INFO: [HLS 200-1510] Running: add_files -tb /home/ggg_wufuqi/hls/MHGD/MHGD/input_file/H_SNR=10.txt -cflags -I. 
INFO: [HLS 200-10] Adding test bench file '/home/ggg_wufuqi/hls/MHGD/MHGD/input_file/H_SNR=10.txt' to the project
INFO: [HLS 200-1510] Running: add_files -tb /home/ggg_wufuqi/hls/MHGD/MHGD/input_file/H_SNR=15.txt -cflags -I. 
INFO: [HLS 200-10] Adding test bench file '/home/ggg_wufuqi/hls/MHGD/MHGD/input_file/H_SNR=15.txt' to the project
INFO: [HLS 200-1510] Running: add_files -tb /home/ggg_wufuqi/hls/MHGD/MHGD/input_file/H_SNR=20.txt -cflags -I. 
INFO: [HLS 200-10] Adding test bench file '/home/ggg_wufuqi/hls/MHGD/MHGD/input_file/H_SNR=20.txt' to the project
INFO: [HLS 200-1510] Running: add_files -tb /home/ggg_wufuqi/hls/MHGD/MHGD/input_file/H_SNR=25.txt -cflags -I. 
INFO: [HLS 200-10] Adding test bench file '/home/ggg_wufuqi/hls/MHGD/MHGD/input_file/H_SNR=25.txt' to the project
INFO: [HLS 200-1510] Running: add_files -tb /home/ggg_wufuqi/hls/MHGD/MHGD/input_file/y_SNR=5.txt -cflags -I. 
INFO: [HLS 200-10] Adding test bench file '/home/ggg_wufuqi/hls/MHGD/MHGD/input_file/y_SNR=5.txt' to the project
INFO: [HLS 200-1510] Running: add_files -tb /home/ggg_wufuqi/hls/MHGD/MHGD/input_file/y_SNR=10.txt -cflags -I. 
INFO: [HLS 200-10] Adding test bench file '/home/ggg_wufuqi/hls/MHGD/MHGD/input_file/y_SNR=10.txt' to the project
INFO: [HLS 200-1510] Running: add_files -tb /home/ggg_wufuqi/hls/MHGD/MHGD/input_file/y_SNR=15.txt -cflags -I. 
INFO: [HLS 200-10] Adding test bench file '/home/ggg_wufuqi/hls/MHGD/MHGD/input_file/y_SNR=15.txt' to the project
INFO: [HLS 200-1510] Running: add_files -tb /home/ggg_wufuqi/hls/MHGD/MHGD/input_file/y_SNR=20.txt -cflags -I. 
INFO: [HLS 200-10] Adding test bench file '/home/ggg_wufuqi/hls/MHGD/MHGD/input_file/y_SNR=20.txt' to the project
INFO: [HLS 200-1510] Running: add_files -tb /home/ggg_wufuqi/hls/MHGD/MHGD/input_file/y_SNR=25.txt -cflags -I. 
INFO: [HLS 200-10] Adding test bench file '/home/ggg_wufuqi/hls/MHGD/MHGD/input_file/y_SNR=25.txt' to the project
INFO: [HLS 200-1510] Running: add_files -tb /home/ggg_wufuqi/hls/MHGD/_64QAM_Constellation.txt -cflags -I. 
INFO: [HLS 200-10] Adding test bench file '/home/ggg_wufuqi/hls/MHGD/_64QAM_Constellation.txt' to the project
INFO: [HLS 200-1510] Running: add_files -tb /home/ggg_wufuqi/hls/MHGD/_16QAM_Constellation.txt -cflags -I. 
INFO: [HLS 200-10] Adding test bench file '/home/ggg_wufuqi/hls/MHGD/_16QAM_Constellation.txt' to the project
INFO: [HLS 200-1510] Running: set_top MHGD_detect_accel 
INFO: [HLS 200-1510] Running: set_part xck26-sfvc784-2LV-c 
INFO: [HLS 200-1611] Setting target device to 'xck26-sfvc784-2LV-c'
INFO: [HLS 200-1510] Running: create_clock -period 10 
INFO: [SYN 201-201] Setting up clock 'default' with a period of 10ns.
INFO: [HLS 200-1510] Running: csim_design 
WARNING: [HLS 200-1998] cannot find relative file path 'MyComplex.cpp' in directory(s): /home/ggg_wufuqi/hls/MIMO_detect-main/mimo_cpp_gai /home/ggg_wufuqi/hls/MIMO_detect-main/mimo_cpp_gai
WARNING: [HLS 200-1998] cannot find relative file path 'sys_config.h' in directory(s): /home/ggg_wufuqi/hls/MIMO_detect-main/mimo_cpp_gai /home/ggg_wufuqi/hls/MIMO_detect-main/mimo_cpp_gai
INFO: [SIM 211-2] *************** CSIM start ***************
INFO: [SIM 211-4] CSIM will launch CLANG as the compiler.
INFO: [HLS 200-2036] Building debug C Simulation binaries
   Compiling ../../../../tb_1.cpp in debug mode
In file included from ../../../../tb_1.cpp:5:
../../../../util_1.h:6:10: fatal error: 'sys_config.h' file not found
#include "sys_config.h"
         ^~~~~~~~~~~~~~
1 error generated.
make: *** [csim.mk:88: obj/tb_1.o] Error 1
ERROR: [SIM 211-100] 'csim_design' failed: compilation error(s).
INFO: [SIM 211-3] *************** CSIM finish ***************
INFO: [HLS 200-2161] Finished Command csim_design Elapsed time: 00:00:02; Allocated memory: 16.023 MB.
4
    while executing
"source /home/ggg_wufuqi/hls/MIMO_detect-main/mimo_cpp_gai/run_cpp.tcl"
    ("uplevel" body line 1)
    invoked from within
"uplevel \#0 [list source $tclfile] "

INFO: [HLS 200-112] Total CPU user time: 1.82 seconds. Total CPU system time: 0.2 seconds. Total elapsed time: 4.44 seconds; peak allocated memory: 657.445 MB.
INFO: [vitis-run 60-1662] Stopping dispatch session having empty uuid.
