  **** HLS Build v2024.2 5238294
Sourcing Tcl script '/home/ggg_wufuqi/hls/MIMO_detect-main/mimo_cpp_gai/run_cpp.tcl'
INFO: [HLS 200-1510] Running: open_component -reset component_perfect_loop_hls_cpp -flow_target vivado 
INFO: [HLS 200-10] Creating and opening project '/home/ggg_wufuqi/hls/MIMO_detect-main/mimo_cpp_gai/component_perfect_loop_hls_cpp'.
INFO: [HLS 200-10] Opening and resetting solution '/home/ggg_wufuqi/hls/MIMO_detect-main/mimo_cpp_gai/component_perfect_loop_hls_cpp/hls'.
INFO: [HLS 200-10] Cleaning up the solution database.
INFO: [HLS 200-1505] Using flow_target 'vivado'
Resolution: For help on HLS 200-1505 see docs.xilinx.com/access/sources/dita/topic?Doc_Version=2024.2%20English&url=ug1448-hls-guidance&resourceid=200-1505.html
INFO: [HLS 200-1510] Running: add_files MHGD_accel_1.cpp 
INFO: [HLS 200-10] Adding design file 'MHGD_accel_1.cpp' to the project
INFO: [HLS 200-1510] Running: add_files MHGD_accel_1.h 
INFO: [HLS 200-10] Adding design file 'MHGD_accel_1.h' to the project
INFO: [HLS 200-1510] Running: add_files MIMO_simulation_1.cpp 
INFO: [HLS 200-10] Adding design file 'MIMO_simulation_1.cpp' to the project
INFO: [HLS 200-1510] Running: add_files MIMO_simulation_1.h 
INFO: [HLS 200-10] Adding design file 'MIMO_simulation_1.h' to the project
INFO: [HLS 200-1510] Running: add_files MyComplex.cpp 
WARNING: [HLS 200-40] Cannot find design file 'MyComplex.cpp'
INFO: [HLS 200-1510] Running: add_files MyComplex_1.h 
INFO: [HLS 200-10] Adding design file 'MyComplex_1.h' to the project
INFO: [HLS 200-1510] Running: add_files sys_config_1.h 
INFO: [HLS 200-10] Adding design file 'sys_config_1.h' to the project
INFO: [HLS 200-1510] Running: add_files util_1.cpp 
INFO: [HLS 200-10] Adding design file 'util_1.cpp' to the project
INFO: [HLS 200-1510] Running: add_files util_1.h 
INFO: [HLS 200-10] Adding design file 'util_1.h' to the project
INFO: [HLS 200-1510] Running: add_files MMSE_1.h 
INFO: [HLS 200-10] Adding design file 'MMSE_1.h' to the project
INFO: [HLS 200-1510] Running: add_files MMSE_1.cpp 
INFO: [HLS 200-10] Adding design file 'MMSE_1.cpp' to the project
INFO: [HLS 200-1510] Running: add_files -tb tb_1.cpp 
INFO: [HLS 200-10] Adding test bench file 'tb_1.cpp' to the project
INFO: [HLS 200-1510] Running: add_files -tb /home/ggg_wufuqi/hls/MHGD/MHGD/output_file/bits_output_SNR=5.txt -cflags -I. 
INFO: [HLS 200-10] Adding test bench file '/home/ggg_wufuqi/hls/MHGD/MHGD/output_file/bits_output_SNR=5.txt' to the project
INFO: [HLS 200-1510] Running: add_files -tb /home/ggg_wufuqi/hls/MHGD/MHGD/output_file/bits_output_SNR=10.txt -cflags -I. 
INFO: [HLS 200-10] Adding test bench file '/home/ggg_wufuqi/hls/MHGD/MHGD/output_file/bits_output_SNR=10.txt' to the project
INFO: [HLS 200-1510] Running: add_files -tb /home/ggg_wufuqi/hls/MHGD/MHGD/output_file/bits_output_SNR=15.txt -cflags -I. 
INFO: [HLS 200-10] Adding test bench file '/home/ggg_wufuqi/hls/MHGD/MHGD/output_file/bits_output_SNR=15.txt' to the project
INFO: [HLS 200-1510] Running: add_files -tb /home/ggg_wufuqi/hls/MHGD/MHGD/output_file/bits_output_SNR=20.txt -cflags -I. 
INFO: [HLS 200-10] Adding test bench file '/home/ggg_wufuqi/hls/MHGD/MHGD/output_file/bits_output_SNR=20.txt' to the project
INFO: [HLS 200-1510] Running: add_files -tb /home/ggg_wufuqi/hls/MHGD/MHGD/output_file/bits_output_SNR=25.txt -cflags -I. 
INFO: [HLS 200-10] Adding test bench file '/home/ggg_wufuqi/hls/MHGD/MHGD/output_file/bits_output_SNR=25.txt' to the project
INFO: [HLS 200-1510] Running: add_files -tb /home/ggg_wufuqi/hls/MHGD/MHGD/input_file/H_SNR=5.txt -cflags -I. 
INFO: [HLS 200-10] Adding test bench file '/home/ggg_wufuqi/hls/MHGD/MHGD/input_file/H_SNR=5.txt' to the project
INFO: [HLS 200-1510] Running: add_files -tb /home/ggg_wufuqi/hls/MHGD/MHGD/input_file/H_SNR=10.txt -cflags -I. 
INFO: [HLS 200-10] Adding test bench file '/home/ggg_wufuqi/hls/MHGD/MHGD/input_file/H_SNR=10.txt' to the project
INFO: [HLS 200-1510] Running: add_files -tb /home/ggg_wufuqi/hls/MHGD/MHGD/input_file/H_SNR=15.txt -cflags -I. 
INFO: [HLS 200-10] Adding test bench file '/home/ggg_wufuqi/hls/MHGD/MHGD/input_file/H_SNR=15.txt' to the project
INFO: [HLS 200-1510] Running: add_files -tb /home/ggg_wufuqi/hls/MHGD/MHGD/input_file/H_SNR=20.txt -cflags -I. 
INFO: [HLS 200-10] Adding test bench file '/home/ggg_wufuqi/hls/MHGD/MHGD/input_file/H_SNR=20.txt' to the project
INFO: [HLS 200-1510] Running: add_files -tb /home/ggg_wufuqi/hls/MHGD/MHGD/input_file/H_SNR=25.txt -cflags -I. 
INFO: [HLS 200-10] Adding test bench file '/home/ggg_wufuqi/hls/MHGD/MHGD/input_file/H_SNR=25.txt' to the project
INFO: [HLS 200-1510] Running: add_files -tb /home/ggg_wufuqi/hls/MHGD/MHGD/input_file/y_SNR=5.txt -cflags -I. 
INFO: [HLS 200-10] Adding test bench file '/home/ggg_wufuqi/hls/MHGD/MHGD/input_file/y_SNR=5.txt' to the project
INFO: [HLS 200-1510] Running: add_files -tb /home/ggg_wufuqi/hls/MHGD/MHGD/input_file/y_SNR=10.txt -cflags -I. 
INFO: [HLS 200-10] Adding test bench file '/home/ggg_wufuqi/hls/MHGD/MHGD/input_file/y_SNR=10.txt' to the project
INFO: [HLS 200-1510] Running: add_files -tb /home/ggg_wufuqi/hls/MHGD/MHGD/input_file/y_SNR=15.txt -cflags -I. 
INFO: [HLS 200-10] Adding test bench file '/home/ggg_wufuqi/hls/MHGD/MHGD/input_file/y_SNR=15.txt' to the project
INFO: [HLS 200-1510] Running: add_files -tb /home/ggg_wufuqi/hls/MHGD/MHGD/input_file/y_SNR=20.txt -cflags -I. 
INFO: [HLS 200-10] Adding test bench file '/home/ggg_wufuqi/hls/MHGD/MHGD/input_file/y_SNR=20.txt' to the project
INFO: [HLS 200-1510] Running: add_files -tb /home/ggg_wufuqi/hls/MHGD/MHGD/input_file/y_SNR=25.txt -cflags -I. 
INFO: [HLS 200-10] Adding test bench file '/home/ggg_wufuqi/hls/MHGD/MHGD/input_file/y_SNR=25.txt' to the project
INFO: [HLS 200-1510] Running: add_files -tb /home/ggg_wufuqi/hls/MHGD/_64QAM_Constellation.txt -cflags -I. 
INFO: [HLS 200-10] Adding test bench file '/home/ggg_wufuqi/hls/MHGD/_64QAM_Constellation.txt' to the project
INFO: [HLS 200-1510] Running: add_files -tb /home/ggg_wufuqi/hls/MHGD/_16QAM_Constellation.txt -cflags -I. 
INFO: [HLS 200-10] Adding test bench file '/home/ggg_wufuqi/hls/MHGD/_16QAM_Constellation.txt' to the project
INFO: [HLS 200-1510] Running: set_top MHGD_detect_accel 
INFO: [HLS 200-1510] Running: set_part xck26-sfvc784-2LV-c 
INFO: [HLS 200-1611] Setting target device to 'xck26-sfvc784-2LV-c'
INFO: [HLS 200-1510] Running: create_clock -period 10 
INFO: [SYN 201-201] Setting up clock 'default' with a period of 10ns.
INFO: [HLS 200-1510] Running: set_directive_pipeline loop_perfect/LOOP_J 
INFO: [HLS 200-1510] Running: csynth_design 
WARNING: [HLS 200-1998] cannot find relative file path 'MyComplex.cpp' in directory(s): /home/ggg_wufuqi/hls/MIMO_detect-main/mimo_cpp_gai /home/ggg_wufuqi/hls/MIMO_detect-main/mimo_cpp_gai
WARNING: [HLS 200-40] Cannot find source file MyComplex.cpp; skipping it.
INFO: [HLS 200-111] Finished File checks and directory preparation: CPU user time: 0.05 seconds. CPU system time: 0.01 seconds. Elapsed time: 2.57 seconds; current allocated memory: 663.176 MB.
INFO: [HLS 200-10] Analyzing design file 'MMSE_1.cpp' ... 
WARNING: [HLS 207-1017] unknown pragma ignored (./util_1.h:10:9)
WARNING: [HLS 207-5292] unused parameter 'Nr' (MMSE_1.cpp:9:28)
INFO: [HLS 200-10] Analyzing design file 'util_1.cpp' ... 
WARNING: [HLS 207-1017] unknown pragma ignored (./util_1.h:10:9)
INFO: [HLS 200-10] Analyzing design file 'MIMO_simulation_1.cpp' ... 
WARNING: [HLS 207-1017] unknown pragma ignored (./util_1.h:10:9)
INFO: [HLS 200-10] Analyzing design file 'MHGD_accel_1.cpp' ... 
WARNING: [HLS 207-910] '__SYNTHESIS__' macro redefined (MHGD_accel_1.cpp:13:10)
INFO: [HLS 207-71] previous definition is here (<command line>:3:9)
WARNING: [HLS 207-5570] unexpected pragma argument ';', expects identifier (MHGD_accel_1.cpp:216:40)
WARNING: [HLS 207-5570] unexpected pragma argument ';', expects identifier (MHGD_accel_1.cpp:217:40)
WARNING: [HLS 207-5570] unexpected pragma argument ';', expects identifier (MHGD_accel_1.cpp:218:40)
WARNING: [HLS 207-5570] unexpected pragma argument ';', expects identifier (MHGD_accel_1.cpp:219:40)
WARNING: [HLS 207-5570] unexpected pragma argument ';', expects identifier (MHGD_accel_1.cpp:220:36)
WARNING: [HLS 207-5570] unexpected pragma argument ';', expects identifier (MHGD_accel_1.cpp:221:36)
WARNING: [HLS 207-5570] unexpected pragma argument ';', expects identifier (MHGD_accel_1.cpp:222:44)
WARNING: [HLS 207-5570] unexpected pragma argument ';', expects identifier (MHGD_accel_1.cpp:223:47)
WARNING: [HLS 207-5570] unexpected pragma argument ';', expects identifier (MHGD_accel_1.cpp:224:47)
WARNING: [HLS 207-5570] unexpected pragma argument ';', expects identifier (MHGD_accel_1.cpp:225:42)
WARNING: [HLS 207-5570] unexpected pragma argument ';', expects identifier (MHGD_accel_1.cpp:226:39)
ERROR: [HLS 207-3325] use of overloaded operator '-' is ambiguous (with operand types 'float' and 'like_float' (aka 'ap_fixed<64, 32>')) (MHGD_accel_1.cpp:406:83)
INFO: [HLS 207-4372] candidate function [with _AP_W = 64, _AP_I = 32, _AP_S = true, _AP_Q = AP_TRN, _AP_O = AP_WRAP, _AP_N = 0] (/tools/Xilinx/Vitis/2024.2/common/technology/autopilot/etc/ap_fixed_base.h:2373:1423)
INFO: [HLS 207-4372] candidate function [with _AP_W = 64, _AP_I = 32, _AP_S = true, _AP_Q = AP_TRN, _AP_O = AP_WRAP, _AP_N = 0] (/tools/Xilinx/Vitis/2024.2/common/technology/autopilot/etc/ap_fixed_base.h:2374:1486)
INFO: [HLS 207-4372] candidate function [with _AP_W = 64, _AP_I = 32, _AP_S = true, _AP_Q = AP_TRN, _AP_O = AP_WRAP, _AP_N = 0] (/tools/Xilinx/Vitis/2024.2/common/technology/autopilot/etc/ap_fixed_base.h:2375:1437)
INFO: [HLS 207-4372] candidate function [with _AP_W = 64, _AP_I = 32, _AP_S = true, _AP_Q = AP_TRN, _AP_O = AP_WRAP, _AP_N = 0] (/tools/Xilinx/Vitis/2024.2/common/technology/autopilot/etc/ap_fixed_base.h:2376:1450)
INFO: [HLS 207-4372] candidate function [with _AP_W = 64, _AP_I = 32, _AP_S = true, _AP_Q = AP_TRN, _AP_O = AP_WRAP, _AP_N = 0] (/tools/Xilinx/Vitis/2024.2/common/technology/autopilot/etc/ap_fixed_base.h:2377:1601)
INFO: [HLS 207-4372] candidate function [with _AP_W = 64, _AP_I = 32, _AP_S = true, _AP_Q = AP_TRN, _AP_O = AP_WRAP, _AP_N = 0] (/tools/Xilinx/Vitis/2024.2/common/technology/autopilot/etc/ap_fixed_base.h:2378:1635)
INFO: [HLS 207-4372] candidate function [with _AP_W = 64, _AP_I = 32, _AP_S = true, _AP_Q = AP_TRN, _AP_O = AP_WRAP, _AP_N = 0] (/tools/Xilinx/Vitis/2024.2/common/technology/autopilot/etc/ap_fixed_base.h:2379:1567)
INFO: [HLS 207-4372] candidate function [with _AP_W = 64, _AP_I = 32, _AP_S = true, _AP_Q = AP_TRN, _AP_O = AP_WRAP, _AP_N = 0] (/tools/Xilinx/Vitis/2024.2/common/technology/autopilot/etc/ap_fixed_base.h:2380:1601)
INFO: [HLS 207-4372] candidate function [with _AP_W = 64, _AP_I = 32, _AP_S = true, _AP_Q = AP_TRN, _AP_O = AP_WRAP, _AP_N = 0] (/tools/Xilinx/Vitis/2024.2/common/technology/autopilot/etc/ap_fixed_base.h:2381:1584)
INFO: [HLS 207-4372] candidate function [with _AP_W = 64, _AP_I = 32, _AP_S = true, _AP_Q = AP_TRN, _AP_O = AP_WRAP, _AP_N = 0] (/tools/Xilinx/Vitis/2024.2/common/technology/autopilot/etc/ap_fixed_base.h:2382:1618)
INFO: [HLS 207-4372] candidate function [with _AP_W = 64, _AP_I = 32, _AP_S = true, _AP_Q = AP_TRN, _AP_O = AP_WRAP, _AP_N = 0] (/tools/Xilinx/Vitis/2024.2/common/technology/autopilot/etc/ap_fixed_base.h:2383:1652)
INFO: [HLS 207-4372] candidate function [with _AP_W = 64, _AP_I = 32, _AP_S = true, _AP_Q = AP_TRN, _AP_O = AP_WRAP, _AP_N = 0] (/tools/Xilinx/Vitis/2024.2/common/technology/autopilot/etc/ap_fixed_base.h:2384:1659)
INFO: [HLS 207-4370] built-in candidate operator-(float, float) (MHGD_accel_1.cpp:406:83)
INFO: [HLS 207-4370] built-in candidate operator-(float, double) (MHGD_accel_1.cpp:406:83)
INFO: [HLS 207-4370] built-in candidate operator-(float, long double) (MHGD_accel_1.cpp:406:83)
INFO: [HLS 207-4370] built-in candidate operator-(float, __float128) (MHGD_accel_1.cpp:406:83)
INFO: [HLS 207-4370] built-in candidate operator-(float, int) (MHGD_accel_1.cpp:406:83)
INFO: [HLS 207-4370] built-in candidate operator-(float, long) (MHGD_accel_1.cpp:406:83)
INFO: [HLS 207-4370] built-in candidate operator-(float, long long) (MHGD_accel_1.cpp:406:83)
INFO: [HLS 207-4370] built-in candidate operator-(float, __int128) (MHGD_accel_1.cpp:406:83)
INFO: [HLS 207-4370] built-in candidate operator-(float, unsigned int) (MHGD_accel_1.cpp:406:83)
INFO: [HLS 207-4370] built-in candidate operator-(float, unsigned long) (MHGD_accel_1.cpp:406:83)
INFO: [HLS 207-4370] built-in candidate operator-(float, unsigned long long) (MHGD_accel_1.cpp:406:83)
INFO: [HLS 207-4370] built-in candidate operator-(float, unsigned __int128) (MHGD_accel_1.cpp:406:83)
INFO: [HLS 207-4370] built-in candidate operator-(double, float) (MHGD_accel_1.cpp:406:83)
INFO: [HLS 207-4370] built-in candidate operator-(double, double) (MHGD_accel_1.cpp:406:83)
INFO: [HLS 207-4370] built-in candidate operator-(double, long double) (MHGD_accel_1.cpp:406:83)
INFO: [HLS 207-4370] built-in candidate operator-(double, __float128) (MHGD_accel_1.cpp:406:83)
INFO: [HLS 207-4370] built-in candidate operator-(double, int) (MHGD_accel_1.cpp:406:83)
INFO: [HLS 207-4370] built-in candidate operator-(double, long) (MHGD_accel_1.cpp:406:83)
INFO: [HLS 207-4370] built-in candidate operator-(double, long long) (MHGD_accel_1.cpp:406:83)
INFO: [HLS 207-4370] built-in candidate operator-(double, __int128) (MHGD_accel_1.cpp:406:83)
INFO: [HLS 207-4370] built-in candidate operator-(double, unsigned int) (MHGD_accel_1.cpp:406:83)
INFO: [HLS 207-4370] built-in candidate operator-(double, unsigned long) (MHGD_accel_1.cpp:406:83)
INFO: [HLS 207-4370] built-in candidate operator-(double, unsigned long long) (MHGD_accel_1.cpp:406:83)
INFO: [HLS 207-4370] built-in candidate operator-(double, unsigned __int128) (MHGD_accel_1.cpp:406:83)
INFO: [HLS 207-4370] built-in candidate operator-(long double, float) (MHGD_accel_1.cpp:406:83)
INFO: [HLS 207-4370] built-in candidate operator-(long double, double) (MHGD_accel_1.cpp:406:83)
INFO: [HLS 207-4370] built-in candidate operator-(long double, long double) (MHGD_accel_1.cpp:406:83)
INFO: [HLS 207-4370] built-in candidate operator-(long double, __float128) (MHGD_accel_1.cpp:406:83)
INFO: [HLS 207-4370] built-in candidate operator-(long double, int) (MHGD_accel_1.cpp:406:83)
INFO: [HLS 207-4370] built-in candidate operator-(long double, long) (MHGD_accel_1.cpp:406:83)
INFO: [HLS 207-4370] built-in candidate operator-(long double, long long) (MHGD_accel_1.cpp:406:83)
INFO: [HLS 207-4370] built-in candidate operator-(long double, __int128) (MHGD_accel_1.cpp:406:83)
INFO: [HLS 207-4370] built-in candidate operator-(long double, unsigned int) (MHGD_accel_1.cpp:406:83)
INFO: [HLS 207-4370] built-in candidate operator-(long double, unsigned long) (MHGD_accel_1.cpp:406:83)
INFO: [HLS 207-4370] built-in candidate operator-(long double, unsigned long long) (MHGD_accel_1.cpp:406:83)
INFO: [HLS 207-4370] built-in candidate operator-(long double, unsigned __int128) (MHGD_accel_1.cpp:406:83)
INFO: [HLS 207-4370] built-in candidate operator-(__float128, float) (MHGD_accel_1.cpp:406:83)
INFO: [HLS 207-4370] built-in candidate operator-(__float128, double) (MHGD_accel_1.cpp:406:83)
INFO: [HLS 207-4370] built-in candidate operator-(__float128, long double) (MHGD_accel_1.cpp:406:83)
INFO: [HLS 207-4370] built-in candidate operator-(__float128, __float128) (MHGD_accel_1.cpp:406:83)
INFO: [HLS 207-4370] built-in candidate operator-(__float128, int) (MHGD_accel_1.cpp:406:83)
INFO: [HLS 207-4370] built-in candidate operator-(__float128, long) (MHGD_accel_1.cpp:406:83)
INFO: [HLS 207-4370] built-in candidate operator-(__float128, long long) (MHGD_accel_1.cpp:406:83)
INFO: [HLS 207-4370] built-in candidate operator-(__float128, __int128) (MHGD_accel_1.cpp:406:83)
INFO: [HLS 207-4370] built-in candidate operator-(__float128, unsigned int) (MHGD_accel_1.cpp:406:83)
INFO: [HLS 207-4370] built-in candidate operator-(__float128, unsigned long) (MHGD_accel_1.cpp:406:83)
INFO: [HLS 207-4370] built-in candidate operator-(__float128, unsigned long long) (MHGD_accel_1.cpp:406:83)
INFO: [HLS 207-4370] built-in candidate operator-(__float128, unsigned __int128) (MHGD_accel_1.cpp:406:83)
INFO: [HLS 207-4370] built-in candidate operator-(int, float) (MHGD_accel_1.cpp:406:83)
INFO: [HLS 207-4370] built-in candidate operator-(int, double) (MHGD_accel_1.cpp:406:83)
INFO: [HLS 207-4370] built-in candidate operator-(int, long double) (MHGD_accel_1.cpp:406:83)
INFO: [HLS 207-4370] built-in candidate operator-(int, __float128) (MHGD_accel_1.cpp:406:83)
INFO: [HLS 207-4370] built-in candidate operator-(int, int) (MHGD_accel_1.cpp:406:83)
INFO: [HLS 207-4370] built-in candidate operator-(int, long) (MHGD_accel_1.cpp:406:83)
INFO: [HLS 207-4370] built-in candidate operator-(int, long long) (MHGD_accel_1.cpp:406:83)
INFO: [HLS 207-4370] built-in candidate operator-(int, __int128) (MHGD_accel_1.cpp:406:83)
INFO: [HLS 207-4370] built-in candidate operator-(int, unsigned int) (MHGD_accel_1.cpp:406:83)
INFO: [HLS 207-4370] built-in candidate operator-(int, unsigned long) (MHGD_accel_1.cpp:406:83)
INFO: [HLS 207-4370] built-in candidate operator-(int, unsigned long long) (MHGD_accel_1.cpp:406:83)
INFO: [HLS 207-4370] built-in candidate operator-(int, unsigned __int128) (MHGD_accel_1.cpp:406:83)
INFO: [HLS 207-4370] built-in candidate operator-(long, float) (MHGD_accel_1.cpp:406:83)
INFO: [HLS 207-4370] built-in candidate operator-(long, double) (MHGD_accel_1.cpp:406:83)
INFO: [HLS 207-4370] built-in candidate operator-(long, long double) (MHGD_accel_1.cpp:406:83)
INFO: [HLS 207-4370] built-in candidate operator-(long, __float128) (MHGD_accel_1.cpp:406:83)
INFO: [HLS 207-4370] built-in candidate operator-(long, int) (MHGD_accel_1.cpp:406:83)
INFO: [HLS 207-4370] built-in candidate operator-(long, long) (MHGD_accel_1.cpp:406:83)
INFO: [HLS 207-4370] built-in candidate operator-(long, long long) (MHGD_accel_1.cpp:406:83)
INFO: [HLS 207-4370] built-in candidate operator-(long, __int128) (MHGD_accel_1.cpp:406:83)
INFO: [HLS 207-4370] built-in candidate operator-(long, unsigned int) (MHGD_accel_1.cpp:406:83)
INFO: [HLS 207-4370] built-in candidate operator-(long, unsigned long) (MHGD_accel_1.cpp:406:83)
INFO: [HLS 207-4370] built-in candidate operator-(long, unsigned long long) (MHGD_accel_1.cpp:406:83)
INFO: [HLS 207-4370] built-in candidate operator-(long, unsigned __int128) (MHGD_accel_1.cpp:406:83)
INFO: [HLS 207-4370] built-in candidate operator-(long long, float) (MHGD_accel_1.cpp:406:83)
INFO: [HLS 207-4370] built-in candidate operator-(long long, double) (MHGD_accel_1.cpp:406:83)
INFO: [HLS 207-4370] built-in candidate operator-(long long, long double) (MHGD_accel_1.cpp:406:83)
INFO: [HLS 207-4370] built-in candidate operator-(long long, __float128) (MHGD_accel_1.cpp:406:83)
INFO: [HLS 207-4370] built-in candidate operator-(long long, int) (MHGD_accel_1.cpp:406:83)
INFO: [HLS 207-4370] built-in candidate operator-(long long, long) (MHGD_accel_1.cpp:406:83)
INFO: [HLS 207-4370] built-in candidate operator-(long long, long long) (MHGD_accel_1.cpp:406:83)
INFO: [HLS 207-4370] built-in candidate operator-(long long, __int128) (MHGD_accel_1.cpp:406:83)
INFO: [HLS 207-4370] built-in candidate operator-(long long, unsigned int) (MHGD_accel_1.cpp:406:83)
INFO: [HLS 207-4370] built-in candidate operator-(long long, unsigned long) (MHGD_accel_1.cpp:406:83)
INFO: [HLS 207-4370] built-in candidate operator-(long long, unsigned long long) (MHGD_accel_1.cpp:406:83)
INFO: [HLS 207-4370] built-in candidate operator-(long long, unsigned __int128) (MHGD_accel_1.cpp:406:83)
INFO: [HLS 207-4370] built-in candidate operator-(__int128, float) (MHGD_accel_1.cpp:406:83)
INFO: [HLS 207-4370] built-in candidate operator-(__int128, double) (MHGD_accel_1.cpp:406:83)
INFO: [HLS 207-4370] built-in candidate operator-(__int128, long double) (MHGD_accel_1.cpp:406:83)
INFO: [HLS 207-4370] built-in candidate operator-(__int128, __float128) (MHGD_accel_1.cpp:406:83)
INFO: [HLS 207-4370] built-in candidate operator-(__int128, int) (MHGD_accel_1.cpp:406:83)
INFO: [HLS 207-4370] built-in candidate operator-(__int128, long) (MHGD_accel_1.cpp:406:83)
INFO: [HLS 207-4370] built-in candidate operator-(__int128, long long) (MHGD_accel_1.cpp:406:83)
INFO: [HLS 207-4370] built-in candidate operator-(__int128, __int128) (MHGD_accel_1.cpp:406:83)
INFO: [HLS 207-4370] built-in candidate operator-(__int128, unsigned int) (MHGD_accel_1.cpp:406:83)
INFO: [HLS 207-4370] built-in candidate operator-(__int128, unsigned long) (MHGD_accel_1.cpp:406:83)
INFO: [HLS 207-4370] built-in candidate operator-(__int128, unsigned long long) (MHGD_accel_1.cpp:406:83)
INFO: [HLS 207-4370] built-in candidate operator-(__int128, unsigned __int128) (MHGD_accel_1.cpp:406:83)
INFO: [HLS 207-4370] built-in candidate operator-(unsigned int, float) (MHGD_accel_1.cpp:406:83)
INFO: [HLS 207-4370] built-in candidate operator-(unsigned int, double) (MHGD_accel_1.cpp:406:83)
INFO: [HLS 207-4370] built-in candidate operator-(unsigned int, long double) (MHGD_accel_1.cpp:406:83)
INFO: [HLS 207-4370] built-in candidate operator-(unsigned int, __float128) (MHGD_accel_1.cpp:406:83)
INFO: [HLS 207-4370] built-in candidate operator-(unsigned int, int) (MHGD_accel_1.cpp:406:83)
INFO: [HLS 207-4370] built-in candidate operator-(unsigned int, long) (MHGD_accel_1.cpp:406:83)
INFO: [HLS 207-4370] built-in candidate operator-(unsigned int, long long) (MHGD_accel_1.cpp:406:83)
INFO: [HLS 207-4370] built-in candidate operator-(unsigned int, __int128) (MHGD_accel_1.cpp:406:83)
INFO: [HLS 207-4370] built-in candidate operator-(unsigned int, unsigned int) (MHGD_accel_1.cpp:406:83)
INFO: [HLS 207-4370] built-in candidate operator-(unsigned int, unsigned long) (MHGD_accel_1.cpp:406:83)
INFO: [HLS 207-4370] built-in candidate operator-(unsigned int, unsigned long long) (MHGD_accel_1.cpp:406:83)
INFO: [HLS 207-4370] built-in candidate operator-(unsigned int, unsigned __int128) (MHGD_accel_1.cpp:406:83)
INFO: [HLS 207-4370] built-in candidate operator-(unsigned long, float) (MHGD_accel_1.cpp:406:83)
INFO: [HLS 207-4370] built-in candidate operator-(unsigned long, double) (MHGD_accel_1.cpp:406:83)
INFO: [HLS 207-4370] built-in candidate operator-(unsigned long, long double) (MHGD_accel_1.cpp:406:83)
INFO: [HLS 207-4370] built-in candidate operator-(unsigned long, __float128) (MHGD_accel_1.cpp:406:83)
INFO: [HLS 207-4370] built-in candidate operator-(unsigned long, int) (MHGD_accel_1.cpp:406:83)
INFO: [HLS 207-4370] built-in candidate operator-(unsigned long, long) (MHGD_accel_1.cpp:406:83)
INFO: [HLS 207-4370] built-in candidate operator-(unsigned long, long long) (MHGD_accel_1.cpp:406:83)
INFO: [HLS 207-4370] built-in candidate operator-(unsigned long, __int128) (MHGD_accel_1.cpp:406:83)
INFO: [HLS 207-4370] built-in candidate operator-(unsigned long, unsigned int) (MHGD_accel_1.cpp:406:83)
INFO: [HLS 207-4370] built-in candidate operator-(unsigned long, unsigned long) (MHGD_accel_1.cpp:406:83)
INFO: [HLS 207-4370] built-in candidate operator-(unsigned long, unsigned long long) (MHGD_accel_1.cpp:406:83)
INFO: [HLS 207-4370] built-in candidate operator-(unsigned long, unsigned __int128) (MHGD_accel_1.cpp:406:83)
INFO: [HLS 207-4370] built-in candidate operator-(unsigned long long, float) (MHGD_accel_1.cpp:406:83)
INFO: [HLS 207-4370] built-in candidate operator-(unsigned long long, double) (MHGD_accel_1.cpp:406:83)
INFO: [HLS 207-4370] built-in candidate operator-(unsigned long long, long double) (MHGD_accel_1.cpp:406:83)
INFO: [HLS 207-4370] built-in candidate operator-(unsigned long long, __float128) (MHGD_accel_1.cpp:406:83)
INFO: [HLS 207-4370] built-in candidate operator-(unsigned long long, int) (MHGD_accel_1.cpp:406:83)
INFO: [HLS 207-4370] built-in candidate operator-(unsigned long long, long) (MHGD_accel_1.cpp:406:83)
INFO: [HLS 207-4370] built-in candidate operator-(unsigned long long, long long) (MHGD_accel_1.cpp:406:83)
INFO: [HLS 207-4370] built-in candidate operator-(unsigned long long, __int128) (MHGD_accel_1.cpp:406:83)
INFO: [HLS 207-4370] built-in candidate operator-(unsigned long long, unsigned int) (MHGD_accel_1.cpp:406:83)
INFO: [HLS 207-4370] built-in candidate operator-(unsigned long long, unsigned long) (MHGD_accel_1.cpp:406:83)
INFO: [HLS 207-4370] built-in candidate operator-(unsigned long long, unsigned long long) (MHGD_accel_1.cpp:406:83)
INFO: [HLS 207-4370] built-in candidate operator-(unsigned long long, unsigned __int128) (MHGD_accel_1.cpp:406:83)
INFO: [HLS 207-4370] built-in candidate operator-(unsigned __int128, float) (MHGD_accel_1.cpp:406:83)
INFO: [HLS 207-4370] built-in candidate operator-(unsigned __int128, double) (MHGD_accel_1.cpp:406:83)
INFO: [HLS 207-4370] built-in candidate operator-(unsigned __int128, long double) (MHGD_accel_1.cpp:406:83)
INFO: [HLS 207-4370] built-in candidate operator-(unsigned __int128, __float128) (MHGD_accel_1.cpp:406:83)
INFO: [HLS 207-4370] built-in candidate operator-(unsigned __int128, int) (MHGD_accel_1.cpp:406:83)
INFO: [HLS 207-4370] built-in candidate operator-(unsigned __int128, long) (MHGD_accel_1.cpp:406:83)
INFO: [HLS 207-4370] built-in candidate operator-(unsigned __int128, long long) (MHGD_accel_1.cpp:406:83)
INFO: [HLS 207-4370] built-in candidate operator-(unsigned __int128, __int128) (MHGD_accel_1.cpp:406:83)
INFO: [HLS 207-4370] built-in candidate operator-(unsigned __int128, unsigned int) (MHGD_accel_1.cpp:406:83)
INFO: [HLS 207-4370] built-in candidate operator-(unsigned __int128, unsigned long) (MHGD_accel_1.cpp:406:83)
INFO: [HLS 207-4370] built-in candidate operator-(unsigned __int128, unsigned long long) (MHGD_accel_1.cpp:406:83)
INFO: [HLS 207-4370] built-in candidate operator-(unsigned __int128, unsigned __int128) (MHGD_accel_1.cpp:406:83)
ERROR: [HLS 207-3320] call to 'pow' is ambiguous (MHGD_accel_1.cpp:414:28)
INFO: [HLS 207-4372] candidate function (/tools/Xilinx/Vitis/2024.2/common/technology/autopilot/hls_math.h:774:8)
INFO: [HLS 207-4372] candidate function (/tools/Xilinx/Vitis/2024.2/common/technology/autopilot/hls_math.h:775:9)
INFO: [HLS 207-4372] candidate function (/tools/Xilinx/Vitis/2024.2/common/technology/autopilot/hls_math.h:776:10)
INFO: [HLS 207-4372] candidate function (/tools/Xilinx/Vitis/2024.2/common/technology/autopilot/hls_math.h:779:10)
INFO: [HLS 207-4372] candidate function (/tools/Xilinx/Vitis/2024.2/common/technology/autopilot/hls_math.h:780:11)
INFO: [HLS 207-4372] candidate function (/tools/Xilinx/Vitis/2024.2/common/technology/autopilot/hls_math.h:781:11)
INFO: [HLS 207-4372] candidate function (/tools/Xilinx/Vitis/2024.2/common/technology/autopilot/hls_math.h:782:12)
INFO: [HLS 207-4372] candidate function (/tools/Xilinx/Vitis/2024.2/common/technology/autopilot/hls_math.h:783:11)
INFO: [HLS 207-4372] candidate function (/tools/Xilinx/Vitis/2024.2/common/technology/autopilot/hls_math.h:784:12)
ERROR: [HLS 207-3320] call to 'sqrt' is ambiguous (MHGD_accel_1.cpp:478:38)
INFO: [HLS 207-4372] candidate function (/usr/include/x86_64-linux-gnu/bits/mathcalls.h:143:15)
INFO: [HLS 207-4372] candidate function (/tools/Xilinx/Vitis/2024.2/tps/lnx64/gcc-8.3.0/lib/gcc/x86_64-pc-linux-gnu/8.3.0/../../../../include/c++/8.3.0/cmath:463:3)
INFO: [HLS 207-4372] candidate function (/tools/Xilinx/Vitis/2024.2/tps/lnx64/gcc-8.3.0/lib/gcc/x86_64-pc-linux-gnu/8.3.0/../../../../include/c++/8.3.0/cmath:467:3)
ERROR: [HLS 207-3320] call to 'sqrt' is ambiguous (MHGD_accel_1.cpp:478:94)
ERROR: [HLS 207-2359] conditional expression is ambiguous; 'ap_fixed<64, 32>' can be converted to 'ap_fixed<66 aka 66, 34 aka 34>' and vice versa (MHGD_accel_1.cpp:521:61)
ERROR: [HLS 207-3339] no matching function for call to 'generateUniformRandoms_float' (MHGD_accel_1.cpp:523:3)
INFO: [HLS 207-4378] candidate function not viable: no known conversion from 'like_float [9]' to 'float *' for 2nd argument (./util_1.h:21:6)
ERROR: [HLS 207-3325] use of overloaded operator '/' is ambiguous (with operand types 'Myreal' (aka 'ap_fixed<64, 32>') and 'float') (MHGD_accel_1.cpp:562:28)
INFO: [HLS 207-4372] candidate function [with _AP_W = 64, _AP_I = 32, _AP_S = true, _AP_Q = AP_TRN, _AP_O = AP_WRAP, _AP_N = 0] (/tools/Xilinx/Vitis/2024.2/common/technology/autopilot/etc/ap_fixed_base.h:2373:2604)
INFO: [HLS 207-4372] candidate function [with _AP_W = 64, _AP_I = 32, _AP_S = true, _AP_Q = AP_TRN, _AP_O = AP_WRAP, _AP_N = 0] (/tools/Xilinx/Vitis/2024.2/common/technology/autopilot/etc/ap_fixed_base.h:2374:2721)
INFO: [HLS 207-4372] candidate function [with _AP_W = 64, _AP_I = 32, _AP_S = true, _AP_Q = AP_TRN, _AP_O = AP_WRAP, _AP_N = 0] (/tools/Xilinx/Vitis/2024.2/common/technology/autopilot/etc/ap_fixed_base.h:2375:2633)
INFO: [HLS 207-4372] candidate function [with _AP_W = 64, _AP_I = 32, _AP_S = true, _AP_Q = AP_TRN, _AP_O = AP_WRAP, _AP_N = 0] (/tools/Xilinx/Vitis/2024.2/common/technology/autopilot/etc/ap_fixed_base.h:2376:2658)
INFO: [HLS 207-4372] candidate function [with _AP_W = 64, _AP_I = 32, _AP_S = true, _AP_Q = AP_TRN, _AP_O = AP_WRAP, _AP_N = 0] (/tools/Xilinx/Vitis/2024.2/common/technology/autopilot/etc/ap_fixed_base.h:2377:2935)
INFO: [HLS 207-4372] candidate function [with _AP_W = 64, _AP_I = 32, _AP_S = true, _AP_Q = AP_TRN, _AP_O = AP_WRAP, _AP_N = 0] (/tools/Xilinx/Vitis/2024.2/common/technology/autopilot/etc/ap_fixed_base.h:2378:3002)
INFO: [HLS 207-4372] candidate function [with _AP_W = 64, _AP_I = 32, _AP_S = true, _AP_Q = AP_TRN, _AP_O = AP_WRAP, _AP_N = 0] (/tools/Xilinx/Vitis/2024.2/common/technology/autopilot/etc/ap_fixed_base.h:2379:2871)
INFO: [HLS 207-4372] candidate function [with _AP_W = 64, _AP_I = 32, _AP_S = true, _AP_Q = AP_TRN, _AP_O = AP_WRAP, _AP_N = 0] (/tools/Xilinx/Vitis/2024.2/common/technology/autopilot/etc/ap_fixed_base.h:2380:2938)
INFO: [HLS 207-4372] candidate function [with _AP_W = 64, _AP_I = 32, _AP_S = true, _AP_Q = AP_TRN, _AP_O = AP_WRAP, _AP_N = 0] (/tools/Xilinx/Vitis/2024.2/common/technology/autopilot/etc/ap_fixed_base.h:2381:2903)
INFO: [HLS 207-4372] candidate function [with _AP_W = 64, _AP_I = 32, _AP_S = true, _AP_Q = AP_TRN, _AP_O = AP_WRAP, _AP_N = 0] (/tools/Xilinx/Vitis/2024.2/common/technology/autopilot/etc/ap_fixed_base.h:2382:2970)
INFO: [HLS 207-4372] candidate function [with _AP_W = 64, _AP_I = 32, _AP_S = true, _AP_Q = AP_TRN, _AP_O = AP_WRAP, _AP_N = 0] (/tools/Xilinx/Vitis/2024.2/common/technology/autopilot/etc/ap_fixed_base.h:2383:3031)
INFO: [HLS 207-4372] candidate function [with _AP_W = 64, _AP_I = 32, _AP_S = true, _AP_Q = AP_TRN, _AP_O = AP_WRAP, _AP_N = 0] (/tools/Xilinx/Vitis/2024.2/common/technology/autopilot/etc/ap_fixed_base.h:2384:3044)
INFO: [HLS 207-4370] built-in candidate operator/(float, float) (MHGD_accel_1.cpp:562:28)
INFO: [HLS 207-4370] built-in candidate operator/(double, float) (MHGD_accel_1.cpp:562:28)
INFO: [HLS 207-4370] built-in candidate operator/(long double, float) (MHGD_accel_1.cpp:562:28)
INFO: [HLS 207-4370] built-in candidate operator/(__float128, float) (MHGD_accel_1.cpp:562:28)
INFO: [HLS 207-4370] built-in candidate operator/(int, float) (MHGD_accel_1.cpp:562:28)
INFO: [HLS 207-4370] built-in candidate operator/(long, float) (MHGD_accel_1.cpp:562:28)
INFO: [HLS 207-4370] built-in candidate operator/(long long, float) (MHGD_accel_1.cpp:562:28)
INFO: [HLS 207-4370] built-in candidate operator/(__int128, float) (MHGD_accel_1.cpp:562:28)
INFO: [HLS 207-4370] built-in candidate operator/(unsigned int, float) (MHGD_accel_1.cpp:562:28)
INFO: [HLS 207-4370] built-in candidate operator/(unsigned long, float) (MHGD_accel_1.cpp:562:28)
INFO: [HLS 207-4370] built-in candidate operator/(unsigned long long, float) (MHGD_accel_1.cpp:562:28)
INFO: [HLS 207-4370] built-in candidate operator/(unsigned __int128, float) (MHGD_accel_1.cpp:562:28)
INFO: [HLS 207-4370] built-in candidate operator/(float, double) (MHGD_accel_1.cpp:562:28)
INFO: [HLS 207-4370] built-in candidate operator/(double, double) (MHGD_accel_1.cpp:562:28)
INFO: [HLS 207-4370] built-in candidate operator/(long double, double) (MHGD_accel_1.cpp:562:28)
INFO: [HLS 207-4370] built-in candidate operator/(__float128, double) (MHGD_accel_1.cpp:562:28)
INFO: [HLS 207-4370] built-in candidate operator/(int, double) (MHGD_accel_1.cpp:562:28)
INFO: [HLS 207-4370] built-in candidate operator/(long, double) (MHGD_accel_1.cpp:562:28)
INFO: [HLS 207-4370] built-in candidate operator/(long long, double) (MHGD_accel_1.cpp:562:28)
INFO: [HLS 207-4370] built-in candidate operator/(__int128, double) (MHGD_accel_1.cpp:562:28)
INFO: [HLS 207-4370] built-in candidate operator/(unsigned int, double) (MHGD_accel_1.cpp:562:28)
INFO: [HLS 207-4370] built-in candidate operator/(unsigned long, double) (MHGD_accel_1.cpp:562:28)
INFO: [HLS 207-4370] built-in candidate operator/(unsigned long long, double) (MHGD_accel_1.cpp:562:28)
INFO: [HLS 207-4370] built-in candidate operator/(unsigned __int128, double) (MHGD_accel_1.cpp:562:28)
INFO: [HLS 207-4370] built-in candidate operator/(float, long double) (MHGD_accel_1.cpp:562:28)
INFO: [HLS 207-4370] built-in candidate operator/(float, __float128) (MHGD_accel_1.cpp:562:28)
INFO: [HLS 207-4370] built-in candidate operator/(float, int) (MHGD_accel_1.cpp:562:28)
INFO: [HLS 207-4370] built-in candidate operator/(float, long) (MHGD_accel_1.cpp:562:28)
INFO: [HLS 207-4370] built-in candidate operator/(float, long long) (MHGD_accel_1.cpp:562:28)
INFO: [HLS 207-4370] built-in candidate operator/(float, __int128) (MHGD_accel_1.cpp:562:28)
INFO: [HLS 207-4370] built-in candidate operator/(float, unsigned int) (MHGD_accel_1.cpp:562:28)
INFO: [HLS 207-4370] built-in candidate operator/(float, unsigned long) (MHGD_accel_1.cpp:562:28)
INFO: [HLS 207-4370] built-in candidate operator/(float, unsigned long long) (MHGD_accel_1.cpp:562:28)
INFO: [HLS 207-4370] built-in candidate operator/(float, unsigned __int128) (MHGD_accel_1.cpp:562:28)
INFO: [HLS 207-4370] built-in candidate operator/(double, long double) (MHGD_accel_1.cpp:562:28)
INFO: [HLS 207-4370] built-in candidate operator/(double, __float128) (MHGD_accel_1.cpp:562:28)
INFO: [HLS 207-4370] built-in candidate operator/(double, int) (MHGD_accel_1.cpp:562:28)
INFO: [HLS 207-4370] built-in candidate operator/(double, long) (MHGD_accel_1.cpp:562:28)
INFO: [HLS 207-4370] built-in candidate operator/(double, long long) (MHGD_accel_1.cpp:562:28)
INFO: [HLS 207-4370] built-in candidate operator/(double, __int128) (MHGD_accel_1.cpp:562:28)
INFO: [HLS 207-4370] built-in candidate operator/(double, unsigned int) (MHGD_accel_1.cpp:562:28)
INFO: [HLS 207-4370] built-in candidate operator/(double, unsigned long) (MHGD_accel_1.cpp:562:28)
INFO: [HLS 207-4370] built-in candidate operator/(double, unsigned long long) (MHGD_accel_1.cpp:562:28)
INFO: [HLS 207-4370] built-in candidate operator/(double, unsigned __int128) (MHGD_accel_1.cpp:562:28)
INFO: [HLS 207-4370] built-in candidate operator/(long double, long double) (MHGD_accel_1.cpp:562:28)
INFO: [HLS 207-4370] built-in candidate operator/(long double, __float128) (MHGD_accel_1.cpp:562:28)
INFO: [HLS 207-4370] built-in candidate operator/(long double, int) (MHGD_accel_1.cpp:562:28)
INFO: [HLS 207-4370] built-in candidate operator/(long double, long) (MHGD_accel_1.cpp:562:28)
INFO: [HLS 207-4370] built-in candidate operator/(long double, long long) (MHGD_accel_1.cpp:562:28)
INFO: [HLS 207-4370] built-in candidate operator/(long double, __int128) (MHGD_accel_1.cpp:562:28)
INFO: [HLS 207-4370] built-in candidate operator/(long double, unsigned int) (MHGD_accel_1.cpp:562:28)
INFO: [HLS 207-4370] built-in candidate operator/(long double, unsigned long) (MHGD_accel_1.cpp:562:28)
INFO: [HLS 207-4370] built-in candidate operator/(long double, unsigned long long) (MHGD_accel_1.cpp:562:28)
INFO: [HLS 207-4370] built-in candidate operator/(long double, unsigned __int128) (MHGD_accel_1.cpp:562:28)
INFO: [HLS 207-4370] built-in candidate operator/(__float128, long double) (MHGD_accel_1.cpp:562:28)
INFO: [HLS 207-4370] built-in candidate operator/(__float128, __float128) (MHGD_accel_1.cpp:562:28)
INFO: [HLS 207-4370] built-in candidate operator/(__float128, int) (MHGD_accel_1.cpp:562:28)
INFO: [HLS 207-4370] built-in candidate operator/(__float128, long) (MHGD_accel_1.cpp:562:28)
INFO: [HLS 207-4370] built-in candidate operator/(__float128, long long) (MHGD_accel_1.cpp:562:28)
INFO: [HLS 207-4370] built-in candidate operator/(__float128, __int128) (MHGD_accel_1.cpp:562:28)
INFO: [HLS 207-4370] built-in candidate operator/(__float128, unsigned int) (MHGD_accel_1.cpp:562:28)
INFO: [HLS 207-4370] built-in candidate operator/(__float128, unsigned long) (MHGD_accel_1.cpp:562:28)
INFO: [HLS 207-4370] built-in candidate operator/(__float128, unsigned long long) (MHGD_accel_1.cpp:562:28)
INFO: [HLS 207-4370] built-in candidate operator/(__float128, unsigned __int128) (MHGD_accel_1.cpp:562:28)
INFO: [HLS 207-4370] built-in candidate operator/(int, long double) (MHGD_accel_1.cpp:562:28)
INFO: [HLS 207-4370] built-in candidate operator/(int, __float128) (MHGD_accel_1.cpp:562:28)
INFO: [HLS 207-4370] built-in candidate operator/(int, int) (MHGD_accel_1.cpp:562:28)
INFO: [HLS 207-4370] built-in candidate operator/(int, long) (MHGD_accel_1.cpp:562:28)
INFO: [HLS 207-4370] built-in candidate operator/(int, long long) (MHGD_accel_1.cpp:562:28)
INFO: [HLS 207-4370] built-in candidate operator/(int, __int128) (MHGD_accel_1.cpp:562:28)
INFO: [HLS 207-4370] built-in candidate operator/(int, unsigned int) (MHGD_accel_1.cpp:562:28)
INFO: [HLS 207-4370] built-in candidate operator/(int, unsigned long) (MHGD_accel_1.cpp:562:28)
INFO: [HLS 207-4370] built-in candidate operator/(int, unsigned long long) (MHGD_accel_1.cpp:562:28)
INFO: [HLS 207-4370] built-in candidate operator/(int, unsigned __int128) (MHGD_accel_1.cpp:562:28)
INFO: [HLS 207-4370] built-in candidate operator/(long, long double) (MHGD_accel_1.cpp:562:28)
INFO: [HLS 207-4370] built-in candidate operator/(long, __float128) (MHGD_accel_1.cpp:562:28)
INFO: [HLS 207-4370] built-in candidate operator/(long, int) (MHGD_accel_1.cpp:562:28)
INFO: [HLS 207-4370] built-in candidate operator/(long, long) (MHGD_accel_1.cpp:562:28)
INFO: [HLS 207-4370] built-in candidate operator/(long, long long) (MHGD_accel_1.cpp:562:28)
INFO: [HLS 207-4370] built-in candidate operator/(long, __int128) (MHGD_accel_1.cpp:562:28)
INFO: [HLS 207-4370] built-in candidate operator/(long, unsigned int) (MHGD_accel_1.cpp:562:28)
INFO: [HLS 207-4370] built-in candidate operator/(long, unsigned long) (MHGD_accel_1.cpp:562:28)
INFO: [HLS 207-4370] built-in candidate operator/(long, unsigned long long) (MHGD_accel_1.cpp:562:28)
INFO: [HLS 207-4370] built-in candidate operator/(long, unsigned __int128) (MHGD_accel_1.cpp:562:28)
INFO: [HLS 207-4370] built-in candidate operator/(long long, long double) (MHGD_accel_1.cpp:562:28)
INFO: [HLS 207-4370] built-in candidate operator/(long long, __float128) (MHGD_accel_1.cpp:562:28)
INFO: [HLS 207-4370] built-in candidate operator/(long long, int) (MHGD_accel_1.cpp:562:28)
INFO: [HLS 207-4370] built-in candidate operator/(long long, long) (MHGD_accel_1.cpp:562:28)
INFO: [HLS 207-4370] built-in candidate operator/(long long, long long) (MHGD_accel_1.cpp:562:28)
INFO: [HLS 207-4370] built-in candidate operator/(long long, __int128) (MHGD_accel_1.cpp:562:28)
INFO: [HLS 207-4370] built-in candidate operator/(long long, unsigned int) (MHGD_accel_1.cpp:562:28)
INFO: [HLS 207-4370] built-in candidate operator/(long long, unsigned long) (MHGD_accel_1.cpp:562:28)
INFO: [HLS 207-4370] built-in candidate operator/(long long, unsigned long long) (MHGD_accel_1.cpp:562:28)
INFO: [HLS 207-4370] built-in candidate operator/(long long, unsigned __int128) (MHGD_accel_1.cpp:562:28)
INFO: [HLS 207-4370] built-in candidate operator/(__int128, long double) (MHGD_accel_1.cpp:562:28)
INFO: [HLS 207-4370] built-in candidate operator/(__int128, __float128) (MHGD_accel_1.cpp:562:28)
INFO: [HLS 207-4370] built-in candidate operator/(__int128, int) (MHGD_accel_1.cpp:562:28)
INFO: [HLS 207-4370] built-in candidate operator/(__int128, long) (MHGD_accel_1.cpp:562:28)
INFO: [HLS 207-4370] built-in candidate operator/(__int128, long long) (MHGD_accel_1.cpp:562:28)
INFO: [HLS 207-4370] built-in candidate operator/(__int128, __int128) (MHGD_accel_1.cpp:562:28)
INFO: [HLS 207-4370] built-in candidate operator/(__int128, unsigned int) (MHGD_accel_1.cpp:562:28)
INFO: [HLS 207-4370] built-in candidate operator/(__int128, unsigned long) (MHGD_accel_1.cpp:562:28)
INFO: [HLS 207-4370] built-in candidate operator/(__int128, unsigned long long) (MHGD_accel_1.cpp:562:28)
INFO: [HLS 207-4370] built-in candidate operator/(__int128, unsigned __int128) (MHGD_accel_1.cpp:562:28)
INFO: [HLS 207-4370] built-in candidate operator/(unsigned int, long double) (MHGD_accel_1.cpp:562:28)
INFO: [HLS 207-4370] built-in candidate operator/(unsigned int, __float128) (MHGD_accel_1.cpp:562:28)
INFO: [HLS 207-4370] built-in candidate operator/(unsigned int, int) (MHGD_accel_1.cpp:562:28)
INFO: [HLS 207-4370] built-in candidate operator/(unsigned int, long) (MHGD_accel_1.cpp:562:28)
INFO: [HLS 207-4370] built-in candidate operator/(unsigned int, long long) (MHGD_accel_1.cpp:562:28)
INFO: [HLS 207-4370] built-in candidate operator/(unsigned int, __int128) (MHGD_accel_1.cpp:562:28)
INFO: [HLS 207-4370] built-in candidate operator/(unsigned int, unsigned int) (MHGD_accel_1.cpp:562:28)
INFO: [HLS 207-4370] built-in candidate operator/(unsigned int, unsigned long) (MHGD_accel_1.cpp:562:28)
INFO: [HLS 207-4370] built-in candidate operator/(unsigned int, unsigned long long) (MHGD_accel_1.cpp:562:28)
INFO: [HLS 207-4370] built-in candidate operator/(unsigned int, unsigned __int128) (MHGD_accel_1.cpp:562:28)
INFO: [HLS 207-4370] built-in candidate operator/(unsigned long, long double) (MHGD_accel_1.cpp:562:28)
INFO: [HLS 207-4370] built-in candidate operator/(unsigned long, __float128) (MHGD_accel_1.cpp:562:28)
INFO: [HLS 207-4370] built-in candidate operator/(unsigned long, int) (MHGD_accel_1.cpp:562:28)
INFO: [HLS 207-4370] built-in candidate operator/(unsigned long, long) (MHGD_accel_1.cpp:562:28)
INFO: [HLS 207-4370] built-in candidate operator/(unsigned long, long long) (MHGD_accel_1.cpp:562:28)
INFO: [HLS 207-4370] built-in candidate operator/(unsigned long, __int128) (MHGD_accel_1.cpp:562:28)
INFO: [HLS 207-4370] built-in candidate operator/(unsigned long, unsigned int) (MHGD_accel_1.cpp:562:28)
INFO: [HLS 207-4370] built-in candidate operator/(unsigned long, unsigned long) (MHGD_accel_1.cpp:562:28)
INFO: [HLS 207-4370] built-in candidate operator/(unsigned long, unsigned long long) (MHGD_accel_1.cpp:562:28)
INFO: [HLS 207-4370] built-in candidate operator/(unsigned long, unsigned __int128) (MHGD_accel_1.cpp:562:28)
INFO: [HLS 207-4370] built-in candidate operator/(unsigned long long, long double) (MHGD_accel_1.cpp:562:28)
INFO: [HLS 207-4370] built-in candidate operator/(unsigned long long, __float128) (MHGD_accel_1.cpp:562:28)
INFO: [HLS 207-4370] built-in candidate operator/(unsigned long long, int) (MHGD_accel_1.cpp:562:28)
INFO: [HLS 207-4370] built-in candidate operator/(unsigned long long, long) (MHGD_accel_1.cpp:562:28)
INFO: [HLS 207-4370] built-in candidate operator/(unsigned long long, long long) (MHGD_accel_1.cpp:562:28)
INFO: [HLS 207-4370] built-in candidate operator/(unsigned long long, __int128) (MHGD_accel_1.cpp:562:28)
INFO: [HLS 207-4370] built-in candidate operator/(unsigned long long, unsigned int) (MHGD_accel_1.cpp:562:28)
INFO: [HLS 207-4370] built-in candidate operator/(unsigned long long, unsigned long) (MHGD_accel_1.cpp:562:28)
INFO: [HLS 207-4370] built-in candidate operator/(unsigned long long, unsigned long long) (MHGD_accel_1.cpp:562:28)
INFO: [HLS 207-4370] built-in candidate operator/(unsigned long long, unsigned __int128) (MHGD_accel_1.cpp:562:28)
INFO: [HLS 207-4370] built-in candidate operator/(unsigned __int128, long double) (MHGD_accel_1.cpp:562:28)
INFO: [HLS 207-4370] built-in candidate operator/(unsigned __int128, __float128) (MHGD_accel_1.cpp:562:28)
INFO: [HLS 207-4370] built-in candidate operator/(unsigned __int128, int) (MHGD_accel_1.cpp:562:28)
INFO: [HLS 207-4370] built-in candidate operator/(unsigned __int128, long) (MHGD_accel_1.cpp:562:28)
INFO: [HLS 207-4370] built-in candidate operator/(unsigned __int128, long long) (MHGD_accel_1.cpp:562:28)
INFO: [HLS 207-4370] built-in candidate operator/(unsigned __int128, __int128) (MHGD_accel_1.cpp:562:28)
INFO: [HLS 207-4370] built-in candidate operator/(unsigned __int128, unsigned int) (MHGD_accel_1.cpp:562:28)
INFO: [HLS 207-4370] built-in candidate operator/(unsigned __int128, unsigned long) (MHGD_accel_1.cpp:562:28)
INFO: [HLS 207-4370] built-in candidate operator/(unsigned __int128, unsigned long long) (MHGD_accel_1.cpp:562:28)
INFO: [HLS 207-4370] built-in candidate operator/(unsigned __int128, unsigned __int128) (MHGD_accel_1.cpp:562:28)
ERROR: [HLS 207-3325] use of overloaded operator '/' is ambiguous (with operand types 'Myimage' (aka 'ap_fixed<64, 32>') and 'float') (MHGD_accel_1.cpp:570:28)
INFO: [HLS 207-4370] built-in candidate operator/(float, float) (MHGD_accel_1.cpp:570:28)
INFO: [HLS 207-4370] built-in candidate operator/(double, float) (MHGD_accel_1.cpp:570:28)
INFO: [HLS 207-4370] built-in candidate operator/(long double, float) (MHGD_accel_1.cpp:570:28)
INFO: [HLS 207-4370] built-in candidate operator/(__float128, float) (MHGD_accel_1.cpp:570:28)
INFO: [HLS 207-4370] built-in candidate operator/(int, float) (MHGD_accel_1.cpp:570:28)
INFO: [HLS 207-4370] built-in candidate operator/(long, float) (MHGD_accel_1.cpp:570:28)
INFO: [HLS 207-4370] built-in candidate operator/(long long, float) (MHGD_accel_1.cpp:570:28)
INFO: [HLS 207-4370] built-in candidate operator/(__int128, float) (MHGD_accel_1.cpp:570:28)
INFO: [HLS 207-4370] built-in candidate operator/(unsigned int, float) (MHGD_accel_1.cpp:570:28)
INFO: [HLS 207-4370] built-in candidate operator/(unsigned long, float) (MHGD_accel_1.cpp:570:28)
INFO: [HLS 207-4370] built-in candidate operator/(unsigned long long, float) (MHGD_accel_1.cpp:570:28)
INFO: [HLS 207-4370] built-in candidate operator/(unsigned __int128, float) (MHGD_accel_1.cpp:570:28)
INFO: [HLS 207-4370] built-in candidate operator/(float, double) (MHGD_accel_1.cpp:570:28)
INFO: [HLS 207-4370] built-in candidate operator/(double, double) (MHGD_accel_1.cpp:570:28)
INFO: [HLS 207-4370] built-in candidate operator/(long double, double) (MHGD_accel_1.cpp:570:28)
INFO: [HLS 207-4370] built-in candidate operator/(__float128, double) (MHGD_accel_1.cpp:570:28)
INFO: [HLS 207-4370] built-in candidate operator/(int, double) (MHGD_accel_1.cpp:570:28)
INFO: [HLS 207-4370] built-in candidate operator/(long, double) (MHGD_accel_1.cpp:570:28)
INFO: [HLS 207-4370] built-in candidate operator/(long long, double) (MHGD_accel_1.cpp:570:28)
INFO: [HLS 207-4370] built-in candidate operator/(__int128, double) (MHGD_accel_1.cpp:570:28)
INFO: [HLS 207-4370] built-in candidate operator/(unsigned int, double) (MHGD_accel_1.cpp:570:28)
INFO: [HLS 207-4370] built-in candidate operator/(unsigned long, double) (MHGD_accel_1.cpp:570:28)
INFO: [HLS 207-4370] built-in candidate operator/(unsigned long long, double) (MHGD_accel_1.cpp:570:28)
INFO: [HLS 207-4370] built-in candidate operator/(unsigned __int128, double) (MHGD_accel_1.cpp:570:28)
INFO: [HLS 207-4370] built-in candidate operator/(float, long double) (MHGD_accel_1.cpp:570:28)
INFO: [HLS 207-4370] built-in candidate operator/(float, __float128) (MHGD_accel_1.cpp:570:28)
INFO: [HLS 207-4370] built-in candidate operator/(float, int) (MHGD_accel_1.cpp:570:28)
INFO: [HLS 207-4370] built-in candidate operator/(float, long) (MHGD_accel_1.cpp:570:28)
INFO: [HLS 207-4370] built-in candidate operator/(float, long long) (MHGD_accel_1.cpp:570:28)
INFO: [HLS 207-4370] built-in candidate operator/(float, __int128) (MHGD_accel_1.cpp:570:28)
INFO: [HLS 207-4370] built-in candidate operator/(float, unsigned int) (MHGD_accel_1.cpp:570:28)
INFO: [HLS 207-4370] built-in candidate operator/(float, unsigned long) (MHGD_accel_1.cpp:570:28)
INFO: [HLS 207-4370] built-in candidate operator/(float, unsigned long long) (MHGD_accel_1.cpp:570:28)
INFO: [HLS 207-4370] built-in candidate operator/(float, unsigned __int128) (MHGD_accel_1.cpp:570:28)
INFO: [HLS 207-4370] built-in candidate operator/(double, long double) (MHGD_accel_1.cpp:570:28)
INFO: [HLS 207-4370] built-in candidate operator/(double, __float128) (MHGD_accel_1.cpp:570:28)
INFO: [HLS 207-4370] built-in candidate operator/(double, int) (MHGD_accel_1.cpp:570:28)
INFO: [HLS 207-4370] built-in candidate operator/(double, long) (MHGD_accel_1.cpp:570:28)
INFO: [HLS 207-4370] built-in candidate operator/(double, long long) (MHGD_accel_1.cpp:570:28)
INFO: [HLS 207-4370] built-in candidate operator/(double, __int128) (MHGD_accel_1.cpp:570:28)
INFO: [HLS 207-4370] built-in candidate operator/(double, unsigned int) (MHGD_accel_1.cpp:570:28)
INFO: [HLS 207-4370] built-in candidate operator/(double, unsigned long) (MHGD_accel_1.cpp:570:28)
INFO: [HLS 207-4370] built-in candidate operator/(double, unsigned long long) (MHGD_accel_1.cpp:570:28)
INFO: [HLS 207-4370] built-in candidate operator/(double, unsigned __int128) (MHGD_accel_1.cpp:570:28)
INFO: [HLS 207-4370] built-in candidate operator/(long double, long double) (MHGD_accel_1.cpp:570:28)
INFO: [HLS 207-4370] built-in candidate operator/(long double, __float128) (MHGD_accel_1.cpp:570:28)
INFO: [HLS 207-4370] built-in candidate operator/(long double, int) (MHGD_accel_1.cpp:570:28)
INFO: [HLS 207-4370] built-in candidate operator/(long double, long) (MHGD_accel_1.cpp:570:28)
INFO: [HLS 207-4370] built-in candidate operator/(long double, long long) (MHGD_accel_1.cpp:570:28)
INFO: [HLS 207-4370] built-in candidate operator/(long double, __int128) (MHGD_accel_1.cpp:570:28)
INFO: [HLS 207-4370] built-in candidate operator/(long double, unsigned int) (MHGD_accel_1.cpp:570:28)
INFO: [HLS 207-4370] built-in candidate operator/(long double, unsigned long) (MHGD_accel_1.cpp:570:28)
INFO: [HLS 207-4370] built-in candidate operator/(long double, unsigned long long) (MHGD_accel_1.cpp:570:28)
INFO: [HLS 207-4370] built-in candidate operator/(long double, unsigned __int128) (MHGD_accel_1.cpp:570:28)
INFO: [HLS 207-4370] built-in candidate operator/(__float128, long double) (MHGD_accel_1.cpp:570:28)
INFO: [HLS 207-4370] built-in candidate operator/(__float128, __float128) (MHGD_accel_1.cpp:570:28)
INFO: [HLS 207-4370] built-in candidate operator/(__float128, int) (MHGD_accel_1.cpp:570:28)
INFO: [HLS 207-4370] built-in candidate operator/(__float128, long) (MHGD_accel_1.cpp:570:28)
INFO: [HLS 207-4370] built-in candidate operator/(__float128, long long) (MHGD_accel_1.cpp:570:28)
INFO: [HLS 207-4370] built-in candidate operator/(__float128, __int128) (MHGD_accel_1.cpp:570:28)
INFO: [HLS 207-4370] built-in candidate operator/(__float128, unsigned int) (MHGD_accel_1.cpp:570:28)
INFO: [HLS 207-4370] built-in candidate operator/(__float128, unsigned long) (MHGD_accel_1.cpp:570:28)
INFO: [HLS 207-4370] built-in candidate operator/(__float128, unsigned long long) (MHGD_accel_1.cpp:570:28)
INFO: [HLS 207-4370] built-in candidate operator/(__float128, unsigned __int128) (MHGD_accel_1.cpp:570:28)
INFO: [HLS 207-4370] built-in candidate operator/(int, long double) (MHGD_accel_1.cpp:570:28)
INFO: [HLS 207-4370] built-in candidate operator/(int, __float128) (MHGD_accel_1.cpp:570:28)
INFO: [HLS 207-4370] built-in candidate operator/(int, int) (MHGD_accel_1.cpp:570:28)
INFO: [HLS 207-4370] built-in candidate operator/(int, long) (MHGD_accel_1.cpp:570:28)
INFO: [HLS 207-4370] built-in candidate operator/(int, long long) (MHGD_accel_1.cpp:570:28)
INFO: [HLS 207-4370] built-in candidate operator/(int, __int128) (MHGD_accel_1.cpp:570:28)
INFO: [HLS 207-4370] built-in candidate operator/(int, unsigned int) (MHGD_accel_1.cpp:570:28)
INFO: [HLS 207-4370] built-in candidate operator/(int, unsigned long) (MHGD_accel_1.cpp:570:28)
INFO: [HLS 207-4370] built-in candidate operator/(int, unsigned long long) (MHGD_accel_1.cpp:570:28)
INFO: [HLS 207-4370] built-in candidate operator/(int, unsigned __int128) (MHGD_accel_1.cpp:570:28)
INFO: [HLS 207-4370] built-in candidate operator/(long, long double) (MHGD_accel_1.cpp:570:28)
INFO: [HLS 207-4370] built-in candidate operator/(long, __float128) (MHGD_accel_1.cpp:570:28)
INFO: [HLS 207-4370] built-in candidate operator/(long, int) (MHGD_accel_1.cpp:570:28)
INFO: [HLS 207-4370] built-in candidate operator/(long, long) (MHGD_accel_1.cpp:570:28)
INFO: [HLS 207-4370] built-in candidate operator/(long, long long) (MHGD_accel_1.cpp:570:28)
INFO: [HLS 207-4370] built-in candidate operator/(long, __int128) (MHGD_accel_1.cpp:570:28)
INFO: [HLS 207-4370] built-in candidate operator/(long, unsigned int) (MHGD_accel_1.cpp:570:28)
INFO: [HLS 207-4370] built-in candidate operator/(long, unsigned long) (MHGD_accel_1.cpp:570:28)
INFO: [HLS 207-4370] built-in candidate operator/(long, unsigned long long) (MHGD_accel_1.cpp:570:28)
INFO: [HLS 207-4370] built-in candidate operator/(long, unsigned __int128) (MHGD_accel_1.cpp:570:28)
INFO: [HLS 207-4370] built-in candidate operator/(long long, long double) (MHGD_accel_1.cpp:570:28)
INFO: [HLS 207-4370] built-in candidate operator/(long long, __float128) (MHGD_accel_1.cpp:570:28)
INFO: [HLS 207-4370] built-in candidate operator/(long long, int) (MHGD_accel_1.cpp:570:28)
INFO: [HLS 207-4370] built-in candidate operator/(long long, long) (MHGD_accel_1.cpp:570:28)
INFO: [HLS 207-4370] built-in candidate operator/(long long, long long) (MHGD_accel_1.cpp:570:28)
INFO: [HLS 207-4370] built-in candidate operator/(long long, __int128) (MHGD_accel_1.cpp:570:28)
INFO: [HLS 207-4370] built-in candidate operator/(long long, unsigned int) (MHGD_accel_1.cpp:570:28)
INFO: [HLS 207-4370] built-in candidate operator/(long long, unsigned long) (MHGD_accel_1.cpp:570:28)
INFO: [HLS 207-4370] built-in candidate operator/(long long, unsigned long long) (MHGD_accel_1.cpp:570:28)
INFO: [HLS 207-4370] built-in candidate operator/(long long, unsigned __int128) (MHGD_accel_1.cpp:570:28)
INFO: [HLS 207-4370] built-in candidate operator/(__int128, long double) (MHGD_accel_1.cpp:570:28)
INFO: [HLS 207-4370] built-in candidate operator/(__int128, __float128) (MHGD_accel_1.cpp:570:28)
INFO: [HLS 207-4370] built-in candidate operator/(__int128, int) (MHGD_accel_1.cpp:570:28)
INFO: [HLS 207-4370] built-in candidate operator/(__int128, long) (MHGD_accel_1.cpp:570:28)
INFO: [HLS 207-4370] built-in candidate operator/(__int128, long long) (MHGD_accel_1.cpp:570:28)
INFO: [HLS 207-4370] built-in candidate operator/(__int128, __int128) (MHGD_accel_1.cpp:570:28)
INFO: [HLS 207-4370] built-in candidate operator/(__int128, unsigned int) (MHGD_accel_1.cpp:570:28)
INFO: [HLS 207-4370] built-in candidate operator/(__int128, unsigned long) (MHGD_accel_1.cpp:570:28)
INFO: [HLS 207-4370] built-in candidate operator/(__int128, unsigned long long) (MHGD_accel_1.cpp:570:28)
INFO: [HLS 207-4370] built-in candidate operator/(__int128, unsigned __int128) (MHGD_accel_1.cpp:570:28)
INFO: [HLS 207-4370] built-in candidate operator/(unsigned int, long double) (MHGD_accel_1.cpp:570:28)
INFO: [HLS 207-4370] built-in candidate operator/(unsigned int, __float128) (MHGD_accel_1.cpp:570:28)
INFO: [HLS 207-4370] built-in candidate operator/(unsigned int, int) (MHGD_accel_1.cpp:570:28)
INFO: [HLS 207-4370] built-in candidate operator/(unsigned int, long) (MHGD_accel_1.cpp:570:28)
INFO: [HLS 207-4370] built-in candidate operator/(unsigned int, long long) (MHGD_accel_1.cpp:570:28)
INFO: [HLS 207-4370] built-in candidate operator/(unsigned int, __int128) (MHGD_accel_1.cpp:570:28)
INFO: [HLS 207-4370] built-in candidate operator/(unsigned int, unsigned int) (MHGD_accel_1.cpp:570:28)
INFO: [HLS 207-4370] built-in candidate operator/(unsigned int, unsigned long) (MHGD_accel_1.cpp:570:28)
INFO: [HLS 207-4370] built-in candidate operator/(unsigned int, unsigned long long) (MHGD_accel_1.cpp:570:28)
INFO: [HLS 207-4370] built-in candidate operator/(unsigned int, unsigned __int128) (MHGD_accel_1.cpp:570:28)
INFO: [HLS 207-4370] built-in candidate operator/(unsigned long, long double) (MHGD_accel_1.cpp:570:28)
INFO: [HLS 207-4370] built-in candidate operator/(unsigned long, __float128) (MHGD_accel_1.cpp:570:28)
INFO: [HLS 207-4370] built-in candidate operator/(unsigned long, int) (MHGD_accel_1.cpp:570:28)
INFO: [HLS 207-4370] built-in candidate operator/(unsigned long, long) (MHGD_accel_1.cpp:570:28)
INFO: [HLS 207-4370] built-in candidate operator/(unsigned long, long long) (MHGD_accel_1.cpp:570:28)
INFO: [HLS 207-4370] built-in candidate operator/(unsigned long, __int128) (MHGD_accel_1.cpp:570:28)
INFO: [HLS 207-4370] built-in candidate operator/(unsigned long, unsigned int) (MHGD_accel_1.cpp:570:28)
INFO: [HLS 207-4370] built-in candidate operator/(unsigned long, unsigned long) (MHGD_accel_1.cpp:570:28)
INFO: [HLS 207-4370] built-in candidate operator/(unsigned long, unsigned long long) (MHGD_accel_1.cpp:570:28)
INFO: [HLS 207-4370] built-in candidate operator/(unsigned long, unsigned __int128) (MHGD_accel_1.cpp:570:28)
INFO: [HLS 207-4370] built-in candidate operator/(unsigned long long, long double) (MHGD_accel_1.cpp:570:28)
INFO: [HLS 207-4370] built-in candidate operator/(unsigned long long, __float128) (MHGD_accel_1.cpp:570:28)
INFO: [HLS 207-4370] built-in candidate operator/(unsigned long long, int) (MHGD_accel_1.cpp:570:28)
INFO: [HLS 207-4370] built-in candidate operator/(unsigned long long, long) (MHGD_accel_1.cpp:570:28)
INFO: [HLS 207-4370] built-in candidate operator/(unsigned long long, long long) (MHGD_accel_1.cpp:570:28)
INFO: [HLS 207-4370] built-in candidate operator/(unsigned long long, __int128) (MHGD_accel_1.cpp:570:28)
INFO: [HLS 207-4370] built-in candidate operator/(unsigned long long, unsigned int) (MHGD_accel_1.cpp:570:28)
INFO: [HLS 207-4370] built-in candidate operator/(unsigned long long, unsigned long) (MHGD_accel_1.cpp:570:28)
INFO: [HLS 207-4370] built-in candidate operator/(unsigned long long, unsigned long long) (MHGD_accel_1.cpp:570:28)
INFO: [HLS 207-4370] built-in candidate operator/(unsigned long long, unsigned __int128) (MHGD_accel_1.cpp:570:28)
INFO: [HLS 207-4370] built-in candidate operator/(unsigned __int128, long double) (MHGD_accel_1.cpp:570:28)
INFO: [HLS 207-4370] built-in candidate operator/(unsigned __int128, __float128) (MHGD_accel_1.cpp:570:28)
INFO: [HLS 207-4370] built-in candidate operator/(unsigned __int128, int) (MHGD_accel_1.cpp:570:28)
INFO: [HLS 207-4370] built-in candidate operator/(unsigned __int128, long) (MHGD_accel_1.cpp:570:28)
INFO: [HLS 207-4370] built-in candidate operator/(unsigned __int128, long long) (MHGD_accel_1.cpp:570:28)
INFO: [HLS 207-4370] built-in candidate operator/(unsigned __int128, __int128) (MHGD_accel_1.cpp:570:28)
INFO: [HLS 207-4370] built-in candidate operator/(unsigned __int128, unsigned int) (MHGD_accel_1.cpp:570:28)
INFO: [HLS 207-4370] built-in candidate operator/(unsigned __int128, unsigned long) (MHGD_accel_1.cpp:570:28)
INFO: [HLS 207-4370] built-in candidate operator/(unsigned __int128, unsigned long long) (MHGD_accel_1.cpp:570:28)
INFO: [HLS 207-4370] built-in candidate operator/(unsigned __int128, unsigned __int128) (MHGD_accel_1.cpp:570:28)
INFO: [HLS 200-2161] Finished Command csynth_design Elapsed time: 00:00:31; Allocated memory: 34.566 MB.
 
    while executing
"source /home/ggg_wufuqi/hls/MIMO_detect-main/mimo_cpp_gai/run_cpp.tcl"
    ("uplevel" body line 1)
    invoked from within
"uplevel \#0 [list source $tclfile] "

INFO: [HLS 200-112] Total CPU user time: 29.35 seconds. Total CPU system time: 1.63 seconds. Total elapsed time: 33.41 seconds; peak allocated memory: 681.754 MB.
INFO: [vitis-run 60-1662] Stopping dispatch session having empty uuid.
