  **** HLS Build v2024.2 5238294
Sourcing Tcl script '/home/ggg_wufuqi/hls/MIMO_detect-main/mimo_cpp_gai/run_cpp.tcl'
INFO: [HLS 200-1510] Running: open_component -reset component_perfect_loop_hls_cpp -flow_target vivado 
INFO: [HLS 200-10] Creating and opening project '/home/ggg_wufuqi/hls/MIMO_detect-main/mimo_cpp_gai/component_perfect_loop_hls_cpp'.
INFO: [HLS 200-10] Opening and resetting solution '/home/ggg_wufuqi/hls/MIMO_detect-main/mimo_cpp_gai/component_perfect_loop_hls_cpp/hls'.
INFO: [HLS 200-10] Cleaning up the solution database.
INFO: [HLS 200-1505] Using flow_target 'vivado'
Resolution: For help on HLS 200-1505 see docs.xilinx.com/access/sources/dita/topic?Doc_Version=2024.2%20English&url=ug1448-hls-guidance&resourceid=200-1505.html
INFO: [HLS 200-1510] Running: add_files MHGD_accel_1.cpp 
INFO: [HLS 200-10] Adding design file 'MHGD_accel_1.cpp' to the project
INFO: [HLS 200-1510] Running: add_files MHGD_accel_1.h 
INFO: [HLS 200-10] Adding design file 'MHGD_accel_1.h' to the project
INFO: [HLS 200-1510] Running: add_files MIMO_simulation_1.cpp 
INFO: [HLS 200-10] Adding design file 'MIMO_simulation_1.cpp' to the project
INFO: [HLS 200-1510] Running: add_files MIMO_simulation_1.h 
INFO: [HLS 200-10] Adding design file 'MIMO_simulation_1.h' to the project
INFO: [HLS 200-1510] Running: add_files MyComplex.cpp 
WARNING: [HLS 200-40] Cannot find design file 'MyComplex.cpp'
INFO: [HLS 200-1510] Running: add_files MyComplex_1.h 
INFO: [HLS 200-10] Adding design file 'MyComplex_1.h' to the project
INFO: [HLS 200-1510] Running: add_files sys_config_1.h 
INFO: [HLS 200-10] Adding design file 'sys_config_1.h' to the project
INFO: [HLS 200-1510] Running: add_files util_1.cpp 
INFO: [HLS 200-10] Adding design file 'util_1.cpp' to the project
INFO: [HLS 200-1510] Running: add_files util_1.h 
INFO: [HLS 200-10] Adding design file 'util_1.h' to the project
INFO: [HLS 200-1510] Running: add_files MMSE_1.h 
INFO: [HLS 200-10] Adding design file 'MMSE_1.h' to the project
INFO: [HLS 200-1510] Running: add_files MMSE_1.cpp 
INFO: [HLS 200-10] Adding design file 'MMSE_1.cpp' to the project
INFO: [HLS 200-1510] Running: add_files -tb tb_1.cpp 
INFO: [HLS 200-10] Adding test bench file 'tb_1.cpp' to the project
INFO: [HLS 200-1510] Running: add_files -tb /home/ggg_wufuqi/hls/MHGD/MHGD/output_file/bits_output_SNR=5.txt -cflags -I. 
INFO: [HLS 200-10] Adding test bench file '/home/ggg_wufuqi/hls/MHGD/MHGD/output_file/bits_output_SNR=5.txt' to the project
INFO: [HLS 200-1510] Running: add_files -tb /home/ggg_wufuqi/hls/MHGD/MHGD/output_file/bits_output_SNR=10.txt -cflags -I. 
INFO: [HLS 200-10] Adding test bench file '/home/ggg_wufuqi/hls/MHGD/MHGD/output_file/bits_output_SNR=10.txt' to the project
INFO: [HLS 200-1510] Running: add_files -tb /home/ggg_wufuqi/hls/MHGD/MHGD/output_file/bits_output_SNR=15.txt -cflags -I. 
INFO: [HLS 200-10] Adding test bench file '/home/ggg_wufuqi/hls/MHGD/MHGD/output_file/bits_output_SNR=15.txt' to the project
INFO: [HLS 200-1510] Running: add_files -tb /home/ggg_wufuqi/hls/MHGD/MHGD/output_file/bits_output_SNR=20.txt -cflags -I. 
INFO: [HLS 200-10] Adding test bench file '/home/ggg_wufuqi/hls/MHGD/MHGD/output_file/bits_output_SNR=20.txt' to the project
INFO: [HLS 200-1510] Running: add_files -tb /home/ggg_wufuqi/hls/MHGD/MHGD/output_file/bits_output_SNR=25.txt -cflags -I. 
INFO: [HLS 200-10] Adding test bench file '/home/ggg_wufuqi/hls/MHGD/MHGD/output_file/bits_output_SNR=25.txt' to the project
INFO: [HLS 200-1510] Running: add_files -tb /home/ggg_wufuqi/hls/MHGD/MHGD/input_file/H_SNR=5.txt -cflags -I. 
INFO: [HLS 200-10] Adding test bench file '/home/ggg_wufuqi/hls/MHGD/MHGD/input_file/H_SNR=5.txt' to the project
INFO: [HLS 200-1510] Running: add_files -tb /home/ggg_wufuqi/hls/MHGD/MHGD/input_file/H_SNR=10.txt -cflags -I. 
INFO: [HLS 200-10] Adding test bench file '/home/ggg_wufuqi/hls/MHGD/MHGD/input_file/H_SNR=10.txt' to the project
INFO: [HLS 200-1510] Running: add_files -tb /home/ggg_wufuqi/hls/MHGD/MHGD/input_file/H_SNR=15.txt -cflags -I. 
INFO: [HLS 200-10] Adding test bench file '/home/ggg_wufuqi/hls/MHGD/MHGD/input_file/H_SNR=15.txt' to the project
INFO: [HLS 200-1510] Running: add_files -tb /home/ggg_wufuqi/hls/MHGD/MHGD/input_file/H_SNR=20.txt -cflags -I. 
INFO: [HLS 200-10] Adding test bench file '/home/ggg_wufuqi/hls/MHGD/MHGD/input_file/H_SNR=20.txt' to the project
INFO: [HLS 200-1510] Running: add_files -tb /home/ggg_wufuqi/hls/MHGD/MHGD/input_file/H_SNR=25.txt -cflags -I. 
INFO: [HLS 200-10] Adding test bench file '/home/ggg_wufuqi/hls/MHGD/MHGD/input_file/H_SNR=25.txt' to the project
INFO: [HLS 200-1510] Running: add_files -tb /home/ggg_wufuqi/hls/MHGD/MHGD/input_file/y_SNR=5.txt -cflags -I. 
INFO: [HLS 200-10] Adding test bench file '/home/ggg_wufuqi/hls/MHGD/MHGD/input_file/y_SNR=5.txt' to the project
INFO: [HLS 200-1510] Running: add_files -tb /home/ggg_wufuqi/hls/MHGD/MHGD/input_file/y_SNR=10.txt -cflags -I. 
INFO: [HLS 200-10] Adding test bench file '/home/ggg_wufuqi/hls/MHGD/MHGD/input_file/y_SNR=10.txt' to the project
INFO: [HLS 200-1510] Running: add_files -tb /home/ggg_wufuqi/hls/MHGD/MHGD/input_file/y_SNR=15.txt -cflags -I. 
INFO: [HLS 200-10] Adding test bench file '/home/ggg_wufuqi/hls/MHGD/MHGD/input_file/y_SNR=15.txt' to the project
INFO: [HLS 200-1510] Running: add_files -tb /home/ggg_wufuqi/hls/MHGD/MHGD/input_file/y_SNR=20.txt -cflags -I. 
INFO: [HLS 200-10] Adding test bench file '/home/ggg_wufuqi/hls/MHGD/MHGD/input_file/y_SNR=20.txt' to the project
INFO: [HLS 200-1510] Running: add_files -tb /home/ggg_wufuqi/hls/MHGD/MHGD/input_file/y_SNR=25.txt -cflags -I. 
INFO: [HLS 200-10] Adding test bench file '/home/ggg_wufuqi/hls/MHGD/MHGD/input_file/y_SNR=25.txt' to the project
INFO: [HLS 200-1510] Running: add_files -tb /home/ggg_wufuqi/hls/MHGD/_64QAM_Constellation.txt -cflags -I. 
INFO: [HLS 200-10] Adding test bench file '/home/ggg_wufuqi/hls/MHGD/_64QAM_Constellation.txt' to the project
INFO: [HLS 200-1510] Running: add_files -tb /home/ggg_wufuqi/hls/MHGD/_16QAM_Constellation.txt -cflags -I. 
INFO: [HLS 200-10] Adding test bench file '/home/ggg_wufuqi/hls/MHGD/_16QAM_Constellation.txt' to the project
INFO: [HLS 200-1510] Running: set_top MHGD_detect_accel 
INFO: [HLS 200-1510] Running: set_part xck26-sfvc784-2LV-c 
INFO: [HLS 200-1611] Setting target device to 'xck26-sfvc784-2LV-c'
INFO: [HLS 200-1510] Running: create_clock -period 10 
INFO: [SYN 201-201] Setting up clock 'default' with a period of 10ns.
INFO: [HLS 200-1510] Running: set_directive_pipeline loop_perfect/LOOP_J 
INFO: [HLS 200-1510] Running: csynth_design 
WARNING: [HLS 200-1998] cannot find relative file path 'MyComplex.cpp' in directory(s): /home/ggg_wufuqi/hls/MIMO_detect-main/mimo_cpp_gai /home/ggg_wufuqi/hls/MIMO_detect-main/mimo_cpp_gai
WARNING: [HLS 200-40] Cannot find source file MyComplex.cpp; skipping it.
INFO: [HLS 200-111] Finished File checks and directory preparation: CPU user time: 0.05 seconds. CPU system time: 0 seconds. Elapsed time: 2.55 seconds; current allocated memory: 657.250 MB.
INFO: [HLS 200-10] Analyzing design file 'MMSE_1.cpp' ... 
WARNING: [HLS 207-1017] unknown pragma ignored (./util_1.h:10:9)
WARNING: [HLS 207-5292] unused parameter 'Nr' (MMSE_1.cpp:9:28)
INFO: [HLS 200-10] Analyzing design file 'util_1.cpp' ... 
WARNING: [HLS 207-1017] unknown pragma ignored (./util_1.h:10:9)
INFO: [HLS 200-10] Analyzing design file 'MIMO_simulation_1.cpp' ... 
WARNING: [HLS 207-1017] unknown pragma ignored (./util_1.h:10:9)
INFO: [HLS 200-10] Analyzing design file 'MHGD_accel_1.cpp' ... 
WARNING: [HLS 207-910] '__SYNTHESIS__' macro redefined (MHGD_accel_1.cpp:13:10)
INFO: [HLS 207-71] previous definition is here (<command line>:3:9)
ERROR: [HLS 207-1189] expected function body after function declarator (MHGD_accel_1.cpp:216:9)
ERROR: [HLS 207-5514] '#pragma HLS' is only allowed in function scope (MHGD_accel_1.cpp:216:9)
ERROR: [HLS 207-5514] '#pragma HLS' is only allowed in function scope (MHGD_accel_1.cpp:217:9)
ERROR: [HLS 207-5514] '#pragma HLS' is only allowed in function scope (MHGD_accel_1.cpp:218:9)
ERROR: [HLS 207-5514] '#pragma HLS' is only allowed in function scope (MHGD_accel_1.cpp:219:9)
ERROR: [HLS 207-5514] '#pragma HLS' is only allowed in function scope (MHGD_accel_1.cpp:220:9)
ERROR: [HLS 207-5514] '#pragma HLS' is only allowed in function scope (MHGD_accel_1.cpp:221:9)
ERROR: [HLS 207-5514] '#pragma HLS' is only allowed in function scope (MHGD_accel_1.cpp:222:9)
ERROR: [HLS 207-5514] '#pragma HLS' is only allowed in function scope (MHGD_accel_1.cpp:223:9)
ERROR: [HLS 207-5514] '#pragma HLS' is only allowed in function scope (MHGD_accel_1.cpp:224:9)
ERROR: [HLS 207-5514] '#pragma HLS' is only allowed in function scope (MHGD_accel_1.cpp:225:9)
ERROR: [HLS 207-5514] '#pragma HLS' is only allowed in function scope (MHGD_accel_1.cpp:226:9)
ERROR: [HLS 207-2916] C++ requires a type specifier for all declarations (MHGD_accel_1.cpp:408:2)
ERROR: [HLS 207-3776] use of undeclared identifier 'mu' (MHGD_accel_1.cpp:408:112)
ERROR: [HLS 207-2916] C++ requires a type specifier for all declarations (MHGD_accel_1.cpp:410:2)
ERROR: [HLS 207-3776] use of undeclared identifier 'Nt' (MHGD_accel_1.cpp:410:28)
ERROR: [HLS 207-3776] use of undeclared identifier 'sigma2' (MHGD_accel_1.cpp:410:32)
ERROR: [HLS 207-2916] C++ requires a type specifier for all declarations (MHGD_accel_1.cpp:412:2)
ERROR: [HLS 207-3776] use of undeclared identifier 'H' (MHGD_accel_1.cpp:412:16)
ERROR: [HLS 207-59] too many errors emitted, stopping now
INFO: [HLS 200-2161] Finished Command csynth_design Elapsed time: 00:00:30; Allocated memory: 28.484 MB.
 
    while executing
"source /home/ggg_wufuqi/hls/MIMO_detect-main/mimo_cpp_gai/run_cpp.tcl"
    ("uplevel" body line 1)
    invoked from within
"uplevel \#0 [list source $tclfile] "

INFO: [HLS 200-112] Total CPU user time: 27.81 seconds. Total CPU system time: 1.7 seconds. Total elapsed time: 31.97 seconds; peak allocated memory: 669.734 MB.
INFO: [vitis-run 60-1662] Stopping dispatch session having empty uuid.
