  **** HLS Build v2024.2 5238294
Sourcing Tcl script '/home/ggg_wufuqi/hls/MIMO_detect-main/mimo_cpp_gai/run_cpp.tcl'
INFO: [HLS 200-1510] Running: open_component -reset component_perfect_loop_hls_cpp -flow_target vivado 
INFO: [HLS 200-10] Creating and opening project '/home/ggg_wufuqi/hls/MIMO_detect-main/mimo_cpp_gai/component_perfect_loop_hls_cpp'.
INFO: [HLS 200-10] Opening and resetting solution '/home/ggg_wufuqi/hls/MIMO_detect-main/mimo_cpp_gai/component_perfect_loop_hls_cpp/hls'.
INFO: [HLS 200-10] Cleaning up the solution database.
INFO: [HLS 200-1505] Using flow_target 'vivado'
Resolution: For help on HLS 200-1505 see docs.xilinx.com/access/sources/dita/topic?Doc_Version=2024.2%20English&url=ug1448-hls-guidance&resourceid=200-1505.html
INFO: [HLS 200-1510] Running: add_files MHGD_accel_1.cpp 
INFO: [HLS 200-10] Adding design file 'MHGD_accel_1.cpp' to the project
INFO: [HLS 200-1510] Running: add_files MHGD_accel_1.h 
INFO: [HLS 200-10] Adding design file 'MHGD_accel_1.h' to the project
INFO: [HLS 200-1510] Running: add_files MIMO_simulation_1.cpp 
INFO: [HLS 200-10] Adding design file 'MIMO_simulation_1.cpp' to the project
INFO: [HLS 200-1510] Running: add_files MIMO_simulation_1.h 
INFO: [HLS 200-10] Adding design file 'MIMO_simulation_1.h' to the project
INFO: [HLS 200-1510] Running: add_files MyComplex.cpp 
WARNING: [HLS 200-40] Cannot find design file 'MyComplex.cpp'
INFO: [HLS 200-1510] Running: add_files MyComplex_1.h 
INFO: [HLS 200-10] Adding design file 'MyComplex_1.h' to the project
INFO: [HLS 200-1510] Running: add_files sys_config_1.h 
INFO: [HLS 200-10] Adding design file 'sys_config_1.h' to the project
INFO: [HLS 200-1510] Running: add_files util_1.cpp 
INFO: [HLS 200-10] Adding design file 'util_1.cpp' to the project
INFO: [HLS 200-1510] Running: add_files util_1.h 
INFO: [HLS 200-10] Adding design file 'util_1.h' to the project
INFO: [HLS 200-1510] Running: add_files MMSE_1.h 
INFO: [HLS 200-10] Adding design file 'MMSE_1.h' to the project
INFO: [HLS 200-1510] Running: add_files MMSE_1.cpp 
INFO: [HLS 200-10] Adding design file 'MMSE_1.cpp' to the project
INFO: [HLS 200-1510] Running: add_files -tb tb_1.cpp 
INFO: [HLS 200-10] Adding test bench file 'tb_1.cpp' to the project
INFO: [HLS 200-1510] Running: add_files -tb /home/ggg_wufuqi/hls/MHGD/MHGD/output_file/bits_output_SNR=5.txt -cflags -I. 
INFO: [HLS 200-10] Adding test bench file '/home/ggg_wufuqi/hls/MHGD/MHGD/output_file/bits_output_SNR=5.txt' to the project
INFO: [HLS 200-1510] Running: add_files -tb /home/ggg_wufuqi/hls/MHGD/MHGD/output_file/bits_output_SNR=10.txt -cflags -I. 
INFO: [HLS 200-10] Adding test bench file '/home/ggg_wufuqi/hls/MHGD/MHGD/output_file/bits_output_SNR=10.txt' to the project
INFO: [HLS 200-1510] Running: add_files -tb /home/ggg_wufuqi/hls/MHGD/MHGD/output_file/bits_output_SNR=15.txt -cflags -I. 
INFO: [HLS 200-10] Adding test bench file '/home/ggg_wufuqi/hls/MHGD/MHGD/output_file/bits_output_SNR=15.txt' to the project
INFO: [HLS 200-1510] Running: add_files -tb /home/ggg_wufuqi/hls/MHGD/MHGD/output_file/bits_output_SNR=20.txt -cflags -I. 
INFO: [HLS 200-10] Adding test bench file '/home/ggg_wufuqi/hls/MHGD/MHGD/output_file/bits_output_SNR=20.txt' to the project
INFO: [HLS 200-1510] Running: add_files -tb /home/ggg_wufuqi/hls/MHGD/MHGD/output_file/bits_output_SNR=25.txt -cflags -I. 
INFO: [HLS 200-10] Adding test bench file '/home/ggg_wufuqi/hls/MHGD/MHGD/output_file/bits_output_SNR=25.txt' to the project
INFO: [HLS 200-1510] Running: add_files -tb /home/ggg_wufuqi/hls/MHGD/MHGD/input_file/H_SNR=5.txt -cflags -I. 
INFO: [HLS 200-10] Adding test bench file '/home/ggg_wufuqi/hls/MHGD/MHGD/input_file/H_SNR=5.txt' to the project
INFO: [HLS 200-1510] Running: add_files -tb /home/ggg_wufuqi/hls/MHGD/MHGD/input_file/H_SNR=10.txt -cflags -I. 
INFO: [HLS 200-10] Adding test bench file '/home/ggg_wufuqi/hls/MHGD/MHGD/input_file/H_SNR=10.txt' to the project
INFO: [HLS 200-1510] Running: add_files -tb /home/ggg_wufuqi/hls/MHGD/MHGD/input_file/H_SNR=15.txt -cflags -I. 
INFO: [HLS 200-10] Adding test bench file '/home/ggg_wufuqi/hls/MHGD/MHGD/input_file/H_SNR=15.txt' to the project
INFO: [HLS 200-1510] Running: add_files -tb /home/ggg_wufuqi/hls/MHGD/MHGD/input_file/H_SNR=20.txt -cflags -I. 
INFO: [HLS 200-10] Adding test bench file '/home/ggg_wufuqi/hls/MHGD/MHGD/input_file/H_SNR=20.txt' to the project
INFO: [HLS 200-1510] Running: add_files -tb /home/ggg_wufuqi/hls/MHGD/MHGD/input_file/H_SNR=25.txt -cflags -I. 
INFO: [HLS 200-10] Adding test bench file '/home/ggg_wufuqi/hls/MHGD/MHGD/input_file/H_SNR=25.txt' to the project
INFO: [HLS 200-1510] Running: add_files -tb /home/ggg_wufuqi/hls/MHGD/MHGD/input_file/y_SNR=5.txt -cflags -I. 
INFO: [HLS 200-10] Adding test bench file '/home/ggg_wufuqi/hls/MHGD/MHGD/input_file/y_SNR=5.txt' to the project
INFO: [HLS 200-1510] Running: add_files -tb /home/ggg_wufuqi/hls/MHGD/MHGD/input_file/y_SNR=10.txt -cflags -I. 
INFO: [HLS 200-10] Adding test bench file '/home/ggg_wufuqi/hls/MHGD/MHGD/input_file/y_SNR=10.txt' to the project
INFO: [HLS 200-1510] Running: add_files -tb /home/ggg_wufuqi/hls/MHGD/MHGD/input_file/y_SNR=15.txt -cflags -I. 
INFO: [HLS 200-10] Adding test bench file '/home/ggg_wufuqi/hls/MHGD/MHGD/input_file/y_SNR=15.txt' to the project
INFO: [HLS 200-1510] Running: add_files -tb /home/ggg_wufuqi/hls/MHGD/MHGD/input_file/y_SNR=20.txt -cflags -I. 
INFO: [HLS 200-10] Adding test bench file '/home/ggg_wufuqi/hls/MHGD/MHGD/input_file/y_SNR=20.txt' to the project
INFO: [HLS 200-1510] Running: add_files -tb /home/ggg_wufuqi/hls/MHGD/MHGD/input_file/y_SNR=25.txt -cflags -I. 
INFO: [HLS 200-10] Adding test bench file '/home/ggg_wufuqi/hls/MHGD/MHGD/input_file/y_SNR=25.txt' to the project
INFO: [HLS 200-1510] Running: add_files -tb /home/ggg_wufuqi/hls/MHGD/_64QAM_Constellation.txt -cflags -I. 
INFO: [HLS 200-10] Adding test bench file '/home/ggg_wufuqi/hls/MHGD/_64QAM_Constellation.txt' to the project
INFO: [HLS 200-1510] Running: add_files -tb /home/ggg_wufuqi/hls/MHGD/_16QAM_Constellation.txt -cflags -I. 
INFO: [HLS 200-10] Adding test bench file '/home/ggg_wufuqi/hls/MHGD/_16QAM_Constellation.txt' to the project
INFO: [HLS 200-1510] Running: set_top MHGD_detect_accel 
INFO: [HLS 200-1510] Running: set_part xck26-sfvc784-2LV-c 
INFO: [HLS 200-1611] Setting target device to 'xck26-sfvc784-2LV-c'
INFO: [HLS 200-1510] Running: create_clock -period 10 
INFO: [SYN 201-201] Setting up clock 'default' with a period of 10ns.
INFO: [HLS 200-1510] Running: csim_design 
WARNING: [HLS 200-1998] cannot find relative file path 'MyComplex.cpp' in directory(s): /home/ggg_wufuqi/hls/MIMO_detect-main/mimo_cpp_gai /home/ggg_wufuqi/hls/MIMO_detect-main/mimo_cpp_gai
INFO: [SIM 211-2] *************** CSIM start ***************
INFO: [SIM 211-4] CSIM will launch CLANG as the compiler.
INFO: [HLS 200-2036] Building debug C Simulation binaries
   Compiling ../../../../tb_1.cpp in debug mode
   Compiling ../../../../MMSE_1.cpp in debug mode
   Compiling ../../../../util_1.cpp in debug mode
   Compiling ../../../../MIMO_simulation_1.cpp in debug mode
../../../../MIMO_simulation_1.cpp:344:33: error: use of overloaded operator '*' is ambiguous (with operand types 'Myreal' (aka 'ap_fixed<64, 32>') and 'float')
                        temp[j].real = x_hat[i].real * sqrt(2.0f) - QPSK_Constellation[j].real;
                                       ~~~~~~~~~~~~~ ^ ~~~~~~~~~~
/tools/Xilinx/Vitis/2024.2/include/etc/ap_fixed_base.h:2373:1: note: candidate function [with _AP_W = 64, _AP_I = 32, _AP_S = true, _AP_Q = AP_TRN, _AP_O = AP_WRAP, _AP_N = 0]
ALL_AF_OP_WITH_INT(bool, 1, false)
^
/tools/Xilinx/Vitis/2024.2/include/etc/ap_fixed_base.h:2348:3: note: expanded from macro 'ALL_AF_OP_WITH_INT'
  AF_BIN_OP_WITH_INT(*, C_TYPE, (BITS), (SIGN), mult)     \
  ^
/tools/Xilinx/Vitis/2024.2/include/etc/ap_fixed_base.h:2294:3: note: expanded from macro 'AF_BIN_OP_WITH_INT'
  operator BIN_OP(                                                          \
  ^
/tools/Xilinx/Vitis/2024.2/include/etc/ap_fixed_base.h:2374:1: note: candidate function [with _AP_W = 64, _AP_I = 32, _AP_S = true, _AP_Q = AP_TRN, _AP_O = AP_WRAP, _AP_N = 0]
ALL_AF_OP_WITH_INT(char, 8, CHAR_IS_SIGNED)
^
/tools/Xilinx/Vitis/2024.2/include/etc/ap_fixed_base.h:2348:3: note: expanded from macro 'ALL_AF_OP_WITH_INT'
  AF_BIN_OP_WITH_INT(*, C_TYPE, (BITS), (SIGN), mult)     \
  ^
/tools/Xilinx/Vitis/2024.2/include/etc/ap_fixed_base.h:2294:3: note: expanded from macro 'AF_BIN_OP_WITH_INT'
  operator BIN_OP(                                                          \
  ^
/tools/Xilinx/Vitis/2024.2/include/etc/ap_fixed_base.h:2375:1: note: candidate function [with _AP_W = 64, _AP_I = 32, _AP_S = true, _AP_Q = AP_TRN, _AP_O = AP_WRAP, _AP_N = 0]
ALL_AF_OP_WITH_INT(signed char, 8, true)
^
/tools/Xilinx/Vitis/2024.2/include/etc/ap_fixed_base.h:2348:3: note: expanded from macro 'ALL_AF_OP_WITH_INT'
  AF_BIN_OP_WITH_INT(*, C_TYPE, (BITS), (SIGN), mult)     \
  ^
/tools/Xilinx/Vitis/2024.2/include/etc/ap_fixed_base.h:2294:3: note: expanded from macro 'AF_BIN_OP_WITH_INT'
  operator BIN_OP(                                                          \
  ^
/tools/Xilinx/Vitis/2024.2/include/etc/ap_fixed_base.h:2376:1: note: candidate function [with _AP_W = 64, _AP_I = 32, _AP_S = true, _AP_Q = AP_TRN, _AP_O = AP_WRAP, _AP_N = 0]
ALL_AF_OP_WITH_INT(unsigned char, 8, false)
^
/tools/Xilinx/Vitis/2024.2/include/etc/ap_fixed_base.h:2348:3: note: expanded from macro 'ALL_AF_OP_WITH_INT'
  AF_BIN_OP_WITH_INT(*, C_TYPE, (BITS), (SIGN), mult)     \
  ^
/tools/Xilinx/Vitis/2024.2/include/etc/ap_fixed_base.h:2294:3: note: expanded from macro 'AF_BIN_OP_WITH_INT'
  operator BIN_OP(                                                          \
  ^
/tools/Xilinx/Vitis/2024.2/include/etc/ap_fixed_base.h:2377:1: note: candidate function [with _AP_W = 64, _AP_I = 32, _AP_S = true, _AP_Q = AP_TRN, _AP_O = AP_WRAP, _AP_N = 0]
ALL_AF_OP_WITH_INT(short, _AP_SIZE_short, true)
^
/tools/Xilinx/Vitis/2024.2/include/etc/ap_fixed_base.h:2348:3: note: expanded from macro 'ALL_AF_OP_WITH_INT'
  AF_BIN_OP_WITH_INT(*, C_TYPE, (BITS), (SIGN), mult)     \
  ^
/tools/Xilinx/Vitis/2024.2/include/etc/ap_fixed_base.h:2294:3: note: expanded from macro 'AF_BIN_OP_WITH_INT'
  operator BIN_OP(                                                          \
  ^
/tools/Xilinx/Vitis/2024.2/include/etc/ap_fixed_base.h:2378:1: note: candidate function [with _AP_W = 64, _AP_I = 32, _AP_S = true, _AP_Q = AP_TRN, _AP_O = AP_WRAP, _AP_N = 0]
ALL_AF_OP_WITH_INT(unsigned short, _AP_SIZE_short, false)
^
/tools/Xilinx/Vitis/2024.2/include/etc/ap_fixed_base.h:2348:3: note: expanded from macro 'ALL_AF_OP_WITH_INT'
  AF_BIN_OP_WITH_INT(*, C_TYPE, (BITS), (SIGN), mult)     \
  ^
/tools/Xilinx/Vitis/2024.2/include/etc/ap_fixed_base.h:2294:3: note: expanded from macro 'AF_BIN_OP_WITH_INT'
  operator BIN_OP(                                                          \
  ^
/tools/Xilinx/Vitis/2024.2/include/etc/ap_fixed_base.h:2379:1: note: candidate function [with _AP_W = 64, _AP_I = 32, _AP_S = true, _AP_Q = AP_TRN, _AP_O = AP_WRAP, _AP_N = 0]
ALL_AF_OP_WITH_INT(int, _AP_SIZE_int, true)
^
/tools/Xilinx/Vitis/2024.2/include/etc/ap_fixed_base.h:2348:3: note: expanded from macro 'ALL_AF_OP_WITH_INT'
  AF_BIN_OP_WITH_INT(*, C_TYPE, (BITS), (SIGN), mult)     \
  ^
/tools/Xilinx/Vitis/2024.2/include/etc/ap_fixed_base.h:2294:3: note: expanded from macro 'AF_BIN_OP_WITH_INT'
  operator BIN_OP(                                                          \
  ^
/tools/Xilinx/Vitis/2024.2/include/etc/ap_fixed_base.h:2380:1: note: candidate function [with _AP_W = 64, _AP_I = 32, _AP_S = true, _AP_Q = AP_TRN, _AP_O = AP_WRAP, _AP_N = 0]
ALL_AF_OP_WITH_INT(unsigned int, _AP_SIZE_int, false)
^
/tools/Xilinx/Vitis/2024.2/include/etc/ap_fixed_base.h:2348:3: note: expanded from macro 'ALL_AF_OP_WITH_INT'
  AF_BIN_OP_WITH_INT(*, C_TYPE, (BITS), (SIGN), mult)     \
  ^
/tools/Xilinx/Vitis/2024.2/include/etc/ap_fixed_base.h:2294:3: note: expanded from macro 'AF_BIN_OP_WITH_INT'
  operator BIN_OP(                                                          \
  ^
/tools/Xilinx/Vitis/2024.2/include/etc/ap_fixed_base.h:2381:1: note: candidate function [with _AP_W = 64, _AP_I = 32, _AP_S = true, _AP_Q = AP_TRN, _AP_O = AP_WRAP, _AP_N = 0]
ALL_AF_OP_WITH_INT(long, _AP_SIZE_long, true)
^
/tools/Xilinx/Vitis/2024.2/include/etc/ap_fixed_base.h:2348:3: note: expanded from macro 'ALL_AF_OP_WITH_INT'
  AF_BIN_OP_WITH_INT(*, C_TYPE, (BITS), (SIGN), mult)     \
  ^
/tools/Xilinx/Vitis/2024.2/include/etc/ap_fixed_base.h:2294:3: note: expanded from macro 'AF_BIN_OP_WITH_INT'
  operator BIN_OP(                                                          \
  ^
/tools/Xilinx/Vitis/2024.2/include/etc/ap_fixed_base.h:2382:1: note: candidate function [with _AP_W = 64, _AP_I = 32, _AP_S = true, _AP_Q = AP_TRN, _AP_O = AP_WRAP, _AP_N = 0]
ALL_AF_OP_WITH_INT(unsigned long, _AP_SIZE_long, false)
^
/tools/Xilinx/Vitis/2024.2/include/etc/ap_fixed_base.h:2348:3: note: expanded from macro 'ALL_AF_OP_WITH_INT'
  AF_BIN_OP_WITH_INT(*, C_TYPE, (BITS), (SIGN), mult)     \
  ^
/tools/Xilinx/Vitis/2024.2/include/etc/ap_fixed_base.h:2294:3: note: expanded from macro 'AF_BIN_OP_WITH_INT'
  operator BIN_OP(                                                          \
  ^
/tools/Xilinx/Vitis/2024.2/include/etc/ap_fixed_base.h:2383:1: note: candidate function [with _AP_W = 64, _AP_I = 32, _AP_S = true, _AP_Q = AP_TRN, _AP_O = AP_WRAP, _AP_N = 0]
ALL_AF_OP_WITH_INT(ap_slong, _AP_SIZE_ap_slong, true)
^
/tools/Xilinx/Vitis/2024.2/include/etc/ap_fixed_base.h:2348:3: note: expanded from macro 'ALL_AF_OP_WITH_INT'
  AF_BIN_OP_WITH_INT(*, C_TYPE, (BITS), (SIGN), mult)     \
  ^
/tools/Xilinx/Vitis/2024.2/include/etc/ap_fixed_base.h:2294:3: note: expanded from macro 'AF_BIN_OP_WITH_INT'
  operator BIN_OP(                                                          \
  ^
/tools/Xilinx/Vitis/2024.2/include/etc/ap_fixed_base.h:2384:1: note: candidate function [with _AP_W = 64, _AP_I = 32, _AP_S = true, _AP_Q = AP_TRN, _AP_O = AP_WRAP, _AP_N = 0]
ALL_AF_OP_WITH_INT(ap_ulong, _AP_SIZE_ap_slong, false)
^
/tools/Xilinx/Vitis/2024.2/include/etc/ap_fixed_base.h:2348:3: note: expanded from macro 'ALL_AF_OP_WITH_INT'
  AF_BIN_OP_WITH_INT(*, C_TYPE, (BITS), (SIGN), mult)     \
  ^
/tools/Xilinx/Vitis/2024.2/include/etc/ap_fixed_base.h:2294:3: note: expanded from macro 'AF_BIN_OP_WITH_INT'
  operator BIN_OP(                                                          \
  ^
../../../../MIMO_simulation_1.cpp:344:33: note: built-in candidate operator*(float, float)
                        temp[j].real = x_hat[i].real * sqrt(2.0f) - QPSK_Constellation[j].real;
                                                     ^
../../../../MIMO_simulation_1.cpp:344:33: note: built-in candidate operator*(double, float)
../../../../MIMO_simulation_1.cpp:344:33: note: built-in candidate operator*(long double, float)
../../../../MIMO_simulation_1.cpp:344:33: note: built-in candidate operator*(__float128, float)
../../../../MIMO_simulation_1.cpp:344:33: note: built-in candidate operator*(int, float)
../../../../MIMO_simulation_1.cpp:344:33: note: built-in candidate operator*(long, float)
../../../../MIMO_simulation_1.cpp:344:33: note: built-in candidate operator*(long long, float)
../../../../MIMO_simulation_1.cpp:344:33: note: built-in candidate operator*(__int128, float)
../../../../MIMO_simulation_1.cpp:344:33: note: built-in candidate operator*(unsigned int, float)
../../../../MIMO_simulation_1.cpp:344:33: note: built-in candidate operator*(unsigned long, float)
../../../../MIMO_simulation_1.cpp:344:33: note: built-in candidate operator*(unsigned long long, float)
../../../../MIMO_simulation_1.cpp:344:33: note: built-in candidate operator*(unsigned __int128, float)
../../../../MIMO_simulation_1.cpp:344:33: note: built-in candidate operator*(float, double)
../../../../MIMO_simulation_1.cpp:344:33: note: built-in candidate operator*(double, double)
../../../../MIMO_simulation_1.cpp:344:33: note: built-in candidate operator*(long double, double)
../../../../MIMO_simulation_1.cpp:344:33: note: built-in candidate operator*(__float128, double)
../../../../MIMO_simulation_1.cpp:344:33: note: built-in candidate operator*(int, double)
../../../../MIMO_simulation_1.cpp:344:33: note: built-in candidate operator*(long, double)
../../../../MIMO_simulation_1.cpp:344:33: note: built-in candidate operator*(long long, double)
../../../../MIMO_simulation_1.cpp:344:33: note: built-in candidate operator*(__int128, double)
../../../../MIMO_simulation_1.cpp:344:33: note: built-in candidate operator*(unsigned int, double)
../../../../MIMO_simulation_1.cpp:344:33: note: built-in candidate operator*(unsigned long, double)
../../../../MIMO_simulation_1.cpp:344:33: note: built-in candidate operator*(unsigned long long, double)
../../../../MIMO_simulation_1.cpp:344:33: note: built-in candidate operator*(unsigned __int128, double)
../../../../MIMO_simulation_1.cpp:345:33: error: use of overloaded operator '*' is ambiguous (with operand types 'Myimage' (aka 'ap_fixed<64, 32>') and 'float')
                        temp[j].imag = x_hat[i].imag * sqrt(2.0f) - QPSK_Constellation[j].imag;
                                       ~~~~~~~~~~~~~ ^ ~~~~~~~~~~
/tools/Xilinx/Vitis/2024.2/include/etc/ap_fixed_base.h:2373:1: note: candidate function [with _AP_W = 64, _AP_I = 32, _AP_S = true, _AP_Q = AP_TRN, _AP_O = AP_WRAP, _AP_N = 0]
ALL_AF_OP_WITH_INT(bool, 1, false)
^
/tools/Xilinx/Vitis/2024.2/include/etc/ap_fixed_base.h:2348:3: note: expanded from macro 'ALL_AF_OP_WITH_INT'
  AF_BIN_OP_WITH_INT(*, C_TYPE, (BITS), (SIGN), mult)     \
  ^
/tools/Xilinx/Vitis/2024.2/include/etc/ap_fixed_base.h:2294:3: note: expanded from macro 'AF_BIN_OP_WITH_INT'
  operator BIN_OP(                                                          \
  ^
/tools/Xilinx/Vitis/2024.2/include/etc/ap_fixed_base.h:2374:1: note: candidate function [with _AP_W = 64, _AP_I = 32, _AP_S = true, _AP_Q = AP_TRN, _AP_O = AP_WRAP, _AP_N = 0]
ALL_AF_OP_WITH_INT(char, 8, CHAR_IS_SIGNED)
^
/tools/Xilinx/Vitis/2024.2/include/etc/ap_fixed_base.h:2348:3: note: expanded from macro 'ALL_AF_OP_WITH_INT'
  AF_BIN_OP_WITH_INT(*, C_TYPE, (BITS), (SIGN), mult)     \
  ^
/tools/Xilinx/Vitis/2024.2/include/etc/ap_fixed_base.h:2294:3: note: expanded from macro 'AF_BIN_OP_WITH_INT'
  operator BIN_OP(                                                          \
  ^
/tools/Xilinx/Vitis/2024.2/include/etc/ap_fixed_base.h:2375:1: note: candidate function [with _AP_W = 64, _AP_I = 32, _AP_S = true, _AP_Q = AP_TRN, _AP_O = AP_WRAP, _AP_N = 0]
ALL_AF_OP_WITH_INT(signed char, 8, true)
^
/tools/Xilinx/Vitis/2024.2/include/etc/ap_fixed_base.h:2348:3: note: expanded from macro 'ALL_AF_OP_WITH_INT'
  AF_BIN_OP_WITH_INT(*, C_TYPE, (BITS), (SIGN), mult)     \
  ^
/tools/Xilinx/Vitis/2024.2/include/etc/ap_fixed_base.h:2294:3: note: expanded from macro 'AF_BIN_OP_WITH_INT'
  operator BIN_OP(                                                          \
  ^
/tools/Xilinx/Vitis/2024.2/include/etc/ap_fixed_base.h:2376:1: note: candidate function [with _AP_W = 64, _AP_I = 32, _AP_S = true, _AP_Q = AP_TRN, _AP_O = AP_WRAP, _AP_N = 0]
ALL_AF_OP_WITH_INT(unsigned char, 8, false)
^
/tools/Xilinx/Vitis/2024.2/include/etc/ap_fixed_base.h:2348:3: note: expanded from macro 'ALL_AF_OP_WITH_INT'
  AF_BIN_OP_WITH_INT(*, C_TYPE, (BITS), (SIGN), mult)     \
  ^
/tools/Xilinx/Vitis/2024.2/include/etc/ap_fixed_base.h:2294:3: note: expanded from macro 'AF_BIN_OP_WITH_INT'
  operator BIN_OP(                                                          \
  ^
/tools/Xilinx/Vitis/2024.2/include/etc/ap_fixed_base.h:2377:1: note: candidate function [with _AP_W = 64, _AP_I = 32, _AP_S = true, _AP_Q = AP_TRN, _AP_O = AP_WRAP, _AP_N = 0]
ALL_AF_OP_WITH_INT(short, _AP_SIZE_short, true)
^
/tools/Xilinx/Vitis/2024.2/include/etc/ap_fixed_base.h:2348:3: note: expanded from macro 'ALL_AF_OP_WITH_INT'
  AF_BIN_OP_WITH_INT(*, C_TYPE, (BITS), (SIGN), mult)     \
  ^
/tools/Xilinx/Vitis/2024.2/include/etc/ap_fixed_base.h:2294:3: note: expanded from macro 'AF_BIN_OP_WITH_INT'
  operator BIN_OP(                                                          \
  ^
/tools/Xilinx/Vitis/2024.2/include/etc/ap_fixed_base.h:2378:1: note: candidate function [with _AP_W = 64, _AP_I = 32, _AP_S = true, _AP_Q = AP_TRN, _AP_O = AP_WRAP, _AP_N = 0]
ALL_AF_OP_WITH_INT(unsigned short, _AP_SIZE_short, false)
^
/tools/Xilinx/Vitis/2024.2/include/etc/ap_fixed_base.h:2348:3: note: expanded from macro 'ALL_AF_OP_WITH_INT'
  AF_BIN_OP_WITH_INT(*, C_TYPE, (BITS), (SIGN), mult)     \
  ^
/tools/Xilinx/Vitis/2024.2/include/etc/ap_fixed_base.h:2294:3: note: expanded from macro 'AF_BIN_OP_WITH_INT'
  operator BIN_OP(                                                          \
  ^
/tools/Xilinx/Vitis/2024.2/include/etc/ap_fixed_base.h:2379:1: note: candidate function [with _AP_W = 64, _AP_I = 32, _AP_S = true, _AP_Q = AP_TRN, _AP_O = AP_WRAP, _AP_N = 0]
ALL_AF_OP_WITH_INT(int, _AP_SIZE_int, true)
^
/tools/Xilinx/Vitis/2024.2/include/etc/ap_fixed_base.h:2348:3: note: expanded from macro 'ALL_AF_OP_WITH_INT'
  AF_BIN_OP_WITH_INT(*, C_TYPE, (BITS), (SIGN), mult)     \
  ^
/tools/Xilinx/Vitis/2024.2/include/etc/ap_fixed_base.h:2294:3: note: expanded from macro 'AF_BIN_OP_WITH_INT'
  operator BIN_OP(                                                          \
  ^
/tools/Xilinx/Vitis/2024.2/include/etc/ap_fixed_base.h:2380:1: note: candidate function [with _AP_W = 64, _AP_I = 32, _AP_S = true, _AP_Q = AP_TRN, _AP_O = AP_WRAP, _AP_N = 0]
ALL_AF_OP_WITH_INT(unsigned int, _AP_SIZE_int, false)
^
/tools/Xilinx/Vitis/2024.2/include/etc/ap_fixed_base.h:2348:3: note: expanded from macro 'ALL_AF_OP_WITH_INT'
  AF_BIN_OP_WITH_INT(*, C_TYPE, (BITS), (SIGN), mult)     \
  ^
/tools/Xilinx/Vitis/2024.2/include/etc/ap_fixed_base.h:2294:3: note: expanded from macro 'AF_BIN_OP_WITH_INT'
  operator BIN_OP(                                                          \
  ^
/tools/Xilinx/Vitis/2024.2/include/etc/ap_fixed_base.h:2381:1: note: candidate function [with _AP_W = 64, _AP_I = 32, _AP_S = true, _AP_Q = AP_TRN, _AP_O = AP_WRAP, _AP_N = 0]
ALL_AF_OP_WITH_INT(long, _AP_SIZE_long, true)
^
/tools/Xilinx/Vitis/2024.2/include/etc/ap_fixed_base.h:2348:3: note: expanded from macro 'ALL_AF_OP_WITH_INT'
  AF_BIN_OP_WITH_INT(*, C_TYPE, (BITS), (SIGN), mult)     \
  ^
/tools/Xilinx/Vitis/2024.2/include/etc/ap_fixed_base.h:2294:3: note: expanded from macro 'AF_BIN_OP_WITH_INT'
  operator BIN_OP(                                                          \
  ^
/tools/Xilinx/Vitis/2024.2/include/etc/ap_fixed_base.h:2382:1: note: candidate function [with _AP_W = 64, _AP_I = 32, _AP_S = true, _AP_Q = AP_TRN, _AP_O = AP_WRAP, _AP_N = 0]
ALL_AF_OP_WITH_INT(unsigned long, _AP_SIZE_long, false)
^
/tools/Xilinx/Vitis/2024.2/include/etc/ap_fixed_base.h:2348:3: note: expanded from macro 'ALL_AF_OP_WITH_INT'
  AF_BIN_OP_WITH_INT(*, C_TYPE, (BITS), (SIGN), mult)     \
  ^
/tools/Xilinx/Vitis/2024.2/include/etc/ap_fixed_base.h:2294:3: note: expanded from macro 'AF_BIN_OP_WITH_INT'
  operator BIN_OP(                                                          \
  ^
/tools/Xilinx/Vitis/2024.2/include/etc/ap_fixed_base.h:2383:1: note: candidate function [with _AP_W = 64, _AP_I = 32, _AP_S = true, _AP_Q = AP_TRN, _AP_O = AP_WRAP, _AP_N = 0]
ALL_AF_OP_WITH_INT(ap_slong, _AP_SIZE_ap_slong, true)
^
/tools/Xilinx/Vitis/2024.2/include/etc/ap_fixed_base.h:2348:3: note: expanded from macro 'ALL_AF_OP_WITH_INT'
  AF_BIN_OP_WITH_INT(*, C_TYPE, (BITS), (SIGN), mult)     \
  ^
/tools/Xilinx/Vitis/2024.2/include/etc/ap_fixed_base.h:2294:3: note: expanded from macro 'AF_BIN_OP_WITH_INT'
  operator BIN_OP(                                                          \
  ^
/tools/Xilinx/Vitis/2024.2/include/etc/ap_fixed_base.h:2384:1: note: candidate function [with _AP_W = 64, _AP_I = 32, _AP_S = true, _AP_Q = AP_TRN, _AP_O = AP_WRAP, _AP_N = 0]
ALL_AF_OP_WITH_INT(ap_ulong, _AP_SIZE_ap_slong, false)
^
/tools/Xilinx/Vitis/2024.2/include/etc/ap_fixed_base.h:2348:3: note: expanded from macro 'ALL_AF_OP_WITH_INT'
  AF_BIN_OP_WITH_INT(*, C_TYPE, (BITS), (SIGN), mult)     \
  ^
/tools/Xilinx/Vitis/2024.2/include/etc/ap_fixed_base.h:2294:3: note: expanded from macro 'AF_BIN_OP_WITH_INT'
  operator BIN_OP(                                                          \
  ^
../../../../MIMO_simulation_1.cpp:345:33: note: built-in candidate operator*(float, float)
                        temp[j].imag = x_hat[i].imag * sqrt(2.0f) - QPSK_Constellation[j].imag;
                                                     ^
../../../../MIMO_simulation_1.cpp:345:33: note: built-in candidate operator*(double, float)
../../../../MIMO_simulation_1.cpp:345:33: note: built-in candidate operator*(long double, float)
../../../../MIMO_simulation_1.cpp:345:33: note: built-in candidate operator*(__float128, float)
../../../../MIMO_simulation_1.cpp:345:33: note: built-in candidate operator*(int, float)
../../../../MIMO_simulation_1.cpp:345:33: note: built-in candidate operator*(long, float)
../../../../MIMO_simulation_1.cpp:345:33: note: built-in candidate operator*(long long, float)
../../../../MIMO_simulation_1.cpp:345:33: note: built-in candidate operator*(__int128, float)
../../../../MIMO_simulation_1.cpp:345:33: note: built-in candidate operator*(unsigned int, float)
../../../../MIMO_simulation_1.cpp:345:33: note: built-in candidate operator*(unsigned long, float)
../../../../MIMO_simulation_1.cpp:345:33: note: built-in candidate operator*(unsigned long long, float)
../../../../MIMO_simulation_1.cpp:345:33: note: built-in candidate operator*(unsigned __int128, float)
../../../../MIMO_simulation_1.cpp:345:33: note: built-in candidate operator*(float, double)
../../../../MIMO_simulation_1.cpp:345:33: note: built-in candidate operator*(double, double)
../../../../MIMO_simulation_1.cpp:345:33: note: built-in candidate operator*(long double, double)
../../../../MIMO_simulation_1.cpp:345:33: note: built-in candidate operator*(__float128, double)
../../../../MIMO_simulation_1.cpp:345:33: note: built-in candidate operator*(int, double)
../../../../MIMO_simulation_1.cpp:345:33: note: built-in candidate operator*(long, double)
../../../../MIMO_simulation_1.cpp:345:33: note: built-in candidate operator*(long long, double)
../../../../MIMO_simulation_1.cpp:345:33: note: built-in candidate operator*(__int128, double)
../../../../MIMO_simulation_1.cpp:345:33: note: built-in candidate operator*(unsigned int, double)
../../../../MIMO_simulation_1.cpp:345:33: note: built-in candidate operator*(unsigned long, double)
../../../../MIMO_simulation_1.cpp:345:33: note: built-in candidate operator*(unsigned long long, double)
../../../../MIMO_simulation_1.cpp:345:33: note: built-in candidate operator*(unsigned __int128, double)
../../../../MIMO_simulation_1.cpp:349:18: error: call to 'sqrt' is ambiguous
                        distance[j] = sqrt(temp[j].real * temp[j].real + temp[j].imag * temp[j].imag);
                                      ^~~~
/usr/include/x86_64-linux-gnu/bits/mathcalls.h:143:13: note: candidate function
__MATHCALL (sqrt,, (_Mdouble_ __x));
            ^
/tools/Xilinx/Vitis/2024.2/tps/lnx64/gcc-8.3.0/lib/gcc/x86_64-pc-linux-gnu/8.3.0/../../../../include/c++/8.3.0/cmath:463:3: note: candidate function
  sqrt(float __x)
  ^
/tools/Xilinx/Vitis/2024.2/tps/lnx64/gcc-8.3.0/lib/gcc/x86_64-pc-linux-gnu/8.3.0/../../../../include/c++/8.3.0/cmath:467:3: note: candidate function
  sqrt(long double __x)
  ^
../../../../MIMO_simulation_1.cpp:385:33: error: use of overloaded operator '*' is ambiguous (with operand types 'Myreal' (aka 'ap_fixed<64, 32>') and 'float')
                        temp[j].real = x_hat[i].real * sqrt(10.0f) - _16QAM_Constellation[j].real;
                                       ~~~~~~~~~~~~~ ^ ~~~~~~~~~~~
/tools/Xilinx/Vitis/2024.2/include/etc/ap_fixed_base.h:2373:1: note: candidate function [with _AP_W = 64, _AP_I = 32, _AP_S = true, _AP_Q = AP_TRN, _AP_O = AP_WRAP, _AP_N = 0]
ALL_AF_OP_WITH_INT(bool, 1, false)
^
/tools/Xilinx/Vitis/2024.2/include/etc/ap_fixed_base.h:2348:3: note: expanded from macro 'ALL_AF_OP_WITH_INT'
  AF_BIN_OP_WITH_INT(*, C_TYPE, (BITS), (SIGN), mult)     \
  ^
/tools/Xilinx/Vitis/2024.2/include/etc/ap_fixed_base.h:2294:3: note: expanded from macro 'AF_BIN_OP_WITH_INT'
  operator BIN_OP(                                                          \
  ^
/tools/Xilinx/Vitis/2024.2/include/etc/ap_fixed_base.h:2374:1: note: candidate function [with _AP_W = 64, _AP_I = 32, _AP_S = true, _AP_Q = AP_TRN, _AP_O = AP_WRAP, _AP_N = 0]
ALL_AF_OP_WITH_INT(char, 8, CHAR_IS_SIGNED)
^
/tools/Xilinx/Vitis/2024.2/include/etc/ap_fixed_base.h:2348:3: note: expanded from macro 'ALL_AF_OP_WITH_INT'
  AF_BIN_OP_WITH_INT(*, C_TYPE, (BITS), (SIGN), mult)     \
  ^
/tools/Xilinx/Vitis/2024.2/include/etc/ap_fixed_base.h:2294:3: note: expanded from macro 'AF_BIN_OP_WITH_INT'
  operator BIN_OP(                                                          \
  ^
/tools/Xilinx/Vitis/2024.2/include/etc/ap_fixed_base.h:2375:1: note: candidate function [with _AP_W = 64, _AP_I = 32, _AP_S = true, _AP_Q = AP_TRN, _AP_O = AP_WRAP, _AP_N = 0]
ALL_AF_OP_WITH_INT(signed char, 8, true)
^
/tools/Xilinx/Vitis/2024.2/include/etc/ap_fixed_base.h:2348:3: note: expanded from macro 'ALL_AF_OP_WITH_INT'
  AF_BIN_OP_WITH_INT(*, C_TYPE, (BITS), (SIGN), mult)     \
  ^
/tools/Xilinx/Vitis/2024.2/include/etc/ap_fixed_base.h:2294:3: note: expanded from macro 'AF_BIN_OP_WITH_INT'
  operator BIN_OP(                                                          \
  ^
/tools/Xilinx/Vitis/2024.2/include/etc/ap_fixed_base.h:2376:1: note: candidate function [with _AP_W = 64, _AP_I = 32, _AP_S = true, _AP_Q = AP_TRN, _AP_O = AP_WRAP, _AP_N = 0]
ALL_AF_OP_WITH_INT(unsigned char, 8, false)
^
/tools/Xilinx/Vitis/2024.2/include/etc/ap_fixed_base.h:2348:3: note: expanded from macro 'ALL_AF_OP_WITH_INT'
  AF_BIN_OP_WITH_INT(*, C_TYPE, (BITS), (SIGN), mult)     \
  ^
/tools/Xilinx/Vitis/2024.2/include/etc/ap_fixed_base.h:2294:3: note: expanded from macro 'AF_BIN_OP_WITH_INT'
  operator BIN_OP(                                                          \
  ^
/tools/Xilinx/Vitis/2024.2/include/etc/ap_fixed_base.h:2377:1: note: candidate function [with _AP_W = 64, _AP_I = 32, _AP_S = true, _AP_Q = AP_TRN, _AP_O = AP_WRAP, _AP_N = 0]
ALL_AF_OP_WITH_INT(short, _AP_SIZE_short, true)
^
/tools/Xilinx/Vitis/2024.2/include/etc/ap_fixed_base.h:2348:3: note: expanded from macro 'ALL_AF_OP_WITH_INT'
  AF_BIN_OP_WITH_INT(*, C_TYPE, (BITS), (SIGN), mult)     \
  ^
/tools/Xilinx/Vitis/2024.2/include/etc/ap_fixed_base.h:2294:3: note: expanded from macro 'AF_BIN_OP_WITH_INT'
  operator BIN_OP(                                                          \
  ^
/tools/Xilinx/Vitis/2024.2/include/etc/ap_fixed_base.h:2378:1: note: candidate function [with _AP_W = 64, _AP_I = 32, _AP_S = true, _AP_Q = AP_TRN, _AP_O = AP_WRAP, _AP_N = 0]
ALL_AF_OP_WITH_INT(unsigned short, _AP_SIZE_short, false)
^
/tools/Xilinx/Vitis/2024.2/include/etc/ap_fixed_base.h:2348:3: note: expanded from macro 'ALL_AF_OP_WITH_INT'
  AF_BIN_OP_WITH_INT(*, C_TYPE, (BITS), (SIGN), mult)     \
  ^
/tools/Xilinx/Vitis/2024.2/include/etc/ap_fixed_base.h:2294:3: note: expanded from macro 'AF_BIN_OP_WITH_INT'
  operator BIN_OP(                                                          \
  ^
/tools/Xilinx/Vitis/2024.2/include/etc/ap_fixed_base.h:2379:1: note: candidate function [with _AP_W = 64, _AP_I = 32, _AP_S = true, _AP_Q = AP_TRN, _AP_O = AP_WRAP, _AP_N = 0]
ALL_AF_OP_WITH_INT(int, _AP_SIZE_int, true)
^
/tools/Xilinx/Vitis/2024.2/include/etc/ap_fixed_base.h:2348:3: note: expanded from macro 'ALL_AF_OP_WITH_INT'
  AF_BIN_OP_WITH_INT(*, C_TYPE, (BITS), (SIGN), mult)     \
  ^
/tools/Xilinx/Vitis/2024.2/include/etc/ap_fixed_base.h:2294:3: note: expanded from macro 'AF_BIN_OP_WITH_INT'
  operator BIN_OP(                                                          \
  ^
/tools/Xilinx/Vitis/2024.2/include/etc/ap_fixed_base.h:2380:1: note: candidate function [with _AP_W = 64, _AP_I = 32, _AP_S = true, _AP_Q = AP_TRN, _AP_O = AP_WRAP, _AP_N = 0]
ALL_AF_OP_WITH_INT(unsigned int, _AP_SIZE_int, false)
^
/tools/Xilinx/Vitis/2024.2/include/etc/ap_fixed_base.h:2348:3: note: expanded from macro 'ALL_AF_OP_WITH_INT'
  AF_BIN_OP_WITH_INT(*, C_TYPE, (BITS), (SIGN), mult)     \
  ^
/tools/Xilinx/Vitis/2024.2/include/etc/ap_fixed_base.h:2294:3: note: expanded from macro 'AF_BIN_OP_WITH_INT'
  operator BIN_OP(                                                          \
  ^
/tools/Xilinx/Vitis/2024.2/include/etc/ap_fixed_base.h:2381:1: note: candidate function [with _AP_W = 64, _AP_I = 32, _AP_S = true, _AP_Q = AP_TRN, _AP_O = AP_WRAP, _AP_N = 0]
ALL_AF_OP_WITH_INT(long, _AP_SIZE_long, true)
^
/tools/Xilinx/Vitis/2024.2/include/etc/ap_fixed_base.h:2348:3: note: expanded from macro 'ALL_AF_OP_WITH_INT'
  AF_BIN_OP_WITH_INT(*, C_TYPE, (BITS), (SIGN), mult)     \
  ^
/tools/Xilinx/Vitis/2024.2/include/etc/ap_fixed_base.h:2294:3: note: expanded from macro 'AF_BIN_OP_WITH_INT'
  operator BIN_OP(                                                          \
  ^
/tools/Xilinx/Vitis/2024.2/include/etc/ap_fixed_base.h:2382:1: note: candidate function [with _AP_W = 64, _AP_I = 32, _AP_S = true, _AP_Q = AP_TRN, _AP_O = AP_WRAP, _AP_N = 0]
ALL_AF_OP_WITH_INT(unsigned long, _AP_SIZE_long, false)
^
/tools/Xilinx/Vitis/2024.2/include/etc/ap_fixed_base.h:2348:3: note: expanded from macro 'ALL_AF_OP_WITH_INT'
  AF_BIN_OP_WITH_INT(*, C_TYPE, (BITS), (SIGN), mult)     \
  ^
/tools/Xilinx/Vitis/2024.2/include/etc/ap_fixed_base.h:2294:3: note: expanded from macro 'AF_BIN_OP_WITH_INT'
  operator BIN_OP(                                                          \
  ^
/tools/Xilinx/Vitis/2024.2/include/etc/ap_fixed_base.h:2383:1: note: candidate function [with _AP_W = 64, _AP_I = 32, _AP_S = true, _AP_Q = AP_TRN, _AP_O = AP_WRAP, _AP_N = 0]
ALL_AF_OP_WITH_INT(ap_slong, _AP_SIZE_ap_slong, true)
^
/tools/Xilinx/Vitis/2024.2/include/etc/ap_fixed_base.h:2348:3: note: expanded from macro 'ALL_AF_OP_WITH_INT'
  AF_BIN_OP_WITH_INT(*, C_TYPE, (BITS), (SIGN), mult)     \
  ^
/tools/Xilinx/Vitis/2024.2/include/etc/ap_fixed_base.h:2294:3: note: expanded from macro 'AF_BIN_OP_WITH_INT'
  operator BIN_OP(                                                          \
  ^
/tools/Xilinx/Vitis/2024.2/include/etc/ap_fixed_base.h:2384:1: note: candidate function [with _AP_W = 64, _AP_I = 32, _AP_S = true, _AP_Q = AP_TRN, _AP_O = AP_WRAP, _AP_N = 0]
ALL_AF_OP_WITH_INT(ap_ulong, _AP_SIZE_ap_slong, false)
^
/tools/Xilinx/Vitis/2024.2/include/etc/ap_fixed_base.h:2348:3: note: expanded from macro 'ALL_AF_OP_WITH_INT'
  AF_BIN_OP_WITH_INT(*, C_TYPE, (BITS), (SIGN), mult)     \
  ^
/tools/Xilinx/Vitis/2024.2/include/etc/ap_fixed_base.h:2294:3: note: expanded from macro 'AF_BIN_OP_WITH_INT'
  operator BIN_OP(                                                          \
  ^
../../../../MIMO_simulation_1.cpp:385:33: note: built-in candidate operator*(float, float)
                        temp[j].real = x_hat[i].real * sqrt(10.0f) - _16QAM_Constellation[j].real;
                                                     ^
../../../../MIMO_simulation_1.cpp:385:33: note: built-in candidate operator*(double, float)
../../../../MIMO_simulation_1.cpp:385:33: note: built-in candidate operator*(long double, float)
../../../../MIMO_simulation_1.cpp:385:33: note: built-in candidate operator*(__float128, float)
../../../../MIMO_simulation_1.cpp:385:33: note: built-in candidate operator*(int, float)
../../../../MIMO_simulation_1.cpp:385:33: note: built-in candidate operator*(long, float)
../../../../MIMO_simulation_1.cpp:385:33: note: built-in candidate operator*(long long, float)
../../../../MIMO_simulation_1.cpp:385:33: note: built-in candidate operator*(__int128, float)
../../../../MIMO_simulation_1.cpp:385:33: note: built-in candidate operator*(unsigned int, float)
../../../../MIMO_simulation_1.cpp:385:33: note: built-in candidate operator*(unsigned long, float)
../../../../MIMO_simulation_1.cpp:385:33: note: built-in candidate operator*(unsigned long long, float)
../../../../MIMO_simulation_1.cpp:385:33: note: built-in candidate operator*(unsigned __int128, float)
../../../../MIMO_simulation_1.cpp:385:33: note: built-in candidate operator*(float, double)
../../../../MIMO_simulation_1.cpp:385:33: note: built-in candidate operator*(double, double)
../../../../MIMO_simulation_1.cpp:385:33: note: built-in candidate operator*(long double, double)
../../../../MIMO_simulation_1.cpp:385:33: note: built-in candidate operator*(__float128, double)
../../../../MIMO_simulation_1.cpp:385:33: note: built-in candidate operator*(int, double)
../../../../MIMO_simulation_1.cpp:385:33: note: built-in candidate operator*(long, double)
../../../../MIMO_simulation_1.cpp:385:33: note: built-in candidate operator*(long long, double)
../../../../MIMO_simulation_1.cpp:385:33: note: built-in candidate operator*(__int128, double)
../../../../MIMO_simulation_1.cpp:385:33: note: built-in candidate operator*(unsigned int, double)
../../../../MIMO_simulation_1.cpp:385:33: note: built-in candidate operator*(unsigned long, double)
../../../../MIMO_simulation_1.cpp:385:33: note: built-in candidate operator*(unsigned long long, double)
../../../../MIMO_simulation_1.cpp:385:33: note: built-in candidate operator*(unsigned __int128, double)
../../../../MIMO_simulation_1.cpp:386:33: error: use of overloaded operator '*' is ambiguous (with operand types 'Myimage' (aka 'ap_fixed<64, 32>') and 'float')
                        temp[j].imag = x_hat[i].imag * sqrt(10.0f) - _16QAM_Constellation[j].imag;
                                       ~~~~~~~~~~~~~ ^ ~~~~~~~~~~~
/tools/Xilinx/Vitis/2024.2/include/etc/ap_fixed_base.h:2373:1: note: candidate function [with _AP_W = 64, _AP_I = 32, _AP_S = true, _AP_Q = AP_TRN, _AP_O = AP_WRAP, _AP_N = 0]
ALL_AF_OP_WITH_INT(bool, 1, false)
^
/tools/Xilinx/Vitis/2024.2/include/etc/ap_fixed_base.h:2348:3: note: expanded from macro 'ALL_AF_OP_WITH_INT'
  AF_BIN_OP_WITH_INT(*, C_TYPE, (BITS), (SIGN), mult)     \
  ^
/tools/Xilinx/Vitis/2024.2/include/etc/ap_fixed_base.h:2294:3: note: expanded from macro 'AF_BIN_OP_WITH_INT'
  operator BIN_OP(                                                          \
  ^
/tools/Xilinx/Vitis/2024.2/include/etc/ap_fixed_base.h:2374:1: note: candidate function [with _AP_W = 64, _AP_I = 32, _AP_S = true, _AP_Q = AP_TRN, _AP_O = AP_WRAP, _AP_N = 0]
ALL_AF_OP_WITH_INT(char, 8, CHAR_IS_SIGNED)
^
/tools/Xilinx/Vitis/2024.2/include/etc/ap_fixed_base.h:2348:3: note: expanded from macro 'ALL_AF_OP_WITH_INT'
  AF_BIN_OP_WITH_INT(*, C_TYPE, (BITS), (SIGN), mult)     \
  ^
/tools/Xilinx/Vitis/2024.2/include/etc/ap_fixed_base.h:2294:3: note: expanded from macro 'AF_BIN_OP_WITH_INT'
  operator BIN_OP(                                                          \
  ^
/tools/Xilinx/Vitis/2024.2/include/etc/ap_fixed_base.h:2375:1: note: candidate function [with _AP_W = 64, _AP_I = 32, _AP_S = true, _AP_Q = AP_TRN, _AP_O = AP_WRAP, _AP_N = 0]
ALL_AF_OP_WITH_INT(signed char, 8, true)
^
/tools/Xilinx/Vitis/2024.2/include/etc/ap_fixed_base.h:2348:3: note: expanded from macro 'ALL_AF_OP_WITH_INT'
  AF_BIN_OP_WITH_INT(*, C_TYPE, (BITS), (SIGN), mult)     \
  ^
/tools/Xilinx/Vitis/2024.2/include/etc/ap_fixed_base.h:2294:3: note: expanded from macro 'AF_BIN_OP_WITH_INT'
  operator BIN_OP(                                                          \
  ^
/tools/Xilinx/Vitis/2024.2/include/etc/ap_fixed_base.h:2376:1: note: candidate function [with _AP_W = 64, _AP_I = 32, _AP_S = true, _AP_Q = AP_TRN, _AP_O = AP_WRAP, _AP_N = 0]
ALL_AF_OP_WITH_INT(unsigned char, 8, false)
^
/tools/Xilinx/Vitis/2024.2/include/etc/ap_fixed_base.h:2348:3: note: expanded from macro 'ALL_AF_OP_WITH_INT'
  AF_BIN_OP_WITH_INT(*, C_TYPE, (BITS), (SIGN), mult)     \
  ^
/tools/Xilinx/Vitis/2024.2/include/etc/ap_fixed_base.h:2294:3: note: expanded from macro 'AF_BIN_OP_WITH_INT'
  operator BIN_OP(                                                          \
  ^
/tools/Xilinx/Vitis/2024.2/include/etc/ap_fixed_base.h:2377:1: note: candidate function [with _AP_W = 64, _AP_I = 32, _AP_S = true, _AP_Q = AP_TRN, _AP_O = AP_WRAP, _AP_N = 0]
ALL_AF_OP_WITH_INT(short, _AP_SIZE_short, true)
^
/tools/Xilinx/Vitis/2024.2/include/etc/ap_fixed_base.h:2348:3: note: expanded from macro 'ALL_AF_OP_WITH_INT'
  AF_BIN_OP_WITH_INT(*, C_TYPE, (BITS), (SIGN), mult)     \
  ^
/tools/Xilinx/Vitis/2024.2/include/etc/ap_fixed_base.h:2294:3: note: expanded from macro 'AF_BIN_OP_WITH_INT'
  operator BIN_OP(                                                          \
  ^
/tools/Xilinx/Vitis/2024.2/include/etc/ap_fixed_base.h:2378:1: note: candidate function [with _AP_W = 64, _AP_I = 32, _AP_S = true, _AP_Q = AP_TRN, _AP_O = AP_WRAP, _AP_N = 0]
ALL_AF_OP_WITH_INT(unsigned short, _AP_SIZE_short, false)
^
/tools/Xilinx/Vitis/2024.2/include/etc/ap_fixed_base.h:2348:3: note: expanded from macro 'ALL_AF_OP_WITH_INT'
  AF_BIN_OP_WITH_INT(*, C_TYPE, (BITS), (SIGN), mult)     \
  ^
/tools/Xilinx/Vitis/2024.2/include/etc/ap_fixed_base.h:2294:3: note: expanded from macro 'AF_BIN_OP_WITH_INT'
  operator BIN_OP(                                                          \
  ^
/tools/Xilinx/Vitis/2024.2/include/etc/ap_fixed_base.h:2379:1: note: candidate function [with _AP_W = 64, _AP_I = 32, _AP_S = true, _AP_Q = AP_TRN, _AP_O = AP_WRAP, _AP_N = 0]
ALL_AF_OP_WITH_INT(int, _AP_SIZE_int, true)
^
/tools/Xilinx/Vitis/2024.2/include/etc/ap_fixed_base.h:2348:3: note: expanded from macro 'ALL_AF_OP_WITH_INT'
  AF_BIN_OP_WITH_INT(*, C_TYPE, (BITS), (SIGN), mult)     \
  ^
/tools/Xilinx/Vitis/2024.2/include/etc/ap_fixed_base.h:2294:3: note: expanded from macro 'AF_BIN_OP_WITH_INT'
  operator BIN_OP(                                                          \
  ^
/tools/Xilinx/Vitis/2024.2/include/etc/ap_fixed_base.h:2380:1: note: candidate function [with _AP_W = 64, _AP_I = 32, _AP_S = true, _AP_Q = AP_TRN, _AP_O = AP_WRAP, _AP_N = 0]
ALL_AF_OP_WITH_INT(unsigned int, _AP_SIZE_int, false)
^
/tools/Xilinx/Vitis/2024.2/include/etc/ap_fixed_base.h:2348:3: note: expanded from macro 'ALL_AF_OP_WITH_INT'
  AF_BIN_OP_WITH_INT(*, C_TYPE, (BITS), (SIGN), mult)     \
  ^
/tools/Xilinx/Vitis/2024.2/include/etc/ap_fixed_base.h:2294:3: note: expanded from macro 'AF_BIN_OP_WITH_INT'
  operator BIN_OP(                                                          \
  ^
/tools/Xilinx/Vitis/2024.2/include/etc/ap_fixed_base.h:2381:1: note: candidate function [with _AP_W = 64, _AP_I = 32, _AP_S = true, _AP_Q = AP_TRN, _AP_O = AP_WRAP, _AP_N = 0]
ALL_AF_OP_WITH_INT(long, _AP_SIZE_long, true)
^
/tools/Xilinx/Vitis/2024.2/include/etc/ap_fixed_base.h:2348:3: note: expanded from macro 'ALL_AF_OP_WITH_INT'
  AF_BIN_OP_WITH_INT(*, C_TYPE, (BITS), (SIGN), mult)     \
  ^
/tools/Xilinx/Vitis/2024.2/include/etc/ap_fixed_base.h:2294:3: note: expanded from macro 'AF_BIN_OP_WITH_INT'
  operator BIN_OP(                                                          \
  ^
/tools/Xilinx/Vitis/2024.2/include/etc/ap_fixed_base.h:2382:1: note: candidate function [with _AP_W = 64, _AP_I = 32, _AP_S = true, _AP_Q = AP_TRN, _AP_O = AP_WRAP, _AP_N = 0]
ALL_AF_OP_WITH_INT(unsigned long, _AP_SIZE_long, false)
^
/tools/Xilinx/Vitis/2024.2/include/etc/ap_fixed_base.h:2348:3: note: expanded from macro 'ALL_AF_OP_WITH_INT'
  AF_BIN_OP_WITH_INT(*, C_TYPE, (BITS), (SIGN), mult)     \
  ^
/tools/Xilinx/Vitis/2024.2/include/etc/ap_fixed_base.h:2294:3: note: expanded from macro 'AF_BIN_OP_WITH_INT'
  operator BIN_OP(                                                          \
  ^
/tools/Xilinx/Vitis/2024.2/include/etc/ap_fixed_base.h:2383:1: note: candidate function [with _AP_W = 64, _AP_I = 32, _AP_S = true, _AP_Q = AP_TRN, _AP_O = AP_WRAP, _AP_N = 0]
ALL_AF_OP_WITH_INT(ap_slong, _AP_SIZE_ap_slong, true)
^
/tools/Xilinx/Vitis/2024.2/include/etc/ap_fixed_base.h:2348:3: note: expanded from macro 'ALL_AF_OP_WITH_INT'
  AF_BIN_OP_WITH_INT(*, C_TYPE, (BITS), (SIGN), mult)     \
  ^
/tools/Xilinx/Vitis/2024.2/include/etc/ap_fixed_base.h:2294:3: note: expanded from macro 'AF_BIN_OP_WITH_INT'
  operator BIN_OP(                                                          \
  ^
/tools/Xilinx/Vitis/2024.2/include/etc/ap_fixed_base.h:2384:1: note: candidate function [with _AP_W = 64, _AP_I = 32, _AP_S = true, _AP_Q = AP_TRN, _AP_O = AP_WRAP, _AP_N = 0]
ALL_AF_OP_WITH_INT(ap_ulong, _AP_SIZE_ap_slong, false)
^
/tools/Xilinx/Vitis/2024.2/include/etc/ap_fixed_base.h:2348:3: note: expanded from macro 'ALL_AF_OP_WITH_INT'
  AF_BIN_OP_WITH_INT(*, C_TYPE, (BITS), (SIGN), mult)     \
  ^
/tools/Xilinx/Vitis/2024.2/include/etc/ap_fixed_base.h:2294:3: note: expanded from macro 'AF_BIN_OP_WITH_INT'
  operator BIN_OP(                                                          \
  ^
../../../../MIMO_simulation_1.cpp:386:33: note: built-in candidate operator*(float, float)
                        temp[j].imag = x_hat[i].imag * sqrt(10.0f) - _16QAM_Constellation[j].imag;
                                                     ^
../../../../MIMO_simulation_1.cpp:386:33: note: built-in candidate operator*(double, float)
../../../../MIMO_simulation_1.cpp:386:33: note: built-in candidate operator*(long double, float)
../../../../MIMO_simulation_1.cpp:386:33: note: built-in candidate operator*(__float128, float)
../../../../MIMO_simulation_1.cpp:386:33: note: built-in candidate operator*(int, float)
../../../../MIMO_simulation_1.cpp:386:33: note: built-in candidate operator*(long, float)
../../../../MIMO_simulation_1.cpp:386:33: note: built-in candidate operator*(long long, float)
../../../../MIMO_simulation_1.cpp:386:33: note: built-in candidate operator*(__int128, float)
../../../../MIMO_simulation_1.cpp:386:33: note: built-in candidate operator*(unsigned int, float)
../../../../MIMO_simulation_1.cpp:386:33: note: built-in candidate operator*(unsigned long, float)
../../../../MIMO_simulation_1.cpp:386:33: note: built-in candidate operator*(unsigned long long, float)
../../../../MIMO_simulation_1.cpp:386:33: note: built-in candidate operator*(unsigned __int128, float)
../../../../MIMO_simulation_1.cpp:386:33: note: built-in candidate operator*(float, double)
../../../../MIMO_simulation_1.cpp:386:33: note: built-in candidate operator*(double, double)
../../../../MIMO_simulation_1.cpp:386:33: note: built-in candidate operator*(long double, double)
../../../../MIMO_simulation_1.cpp:386:33: note: built-in candidate operator*(__float128, double)
../../../../MIMO_simulation_1.cpp:386:33: note: built-in candidate operator*(int, double)
../../../../MIMO_simulation_1.cpp:386:33: note: built-in candidate operator*(long, double)
../../../../MIMO_simulation_1.cpp:386:33: note: built-in candidate operator*(long long, double)
../../../../MIMO_simulation_1.cpp:386:33: note: built-in candidate operator*(__int128, double)
../../../../MIMO_simulation_1.cpp:386:33: note: built-in candidate operator*(unsigned int, double)
../../../../MIMO_simulation_1.cpp:386:33: note: built-in candidate operator*(unsigned long, double)
../../../../MIMO_simulation_1.cpp:386:33: note: built-in candidate operator*(unsigned long long, double)
../../../../MIMO_simulation_1.cpp:386:33: note: built-in candidate operator*(unsigned __int128, double)
../../../../MIMO_simulation_1.cpp:391:18: error: call to 'sqrt' is ambiguous
                        distance[j] = sqrt(temp[j].real * temp[j].real + temp[j].imag * temp[j].imag);
                                      ^~~~
/usr/include/x86_64-linux-gnu/bits/mathcalls.h:143:13: note: candidate function
__MATHCALL (sqrt,, (_Mdouble_ __x));
            ^
/tools/Xilinx/Vitis/2024.2/tps/lnx64/gcc-8.3.0/lib/gcc/x86_64-pc-linux-gnu/8.3.0/../../../../include/c++/8.3.0/cmath:463:3: note: candidate function
  sqrt(float __x)
  ^
/tools/Xilinx/Vitis/2024.2/tps/lnx64/gcc-8.3.0/lib/gcc/x86_64-pc-linux-gnu/8.3.0/../../../../include/c++/8.3.0/cmath:467:3: note: candidate function
  sqrt(long double __x)
  ^
../../../../MIMO_simulation_1.cpp:415:33: error: use of overloaded operator '*' is ambiguous (with operand types 'Myreal' (aka 'ap_fixed<64, 32>') and 'float')
                        temp[j].real = x_hat[i].real * sqrt(42.0f) - _64QAM_Constellation[j].real;
                                       ~~~~~~~~~~~~~ ^ ~~~~~~~~~~~
/tools/Xilinx/Vitis/2024.2/include/etc/ap_fixed_base.h:2373:1: note: candidate function [with _AP_W = 64, _AP_I = 32, _AP_S = true, _AP_Q = AP_TRN, _AP_O = AP_WRAP, _AP_N = 0]
ALL_AF_OP_WITH_INT(bool, 1, false)
^
/tools/Xilinx/Vitis/2024.2/include/etc/ap_fixed_base.h:2348:3: note: expanded from macro 'ALL_AF_OP_WITH_INT'
  AF_BIN_OP_WITH_INT(*, C_TYPE, (BITS), (SIGN), mult)     \
  ^
/tools/Xilinx/Vitis/2024.2/include/etc/ap_fixed_base.h:2294:3: note: expanded from macro 'AF_BIN_OP_WITH_INT'
  operator BIN_OP(                                                          \
  ^
/tools/Xilinx/Vitis/2024.2/include/etc/ap_fixed_base.h:2374:1: note: candidate function [with _AP_W = 64, _AP_I = 32, _AP_S = true, _AP_Q = AP_TRN, _AP_O = AP_WRAP, _AP_N = 0]
ALL_AF_OP_WITH_INT(char, 8, CHAR_IS_SIGNED)
^
/tools/Xilinx/Vitis/2024.2/include/etc/ap_fixed_base.h:2348:3: note: expanded from macro 'ALL_AF_OP_WITH_INT'
  AF_BIN_OP_WITH_INT(*, C_TYPE, (BITS), (SIGN), mult)     \
  ^
/tools/Xilinx/Vitis/2024.2/include/etc/ap_fixed_base.h:2294:3: note: expanded from macro 'AF_BIN_OP_WITH_INT'
  operator BIN_OP(                                                          \
  ^
/tools/Xilinx/Vitis/2024.2/include/etc/ap_fixed_base.h:2375:1: note: candidate function [with _AP_W = 64, _AP_I = 32, _AP_S = true, _AP_Q = AP_TRN, _AP_O = AP_WRAP, _AP_N = 0]
ALL_AF_OP_WITH_INT(signed char, 8, true)
^
/tools/Xilinx/Vitis/2024.2/include/etc/ap_fixed_base.h:2348:3: note: expanded from macro 'ALL_AF_OP_WITH_INT'
  AF_BIN_OP_WITH_INT(*, C_TYPE, (BITS), (SIGN), mult)     \
  ^
/tools/Xilinx/Vitis/2024.2/include/etc/ap_fixed_base.h:2294:3: note: expanded from macro 'AF_BIN_OP_WITH_INT'
  operator BIN_OP(                                                          \
  ^
/tools/Xilinx/Vitis/2024.2/include/etc/ap_fixed_base.h:2376:1: note: candidate function [with _AP_W = 64, _AP_I = 32, _AP_S = true, _AP_Q = AP_TRN, _AP_O = AP_WRAP, _AP_N = 0]
ALL_AF_OP_WITH_INT(unsigned char, 8, false)
^
/tools/Xilinx/Vitis/2024.2/include/etc/ap_fixed_base.h:2348:3: note: expanded from macro 'ALL_AF_OP_WITH_INT'
  AF_BIN_OP_WITH_INT(*, C_TYPE, (BITS), (SIGN), mult)     \
  ^
/tools/Xilinx/Vitis/2024.2/include/etc/ap_fixed_base.h:2294:3: note: expanded from macro 'AF_BIN_OP_WITH_INT'
  operator BIN_OP(                                                          \
  ^
/tools/Xilinx/Vitis/2024.2/include/etc/ap_fixed_base.h:2377:1: note: candidate function [with _AP_W = 64, _AP_I = 32, _AP_S = true, _AP_Q = AP_TRN, _AP_O = AP_WRAP, _AP_N = 0]
ALL_AF_OP_WITH_INT(short, _AP_SIZE_short, true)
^
/tools/Xilinx/Vitis/2024.2/include/etc/ap_fixed_base.h:2348:3: note: expanded from macro 'ALL_AF_OP_WITH_INT'
  AF_BIN_OP_WITH_INT(*, C_TYPE, (BITS), (SIGN), mult)     \
  ^
/tools/Xilinx/Vitis/2024.2/include/etc/ap_fixed_base.h:2294:3: note: expanded from macro 'AF_BIN_OP_WITH_INT'
  operator BIN_OP(                                                          \
  ^
/tools/Xilinx/Vitis/2024.2/include/etc/ap_fixed_base.h:2378:1: note: candidate function [with _AP_W = 64, _AP_I = 32, _AP_S = true, _AP_Q = AP_TRN, _AP_O = AP_WRAP, _AP_N = 0]
ALL_AF_OP_WITH_INT(unsigned short, _AP_SIZE_short, false)
^
/tools/Xilinx/Vitis/2024.2/include/etc/ap_fixed_base.h:2348:3: note: expanded from macro 'ALL_AF_OP_WITH_INT'
  AF_BIN_OP_WITH_INT(*, C_TYPE, (BITS), (SIGN), mult)     \
  ^
/tools/Xilinx/Vitis/2024.2/include/etc/ap_fixed_base.h:2294:3: note: expanded from macro 'AF_BIN_OP_WITH_INT'
  operator BIN_OP(                                                          \
  ^
/tools/Xilinx/Vitis/2024.2/include/etc/ap_fixed_base.h:2379:1: note: candidate function [with _AP_W = 64, _AP_I = 32, _AP_S = true, _AP_Q = AP_TRN, _AP_O = AP_WRAP, _AP_N = 0]
ALL_AF_OP_WITH_INT(int, _AP_SIZE_int, true)
^
/tools/Xilinx/Vitis/2024.2/include/etc/ap_fixed_base.h:2348:3: note: expanded from macro 'ALL_AF_OP_WITH_INT'
  AF_BIN_OP_WITH_INT(*, C_TYPE, (BITS), (SIGN), mult)     \
  ^
/tools/Xilinx/Vitis/2024.2/include/etc/ap_fixed_base.h:2294:3: note: expanded from macro 'AF_BIN_OP_WITH_INT'
  operator BIN_OP(                                                          \
  ^
/tools/Xilinx/Vitis/2024.2/include/etc/ap_fixed_base.h:2380:1: note: candidate function [with _AP_W = 64, _AP_I = 32, _AP_S = true, _AP_Q = AP_TRN, _AP_O = AP_WRAP, _AP_N = 0]
ALL_AF_OP_WITH_INT(unsigned int, _AP_SIZE_int, false)
^
/tools/Xilinx/Vitis/2024.2/include/etc/ap_fixed_base.h:2348:3: note: expanded from macro 'ALL_AF_OP_WITH_INT'
  AF_BIN_OP_WITH_INT(*, C_TYPE, (BITS), (SIGN), mult)     \
  ^
/tools/Xilinx/Vitis/2024.2/include/etc/ap_fixed_base.h:2294:3: note: expanded from macro 'AF_BIN_OP_WITH_INT'
  operator BIN_OP(                                                          \
  ^
/tools/Xilinx/Vitis/2024.2/include/etc/ap_fixed_base.h:2381:1: note: candidate function [with _AP_W = 64, _AP_I = 32, _AP_S = true, _AP_Q = AP_TRN, _AP_O = AP_WRAP, _AP_N = 0]
ALL_AF_OP_WITH_INT(long, _AP_SIZE_long, true)
^
/tools/Xilinx/Vitis/2024.2/include/etc/ap_fixed_base.h:2348:3: note: expanded from macro 'ALL_AF_OP_WITH_INT'
  AF_BIN_OP_WITH_INT(*, C_TYPE, (BITS), (SIGN), mult)     \
  ^
/tools/Xilinx/Vitis/2024.2/include/etc/ap_fixed_base.h:2294:3: note: expanded from macro 'AF_BIN_OP_WITH_INT'
  operator BIN_OP(                                                          \
  ^
/tools/Xilinx/Vitis/2024.2/include/etc/ap_fixed_base.h:2382:1: note: candidate function [with _AP_W = 64, _AP_I = 32, _AP_S = true, _AP_Q = AP_TRN, _AP_O = AP_WRAP, _AP_N = 0]
ALL_AF_OP_WITH_INT(unsigned long, _AP_SIZE_long, false)
^
/tools/Xilinx/Vitis/2024.2/include/etc/ap_fixed_base.h:2348:3: note: expanded from macro 'ALL_AF_OP_WITH_INT'
  AF_BIN_OP_WITH_INT(*, C_TYPE, (BITS), (SIGN), mult)     \
  ^
/tools/Xilinx/Vitis/2024.2/include/etc/ap_fixed_base.h:2294:3: note: expanded from macro 'AF_BIN_OP_WITH_INT'
  operator BIN_OP(                                                          \
  ^
/tools/Xilinx/Vitis/2024.2/include/etc/ap_fixed_base.h:2383:1: note: candidate function [with _AP_W = 64, _AP_I = 32, _AP_S = true, _AP_Q = AP_TRN, _AP_O = AP_WRAP, _AP_N = 0]
ALL_AF_OP_WITH_INT(ap_slong, _AP_SIZE_ap_slong, true)
^
/tools/Xilinx/Vitis/2024.2/include/etc/ap_fixed_base.h:2348:3: note: expanded from macro 'ALL_AF_OP_WITH_INT'
  AF_BIN_OP_WITH_INT(*, C_TYPE, (BITS), (SIGN), mult)     \
  ^
/tools/Xilinx/Vitis/2024.2/include/etc/ap_fixed_base.h:2294:3: note: expanded from macro 'AF_BIN_OP_WITH_INT'
  operator BIN_OP(                                                          \
  ^
/tools/Xilinx/Vitis/2024.2/include/etc/ap_fixed_base.h:2384:1: note: candidate function [with _AP_W = 64, _AP_I = 32, _AP_S = true, _AP_Q = AP_TRN, _AP_O = AP_WRAP, _AP_N = 0]
ALL_AF_OP_WITH_INT(ap_ulong, _AP_SIZE_ap_slong, false)
^
/tools/Xilinx/Vitis/2024.2/include/etc/ap_fixed_base.h:2348:3: note: expanded from macro 'ALL_AF_OP_WITH_INT'
  AF_BIN_OP_WITH_INT(*, C_TYPE, (BITS), (SIGN), mult)     \
  ^
/tools/Xilinx/Vitis/2024.2/include/etc/ap_fixed_base.h:2294:3: note: expanded from macro 'AF_BIN_OP_WITH_INT'
  operator BIN_OP(                                                          \
  ^
../../../../MIMO_simulation_1.cpp:415:33: note: built-in candidate operator*(float, float)
                        temp[j].real = x_hat[i].real * sqrt(42.0f) - _64QAM_Constellation[j].real;
                                                     ^
../../../../MIMO_simulation_1.cpp:415:33: note: built-in candidate operator*(double, float)
../../../../MIMO_simulation_1.cpp:415:33: note: built-in candidate operator*(long double, float)
../../../../MIMO_simulation_1.cpp:415:33: note: built-in candidate operator*(__float128, float)
../../../../MIMO_simulation_1.cpp:415:33: note: built-in candidate operator*(int, float)
../../../../MIMO_simulation_1.cpp:415:33: note: built-in candidate operator*(long, float)
../../../../MIMO_simulation_1.cpp:415:33: note: built-in candidate operator*(long long, float)
../../../../MIMO_simulation_1.cpp:415:33: note: built-in candidate operator*(__int128, float)
../../../../MIMO_simulation_1.cpp:415:33: note: built-in candidate operator*(unsigned int, float)
../../../../MIMO_simulation_1.cpp:415:33: note: built-in candidate operator*(unsigned long, float)
../../../../MIMO_simulation_1.cpp:415:33: note: built-in candidate operator*(unsigned long long, float)
../../../../MIMO_simulation_1.cpp:415:33: note: built-in candidate operator*(unsigned __int128, float)
../../../../MIMO_simulation_1.cpp:415:33: note: built-in candidate operator*(float, double)
../../../../MIMO_simulation_1.cpp:415:33: note: built-in candidate operator*(double, double)
../../../../MIMO_simulation_1.cpp:415:33: note: built-in candidate operator*(long double, double)
../../../../MIMO_simulation_1.cpp:415:33: note: built-in candidate operator*(__float128, double)
../../../../MIMO_simulation_1.cpp:415:33: note: built-in candidate operator*(int, double)
../../../../MIMO_simulation_1.cpp:415:33: note: built-in candidate operator*(long, double)
../../../../MIMO_simulation_1.cpp:415:33: note: built-in candidate operator*(long long, double)
../../../../MIMO_simulation_1.cpp:415:33: note: built-in candidate operator*(__int128, double)
../../../../MIMO_simulation_1.cpp:415:33: note: built-in candidate operator*(unsigned int, double)
../../../../MIMO_simulation_1.cpp:415:33: note: built-in candidate operator*(unsigned long, double)
../../../../MIMO_simulation_1.cpp:415:33: note: built-in candidate operator*(unsigned long long, double)
../../../../MIMO_simulation_1.cpp:415:33: note: built-in candidate operator*(unsigned __int128, double)
../../../../MIMO_simulation_1.cpp:416:33: error: use of overloaded operator '*' is ambiguous (with operand types 'Myimage' (aka 'ap_fixed<64, 32>') and 'float')
                        temp[j].imag = x_hat[i].imag * sqrt(42.0f) - _64QAM_Constellation[j].imag;
                                       ~~~~~~~~~~~~~ ^ ~~~~~~~~~~~
/tools/Xilinx/Vitis/2024.2/include/etc/ap_fixed_base.h:2373:1: note: candidate function [with _AP_W = 64, _AP_I = 32, _AP_S = true, _AP_Q = AP_TRN, _AP_O = AP_WRAP, _AP_N = 0]
ALL_AF_OP_WITH_INT(bool, 1, false)
^
/tools/Xilinx/Vitis/2024.2/include/etc/ap_fixed_base.h:2348:3: note: expanded from macro 'ALL_AF_OP_WITH_INT'
  AF_BIN_OP_WITH_INT(*, C_TYPE, (BITS), (SIGN), mult)     \
  ^
/tools/Xilinx/Vitis/2024.2/include/etc/ap_fixed_base.h:2294:3: note: expanded from macro 'AF_BIN_OP_WITH_INT'
  operator BIN_OP(                                                          \
  ^
/tools/Xilinx/Vitis/2024.2/include/etc/ap_fixed_base.h:2374:1: note: candidate function [with _AP_W = 64, _AP_I = 32, _AP_S = true, _AP_Q = AP_TRN, _AP_O = AP_WRAP, _AP_N = 0]
ALL_AF_OP_WITH_INT(char, 8, CHAR_IS_SIGNED)
^
/tools/Xilinx/Vitis/2024.2/include/etc/ap_fixed_base.h:2348:3: note: expanded from macro 'ALL_AF_OP_WITH_INT'
  AF_BIN_OP_WITH_INT(*, C_TYPE, (BITS), (SIGN), mult)     \
  ^
/tools/Xilinx/Vitis/2024.2/include/etc/ap_fixed_base.h:2294:3: note: expanded from macro 'AF_BIN_OP_WITH_INT'
  operator BIN_OP(                                                          \
  ^
/tools/Xilinx/Vitis/2024.2/include/etc/ap_fixed_base.h:2375:1: note: candidate function [with _AP_W = 64, _AP_I = 32, _AP_S = true, _AP_Q = AP_TRN, _AP_O = AP_WRAP, _AP_N = 0]
ALL_AF_OP_WITH_INT(signed char, 8, true)
^
/tools/Xilinx/Vitis/2024.2/include/etc/ap_fixed_base.h:2348:3: note: expanded from macro 'ALL_AF_OP_WITH_INT'
  AF_BIN_OP_WITH_INT(*, C_TYPE, (BITS), (SIGN), mult)     \
  ^
/tools/Xilinx/Vitis/2024.2/include/etc/ap_fixed_base.h:2294:3: note: expanded from macro 'AF_BIN_OP_WITH_INT'
  operator BIN_OP(                                                          \
  ^
/tools/Xilinx/Vitis/2024.2/include/etc/ap_fixed_base.h:2376:1: note: candidate function [with _AP_W = 64, _AP_I = 32, _AP_S = true, _AP_Q = AP_TRN, _AP_O = AP_WRAP, _AP_N = 0]
ALL_AF_OP_WITH_INT(unsigned char, 8, false)
^
/tools/Xilinx/Vitis/2024.2/include/etc/ap_fixed_base.h:2348:3: note: expanded from macro 'ALL_AF_OP_WITH_INT'
  AF_BIN_OP_WITH_INT(*, C_TYPE, (BITS), (SIGN), mult)     \
  ^
/tools/Xilinx/Vitis/2024.2/include/etc/ap_fixed_base.h:2294:3: note: expanded from macro 'AF_BIN_OP_WITH_INT'
  operator BIN_OP(                                                          \
  ^
/tools/Xilinx/Vitis/2024.2/include/etc/ap_fixed_base.h:2377:1: note: candidate function [with _AP_W = 64, _AP_I = 32, _AP_S = true, _AP_Q = AP_TRN, _AP_O = AP_WRAP, _AP_N = 0]
ALL_AF_OP_WITH_INT(short, _AP_SIZE_short, true)
^
/tools/Xilinx/Vitis/2024.2/include/etc/ap_fixed_base.h:2348:3: note: expanded from macro 'ALL_AF_OP_WITH_INT'
  AF_BIN_OP_WITH_INT(*, C_TYPE, (BITS), (SIGN), mult)     \
  ^
/tools/Xilinx/Vitis/2024.2/include/etc/ap_fixed_base.h:2294:3: note: expanded from macro 'AF_BIN_OP_WITH_INT'
  operator BIN_OP(                                                          \
  ^
/tools/Xilinx/Vitis/2024.2/include/etc/ap_fixed_base.h:2378:1: note: candidate function [with _AP_W = 64, _AP_I = 32, _AP_S = true, _AP_Q = AP_TRN, _AP_O = AP_WRAP, _AP_N = 0]
ALL_AF_OP_WITH_INT(unsigned short, _AP_SIZE_short, false)
^
/tools/Xilinx/Vitis/2024.2/include/etc/ap_fixed_base.h:2348:3: note: expanded from macro 'ALL_AF_OP_WITH_INT'
  AF_BIN_OP_WITH_INT(*, C_TYPE, (BITS), (SIGN), mult)     \
  ^
/tools/Xilinx/Vitis/2024.2/include/etc/ap_fixed_base.h:2294:3: note: expanded from macro 'AF_BIN_OP_WITH_INT'
  operator BIN_OP(                                                          \
  ^
/tools/Xilinx/Vitis/2024.2/include/etc/ap_fixed_base.h:2379:1: note: candidate function [with _AP_W = 64, _AP_I = 32, _AP_S = true, _AP_Q = AP_TRN, _AP_O = AP_WRAP, _AP_N = 0]
ALL_AF_OP_WITH_INT(int, _AP_SIZE_int, true)
^
/tools/Xilinx/Vitis/2024.2/include/etc/ap_fixed_base.h:2348:3: note: expanded from macro 'ALL_AF_OP_WITH_INT'
  AF_BIN_OP_WITH_INT(*, C_TYPE, (BITS), (SIGN), mult)     \
  ^
/tools/Xilinx/Vitis/2024.2/include/etc/ap_fixed_base.h:2294:3: note: expanded from macro 'AF_BIN_OP_WITH_INT'
  operator BIN_OP(                                                          \
  ^
/tools/Xilinx/Vitis/2024.2/include/etc/ap_fixed_base.h:2380:1: note: candidate function [with _AP_W = 64, _AP_I = 32, _AP_S = true, _AP_Q = AP_TRN, _AP_O = AP_WRAP, _AP_N = 0]
ALL_AF_OP_WITH_INT(unsigned int, _AP_SIZE_int, false)
^
/tools/Xilinx/Vitis/2024.2/include/etc/ap_fixed_base.h:2348:3: note: expanded from macro 'ALL_AF_OP_WITH_INT'
  AF_BIN_OP_WITH_INT(*, C_TYPE, (BITS), (SIGN), mult)     \
  ^
/tools/Xilinx/Vitis/2024.2/include/etc/ap_fixed_base.h:2294:3: note: expanded from macro 'AF_BIN_OP_WITH_INT'
  operator BIN_OP(                                                          \
  ^
/tools/Xilinx/Vitis/2024.2/include/etc/ap_fixed_base.h:2381:1: note: candidate function [with _AP_W = 64, _AP_I = 32, _AP_S = true, _AP_Q = AP_TRN, _AP_O = AP_WRAP, _AP_N = 0]
ALL_AF_OP_WITH_INT(long, _AP_SIZE_long, true)
^
/tools/Xilinx/Vitis/2024.2/include/etc/ap_fixed_base.h:2348:3: note: expanded from macro 'ALL_AF_OP_WITH_INT'
  AF_BIN_OP_WITH_INT(*, C_TYPE, (BITS), (SIGN), mult)     \
  ^
/tools/Xilinx/Vitis/2024.2/include/etc/ap_fixed_base.h:2294:3: note: expanded from macro 'AF_BIN_OP_WITH_INT'
  operator BIN_OP(                                                          \
  ^
/tools/Xilinx/Vitis/2024.2/include/etc/ap_fixed_base.h:2382:1: note: candidate function [with _AP_W = 64, _AP_I = 32, _AP_S = true, _AP_Q = AP_TRN, _AP_O = AP_WRAP, _AP_N = 0]
ALL_AF_OP_WITH_INT(unsigned long, _AP_SIZE_long, false)
^
/tools/Xilinx/Vitis/2024.2/include/etc/ap_fixed_base.h:2348:3: note: expanded from macro 'ALL_AF_OP_WITH_INT'
  AF_BIN_OP_WITH_INT(*, C_TYPE, (BITS), (SIGN), mult)     \
  ^
/tools/Xilinx/Vitis/2024.2/include/etc/ap_fixed_base.h:2294:3: note: expanded from macro 'AF_BIN_OP_WITH_INT'
  operator BIN_OP(                                                          \
  ^
/tools/Xilinx/Vitis/2024.2/include/etc/ap_fixed_base.h:2383:1: note: candidate function [with _AP_W = 64, _AP_I = 32, _AP_S = true, _AP_Q = AP_TRN, _AP_O = AP_WRAP, _AP_N = 0]
ALL_AF_OP_WITH_INT(ap_slong, _AP_SIZE_ap_slong, true)
^
/tools/Xilinx/Vitis/2024.2/include/etc/ap_fixed_base.h:2348:3: note: expanded from macro 'ALL_AF_OP_WITH_INT'
  AF_BIN_OP_WITH_INT(*, C_TYPE, (BITS), (SIGN), mult)     \
  ^
/tools/Xilinx/Vitis/2024.2/include/etc/ap_fixed_base.h:2294:3: note: expanded from macro 'AF_BIN_OP_WITH_INT'
  operator BIN_OP(                                                          \
  ^
/tools/Xilinx/Vitis/2024.2/include/etc/ap_fixed_base.h:2384:1: note: candidate function [with _AP_W = 64, _AP_I = 32, _AP_S = true, _AP_Q = AP_TRN, _AP_O = AP_WRAP, _AP_N = 0]
ALL_AF_OP_WITH_INT(ap_ulong, _AP_SIZE_ap_slong, false)
^
/tools/Xilinx/Vitis/2024.2/include/etc/ap_fixed_base.h:2348:3: note: expanded from macro 'ALL_AF_OP_WITH_INT'
  AF_BIN_OP_WITH_INT(*, C_TYPE, (BITS), (SIGN), mult)     \
  ^
/tools/Xilinx/Vitis/2024.2/include/etc/ap_fixed_base.h:2294:3: note: expanded from macro 'AF_BIN_OP_WITH_INT'
  operator BIN_OP(                                                          \
  ^
../../../../MIMO_simulation_1.cpp:416:33: note: built-in candidate operator*(float, float)
                        temp[j].imag = x_hat[i].imag * sqrt(42.0f) - _64QAM_Constellation[j].imag;
                                                     ^
../../../../MIMO_simulation_1.cpp:416:33: note: built-in candidate operator*(double, float)
../../../../MIMO_simulation_1.cpp:416:33: note: built-in candidate operator*(long double, float)
../../../../MIMO_simulation_1.cpp:416:33: note: built-in candidate operator*(__float128, float)
../../../../MIMO_simulation_1.cpp:416:33: note: built-in candidate operator*(int, float)
../../../../MIMO_simulation_1.cpp:416:33: note: built-in candidate operator*(long, float)
../../../../MIMO_simulation_1.cpp:416:33: note: built-in candidate operator*(long long, float)
../../../../MIMO_simulation_1.cpp:416:33: note: built-in candidate operator*(__int128, float)
../../../../MIMO_simulation_1.cpp:416:33: note: built-in candidate operator*(unsigned int, float)
../../../../MIMO_simulation_1.cpp:416:33: note: built-in candidate operator*(unsigned long, float)
../../../../MIMO_simulation_1.cpp:416:33: note: built-in candidate operator*(unsigned long long, float)
../../../../MIMO_simulation_1.cpp:416:33: note: built-in candidate operator*(unsigned __int128, float)
../../../../MIMO_simulation_1.cpp:416:33: note: built-in candidate operator*(float, double)
../../../../MIMO_simulation_1.cpp:416:33: note: built-in candidate operator*(double, double)
../../../../MIMO_simulation_1.cpp:416:33: note: built-in candidate operator*(long double, double)
../../../../MIMO_simulation_1.cpp:416:33: note: built-in candidate operator*(__float128, double)
../../../../MIMO_simulation_1.cpp:416:33: note: built-in candidate operator*(int, double)
../../../../MIMO_simulation_1.cpp:416:33: note: built-in candidate operator*(long, double)
../../../../MIMO_simulation_1.cpp:416:33: note: built-in candidate operator*(long long, double)
../../../../MIMO_simulation_1.cpp:416:33: note: built-in candidate operator*(__int128, double)
../../../../MIMO_simulation_1.cpp:416:33: note: built-in candidate operator*(unsigned int, double)
../../../../MIMO_simulation_1.cpp:416:33: note: built-in candidate operator*(unsigned long, double)
../../../../MIMO_simulation_1.cpp:416:33: note: built-in candidate operator*(unsigned long long, double)
../../../../MIMO_simulation_1.cpp:416:33: note: built-in candidate operator*(unsigned __int128, double)
8 errors generated.
make: *** [csim.mk:106: obj/MIMO_simulation_1.o] Error 1
ERROR: [SIM 211-100] 'csim_design' failed: compilation error(s).
INFO: [SIM 211-3] *************** CSIM finish ***************
INFO: [HLS 200-2161] Finished Command csim_design Elapsed time: 00:00:14; Allocated memory: 16.230 MB.
4
    while executing
"source /home/ggg_wufuqi/hls/MIMO_detect-main/mimo_cpp_gai/run_cpp.tcl"
    ("uplevel" body line 1)
    invoked from within
"uplevel \#0 [list source $tclfile] "

INFO: [HLS 200-112] Total CPU user time: 13.66 seconds. Total CPU system time: 0.55 seconds. Total elapsed time: 16.64 seconds; peak allocated memory: 657.465 MB.
INFO: [vitis-run 60-1662] Stopping dispatch session having empty uuid.
