

================================================================
== Vitis HLS Report for 'MHGD_detect_accel_Pipeline_VITIS_LOOP_483_3'
================================================================
* Date:           Tue Apr  1 14:56:51 2025

* Version:        2024.2 (Build 5238294 on Nov  8 2024)
* Project:        component_perfect_loop_hls
* Solution:       hls (Vivado IP Flow Target)
* Product family: zynquplus
* Target device:  xck26-sfvc784-2LV-c


================================================================
== Performance Estimates
================================================================
+ Timing: 
    * Summary: 
    +--------+----------+----------+------------+
    |  Clock |  Target  | Estimated| Uncertainty|
    +--------+----------+----------+------------+
    |ap_clk  |  10.00 ns|  3.496 ns|     2.70 ns|
    +--------+----------+----------+------------+

+ Latency: 
    * Summary: 
    +---------+---------+----------+----------+-------+-------+------------------------------------------------+
    |  Latency (cycles) |  Latency (absolute) |    Interval   |                    Pipeline                    |
    |   min   |   max   |    min   |    max   |  min  |  max  |                      Type                      |
    +---------+---------+----------+----------+-------+-------+------------------------------------------------+
    |    10003|    30003|  0.100 ms|  0.300 ms|  10002|  30002|  loop auto-rewind stp (delay=0 clock cycles(s))|
    +---------+---------+----------+----------+-------+-------+------------------------------------------------+

    + Detail: 
        * Instance: 
        N/A

        * Loop: 
        +--------------------+---------+---------+----------+-----------+-----------+--------------+----------+
        |                    |  Latency (cycles) | Iteration|  Initiation Interval  |     Trip     |          |
        |      Loop Name     |   min   |   max   |  Latency |  achieved |   target  |     Count    | Pipelined|
        +--------------------+---------+---------+----------+-----------+-----------+--------------+----------+
        |- VITIS_LOOP_483_3  |    10001|    30001|         2|          2|          1|  5000 ~ 15000|       yes|
        +--------------------+---------+---------+----------+-----------+-----------+--------------+----------+



================================================================
== Utilization Estimates
================================================================
* Summary: 
+-----------------+---------+------+--------+--------+-----+
|       Name      | BRAM_18K|  DSP |   FF   |   LUT  | URAM|
+-----------------+---------+------+--------+--------+-----+
|DSP              |        -|     -|       -|       -|    -|
|Expression       |        -|     -|       0|     128|    -|
|FIFO             |        -|     -|       -|       -|    -|
|Instance         |        -|     -|       -|       -|    -|
|Memory           |        -|     -|       -|       -|    -|
|Multiplexer      |        -|     -|       0|      59|    -|
|Register         |        -|     -|      70|       -|    -|
+-----------------+---------+------+--------+--------+-----+
|Total            |        0|     0|      70|     187|    0|
+-----------------+---------+------+--------+--------+-----+
|Available        |      288|  1248|  234240|  117120|   64|
+-----------------+---------+------+--------+--------+-----+
|Utilization (%)  |        0|     0|      ~0|      ~0|    0|
+-----------------+---------+------+--------+--------+-----+

+ Detail: 
    * Instance: 
    +--------------------------------+-----------------------------+---------+----+---+----+-----+
    |            Instance            |            Module           | BRAM_18K| DSP| FF| LUT| URAM|
    +--------------------------------+-----------------------------+---------+----+---+----+-----+
    |fcmp_32ns_32ns_1_2_no_dsp_1_U1  |fcmp_32ns_32ns_1_2_no_dsp_1  |        0|   0|  0|   0|    0|
    +--------------------------------+-----------------------------+---------+----+---+----+-----+
    |Total                           |                             |        0|   0|  0|   0|    0|
    +--------------------------------+-----------------------------+---------+----+---+----+-----+

    * DSP: 
    N/A

    * Memory: 
    N/A

    * FIFO: 
    N/A

    * Expression: 
    +------------------------+----------+----+---+----+------------+------------+
    |      Variable Name     | Operation| DSP| FF| LUT| Bitwidth P0| Bitwidth P1|
    +------------------------+----------+----+---+----+------------+------------+
    |add_ln483_fu_130_p2     |         +|   0|  0|  38|          31|           1|
    |and_ln524_1_fu_167_p2   |       and|   0|  0|   2|           1|           1|
    |and_ln524_fu_162_p2     |       and|   0|  0|   2|           1|           1|
    |icmp_ln483_fu_124_p2    |      icmp|   0|  0|  39|          32|          32|
    |icmp_ln524_1_fu_152_p2  |      icmp|   0|  0|  30|          23|           1|
    |icmp_ln524_fu_146_p2    |      icmp|   0|  0|  15|           8|           2|
    |or_ln524_fu_158_p2      |        or|   0|  0|   2|           1|           1|
    +------------------------+----------+----+---+----+------------+------------+
    |Total                   |          |   0|  0| 128|          97|          39|
    +------------------------+----------+----+---+----+------------+------------+

    * Multiplexer: 
    +-------------------------------+----+-----------+-----+-----------+
    |              Name             | LUT| Input Size| Bits| Total Bits|
    +-------------------------------+----+-----------+-----+-----------+
    |ap_NS_fsm                      |  14|          3|    1|          3|
    |ap_done_int                    |   9|          2|    1|          2|
    |ap_phi_mux_merge_phi_fu_98_p4  |   9|          2|    1|          2|
    |ap_return                      |   9|          2|    1|          2|
    |ap_sig_allocacmp_k_load        |   9|          2|   31|         62|
    |k_fu_60                        |   9|          2|   31|         62|
    +-------------------------------+----+-----------+-----+-----------+
    |Total                          |  59|         13|   66|        133|
    +-------------------------------+----+-----------+-----+-----------+

    * Register: 
    +----------------------+----+----+-----+-----------+
    |         Name         | FF | LUT| Bits| Const Bits|
    +----------------------+----+----+-----+-----------+
    |add_ln483_reg_198     |  31|   0|   31|          0|
    |ap_CS_fsm             |   2|   0|    2|          0|
    |ap_done_reg           |   1|   0|    1|          0|
    |ap_return_preg        |   1|   0|    1|          0|
    |icmp_ln483_reg_194    |   1|   0|    1|          0|
    |icmp_ln524_1_reg_208  |   1|   0|    1|          0|
    |icmp_ln524_reg_203    |   1|   0|    1|          0|
    |k_fu_60               |  31|   0|   31|          0|
    |merge_reg_94          |   1|   0|    1|          0|
    +----------------------+----+----+-----+-----------+
    |Total                 |  70|   0|   70|          0|
    +----------------------+----+----+-----+-----------+



================================================================
== Interface
================================================================
* Summary: 
+---------------+-----+-----+------------+---------------------------------------------+--------------+
|   RTL Ports   | Dir | Bits|  Protocol  |                Source Object                |    C Type    |
+---------------+-----+-----+------------+---------------------------------------------+--------------+
|ap_clk         |   in|    1|  ap_ctrl_hs|  MHGD_detect_accel_Pipeline_VITIS_LOOP_483_3|  return value|
|ap_rst         |   in|    1|  ap_ctrl_hs|  MHGD_detect_accel_Pipeline_VITIS_LOOP_483_3|  return value|
|ap_start       |   in|    1|  ap_ctrl_hs|  MHGD_detect_accel_Pipeline_VITIS_LOOP_483_3|  return value|
|ap_done        |  out|    1|  ap_ctrl_hs|  MHGD_detect_accel_Pipeline_VITIS_LOOP_483_3|  return value|
|ap_idle        |  out|    1|  ap_ctrl_hs|  MHGD_detect_accel_Pipeline_VITIS_LOOP_483_3|  return value|
|ap_ready       |  out|    1|  ap_ctrl_hs|  MHGD_detect_accel_Pipeline_VITIS_LOOP_483_3|  return value|
|ap_return      |  out|    1|  ap_ctrl_hs|  MHGD_detect_accel_Pipeline_VITIS_LOOP_483_3|  return value|
|iter           |   in|   32|     ap_none|                                         iter|        scalar|
|bitcast_ln524  |   in|   31|     ap_none|                                bitcast_ln524|        scalar|
|empty          |   in|   23|     ap_none|                                        empty|        scalar|
|p_acc          |   in|   32|     ap_none|                                        p_acc|        scalar|
|icmp_ln449     |   in|    1|     ap_none|                                   icmp_ln449|        scalar|
+---------------+-----+-----+------------+---------------------------------------------+--------------+

