/home/ggg_wufuqi/hls/MHGD/component_perfect_loop_hls/hls/.autopilot/db/MHGD_accel.pp.0.c:3187:2: warning: Added loop label VITIS_LOOP_115_1:   [xilinx-label-all-loops]
 for (i = 0; i < mu; i++)
 ^~~
 VITIS_LOOP_115_1: 
/home/ggg_wufuqi/hls/MHGD/component_perfect_loop_hls/hls/.autopilot/db/MHGD_accel.pp.0.c:3187:2: note: FIX-IT applied suggested code changes
/home/ggg_wufuqi/hls/MHGD/component_perfect_loop_hls/hls/.autopilot/db/MHGD_accel.pp.0.c:3190:2: warning: Added loop label VITIS_LOOP_118_2:   [xilinx-label-all-loops]
 for (i = 0; i < mu; i++)
 ^~~
 VITIS_LOOP_118_2: 
/home/ggg_wufuqi/hls/MHGD/component_perfect_loop_hls/hls/.autopilot/db/MHGD_accel.pp.0.c:3190:2: note: FIX-IT applied suggested code changes
/home/ggg_wufuqi/hls/MHGD/component_perfect_loop_hls/hls/.autopilot/db/MHGD_accel.pp.0.c:3194:2: warning: Added loop label VITIS_LOOP_122_3:   [xilinx-label-all-loops]
 for (i = 0; i < Nt; i++)
 ^~~
 VITIS_LOOP_122_3: 
/home/ggg_wufuqi/hls/MHGD/component_perfect_loop_hls/hls/.autopilot/db/MHGD_accel.pp.0.c:3194:2: note: FIX-IT applied suggested code changes
/home/ggg_wufuqi/hls/MHGD/component_perfect_loop_hls/hls/.autopilot/db/MHGD_accel.pp.0.c:3197:2: warning: Added loop label VITIS_LOOP_125_4:   [xilinx-label-all-loops]
 for (i = 0; i < Nt; i++)
 ^~~
 VITIS_LOOP_125_4: 
/home/ggg_wufuqi/hls/MHGD/component_perfect_loop_hls/hls/.autopilot/db/MHGD_accel.pp.0.c:3197:2: note: FIX-IT applied suggested code changes
/home/ggg_wufuqi/hls/MHGD/component_perfect_loop_hls/hls/.autopilot/db/MHGD_accel.pp.0.c:3262:2: warning: Added loop label VITIS_LOOP_190_1:   [xilinx-label-all-loops]
 for (i = 0; i < mu; i++)
 ^~~
 VITIS_LOOP_190_1: 
/home/ggg_wufuqi/hls/MHGD/component_perfect_loop_hls/hls/.autopilot/db/MHGD_accel.pp.0.c:3262:2: note: FIX-IT applied suggested code changes
/home/ggg_wufuqi/hls/MHGD/component_perfect_loop_hls/hls/.autopilot/db/MHGD_accel.pp.0.c:3264:2: warning: Added loop label VITIS_LOOP_192_2:   [xilinx-label-all-loops]
 for (i = 0; i < mu; i++)
 ^~~
 VITIS_LOOP_192_2: 
/home/ggg_wufuqi/hls/MHGD/component_perfect_loop_hls/hls/.autopilot/db/MHGD_accel.pp.0.c:3264:2: note: FIX-IT applied suggested code changes
/home/ggg_wufuqi/hls/MHGD/component_perfect_loop_hls/hls/.autopilot/db/MHGD_accel.pp.0.c:3266:2: warning: Added loop label VITIS_LOOP_194_3:   [xilinx-label-all-loops]
 for (i = 0; i < Nt; i++)
 ^~~
 VITIS_LOOP_194_3: 
/home/ggg_wufuqi/hls/MHGD/component_perfect_loop_hls/hls/.autopilot/db/MHGD_accel.pp.0.c:3266:2: note: FIX-IT applied suggested code changes
/home/ggg_wufuqi/hls/MHGD/component_perfect_loop_hls/hls/.autopilot/db/MHGD_accel.pp.0.c:3268:2: warning: Added loop label VITIS_LOOP_196_4:   [xilinx-label-all-loops]
 for (i = 0; i < Nt; i++)
 ^~~
 VITIS_LOOP_196_4: 
/home/ggg_wufuqi/hls/MHGD/component_perfect_loop_hls/hls/.autopilot/db/MHGD_accel.pp.0.c:3268:2: note: FIX-IT applied suggested code changes
/home/ggg_wufuqi/hls/MHGD/component_perfect_loop_hls/hls/.autopilot/db/MHGD_accel.pp.0.c:3334:3: warning: Added loop label VITIS_LOOP_427_1:   [xilinx-label-all-loops]
  for (i = 0; i < Nr * Nr; i++)
  ^~~
  VITIS_LOOP_427_1: 
/home/ggg_wufuqi/hls/MHGD/component_perfect_loop_hls/hls/.autopilot/db/MHGD_accel.pp.0.c:3334:3: note: FIX-IT applied suggested code changes
/home/ggg_wufuqi/hls/MHGD/component_perfect_loop_hls/hls/.autopilot/db/MHGD_accel.pp.0.c:3356:3: warning: Added loop label VITIS_LOOP_449_2:   [xilinx-label-all-loops]
  for (i = 0; i < Nt; i++)
  ^~~
  VITIS_LOOP_449_2: 
/home/ggg_wufuqi/hls/MHGD/component_perfect_loop_hls/hls/.autopilot/db/MHGD_accel.pp.0.c:3356:3: note: FIX-IT applied suggested code changes
/home/ggg_wufuqi/hls/MHGD/component_perfect_loop_hls/hls/.autopilot/db/MHGD_accel.pp.0.c:3390:2: warning: Added loop label VITIS_LOOP_483_3:   [xilinx-label-all-loops]
 for (k = 0; k < iter; k++)
 ^~~
 VITIS_LOOP_483_3: 
/home/ggg_wufuqi/hls/MHGD/component_perfect_loop_hls/hls/.autopilot/db/MHGD_accel.pp.0.c:3390:2: note: FIX-IT applied suggested code changes
/home/ggg_wufuqi/hls/MHGD/component_perfect_loop_hls/hls/.autopilot/db/MHGD_accel.pp.0.c:3401:3: warning: Added loop label VITIS_LOOP_494_4:   [xilinx-label-all-loops]
  for(int i = 0; i < Nt; i++){
  ^~~
  VITIS_LOOP_494_4: 
/home/ggg_wufuqi/hls/MHGD/component_perfect_loop_hls/hls/.autopilot/db/MHGD_accel.pp.0.c:3401:3: note: FIX-IT applied suggested code changes
/home/ggg_wufuqi/hls/MHGD/component_perfect_loop_hls/hls/.autopilot/db/MHGD_accel.pp.0.c:3466:2: warning: Added loop label VITIS_LOOP_559_1:   [xilinx-label-all-loops]
 for (i = 0; i < Nt; i++)
 ^~~
 VITIS_LOOP_559_1: 
/home/ggg_wufuqi/hls/MHGD/component_perfect_loop_hls/hls/.autopilot/db/MHGD_accel.pp.0.c:3466:2: note: FIX-IT applied suggested code changes
/home/ggg_wufuqi/hls/MHGD/component_perfect_loop_hls/hls/.autopilot/db/MHGD_accel.pp.0.c:3472:3: warning: Added loop label VITIS_LOOP_565_2:   [xilinx-label-all-loops]
  for (j = 0; j < Nr; j++)
  ^~~
  VITIS_LOOP_565_2: 
/home/ggg_wufuqi/hls/MHGD/component_perfect_loop_hls/hls/.autopilot/db/MHGD_accel.pp.0.c:3472:3: note: FIX-IT applied suggested code changes
/home/ggg_wufuqi/hls/MHGD/component_perfect_loop_hls/hls/.autopilot/db/MHGD_accel.pp.0.c:3480:3: warning: Added loop label VITIS_LOOP_573_3:   [xilinx-label-all-loops]
  for (j = 0; j < Nr; j++)
  ^~~
  VITIS_LOOP_573_3: 
/home/ggg_wufuqi/hls/MHGD/component_perfect_loop_hls/hls/.autopilot/db/MHGD_accel.pp.0.c:3480:3: note: FIX-IT applied suggested code changes
/home/ggg_wufuqi/hls/MHGD/component_perfect_loop_hls/hls/.autopilot/db/MHGD_accel.pp.0.c:3486:2: warning: Added loop label VITIS_LOOP_591_4:   [xilinx-label-all-loops]
 for (i = 0; i < Nt; i++)
 ^~~
 VITIS_LOOP_591_4: 
/home/ggg_wufuqi/hls/MHGD/component_perfect_loop_hls/hls/.autopilot/db/MHGD_accel.pp.0.c:3486:2: note: FIX-IT applied suggested code changes
