

================================================================
== Vitis HLS Report for 'MHGD_detect_accel'
================================================================
* Date:           Mon Mar 31 11:41:44 2025

* Version:        2024.2 (Build 5238294 on Nov  8 2024)
* Project:        component_perfect_loop_hls
* Solution:       hls (Vivado IP Flow Target)
* Product family: zynquplus
* Target device:  xck26-sfvc784-2LV-c


================================================================
== Performance Estimates
================================================================
+ Timing: 
    * Summary: 
    +--------+----------+----------+------------+
    |  Clock |  Target  | Estimated| Uncertainty|
    +--------+----------+----------+------------+
    |ap_clk  |  10.00 ns|  6.910 ns|     2.70 ns|
    +--------+----------+----------+------------+

+ Latency: 
    * Summary: 
    +---------+---------+-----------+----------+-----+-------+---------+
    |  Latency (cycles) |  Latency (absolute)  |   Interval  | Pipeline|
    |   min   |   max   |    min    |    max   | min |  max  |   Type  |
    +---------+---------+-----------+----------+-----+-------+---------+
    |        1|    30018|  10.000 ns|  0.300 ms|    2|  30019|       no|
    +---------+---------+-----------+----------+-----+-------+---------+

    + Detail: 
        * Instance: 
        N/A

        * Loop: 
        N/A

============================================================
+ Verbose Summary: Synthesis Manager
============================================================
InlineROM: 1
ExposeGlobal: 0
============================================================
+ Verbose Summary: CDFG Model
============================================================
IsTopModel: 1
ResetActiveHigh: 1
IsCombinational: 0
IsDatapathOnly: 0
HasWiredReturn: 1
HasMFsm: 0
HasVarLatency: 1
IsPipeline: 0
IsRtlPipelined: 0
IsInstanceOverlapped: 0
IsDontTouch: 0
HasImplIP: 0
IsGatedGlobalClock: 0


============================================================
+ Verbose Summary: Schedule
============================================================
* Number of FSM states : 16
* Pipeline : 0
* Dataflow Pipeline: 0

* FSM state transitions: 
1 --> 2 16 
2 --> 3 
3 --> 4 
4 --> 5 
5 --> 6 
6 --> 7 
7 --> 8 
8 --> 9 
9 --> 10 
10 --> 11 
11 --> 12 
12 --> 13 
13 --> 14 
14 --> 15 
15 --> 16 
16 --> 

* FSM state operations: 

State 1 <SV = 0> <Delay = 6.91>
ST_1 : Operation 17 [1/1] (0.00ns)   --->   "%specbitsmap_ln0 = specbitsmap void @_ssdm_op_SpecBitsMap, i32 0"   --->   Operation 17 'specbitsmap' 'specbitsmap_ln0' <Predicate = true> <Delay = 0.00>
ST_1 : Operation 18 [1/1] (0.00ns)   --->   "%spectopmodule_ln214 = spectopmodule void @_ssdm_op_SpecTopModule, void @empty_1" [MHGD_accel.c:214]   --->   Operation 18 'spectopmodule' 'spectopmodule_ln214' <Predicate = true> <Delay = 0.00>
ST_1 : Operation 19 [1/1] (0.00ns)   --->   "%specbitsmap_ln0 = specbitsmap void @_ssdm_op_SpecBitsMap, i64 %x_hat"   --->   Operation 19 'specbitsmap' 'specbitsmap_ln0' <Predicate = true> <Delay = 0.00>
ST_1 : Operation 20 [1/1] (0.00ns)   --->   "%specinterface_ln0 = specinterface void @_ssdm_op_SpecInterface, i64 %x_hat, void @empty, i32 0, i32 0, void @empty_0, i32 0, i32 0, void @empty_0, void @empty_0, void @empty_0, i32 0, i32 0, i32 0, i32 0, void @empty_0, void @empty_0, i32 4294967295, i32 0, i32 0"   --->   Operation 20 'specinterface' 'specinterface_ln0' <Predicate = true> <Delay = 0.00>
ST_1 : Operation 21 [1/1] (0.00ns)   --->   "%specbitsmap_ln0 = specbitsmap void @_ssdm_op_SpecBitsMap, i32 %Nt"   --->   Operation 21 'specbitsmap' 'specbitsmap_ln0' <Predicate = true> <Delay = 0.00>
ST_1 : Operation 22 [1/1] (0.00ns)   --->   "%specinterface_ln0 = specinterface void @_ssdm_op_SpecInterface, i32 %Nt, void @empty, i32 0, i32 0, void @empty_0, i32 0, i32 0, void @empty_0, void @empty_0, void @empty_0, i32 0, i32 0, i32 0, i32 0, void @empty_0, void @empty_0, i32 4294967295, i32 0, i32 0"   --->   Operation 22 'specinterface' 'specinterface_ln0' <Predicate = true> <Delay = 0.00>
ST_1 : Operation 23 [1/1] (0.00ns)   --->   "%specbitsmap_ln0 = specbitsmap void @_ssdm_op_SpecBitsMap, i32 %Nr"   --->   Operation 23 'specbitsmap' 'specbitsmap_ln0' <Predicate = true> <Delay = 0.00>
ST_1 : Operation 24 [1/1] (0.00ns)   --->   "%specinterface_ln0 = specinterface void @_ssdm_op_SpecInterface, i32 %Nr, void @empty, i32 0, i32 0, void @empty_0, i32 0, i32 0, void @empty_0, void @empty_0, void @empty_0, i32 0, i32 0, i32 0, i32 0, void @empty_0, void @empty_0, i32 4294967295, i32 0, i32 0"   --->   Operation 24 'specinterface' 'specinterface_ln0' <Predicate = true> <Delay = 0.00>
ST_1 : Operation 25 [1/1] (0.00ns)   --->   "%specbitsmap_ln0 = specbitsmap void @_ssdm_op_SpecBitsMap, i32 %mu"   --->   Operation 25 'specbitsmap' 'specbitsmap_ln0' <Predicate = true> <Delay = 0.00>
ST_1 : Operation 26 [1/1] (0.00ns)   --->   "%specinterface_ln0 = specinterface void @_ssdm_op_SpecInterface, i32 %mu, void @empty, i32 0, i32 0, void @empty_0, i32 0, i32 0, void @empty_0, void @empty_0, void @empty_0, i32 0, i32 0, i32 0, i32 0, void @empty_0, void @empty_0, i32 4294967295, i32 0, i32 0"   --->   Operation 26 'specinterface' 'specinterface_ln0' <Predicate = true> <Delay = 0.00>
ST_1 : Operation 27 [1/1] (0.00ns)   --->   "%specbitsmap_ln0 = specbitsmap void @_ssdm_op_SpecBitsMap, i64 %H"   --->   Operation 27 'specbitsmap' 'specbitsmap_ln0' <Predicate = true> <Delay = 0.00>
ST_1 : Operation 28 [1/1] (0.00ns)   --->   "%specinterface_ln0 = specinterface void @_ssdm_op_SpecInterface, i64 %H, void @empty, i32 0, i32 0, void @empty_0, i32 0, i32 0, void @empty_0, void @empty_0, void @empty_0, i32 0, i32 0, i32 0, i32 0, void @empty_0, void @empty_0, i32 4294967295, i32 0, i32 0"   --->   Operation 28 'specinterface' 'specinterface_ln0' <Predicate = true> <Delay = 0.00>
ST_1 : Operation 29 [1/1] (0.00ns)   --->   "%specbitsmap_ln0 = specbitsmap void @_ssdm_op_SpecBitsMap, i64 %y"   --->   Operation 29 'specbitsmap' 'specbitsmap_ln0' <Predicate = true> <Delay = 0.00>
ST_1 : Operation 30 [1/1] (0.00ns)   --->   "%specinterface_ln0 = specinterface void @_ssdm_op_SpecInterface, i64 %y, void @empty, i32 0, i32 0, void @empty_0, i32 0, i32 0, void @empty_0, void @empty_0, void @empty_0, i32 0, i32 0, i32 0, i32 0, void @empty_0, void @empty_0, i32 4294967295, i32 0, i32 0"   --->   Operation 30 'specinterface' 'specinterface_ln0' <Predicate = true> <Delay = 0.00>
ST_1 : Operation 31 [1/1] (0.00ns)   --->   "%specbitsmap_ln0 = specbitsmap void @_ssdm_op_SpecBitsMap, i32 %sigma2"   --->   Operation 31 'specbitsmap' 'specbitsmap_ln0' <Predicate = true> <Delay = 0.00>
ST_1 : Operation 32 [1/1] (0.00ns)   --->   "%specinterface_ln0 = specinterface void @_ssdm_op_SpecInterface, i32 %sigma2, void @empty, i32 0, i32 0, void @empty_0, i32 0, i32 0, void @empty_0, void @empty_0, void @empty_0, i32 0, i32 0, i32 0, i32 0, void @empty_0, void @empty_0, i32 4294967295, i32 0, i32 0"   --->   Operation 32 'specinterface' 'specinterface_ln0' <Predicate = true> <Delay = 0.00>
ST_1 : Operation 33 [1/1] (0.00ns)   --->   "%specbitsmap_ln0 = specbitsmap void @_ssdm_op_SpecBitsMap, i32 %mmse_init"   --->   Operation 33 'specbitsmap' 'specbitsmap_ln0' <Predicate = true> <Delay = 0.00>
ST_1 : Operation 34 [1/1] (0.00ns)   --->   "%specinterface_ln0 = specinterface void @_ssdm_op_SpecInterface, i32 %mmse_init, void @empty, i32 0, i32 0, void @empty_0, i32 0, i32 0, void @empty_0, void @empty_0, void @empty_0, i32 0, i32 0, i32 0, i32 0, void @empty_0, void @empty_0, i32 4294967295, i32 0, i32 0"   --->   Operation 34 'specinterface' 'specinterface_ln0' <Predicate = true> <Delay = 0.00>
ST_1 : Operation 35 [1/1] (0.00ns)   --->   "%specbitsmap_ln0 = specbitsmap void @_ssdm_op_SpecBitsMap, i32 %lr_approx"   --->   Operation 35 'specbitsmap' 'specbitsmap_ln0' <Predicate = true> <Delay = 0.00>
ST_1 : Operation 36 [1/1] (0.00ns)   --->   "%specinterface_ln0 = specinterface void @_ssdm_op_SpecInterface, i32 %lr_approx, void @empty, i32 0, i32 0, void @empty_0, i32 0, i32 0, void @empty_0, void @empty_0, void @empty_0, i32 0, i32 0, i32 0, i32 0, void @empty_0, void @empty_0, i32 4294967295, i32 0, i32 0"   --->   Operation 36 'specinterface' 'specinterface_ln0' <Predicate = true> <Delay = 0.00>
ST_1 : Operation 37 [1/1] (0.00ns)   --->   "%specbitsmap_ln0 = specbitsmap void @_ssdm_op_SpecBitsMap, i32 %iter"   --->   Operation 37 'specbitsmap' 'specbitsmap_ln0' <Predicate = true> <Delay = 0.00>
ST_1 : Operation 38 [1/1] (0.00ns)   --->   "%specinterface_ln0 = specinterface void @_ssdm_op_SpecInterface, i32 %iter, void @empty, i32 0, i32 0, void @empty_0, i32 0, i32 0, void @empty_0, void @empty_0, void @empty_0, i32 0, i32 0, i32 0, i32 0, void @empty_0, void @empty_0, i32 4294967295, i32 0, i32 0"   --->   Operation 38 'specinterface' 'specinterface_ln0' <Predicate = true> <Delay = 0.00>
ST_1 : Operation 39 [1/1] (0.00ns)   --->   "%specbitsmap_ln0 = specbitsmap void @_ssdm_op_SpecBitsMap, i64 %v_tb"   --->   Operation 39 'specbitsmap' 'specbitsmap_ln0' <Predicate = true> <Delay = 0.00>
ST_1 : Operation 40 [1/1] (0.00ns)   --->   "%specinterface_ln0 = specinterface void @_ssdm_op_SpecInterface, i64 %v_tb, void @empty, i32 0, i32 0, void @empty_0, i32 0, i32 0, void @empty_0, void @empty_0, void @empty_0, i32 0, i32 0, i32 0, i32 0, void @empty_0, void @empty_0, i32 4294967295, i32 0, i32 0"   --->   Operation 40 'specinterface' 'specinterface_ln0' <Predicate = true> <Delay = 0.00>
ST_1 : Operation 41 [1/1] (0.00ns)   --->   "%iter_read = read i32 @_ssdm_op_Read.ap_auto.i32, i32 %iter" [MHGD_accel.c:214]   --->   Operation 41 'read' 'iter_read' <Predicate = true> <Delay = 0.00>
ST_1 : Operation 42 [1/1] (0.00ns)   --->   "%mmse_init_read = read i32 @_ssdm_op_Read.ap_auto.i32, i32 %mmse_init" [MHGD_accel.c:214]   --->   Operation 42 'read' 'mmse_init_read' <Predicate = true> <Delay = 0.00>
ST_1 : Operation 43 [1/1] (0.00ns)   --->   "%Nt_read = read i32 @_ssdm_op_Read.ap_auto.i32, i32 %Nt" [MHGD_accel.c:214]   --->   Operation 43 'read' 'Nt_read' <Predicate = true> <Delay = 0.00>
ST_1 : Operation 44 [1/1] (1.01ns)   --->   "%icmp_ln449 = icmp_sgt  i32 %Nt_read, i32 0" [MHGD_accel.c:449]   --->   Operation 44 'icmp' 'icmp_ln449' <Predicate = true> <Delay = 1.01> <CoreInst = "Cmp">   --->   Core 9 'Cmp' <Latency = 0> <II = 1> <Delay = 1.01> <FuncUnit> <Opcode : 'seteq' 'setne' 'setle' 'setge' 'setlt' 'setgt'> <InPorts = 2> <OutPorts = 1>
ST_1 : Operation 45 [1/1] (1.01ns)   --->   "%icmp_ln434 = icmp_eq  i32 %mmse_init_read, i32 0" [MHGD_accel.c:434]   --->   Operation 45 'icmp' 'icmp_ln434' <Predicate = true> <Delay = 1.01> <CoreInst = "Cmp">   --->   Core 9 'Cmp' <Latency = 0> <II = 1> <Delay = 1.01> <FuncUnit> <Opcode : 'seteq' 'setne' 'setle' 'setge' 'setlt' 'setgt'> <InPorts = 2> <OutPorts = 1>
ST_1 : Operation 46 [1/1] (0.28ns)   --->   "%and_ln438 = and i1 %icmp_ln434, i1 %icmp_ln449" [util.c:438->MHGD_accel.c:448]   --->   Operation 46 'and' 'and_ln438' <Predicate = true> <Delay = 0.28> <CoreInst = "LogicGate">   --->   Core 74 'LogicGate' <Latency = 0> <II = 1> <Delay = 0.28> <FuncUnit> <Opcode : 'and' 'or' 'xor'> <InPorts = 2> <OutPorts = 1>
ST_1 : Operation 47 [1/1] (0.00ns)   --->   "%br_ln434 = br i1 %and_ln438, void %if.end29, void %for.inc26.split" [MHGD_accel.c:434]   --->   Operation 47 'br' 'br_ln434' <Predicate = true> <Delay = 0.00>
ST_1 : Operation 48 [13/13] (6.91ns)   --->   "%tmp_s = dexp i64 @llvm.exp.f64, i64 <undef>" [MHGD_accel.c:521]   --->   Operation 48 'dexp' 'tmp_s' <Predicate = (!and_ln438)> <Delay = 6.91> <CoreInst = "DExp_fulldsp">   --->   Core 42 'DExp_fulldsp' <Latency = 12> <II = 1> <Delay = 6.91> <FuncUnit> <Opcode : 'dexp'> <InPorts = 1> <OutPorts = 1>
ST_1 : Operation 49 [1/1] (0.00ns)   --->   "%specpipeline_ln232 = specpipeline void @_ssdm_op_SpecPipeline, i32 4294967295, i32 0, i32 0, i32 0, void @empty_0" [MHGD_accel.c:232]   --->   Operation 49 'specpipeline' 'specpipeline_ln232' <Predicate = (and_ln438)> <Delay = 0.00>
ST_1 : Operation 50 [1/1] (0.00ns)   --->   "%speclooptripcount_ln451 = speclooptripcount void @_ssdm_op_SpecLoopTripCount, i64 1, i64 10, i64 5" [MHGD_accel.c:451]   --->   Operation 50 'speclooptripcount' 'speclooptripcount_ln451' <Predicate = (and_ln438)> <Delay = 0.00>
ST_1 : Operation 51 [1/1] (0.00ns)   --->   "%specloopname_ln449 = specloopname void @_ssdm_op_SpecLoopName, void @empty_4" [MHGD_accel.c:449]   --->   Operation 51 'specloopname' 'specloopname_ln449' <Predicate = (and_ln438)> <Delay = 0.00>
ST_1 : Operation 52 [1/1] (0.00ns)   --->   "%br_ln0 = br void %UnifiedUnreachableBlock"   --->   Operation 52 'br' 'br_ln0' <Predicate = (and_ln438)> <Delay = 0.00>

State 2 <SV = 1> <Delay = 6.91>
ST_2 : Operation 53 [12/13] (6.91ns)   --->   "%tmp_s = dexp i64 @llvm.exp.f64, i64 <undef>" [MHGD_accel.c:521]   --->   Operation 53 'dexp' 'tmp_s' <Predicate = true> <Delay = 6.91> <CoreInst = "DExp_fulldsp">   --->   Core 42 'DExp_fulldsp' <Latency = 12> <II = 1> <Delay = 6.91> <FuncUnit> <Opcode : 'dexp'> <InPorts = 1> <OutPorts = 1>

State 3 <SV = 2> <Delay = 6.91>
ST_3 : Operation 54 [11/13] (6.91ns)   --->   "%tmp_s = dexp i64 @llvm.exp.f64, i64 <undef>" [MHGD_accel.c:521]   --->   Operation 54 'dexp' 'tmp_s' <Predicate = true> <Delay = 6.91> <CoreInst = "DExp_fulldsp">   --->   Core 42 'DExp_fulldsp' <Latency = 12> <II = 1> <Delay = 6.91> <FuncUnit> <Opcode : 'dexp'> <InPorts = 1> <OutPorts = 1>

State 4 <SV = 3> <Delay = 6.91>
ST_4 : Operation 55 [10/13] (6.91ns)   --->   "%tmp_s = dexp i64 @llvm.exp.f64, i64 <undef>" [MHGD_accel.c:521]   --->   Operation 55 'dexp' 'tmp_s' <Predicate = true> <Delay = 6.91> <CoreInst = "DExp_fulldsp">   --->   Core 42 'DExp_fulldsp' <Latency = 12> <II = 1> <Delay = 6.91> <FuncUnit> <Opcode : 'dexp'> <InPorts = 1> <OutPorts = 1>

State 5 <SV = 4> <Delay = 6.91>
ST_5 : Operation 56 [9/13] (6.91ns)   --->   "%tmp_s = dexp i64 @llvm.exp.f64, i64 <undef>" [MHGD_accel.c:521]   --->   Operation 56 'dexp' 'tmp_s' <Predicate = true> <Delay = 6.91> <CoreInst = "DExp_fulldsp">   --->   Core 42 'DExp_fulldsp' <Latency = 12> <II = 1> <Delay = 6.91> <FuncUnit> <Opcode : 'dexp'> <InPorts = 1> <OutPorts = 1>

State 6 <SV = 5> <Delay = 6.91>
ST_6 : Operation 57 [8/13] (6.91ns)   --->   "%tmp_s = dexp i64 @llvm.exp.f64, i64 <undef>" [MHGD_accel.c:521]   --->   Operation 57 'dexp' 'tmp_s' <Predicate = true> <Delay = 6.91> <CoreInst = "DExp_fulldsp">   --->   Core 42 'DExp_fulldsp' <Latency = 12> <II = 1> <Delay = 6.91> <FuncUnit> <Opcode : 'dexp'> <InPorts = 1> <OutPorts = 1>

State 7 <SV = 6> <Delay = 6.91>
ST_7 : Operation 58 [7/13] (6.91ns)   --->   "%tmp_s = dexp i64 @llvm.exp.f64, i64 <undef>" [MHGD_accel.c:521]   --->   Operation 58 'dexp' 'tmp_s' <Predicate = true> <Delay = 6.91> <CoreInst = "DExp_fulldsp">   --->   Core 42 'DExp_fulldsp' <Latency = 12> <II = 1> <Delay = 6.91> <FuncUnit> <Opcode : 'dexp'> <InPorts = 1> <OutPorts = 1>

State 8 <SV = 7> <Delay = 6.91>
ST_8 : Operation 59 [6/13] (6.91ns)   --->   "%tmp_s = dexp i64 @llvm.exp.f64, i64 <undef>" [MHGD_accel.c:521]   --->   Operation 59 'dexp' 'tmp_s' <Predicate = true> <Delay = 6.91> <CoreInst = "DExp_fulldsp">   --->   Core 42 'DExp_fulldsp' <Latency = 12> <II = 1> <Delay = 6.91> <FuncUnit> <Opcode : 'dexp'> <InPorts = 1> <OutPorts = 1>

State 9 <SV = 8> <Delay = 6.91>
ST_9 : Operation 60 [5/13] (6.91ns)   --->   "%tmp_s = dexp i64 @llvm.exp.f64, i64 <undef>" [MHGD_accel.c:521]   --->   Operation 60 'dexp' 'tmp_s' <Predicate = true> <Delay = 6.91> <CoreInst = "DExp_fulldsp">   --->   Core 42 'DExp_fulldsp' <Latency = 12> <II = 1> <Delay = 6.91> <FuncUnit> <Opcode : 'dexp'> <InPorts = 1> <OutPorts = 1>

State 10 <SV = 9> <Delay = 6.91>
ST_10 : Operation 61 [4/13] (6.91ns)   --->   "%tmp_s = dexp i64 @llvm.exp.f64, i64 <undef>" [MHGD_accel.c:521]   --->   Operation 61 'dexp' 'tmp_s' <Predicate = true> <Delay = 6.91> <CoreInst = "DExp_fulldsp">   --->   Core 42 'DExp_fulldsp' <Latency = 12> <II = 1> <Delay = 6.91> <FuncUnit> <Opcode : 'dexp'> <InPorts = 1> <OutPorts = 1>

State 11 <SV = 10> <Delay = 6.91>
ST_11 : Operation 62 [3/13] (6.91ns)   --->   "%tmp_s = dexp i64 @llvm.exp.f64, i64 <undef>" [MHGD_accel.c:521]   --->   Operation 62 'dexp' 'tmp_s' <Predicate = true> <Delay = 6.91> <CoreInst = "DExp_fulldsp">   --->   Core 42 'DExp_fulldsp' <Latency = 12> <II = 1> <Delay = 6.91> <FuncUnit> <Opcode : 'dexp'> <InPorts = 1> <OutPorts = 1>

State 12 <SV = 11> <Delay = 6.91>
ST_12 : Operation 63 [2/13] (6.91ns)   --->   "%tmp_s = dexp i64 @llvm.exp.f64, i64 <undef>" [MHGD_accel.c:521]   --->   Operation 63 'dexp' 'tmp_s' <Predicate = true> <Delay = 6.91> <CoreInst = "DExp_fulldsp">   --->   Core 42 'DExp_fulldsp' <Latency = 12> <II = 1> <Delay = 6.91> <FuncUnit> <Opcode : 'dexp'> <InPorts = 1> <OutPorts = 1>

State 13 <SV = 12> <Delay = 6.91>
ST_13 : Operation 64 [1/13] (6.91ns)   --->   "%tmp_s = dexp i64 @llvm.exp.f64, i64 <undef>" [MHGD_accel.c:521]   --->   Operation 64 'dexp' 'tmp_s' <Predicate = true> <Delay = 6.91> <CoreInst = "DExp_fulldsp">   --->   Core 42 'DExp_fulldsp' <Latency = 12> <II = 1> <Delay = 6.91> <FuncUnit> <Opcode : 'dexp'> <InPorts = 1> <OutPorts = 1>

State 14 <SV = 13> <Delay = 2.89>
ST_14 : Operation 65 [2/2] (2.89ns)   --->   "%p_acc = fptrunc i64 %tmp_s" [MHGD_accel.c:521]   --->   Operation 65 'fptrunc' 'p_acc' <Predicate = true> <Delay = 2.89> <CoreInst = "Double2Float">   --->   Core 67 'Double2Float' <Latency = 1> <II = 1> <Delay = 2.89> <FuncUnit> <Opcode : 'fptrunc'> <InPorts = 1> <OutPorts = 1>

State 15 <SV = 14> <Delay = 5.67>
ST_15 : Operation 66 [1/2] (2.89ns)   --->   "%p_acc = fptrunc i64 %tmp_s" [MHGD_accel.c:521]   --->   Operation 66 'fptrunc' 'p_acc' <Predicate = true> <Delay = 2.89> <CoreInst = "Double2Float">   --->   Core 67 'Double2Float' <Latency = 1> <II = 1> <Delay = 2.89> <FuncUnit> <Opcode : 'fptrunc'> <InPorts = 1> <OutPorts = 1>
ST_15 : Operation 67 [1/1] (0.00ns)   --->   "%bitcast_ln524 = bitcast i32 %p_acc" [MHGD_accel.c:524]   --->   Operation 67 'bitcast' 'bitcast_ln524' <Predicate = true> <Delay = 0.00>
ST_15 : Operation 68 [1/1] (0.00ns)   --->   "%trunc_ln524 = trunc i32 %bitcast_ln524" [MHGD_accel.c:524]   --->   Operation 68 'trunc' 'trunc_ln524' <Predicate = true> <Delay = 0.00>
ST_15 : Operation 69 [1/1] (0.00ns)   --->   "%trunc_ln524_1 = trunc i32 %bitcast_ln524" [MHGD_accel.c:524]   --->   Operation 69 'trunc' 'trunc_ln524_1' <Predicate = true> <Delay = 0.00>
ST_15 : Operation 70 [2/2] (2.78ns)   --->   "%targetBlock = call i1 @MHGD_detect_accel_Pipeline_VITIS_LOOP_483_3, i32 %iter_read, i31 %trunc_ln524, i23 %trunc_ln524_1, i32 %p_acc, i1 %icmp_ln449" [MHGD_accel.c:214]   --->   Operation 70 'call' 'targetBlock' <Predicate = true> <Delay = 2.78> <CoreType = "Generic">   --->   Generic Core

State 16 <SV = 15> <Delay = 3.92>
ST_16 : Operation 71 [1/2] (3.92ns)   --->   "%targetBlock = call i1 @MHGD_detect_accel_Pipeline_VITIS_LOOP_483_3, i32 %iter_read, i31 %trunc_ln524, i23 %trunc_ln524_1, i32 %p_acc, i1 %icmp_ln449" [MHGD_accel.c:214]   --->   Operation 71 'call' 'targetBlock' <Predicate = (!and_ln438)> <Delay = 3.92> <CoreType = "Generic">   --->   Generic Core
ST_16 : Operation 72 [1/1] (0.00ns)   --->   "%br_ln214 = br i1 %targetBlock, void %for.inc.i188.split, void %for.inc.i214" [MHGD_accel.c:214]   --->   Operation 72 'br' 'br_ln214' <Predicate = (!and_ln438)> <Delay = 0.00>
ST_16 : Operation 73 [1/1] (0.00ns)   --->   "%speclooptripcount_ln308 = speclooptripcount void @_ssdm_op_SpecLoopTripCount, i64 1, i64 10, i64 5" [util.c:308->MHGD_accel.c:526]   --->   Operation 73 'speclooptripcount' 'speclooptripcount_ln308' <Predicate = (!and_ln438 & !targetBlock)> <Delay = 0.00>
ST_16 : Operation 74 [1/1] (0.00ns)   --->   "%specloopname_ln307 = specloopname void @_ssdm_op_SpecLoopName, void @empty_2" [util.c:307->MHGD_accel.c:526]   --->   Operation 74 'specloopname' 'specloopname_ln307' <Predicate = (!and_ln438 & !targetBlock)> <Delay = 0.00>
ST_16 : Operation 75 [1/1] (0.00ns)   --->   "%br_ln0 = br void %UnifiedUnreachableBlock"   --->   Operation 75 'br' 'br_ln0' <Predicate = (!and_ln438 & !targetBlock)> <Delay = 0.00>
ST_16 : Operation 76 [1/1] (0.00ns)   --->   "%br_ln307 = br i1 %icmp_ln449, void %my_complex_copy.exit216, void %for.inc.i214.split" [util.c:307->MHGD_accel.c:542]   --->   Operation 76 'br' 'br_ln307' <Predicate = (!and_ln438 & targetBlock)> <Delay = 0.00>
ST_16 : Operation 77 [1/1] (0.00ns)   --->   "%ret_ln545 = ret i32 0" [MHGD_accel.c:545]   --->   Operation 77 'ret' 'ret_ln545' <Predicate = (!and_ln438 & !icmp_ln449 & targetBlock)> <Delay = 0.00>
ST_16 : Operation 78 [1/1] (0.00ns)   --->   "%speclooptripcount_ln308 = speclooptripcount void @_ssdm_op_SpecLoopTripCount, i64 1, i64 10, i64 5" [util.c:308->MHGD_accel.c:542]   --->   Operation 78 'speclooptripcount' 'speclooptripcount_ln308' <Predicate = (!and_ln438 & icmp_ln449 & targetBlock)> <Delay = 0.00>
ST_16 : Operation 79 [1/1] (0.00ns)   --->   "%specloopname_ln307 = specloopname void @_ssdm_op_SpecLoopName, void @empty_2" [util.c:307->MHGD_accel.c:542]   --->   Operation 79 'specloopname' 'specloopname_ln307' <Predicate = (!and_ln438 & icmp_ln449 & targetBlock)> <Delay = 0.00>
ST_16 : Operation 80 [1/1] (0.00ns)   --->   "%br_ln0 = br void %UnifiedUnreachableBlock"   --->   Operation 80 'br' 'br_ln0' <Predicate = (!and_ln438 & icmp_ln449 & targetBlock)> <Delay = 0.00>
ST_16 : Operation 81 [1/1] (0.00ns)   --->   "%unreachable_ln0 = unreachable"   --->   Operation 81 'unreachable' 'unreachable_ln0' <Predicate = (!targetBlock) | (icmp_ln449) | (and_ln438)> <Delay = 0.00>


============================================================
+ Verbose Summary: Timing violations
============================================================
Target clock period: 10.000ns, clock uncertainty: 2.700ns.

 <State 1>: 6.910ns
The critical path consists of the following:
	'dexp' operation 64 bit ('tmp_s', MHGD_accel.c:521) [44]  (6.910 ns)

 <State 2>: 6.910ns
The critical path consists of the following:
	'dexp' operation 64 bit ('tmp_s', MHGD_accel.c:521) [44]  (6.910 ns)

 <State 3>: 6.910ns
The critical path consists of the following:
	'dexp' operation 64 bit ('tmp_s', MHGD_accel.c:521) [44]  (6.910 ns)

 <State 4>: 6.910ns
The critical path consists of the following:
	'dexp' operation 64 bit ('tmp_s', MHGD_accel.c:521) [44]  (6.910 ns)

 <State 5>: 6.910ns
The critical path consists of the following:
	'dexp' operation 64 bit ('tmp_s', MHGD_accel.c:521) [44]  (6.910 ns)

 <State 6>: 6.910ns
The critical path consists of the following:
	'dexp' operation 64 bit ('tmp_s', MHGD_accel.c:521) [44]  (6.910 ns)

 <State 7>: 6.910ns
The critical path consists of the following:
	'dexp' operation 64 bit ('tmp_s', MHGD_accel.c:521) [44]  (6.910 ns)

 <State 8>: 6.910ns
The critical path consists of the following:
	'dexp' operation 64 bit ('tmp_s', MHGD_accel.c:521) [44]  (6.910 ns)

 <State 9>: 6.910ns
The critical path consists of the following:
	'dexp' operation 64 bit ('tmp_s', MHGD_accel.c:521) [44]  (6.910 ns)

 <State 10>: 6.910ns
The critical path consists of the following:
	'dexp' operation 64 bit ('tmp_s', MHGD_accel.c:521) [44]  (6.910 ns)

 <State 11>: 6.910ns
The critical path consists of the following:
	'dexp' operation 64 bit ('tmp_s', MHGD_accel.c:521) [44]  (6.910 ns)

 <State 12>: 6.910ns
The critical path consists of the following:
	'dexp' operation 64 bit ('tmp_s', MHGD_accel.c:521) [44]  (6.910 ns)

 <State 13>: 6.910ns
The critical path consists of the following:
	'dexp' operation 64 bit ('tmp_s', MHGD_accel.c:521) [44]  (6.910 ns)

 <State 14>: 2.891ns
The critical path consists of the following:
	'fptrunc' operation 32 bit ('p_acc', MHGD_accel.c:521) [45]  (2.891 ns)

 <State 15>: 5.673ns
The critical path consists of the following:
	'fptrunc' operation 32 bit ('p_acc', MHGD_accel.c:521) [45]  (2.891 ns)
	'call' operation 1 bit ('targetBlock', MHGD_accel.c:214) to 'MHGD_detect_accel_Pipeline_VITIS_LOOP_483_3' [49]  (2.782 ns)

 <State 16>: 3.923ns
The critical path consists of the following:
	'call' operation 1 bit ('targetBlock', MHGD_accel.c:214) to 'MHGD_detect_accel_Pipeline_VITIS_LOOP_483_3' [49]  (3.923 ns)


============================================================
+ Verbose Summary: Binding
============================================================
N/A
* FSMD analyzer results:
  - Output states:
 - Input state : 
  - Chain level:
	State 1
	State 2
	State 3
	State 4
	State 5
	State 6
	State 7
	State 8
	State 9
	State 10
	State 11
	State 12
	State 13
	State 14
	State 15
	State 16


============================================================
+ Verbose Summary: Datapath Resource usage 
============================================================
N/A
