

================================================================
== Vitis HLS Report for 'MHGD_detect_accel_Pipeline_VITIS_LOOP_483_3'
================================================================
* Date:           Mon Mar 31 11:41:45 2025

* Version:        2024.2 (Build 5238294 on Nov  8 2024)
* Project:        component_perfect_loop_hls
* Solution:       hls (Vivado IP Flow Target)
* Product family: zynquplus
* Target device:  xck26-sfvc784-2LV-c


================================================================
== Performance Estimates
================================================================
+ Timing: 
    * Summary: 
    +--------+----------+----------+------------+
    |  Clock |  Target  | Estimated| Uncertainty|
    +--------+----------+----------+------------+
    |ap_clk  |  10.00 ns|  3.496 ns|     2.70 ns|
    +--------+----------+----------+------------+

+ Latency: 
    * Summary: 
    +---------+---------+----------+----------+-------+-------+------------------------------------------------+
    |  Latency (cycles) |  Latency (absolute) |    Interval   |                    Pipeline                    |
    |   min   |   max   |    min   |    max   |  min  |  max  |                      Type                      |
    +---------+---------+----------+----------+-------+-------+------------------------------------------------+
    |    10003|    30003|  0.100 ms|  0.300 ms|  10002|  30002|  loop auto-rewind stp (delay=0 clock cycles(s))|
    +---------+---------+----------+----------+-------+-------+------------------------------------------------+

    + Detail: 
        * Instance: 
        N/A

        * Loop: 
        +--------------------+---------+---------+----------+-----------+-----------+--------------+----------+
        |                    |  Latency (cycles) | Iteration|  Initiation Interval  |     Trip     |          |
        |      Loop Name     |   min   |   max   |  Latency |  achieved |   target  |     Count    | Pipelined|
        +--------------------+---------+---------+----------+-----------+-----------+--------------+----------+
        |- VITIS_LOOP_483_3  |    10001|    30001|         2|          2|          1|  5000 ~ 15000|       yes|
        +--------------------+---------+---------+----------+-----------+-----------+--------------+----------+



================================================================
== Utilization Estimates
================================================================
* Summary: 
+-----------------+---------+------+--------+--------+-----+
|       Name      | BRAM_18K|  DSP |   FF   |   LUT  | URAM|
+-----------------+---------+------+--------+--------+-----+
|DSP              |        -|     -|       -|       -|    -|
|Expression       |        -|     -|       0|     128|    -|
|FIFO             |        -|     -|       -|       -|    -|
|Instance         |        -|     -|       -|       -|    -|
|Memory           |        -|     -|       -|       -|    -|
|Multiplexer      |        -|     -|       0|      59|    -|
|Register         |        -|     -|      70|       -|    -|
+-----------------+---------+------+--------+--------+-----+
|Total            |        0|     0|      70|     187|    0|
+-----------------+---------+------+--------+--------+-----+
|Available        |      288|  1248|  234240|  117120|   64|
+-----------------+---------+------+--------+--------+-----+
|Utilization (%)  |        0|     0|      ~0|      ~0|    0|
+-----------------+---------+------+--------+--------+-----+

+ Detail: 
    * Instance: 
    +--------------------------------+-----------------------------+---------+----+---+----+-----+
    |            Instance            |            Module           | BRAM_18K| DSP| FF| LUT| URAM|
    +--------------------------------+-----------------------------+---------+----+---+----+-----+
    |fcmp_32ns_32ns_1_2_no_dsp_1_U1  |fcmp_32ns_32ns_1_2_no_dsp_1  |        0|   0|  0|   0|    0|
    +--------------------------------+-----------------------------+---------+----+---+----+-----+
    |Total                           |                             |        0|   0|  0|   0|    0|
    +--------------------------------+-----------------------------+---------+----+---+----+-----+

    * DSP: 
    N/A

    * Memory: 
    N/A

    * FIFO: 
    N/A

    * Expression: 
    +------------------------+----------+----+---+----+------------+------------+
    |      Variable Name     | Operation| DSP| FF| LUT| Bitwidth P0| Bitwidth P1|
    +------------------------+----------+----+---+----+------------+------------+
    |add_ln483_fu_130_p2     |         +|   0|  0|  38|          31|           1|
    |and_ln524_1_fu_167_p2   |       and|   0|  0|   2|           1|           1|
    |and_ln524_fu_162_p2     |       and|   0|  0|   2|           1|           1|
    |icmp_ln483_fu_124_p2    |      icmp|   0|  0|  39|          32|          32|
    |icmp_ln524_1_fu_152_p2  |      icmp|   0|  0|  30|          23|           1|
    |icmp_ln524_fu_146_p2    |      icmp|   0|  0|  15|           8|           2|
    |or_ln524_fu_158_p2      |        or|   0|  0|   2|           1|           1|
    +------------------------+----------+----+---+----+------------+------------+
    |Total                   |          |   0|  0| 128|          97|          39|
    +------------------------+----------+----+---+----+------------+------------+

    * Multiplexer: 
    +-------------------------------+----+-----------+-----+-----------+
    |              Name             | LUT| Input Size| Bits| Total Bits|
    +-------------------------------+----+-----------+-----+-----------+
    |ap_NS_fsm                      |  14|          3|    1|          3|
    |ap_done_int                    |   9|          2|    1|          2|
    |ap_phi_mux_merge_phi_fu_98_p4  |   9|          2|    1|          2|
    |ap_return                      |   9|          2|    1|          2|
    |ap_sig_allocacmp_k_load        |   9|          2|   31|         62|
    |k_fu_60                        |   9|          2|   31|         62|
    +-------------------------------+----+-----------+-----+-----------+
    |Total                          |  59|         13|   66|        133|
    +-------------------------------+----+-----------+-----+-----------+

    * Register: 
    +----------------------+----+----+-----+-----------+
    |         Name         | FF | LUT| Bits| Const Bits|
    +----------------------+----+----+-----+-----------+
    |add_ln483_reg_198     |  31|   0|   31|          0|
    |ap_CS_fsm             |   2|   0|    2|          0|
    |ap_done_reg           |   1|   0|    1|          0|
    |ap_return_preg        |   1|   0|    1|          0|
    |icmp_ln483_reg_194    |   1|   0|    1|          0|
    |icmp_ln524_1_reg_208  |   1|   0|    1|          0|
    |icmp_ln524_reg_203    |   1|   0|    1|          0|
    |k_fu_60               |  31|   0|   31|          0|
    |merge_reg_94          |   1|   0|    1|          0|
    +----------------------+----+----+-----+-----------+
    |Total                 |  70|   0|   70|          0|
    +----------------------+----+----+-----+-----------+



================================================================
== Interface
================================================================
* Summary: 
+---------------+-----+-----+------------+---------------------------------------------+--------------+
|   RTL Ports   | Dir | Bits|  Protocol  |                Source Object                |    C Type    |
+---------------+-----+-----+------------+---------------------------------------------+--------------+
|ap_clk         |   in|    1|  ap_ctrl_hs|  MHGD_detect_accel_Pipeline_VITIS_LOOP_483_3|  return value|
|ap_rst         |   in|    1|  ap_ctrl_hs|  MHGD_detect_accel_Pipeline_VITIS_LOOP_483_3|  return value|
|ap_start       |   in|    1|  ap_ctrl_hs|  MHGD_detect_accel_Pipeline_VITIS_LOOP_483_3|  return value|
|ap_done        |  out|    1|  ap_ctrl_hs|  MHGD_detect_accel_Pipeline_VITIS_LOOP_483_3|  return value|
|ap_idle        |  out|    1|  ap_ctrl_hs|  MHGD_detect_accel_Pipeline_VITIS_LOOP_483_3|  return value|
|ap_ready       |  out|    1|  ap_ctrl_hs|  MHGD_detect_accel_Pipeline_VITIS_LOOP_483_3|  return value|
|ap_return      |  out|    1|  ap_ctrl_hs|  MHGD_detect_accel_Pipeline_VITIS_LOOP_483_3|  return value|
|iter           |   in|   32|     ap_none|                                         iter|        scalar|
|bitcast_ln524  |   in|   31|     ap_none|                                bitcast_ln524|        scalar|
|empty          |   in|   23|     ap_none|                                        empty|        scalar|
|p_acc          |   in|   32|     ap_none|                                        p_acc|        scalar|
|icmp_ln449     |   in|    1|     ap_none|                                   icmp_ln449|        scalar|
+---------------+-----+-----+------------+---------------------------------------------+--------------+

============================================================
+ Verbose Summary: Synthesis Manager
============================================================
InlineROM: 1
ExposeGlobal: 0
============================================================
+ Verbose Summary: CDFG Model
============================================================
IsTopModel: 0
ResetActiveHigh: 1
IsCombinational: 2
IsDatapathOnly: 2
HasWiredReturn: 1
HasMFsm: 2
HasVarLatency: 1
IsPipeline: 0
IsRtlPipelined: 0
IsInstanceOverlapped: 0
IsDontTouch: 0
HasImplIP: 0
IsGatedGlobalClock: 0

+ Individual pipeline summary: 
  * Pipeline-0: initiation interval (II) = 2, depth = 2


============================================================
+ Verbose Summary: Schedule
============================================================
* Number of FSM states : 2
* Pipeline : 1
  Pipeline-0 : II = 2, D = 2, States = { 1 2 }
* Dataflow Pipeline: 0

* FSM state transitions: 
1 --> 2 
2 --> 

* FSM state operations: 

State 1 <SV = 0> <Delay = 2.78>
ST_1 : Operation 5 [1/1] (0.00ns)   --->   "%k = alloca i32 1"   --->   Operation 5 'alloca' 'k' <Predicate = true> <Delay = 0.00>
ST_1 : Operation 6 [1/1] (0.00ns)   --->   "%icmp_ln449_read = read i1 @_ssdm_op_Read.ap_auto.i1, i1 %icmp_ln449"   --->   Operation 6 'read' 'icmp_ln449_read' <Predicate = true> <Delay = 0.00>
ST_1 : Operation 7 [1/1] (0.00ns)   --->   "%p_acc_read = read i32 @_ssdm_op_Read.ap_auto.float, i32 %p_acc"   --->   Operation 7 'read' 'p_acc_read' <Predicate = true> <Delay = 0.00>
ST_1 : Operation 8 [1/1] (0.00ns)   --->   "%tmp_2 = read i23 @_ssdm_op_Read.ap_auto.i23, i23 %empty"   --->   Operation 8 'read' 'tmp_2' <Predicate = true> <Delay = 0.00>
ST_1 : Operation 9 [1/1] (0.00ns)   --->   "%bitcast_ln524_read = read i31 @_ssdm_op_Read.ap_auto.i31, i31 %bitcast_ln524"   --->   Operation 9 'read' 'bitcast_ln524_read' <Predicate = true> <Delay = 0.00>
ST_1 : Operation 10 [1/1] (0.00ns)   --->   "%iter_read = read i32 @_ssdm_op_Read.ap_auto.i32, i32 %iter"   --->   Operation 10 'read' 'iter_read' <Predicate = true> <Delay = 0.00>
ST_1 : Operation 11 [1/1] (0.42ns)   --->   "%store_ln0 = store i31 0, i31 %k"   --->   Operation 11 'store' 'store_ln0' <Predicate = true> <Delay = 0.42>
ST_1 : Operation 12 [1/1] (0.00ns)   --->   "%br_ln0 = br void %VITIS_LOOP_494_4"   --->   Operation 12 'br' 'br_ln0' <Predicate = true> <Delay = 0.00>
ST_1 : Operation 13 [1/1] (0.00ns)   --->   "%k_load = load i31 %k" [MHGD_accel.c:483]   --->   Operation 13 'load' 'k_load' <Predicate = true> <Delay = 0.00>
ST_1 : Operation 14 [1/1] (0.00ns)   --->   "%zext_ln483 = zext i31 %k_load" [MHGD_accel.c:483]   --->   Operation 14 'zext' 'zext_ln483' <Predicate = true> <Delay = 0.00>
ST_1 : Operation 15 [1/1] (1.01ns)   --->   "%icmp_ln483 = icmp_slt  i32 %zext_ln483, i32 %iter_read" [MHGD_accel.c:483]   --->   Operation 15 'icmp' 'icmp_ln483' <Predicate = true> <Delay = 1.01> <CoreInst = "Cmp">   --->   Core 9 'Cmp' <Latency = 0> <II = 1> <Delay = 1.01> <FuncUnit> <Opcode : 'seteq' 'setne' 'setle' 'setge' 'setlt' 'setgt'> <InPorts = 2> <OutPorts = 1>
ST_1 : Operation 16 [1/1] (1.00ns)   --->   "%add_ln483 = add i31 %k_load, i31 1" [MHGD_accel.c:483]   --->   Operation 16 'add' 'add_ln483' <Predicate = true> <Delay = 1.00> <CoreInst = "Adder">   --->   Core 1 'Adder' <Latency = 0> <II = 1> <Delay = 1.00> <FuncUnit> <Opcode : 'add' 'sub'> <InPorts = 2> <OutPorts = 1>
ST_1 : Operation 17 [1/1] (0.42ns)   --->   "%br_ln483 = br i1 %icmp_ln483, void %for.inc.i214.exitStub, void %VITIS_LOOP_494_4.split" [MHGD_accel.c:483]   --->   Operation 17 'br' 'br_ln483' <Predicate = true> <Delay = 0.42>
ST_1 : Operation 18 [1/1] (0.00ns)   --->   "%tmp = partselect i8 @_ssdm_op_PartSelect.i8.i31.i32.i32, i31 %bitcast_ln524_read, i32 23, i32 30" [MHGD_accel.c:524]   --->   Operation 18 'partselect' 'tmp' <Predicate = (icmp_ln483)> <Delay = 0.00>
ST_1 : Operation 19 [1/1] (0.76ns)   --->   "%icmp_ln524 = icmp_ne  i8 %tmp, i8 255" [MHGD_accel.c:524]   --->   Operation 19 'icmp' 'icmp_ln524' <Predicate = (icmp_ln483)> <Delay = 0.76> <CoreInst = "Cmp">   --->   Core 9 'Cmp' <Latency = 0> <II = 1> <Delay = 0.76> <FuncUnit> <Opcode : 'seteq' 'setne' 'setle' 'setge' 'setlt' 'setgt'> <InPorts = 2> <OutPorts = 1>
ST_1 : Operation 20 [1/1] (0.92ns)   --->   "%icmp_ln524_1 = icmp_eq  i23 %tmp_2, i23 0" [MHGD_accel.c:524]   --->   Operation 20 'icmp' 'icmp_ln524_1' <Predicate = (icmp_ln483)> <Delay = 0.92> <CoreInst = "Cmp">   --->   Core 9 'Cmp' <Latency = 0> <II = 1> <Delay = 0.92> <FuncUnit> <Opcode : 'seteq' 'setne' 'setle' 'setge' 'setlt' 'setgt'> <InPorts = 2> <OutPorts = 1>
ST_1 : Operation 21 [2/2] (2.78ns)   --->   "%tmp_1 = fcmp_ogt  i32 %p_acc_read, i32 0.472911" [MHGD_accel.c:524]   --->   Operation 21 'fcmp' 'tmp_1' <Predicate = (icmp_ln483)> <Delay = 2.78> <CoreInst = "FCompare">   --->   Core 19 'FCompare' <Latency = 1> <II = 1> <Delay = 2.78> <FuncUnit> <Opcode : 'fcmp'> <InPorts = 2> <OutPorts = 1>

State 2 <SV = 1> <Delay = 3.49>
ST_2 : Operation 22 [1/1] (0.00ns)   --->   "%specpipeline_ln486 = specpipeline void @_ssdm_op_SpecPipeline, i32 1, i32 0, i32 0, i32 0, void @empty_0" [MHGD_accel.c:486]   --->   Operation 22 'specpipeline' 'specpipeline_ln486' <Predicate = (icmp_ln483)> <Delay = 0.00>
ST_2 : Operation 23 [1/1] (0.00ns)   --->   "%speclooptripcount_ln485 = speclooptripcount void @_ssdm_op_SpecLoopTripCount, i64 5000, i64 15000, i64 10000" [MHGD_accel.c:485]   --->   Operation 23 'speclooptripcount' 'speclooptripcount_ln485' <Predicate = (icmp_ln483)> <Delay = 0.00>
ST_2 : Operation 24 [1/1] (0.00ns)   --->   "%specloopname_ln483 = specloopname void @_ssdm_op_SpecLoopName, void @empty_3" [MHGD_accel.c:483]   --->   Operation 24 'specloopname' 'specloopname_ln483' <Predicate = (icmp_ln483)> <Delay = 0.00>
ST_2 : Operation 25 [1/1] (0.00ns) (grouped into LUT with out node and_ln524_1)   --->   "%or_ln524 = or i1 %icmp_ln524_1, i1 %icmp_ln524" [MHGD_accel.c:524]   --->   Operation 25 'or' 'or_ln524' <Predicate = (icmp_ln483)> <Delay = 0.00> <CoreInst = "LogicGate">   --->   Core 74 'LogicGate' <Latency = 0> <II = 1> <Delay = 0.28> <FuncUnit> <Opcode : 'and' 'or' 'xor'> <InPorts = 2> <OutPorts = 1>
ST_2 : Operation 26 [1/2] (2.78ns)   --->   "%tmp_1 = fcmp_ogt  i32 %p_acc_read, i32 0.472911" [MHGD_accel.c:524]   --->   Operation 26 'fcmp' 'tmp_1' <Predicate = (icmp_ln483)> <Delay = 2.78> <CoreInst = "FCompare">   --->   Core 19 'FCompare' <Latency = 1> <II = 1> <Delay = 2.78> <FuncUnit> <Opcode : 'fcmp'> <InPorts = 2> <OutPorts = 1>
ST_2 : Operation 27 [1/1] (0.00ns) (grouped into LUT with out node and_ln524_1)   --->   "%and_ln524 = and i1 %icmp_ln449_read, i1 %tmp_1" [MHGD_accel.c:524]   --->   Operation 27 'and' 'and_ln524' <Predicate = (icmp_ln483)> <Delay = 0.00> <CoreInst = "LogicGate">   --->   Core 74 'LogicGate' <Latency = 0> <II = 1> <Delay = 0.28> <FuncUnit> <Opcode : 'and' 'or' 'xor'> <InPorts = 2> <OutPorts = 1>
ST_2 : Operation 28 [1/1] (0.28ns) (out node of the LUT)   --->   "%and_ln524_1 = and i1 %and_ln524, i1 %or_ln524" [MHGD_accel.c:524]   --->   Operation 28 'and' 'and_ln524_1' <Predicate = (icmp_ln483)> <Delay = 0.28> <CoreInst = "LogicGate">   --->   Core 74 'LogicGate' <Latency = 0> <II = 1> <Delay = 0.28> <FuncUnit> <Opcode : 'and' 'or' 'xor'> <InPorts = 2> <OutPorts = 1>
ST_2 : Operation 29 [1/1] (0.42ns)   --->   "%br_ln524 = br i1 %and_ln524_1, void %for.inc124, void %for.inc.i214.exitStub" [MHGD_accel.c:524]   --->   Operation 29 'br' 'br_ln524' <Predicate = (icmp_ln483)> <Delay = 0.42>
ST_2 : Operation 30 [1/1] (0.42ns)   --->   "%store_ln483 = store i31 %add_ln483, i31 %k" [MHGD_accel.c:483]   --->   Operation 30 'store' 'store_ln483' <Predicate = (icmp_ln483 & !and_ln524_1)> <Delay = 0.42>
ST_2 : Operation 31 [1/1] (0.00ns)   --->   "%br_ln483 = br void %VITIS_LOOP_494_4" [MHGD_accel.c:483]   --->   Operation 31 'br' 'br_ln483' <Predicate = (icmp_ln483 & !and_ln524_1)> <Delay = 0.00>
ST_2 : Operation 32 [1/1] (0.00ns) (grouped into LUT with out node ret_ln0)   --->   "%merge = phi i1 1, void %VITIS_LOOP_494_4, i1 0, void %VITIS_LOOP_494_4.split"   --->   Operation 32 'phi' 'merge' <Predicate = (and_ln524_1) | (!icmp_ln483)> <Delay = 0.00>
ST_2 : Operation 33 [1/1] (0.42ns) (out node of the LUT)   --->   "%ret_ln0 = ret i1 %merge"   --->   Operation 33 'ret' 'ret_ln0' <Predicate = (and_ln524_1) | (!icmp_ln483)> <Delay = 0.42>


============================================================
+ Verbose Summary: Binding
============================================================
STG Binding: 
---------------- STG Properties BEGIN ----------------
- Is combinational: 0
- Is one-state seq: 0
- Is datapath-only: 0
- Is pipelined: 0
- Is top level: 0
Port [ Return ] is wired: 1; IO mode=ap_ctrl_hs:ce=0
Port [ iter]:  wired=1; compound=0; hidden=0; nouse=0; global=0; static=0; extern=0; dir=0; type=0; pingpong=0; private_global=0; IO mode=ap_none:ce=0
Port [ bitcast_ln524]:  wired=1; compound=0; hidden=0; nouse=0; global=0; static=0; extern=0; dir=0; type=0; pingpong=0; private_global=0; IO mode=ap_none:ce=0
Port [ empty]:  wired=1; compound=0; hidden=0; nouse=0; global=0; static=0; extern=0; dir=0; type=0; pingpong=0; private_global=0; IO mode=ap_none:ce=0
Port [ p_acc]:  wired=1; compound=0; hidden=0; nouse=0; global=0; static=0; extern=0; dir=0; type=0; pingpong=0; private_global=0; IO mode=ap_none:ce=0
Port [ icmp_ln449]:  wired=1; compound=0; hidden=0; nouse=0; global=0; static=0; extern=0; dir=0; type=0; pingpong=0; private_global=0; IO mode=ap_none:ce=0
---------------- STG Properties END ------------------

---------------- Datapath Model BEGIN ----------------

<LifeTime>
<method=bitvector/>
k                       (alloca           ) [ 011]
icmp_ln449_read         (read             ) [ 001]
p_acc_read              (read             ) [ 001]
tmp_2                   (read             ) [ 000]
bitcast_ln524_read      (read             ) [ 000]
iter_read               (read             ) [ 000]
store_ln0               (store            ) [ 000]
br_ln0                  (br               ) [ 000]
k_load                  (load             ) [ 000]
zext_ln483              (zext             ) [ 000]
icmp_ln483              (icmp             ) [ 011]
add_ln483               (add              ) [ 001]
br_ln483                (br               ) [ 011]
tmp                     (partselect       ) [ 000]
icmp_ln524              (icmp             ) [ 001]
icmp_ln524_1            (icmp             ) [ 001]
specpipeline_ln486      (specpipeline     ) [ 000]
speclooptripcount_ln485 (speclooptripcount) [ 000]
specloopname_ln483      (specloopname     ) [ 000]
or_ln524                (or               ) [ 000]
tmp_1                   (fcmp             ) [ 000]
and_ln524               (and              ) [ 000]
and_ln524_1             (and              ) [ 001]
br_ln524                (br               ) [ 000]
store_ln483             (store            ) [ 000]
br_ln483                (br               ) [ 000]
merge                   (phi              ) [ 001]
ret_ln0                 (ret              ) [ 000]
</LifeTime>

<model>

<comp_list>
<comp id="0" class="1000" name="iter">
<pin_list>
<pin id="1" dir="1" index="0" bw="1" slack="0"/>
</pin_list>
<bind>
<StgValue><ssdm name="iter"/></StgValue>
</bind>
</comp>

<comp id="2" class="1000" name="bitcast_ln524">
<pin_list>
<pin id="3" dir="1" index="0" bw="1" slack="0"/>
</pin_list>
<bind>
<StgValue><ssdm name="bitcast_ln524"/></StgValue>
</bind>
</comp>

<comp id="4" class="1000" name="empty">
<pin_list>
<pin id="5" dir="1" index="0" bw="1" slack="0"/>
</pin_list>
<bind>
<StgValue><ssdm name="empty"/></StgValue>
</bind>
</comp>

<comp id="6" class="1000" name="p_acc">
<pin_list>
<pin id="7" dir="1" index="0" bw="1" slack="0"/>
</pin_list>
<bind>
<StgValue><ssdm name="p_acc"/></StgValue>
</bind>
</comp>

<comp id="8" class="1000" name="icmp_ln449">
<pin_list>
<pin id="9" dir="1" index="0" bw="1" slack="0"/>
</pin_list>
<bind>
<StgValue><ssdm name="icmp_ln449"/></StgValue>
</bind>
</comp>

<comp id="10" class="1001" name="const_10">
<pin_list>
<pin id="11" dir="1" index="0" bw="1" slack="0"/>
</pin_list>
<bind>
<StgValue><ssdm name=""/></StgValue>
</bind>
</comp>

<comp id="12" class="1001" name="const_12">
<pin_list>
<pin id="13" dir="1" index="0" bw="1" slack="0"/>
</pin_list>
<bind>
<StgValue><ssdm name="_ssdm_op_Read.ap_auto.i1"/></StgValue>
</bind>
</comp>

<comp id="14" class="1001" name="const_14">
<pin_list>
<pin id="15" dir="1" index="0" bw="1" slack="0"/>
</pin_list>
<bind>
<StgValue><ssdm name="_ssdm_op_Read.ap_auto.float"/></StgValue>
</bind>
</comp>

<comp id="16" class="1001" name="const_16">
<pin_list>
<pin id="17" dir="1" index="0" bw="1" slack="0"/>
</pin_list>
<bind>
<StgValue><ssdm name="_ssdm_op_Read.ap_auto.i23"/></StgValue>
</bind>
</comp>

<comp id="18" class="1001" name="const_18">
<pin_list>
<pin id="19" dir="1" index="0" bw="1" slack="0"/>
</pin_list>
<bind>
<StgValue><ssdm name="_ssdm_op_Read.ap_auto.i31"/></StgValue>
</bind>
</comp>

<comp id="20" class="1001" name="const_20">
<pin_list>
<pin id="21" dir="1" index="0" bw="1" slack="0"/>
</pin_list>
<bind>
<StgValue><ssdm name="_ssdm_op_Read.ap_auto.i32"/></StgValue>
</bind>
</comp>

<comp id="22" class="1001" name="const_22">
<pin_list>
<pin id="23" dir="1" index="0" bw="1" slack="0"/>
</pin_list>
<bind>
<StgValue><ssdm name=""/></StgValue>
</bind>
</comp>

<comp id="24" class="1001" name="const_24">
<pin_list>
<pin id="25" dir="1" index="0" bw="1" slack="0"/>
</pin_list>
<bind>
<StgValue><ssdm name=""/></StgValue>
</bind>
</comp>

<comp id="26" class="1001" name="const_26">
<pin_list>
<pin id="27" dir="1" index="0" bw="1" slack="0"/>
</pin_list>
<bind>
<StgValue><ssdm name="_ssdm_op_PartSelect.i8.i31.i32.i32"/></StgValue>
</bind>
</comp>

<comp id="28" class="1001" name="const_28">
<pin_list>
<pin id="29" dir="1" index="0" bw="1" slack="0"/>
</pin_list>
<bind>
<StgValue><ssdm name=""/></StgValue>
</bind>
</comp>

<comp id="30" class="1001" name="const_30">
<pin_list>
<pin id="31" dir="1" index="0" bw="1" slack="0"/>
</pin_list>
<bind>
<StgValue><ssdm name=""/></StgValue>
</bind>
</comp>

<comp id="32" class="1001" name="const_32">
<pin_list>
<pin id="33" dir="1" index="0" bw="1" slack="0"/>
</pin_list>
<bind>
<StgValue><ssdm name=""/></StgValue>
</bind>
</comp>

<comp id="34" class="1001" name="const_34">
<pin_list>
<pin id="35" dir="1" index="0" bw="1" slack="0"/>
</pin_list>
<bind>
<StgValue><ssdm name=""/></StgValue>
</bind>
</comp>

<comp id="36" class="1001" name="const_36">
<pin_list>
<pin id="37" dir="1" index="0" bw="1" slack="0"/>
</pin_list>
<bind>
<StgValue><ssdm name=""/></StgValue>
</bind>
</comp>

<comp id="38" class="1001" name="const_38">
<pin_list>
<pin id="39" dir="1" index="0" bw="1" slack="2147483647"/>
</pin_list>
<bind>
<StgValue><ssdm name="_ssdm_op_SpecPipeline"/></StgValue>
</bind>
</comp>

<comp id="40" class="1001" name="const_40">
<pin_list>
<pin id="41" dir="1" index="0" bw="1" slack="2147483647"/>
</pin_list>
<bind>
<StgValue><ssdm name=""/></StgValue>
</bind>
</comp>

<comp id="42" class="1001" name="const_42">
<pin_list>
<pin id="43" dir="1" index="0" bw="1" slack="2147483647"/>
</pin_list>
<bind>
<StgValue><ssdm name="empty_0"/></StgValue>
</bind>
</comp>

<comp id="44" class="1001" name="const_44">
<pin_list>
<pin id="45" dir="1" index="0" bw="1" slack="2147483647"/>
</pin_list>
<bind>
<StgValue><ssdm name="_ssdm_op_SpecLoopTripCount"/></StgValue>
</bind>
</comp>

<comp id="46" class="1001" name="const_46">
<pin_list>
<pin id="47" dir="1" index="0" bw="1" slack="2147483647"/>
</pin_list>
<bind>
<StgValue><ssdm name=""/></StgValue>
</bind>
</comp>

<comp id="48" class="1001" name="const_48">
<pin_list>
<pin id="49" dir="1" index="0" bw="1" slack="2147483647"/>
</pin_list>
<bind>
<StgValue><ssdm name=""/></StgValue>
</bind>
</comp>

<comp id="50" class="1001" name="const_50">
<pin_list>
<pin id="51" dir="1" index="0" bw="1" slack="2147483647"/>
</pin_list>
<bind>
<StgValue><ssdm name=""/></StgValue>
</bind>
</comp>

<comp id="52" class="1001" name="const_52">
<pin_list>
<pin id="53" dir="1" index="0" bw="1" slack="2147483647"/>
</pin_list>
<bind>
<StgValue><ssdm name="_ssdm_op_SpecLoopName"/></StgValue>
</bind>
</comp>

<comp id="54" class="1001" name="const_54">
<pin_list>
<pin id="55" dir="1" index="0" bw="1" slack="2147483647"/>
</pin_list>
<bind>
<StgValue><ssdm name="empty_3"/></StgValue>
</bind>
</comp>

<comp id="56" class="1001" name="const_56">
<pin_list>
<pin id="57" dir="1" index="0" bw="1" slack="1"/>
</pin_list>
<bind>
<StgValue><ssdm name=""/></StgValue>
</bind>
</comp>

<comp id="58" class="1001" name="const_58">
<pin_list>
<pin id="59" dir="1" index="0" bw="1" slack="0"/>
</pin_list>
<bind>
<StgValue><ssdm name=""/></StgValue>
</bind>
</comp>

<comp id="60" class="1004" name="k_fu_60">
<pin_list>
<pin id="61" dir="0" index="0" bw="1" slack="0"/>
<pin id="62" dir="1" index="1" bw="31" slack="0"/>
</pin_list>
<bind>
<opcode="alloca(26) " fcode="alloca"/>
<opset="k/1 "/>
</bind>
</comp>

<comp id="64" class="1004" name="icmp_ln449_read_read_fu_64">
<pin_list>
<pin id="65" dir="0" index="0" bw="1" slack="0"/>
<pin id="66" dir="0" index="1" bw="1" slack="0"/>
<pin id="67" dir="1" index="2" bw="1" slack="1"/>
</pin_list>
<bind>
<opcode="read(1150) " fcode="read"/>
<opset="icmp_ln449_read/1 "/>
</bind>
</comp>

<comp id="70" class="1004" name="p_acc_read_read_fu_70">
<pin_list>
<pin id="71" dir="0" index="0" bw="32" slack="0"/>
<pin id="72" dir="0" index="1" bw="32" slack="0"/>
<pin id="73" dir="1" index="2" bw="32" slack="0"/>
</pin_list>
<bind>
<opcode="read(1150) " fcode="read"/>
<opset="p_acc_read/1 "/>
</bind>
</comp>

<comp id="76" class="1004" name="tmp_2_read_fu_76">
<pin_list>
<pin id="77" dir="0" index="0" bw="23" slack="0"/>
<pin id="78" dir="0" index="1" bw="23" slack="0"/>
<pin id="79" dir="1" index="2" bw="23" slack="0"/>
</pin_list>
<bind>
<opcode="read(1150) " fcode="read"/>
<opset="tmp_2/1 "/>
</bind>
</comp>

<comp id="82" class="1004" name="bitcast_ln524_read_read_fu_82">
<pin_list>
<pin id="83" dir="0" index="0" bw="31" slack="0"/>
<pin id="84" dir="0" index="1" bw="31" slack="0"/>
<pin id="85" dir="1" index="2" bw="31" slack="0"/>
</pin_list>
<bind>
<opcode="read(1150) " fcode="read"/>
<opset="bitcast_ln524_read/1 "/>
</bind>
</comp>

<comp id="88" class="1004" name="iter_read_read_fu_88">
<pin_list>
<pin id="89" dir="0" index="0" bw="32" slack="0"/>
<pin id="90" dir="0" index="1" bw="32" slack="0"/>
<pin id="91" dir="1" index="2" bw="32" slack="0"/>
</pin_list>
<bind>
<opcode="read(1150) " fcode="read"/>
<opset="iter_read/1 "/>
</bind>
</comp>

<comp id="94" class="1005" name="merge_reg_94">
<pin_list>
<pin id="95" dir="0" index="0" bw="1" slack="1"/>
<pin id="96" dir="1" index="1" bw="1" slack="1"/>
</pin_list>
<bind>
<opset="merge (phireg) "/>
</bind>
</comp>

<comp id="98" class="1004" name="merge_phi_fu_98">
<pin_list>
<pin id="99" dir="0" index="0" bw="1" slack="1"/>
<pin id="100" dir="0" index="1" bw="0" slack="2147483647"/>
<pin id="101" dir="0" index="2" bw="1" slack="0"/>
<pin id="102" dir="0" index="3" bw="0" slack="2147483647"/>
<pin id="103" dir="1" index="4" bw="1" slack="2147483647"/>
</pin_list>
<bind>
<opcode="phi(47) " fcode="phi"/>
<opset="merge/2 "/>
</bind>
</comp>

<comp id="106" class="1004" name="grp_fu_106">
<pin_list>
<pin id="107" dir="0" index="0" bw="32" slack="0"/>
<pin id="108" dir="0" index="1" bw="32" slack="0"/>
<pin id="109" dir="1" index="2" bw="1" slack="0"/>
</pin_list>
<bind>
<opcode="fcmp(46) " fcode="fcmp"/>
<opset="tmp_1/1 "/>
</bind>
</comp>

<comp id="112" class="1004" name="store_ln0_store_fu_112">
<pin_list>
<pin id="113" dir="0" index="0" bw="1" slack="0"/>
<pin id="114" dir="0" index="1" bw="31" slack="0"/>
<pin id="115" dir="1" index="2" bw="0" slack="2147483647"/>
</pin_list>
<bind>
<opcode="store(28) " fcode="store"/>
<opset="store_ln0/1 "/>
</bind>
</comp>

<comp id="117" class="1004" name="k_load_load_fu_117">
<pin_list>
<pin id="118" dir="0" index="0" bw="31" slack="0"/>
<pin id="119" dir="1" index="1" bw="31" slack="0"/>
</pin_list>
<bind>
<opcode="load(27) " fcode="load"/>
<opset="k_load/1 "/>
</bind>
</comp>

<comp id="120" class="1004" name="zext_ln483_fu_120">
<pin_list>
<pin id="121" dir="0" index="0" bw="31" slack="0"/>
<pin id="122" dir="1" index="1" bw="32" slack="0"/>
</pin_list>
<bind>
<opcode="zext(34) " fcode="zext"/>
<opset="zext_ln483/1 "/>
</bind>
</comp>

<comp id="124" class="1004" name="icmp_ln483_fu_124">
<pin_list>
<pin id="125" dir="0" index="0" bw="32" slack="0"/>
<pin id="126" dir="0" index="1" bw="32" slack="0"/>
<pin id="127" dir="1" index="2" bw="1" slack="1"/>
</pin_list>
<bind>
<opcode="icmp(45) " fcode="icmp"/>
<opset="icmp_ln483/1 "/>
</bind>
</comp>

<comp id="130" class="1004" name="add_ln483_fu_130">
<pin_list>
<pin id="131" dir="0" index="0" bw="31" slack="0"/>
<pin id="132" dir="0" index="1" bw="1" slack="0"/>
<pin id="133" dir="1" index="2" bw="31" slack="1"/>
</pin_list>
<bind>
<opcode="add(8) " fcode="add"/>
<opset="add_ln483/1 "/>
</bind>
</comp>

<comp id="136" class="1004" name="tmp_fu_136">
<pin_list>
<pin id="137" dir="0" index="0" bw="8" slack="0"/>
<pin id="138" dir="0" index="1" bw="31" slack="0"/>
<pin id="139" dir="0" index="2" bw="6" slack="0"/>
<pin id="140" dir="0" index="3" bw="6" slack="0"/>
<pin id="141" dir="1" index="4" bw="8" slack="0"/>
</pin_list>
<bind>
<opcode="partselect(1002) " fcode="partselect"/>
<opset="tmp/1 "/>
</bind>
</comp>

<comp id="146" class="1004" name="icmp_ln524_fu_146">
<pin_list>
<pin id="147" dir="0" index="0" bw="8" slack="0"/>
<pin id="148" dir="0" index="1" bw="8" slack="0"/>
<pin id="149" dir="1" index="2" bw="1" slack="1"/>
</pin_list>
<bind>
<opcode="icmp(45) " fcode="icmp"/>
<opset="icmp_ln524/1 "/>
</bind>
</comp>

<comp id="152" class="1004" name="icmp_ln524_1_fu_152">
<pin_list>
<pin id="153" dir="0" index="0" bw="23" slack="0"/>
<pin id="154" dir="0" index="1" bw="23" slack="0"/>
<pin id="155" dir="1" index="2" bw="1" slack="1"/>
</pin_list>
<bind>
<opcode="icmp(45) " fcode="icmp"/>
<opset="icmp_ln524_1/1 "/>
</bind>
</comp>

<comp id="158" class="1004" name="or_ln524_fu_158">
<pin_list>
<pin id="159" dir="0" index="0" bw="1" slack="1"/>
<pin id="160" dir="0" index="1" bw="1" slack="1"/>
<pin id="161" dir="1" index="2" bw="1" slack="0"/>
</pin_list>
<bind>
<opcode="or(24) " fcode="or"/>
<opset="or_ln524/2 "/>
</bind>
</comp>

<comp id="162" class="1004" name="and_ln524_fu_162">
<pin_list>
<pin id="163" dir="0" index="0" bw="1" slack="1"/>
<pin id="164" dir="0" index="1" bw="1" slack="0"/>
<pin id="165" dir="1" index="2" bw="1" slack="0"/>
</pin_list>
<bind>
<opcode="and(23) " fcode="and"/>
<opset="and_ln524/2 "/>
</bind>
</comp>

<comp id="167" class="1004" name="and_ln524_1_fu_167">
<pin_list>
<pin id="168" dir="0" index="0" bw="1" slack="0"/>
<pin id="169" dir="0" index="1" bw="1" slack="0"/>
<pin id="170" dir="1" index="2" bw="1" slack="2147483647"/>
</pin_list>
<bind>
<opcode="and(23) " fcode="and"/>
<opset="and_ln524_1/2 "/>
</bind>
</comp>

<comp id="173" class="1004" name="store_ln483_store_fu_173">
<pin_list>
<pin id="174" dir="0" index="0" bw="31" slack="1"/>
<pin id="175" dir="0" index="1" bw="31" slack="1"/>
<pin id="176" dir="1" index="2" bw="0" slack="2147483647"/>
</pin_list>
<bind>
<opcode="store(28) " fcode="store"/>
<opset="store_ln483/2 "/>
</bind>
</comp>

<comp id="177" class="1005" name="k_reg_177">
<pin_list>
<pin id="178" dir="0" index="0" bw="31" slack="0"/>
<pin id="179" dir="1" index="1" bw="31" slack="0"/>
</pin_list>
<bind>
<opset="k "/>
</bind>
</comp>

<comp id="184" class="1005" name="icmp_ln449_read_reg_184">
<pin_list>
<pin id="185" dir="0" index="0" bw="1" slack="1"/>
<pin id="186" dir="1" index="1" bw="1" slack="1"/>
</pin_list>
<bind>
<opset="icmp_ln449_read "/>
</bind>
</comp>

<comp id="189" class="1005" name="p_acc_read_reg_189">
<pin_list>
<pin id="190" dir="0" index="0" bw="32" slack="1"/>
<pin id="191" dir="1" index="1" bw="32" slack="1"/>
</pin_list>
<bind>
<opset="p_acc_read "/>
</bind>
</comp>

<comp id="194" class="1005" name="icmp_ln483_reg_194">
<pin_list>
<pin id="195" dir="0" index="0" bw="1" slack="1"/>
<pin id="196" dir="1" index="1" bw="1" slack="2147483647"/>
</pin_list>
<bind>
<opset="icmp_ln483 "/>
</bind>
</comp>

<comp id="198" class="1005" name="add_ln483_reg_198">
<pin_list>
<pin id="199" dir="0" index="0" bw="31" slack="1"/>
<pin id="200" dir="1" index="1" bw="31" slack="1"/>
</pin_list>
<bind>
<opset="add_ln483 "/>
</bind>
</comp>

<comp id="203" class="1005" name="icmp_ln524_reg_203">
<pin_list>
<pin id="204" dir="0" index="0" bw="1" slack="1"/>
<pin id="205" dir="1" index="1" bw="1" slack="1"/>
</pin_list>
<bind>
<opset="icmp_ln524 "/>
</bind>
</comp>

<comp id="208" class="1005" name="icmp_ln524_1_reg_208">
<pin_list>
<pin id="209" dir="0" index="0" bw="1" slack="1"/>
<pin id="210" dir="1" index="1" bw="1" slack="1"/>
</pin_list>
<bind>
<opset="icmp_ln524_1 "/>
</bind>
</comp>

</comp_list>

<net_list>
<net id="63"><net_src comp="10" pin="0"/><net_sink comp="60" pin=0"/></net>

<net id="68"><net_src comp="12" pin="0"/><net_sink comp="64" pin=0"/></net>

<net id="69"><net_src comp="8" pin="0"/><net_sink comp="64" pin=1"/></net>

<net id="74"><net_src comp="14" pin="0"/><net_sink comp="70" pin=0"/></net>

<net id="75"><net_src comp="6" pin="0"/><net_sink comp="70" pin=1"/></net>

<net id="80"><net_src comp="16" pin="0"/><net_sink comp="76" pin=0"/></net>

<net id="81"><net_src comp="4" pin="0"/><net_sink comp="76" pin=1"/></net>

<net id="86"><net_src comp="18" pin="0"/><net_sink comp="82" pin=0"/></net>

<net id="87"><net_src comp="2" pin="0"/><net_sink comp="82" pin=1"/></net>

<net id="92"><net_src comp="20" pin="0"/><net_sink comp="88" pin=0"/></net>

<net id="93"><net_src comp="0" pin="0"/><net_sink comp="88" pin=1"/></net>

<net id="97"><net_src comp="56" pin="0"/><net_sink comp="94" pin=0"/></net>

<net id="104"><net_src comp="94" pin="1"/><net_sink comp="98" pin=0"/></net>

<net id="105"><net_src comp="58" pin="0"/><net_sink comp="98" pin=2"/></net>

<net id="110"><net_src comp="70" pin="2"/><net_sink comp="106" pin=0"/></net>

<net id="111"><net_src comp="36" pin="0"/><net_sink comp="106" pin=1"/></net>

<net id="116"><net_src comp="22" pin="0"/><net_sink comp="112" pin=0"/></net>

<net id="123"><net_src comp="117" pin="1"/><net_sink comp="120" pin=0"/></net>

<net id="128"><net_src comp="120" pin="1"/><net_sink comp="124" pin=0"/></net>

<net id="129"><net_src comp="88" pin="2"/><net_sink comp="124" pin=1"/></net>

<net id="134"><net_src comp="117" pin="1"/><net_sink comp="130" pin=0"/></net>

<net id="135"><net_src comp="24" pin="0"/><net_sink comp="130" pin=1"/></net>

<net id="142"><net_src comp="26" pin="0"/><net_sink comp="136" pin=0"/></net>

<net id="143"><net_src comp="82" pin="2"/><net_sink comp="136" pin=1"/></net>

<net id="144"><net_src comp="28" pin="0"/><net_sink comp="136" pin=2"/></net>

<net id="145"><net_src comp="30" pin="0"/><net_sink comp="136" pin=3"/></net>

<net id="150"><net_src comp="136" pin="4"/><net_sink comp="146" pin=0"/></net>

<net id="151"><net_src comp="32" pin="0"/><net_sink comp="146" pin=1"/></net>

<net id="156"><net_src comp="76" pin="2"/><net_sink comp="152" pin=0"/></net>

<net id="157"><net_src comp="34" pin="0"/><net_sink comp="152" pin=1"/></net>

<net id="166"><net_src comp="106" pin="2"/><net_sink comp="162" pin=1"/></net>

<net id="171"><net_src comp="162" pin="2"/><net_sink comp="167" pin=0"/></net>

<net id="172"><net_src comp="158" pin="2"/><net_sink comp="167" pin=1"/></net>

<net id="180"><net_src comp="60" pin="1"/><net_sink comp="177" pin=0"/></net>

<net id="181"><net_src comp="177" pin="1"/><net_sink comp="112" pin=1"/></net>

<net id="182"><net_src comp="177" pin="1"/><net_sink comp="117" pin=0"/></net>

<net id="183"><net_src comp="177" pin="1"/><net_sink comp="173" pin=1"/></net>

<net id="187"><net_src comp="64" pin="2"/><net_sink comp="184" pin=0"/></net>

<net id="188"><net_src comp="184" pin="1"/><net_sink comp="162" pin=0"/></net>

<net id="192"><net_src comp="70" pin="2"/><net_sink comp="189" pin=0"/></net>

<net id="193"><net_src comp="189" pin="1"/><net_sink comp="106" pin=0"/></net>

<net id="197"><net_src comp="124" pin="2"/><net_sink comp="194" pin=0"/></net>

<net id="201"><net_src comp="130" pin="2"/><net_sink comp="198" pin=0"/></net>

<net id="202"><net_src comp="198" pin="1"/><net_sink comp="173" pin=0"/></net>

<net id="206"><net_src comp="146" pin="2"/><net_sink comp="203" pin=0"/></net>

<net id="207"><net_src comp="203" pin="1"/><net_sink comp="158" pin=1"/></net>

<net id="211"><net_src comp="152" pin="2"/><net_sink comp="208" pin=0"/></net>

<net id="212"><net_src comp="208" pin="1"/><net_sink comp="158" pin=0"/></net>

</net_list>

</model> 
---------------- Datapath Model END ------------------

* FSMD analyzer results:
  - Output states:
 - Input state : 
	Port: MHGD_detect_accel_Pipeline_VITIS_LOOP_483_3 : iter | {1 }
	Port: MHGD_detect_accel_Pipeline_VITIS_LOOP_483_3 : bitcast_ln524 | {1 }
	Port: MHGD_detect_accel_Pipeline_VITIS_LOOP_483_3 : empty | {1 }
	Port: MHGD_detect_accel_Pipeline_VITIS_LOOP_483_3 : p_acc | {1 }
	Port: MHGD_detect_accel_Pipeline_VITIS_LOOP_483_3 : icmp_ln449 | {1 }
  - Chain level:
	State 1
		store_ln0 : 1
		k_load : 1
		zext_ln483 : 2
		icmp_ln483 : 3
		add_ln483 : 2
		br_ln483 : 4
		icmp_ln524 : 1
	State 2
		and_ln524 : 1
		and_ln524_1 : 1
		br_ln524 : 1
		merge : 2
		ret_ln0 : 3


============================================================
+ Verbose Summary: Datapath Resource usage 
============================================================

* Functional unit list:
|----------|-------------------------------|---------|---------|
| Operation|        Functional Unit        |    FF   |   LUT   |
|----------|-------------------------------|---------|---------|
|          |       icmp_ln483_fu_124       |    0    |    39   |
|   icmp   |       icmp_ln524_fu_146       |    0    |    15   |
|          |      icmp_ln524_1_fu_152      |    0    |    30   |
|----------|-------------------------------|---------|---------|
|    add   |        add_ln483_fu_130       |    0    |    38   |
|----------|-------------------------------|---------|---------|
|    and   |        and_ln524_fu_162       |    0    |    2    |
|          |       and_ln524_1_fu_167      |    0    |    2    |
|----------|-------------------------------|---------|---------|
|    or    |        or_ln524_fu_158        |    0    |    2    |
|----------|-------------------------------|---------|---------|
|          |   icmp_ln449_read_read_fu_64  |    0    |    0    |
|          |     p_acc_read_read_fu_70     |    0    |    0    |
|   read   |        tmp_2_read_fu_76       |    0    |    0    |
|          | bitcast_ln524_read_read_fu_82 |    0    |    0    |
|          |      iter_read_read_fu_88     |    0    |    0    |
|----------|-------------------------------|---------|---------|
|   fcmp   |           grp_fu_106          |    0    |    0    |
|----------|-------------------------------|---------|---------|
|   zext   |       zext_ln483_fu_120       |    0    |    0    |
|----------|-------------------------------|---------|---------|
|partselect|           tmp_fu_136          |    0    |    0    |
|----------|-------------------------------|---------|---------|
|   Total  |                               |    0    |   128   |
|----------|-------------------------------|---------|---------|

Memories:
N/A

* Register list:
+-----------------------+--------+
|                       |   FF   |
+-----------------------+--------+
|   add_ln483_reg_198   |   31   |
|icmp_ln449_read_reg_184|    1   |
|   icmp_ln483_reg_194  |    1   |
|  icmp_ln524_1_reg_208 |    1   |
|   icmp_ln524_reg_203  |    1   |
|       k_reg_177       |   31   |
|      merge_reg_94     |    1   |
|   p_acc_read_reg_189  |   32   |
+-----------------------+--------+
|         Total         |   99   |
+-----------------------+--------+

* Multiplexer (MUX) list: 
|------------|------|------|------|--------||---------||---------||---------|
|    Comp    |  Pin | Size |  BW  | S x BW ||  Delay  ||    FF   ||   LUT   |
|------------|------|------|------|--------||---------||---------||---------|
| grp_fu_106 |  p0  |   2  |  32  |   64   ||    0    ||    9    |
|------------|------|------|------|--------||---------||---------||---------|
|    Total   |      |      |      |   64   ||  0.427  ||    0    ||    9    |
|------------|------|------|------|--------||---------||---------||---------|



* Summary:
+-----------+--------+--------+--------+
|           |  Delay |   FF   |   LUT  |
+-----------+--------+--------+--------+
|  Function |    -   |    0   |   128  |
|   Memory  |    -   |    -   |    -   |
|Multiplexer|    0   |    0   |    9   |
|  Register |    -   |   99   |    -   |
+-----------+--------+--------+--------+
|   Total   |    0   |   99   |   137  |
+-----------+--------+--------+--------+
