

================================================================
== Vitis HLS Report for 'MHGD_detect_accel'
================================================================
* Date:           Tue Apr  1 14:56:51 2025

* Version:        2024.2 (Build 5238294 on Nov  8 2024)
* Project:        component_perfect_loop_hls
* Solution:       hls (Vivado IP Flow Target)
* Product family: zynquplus
* Target device:  xck26-sfvc784-2LV-c


================================================================
== Performance Estimates
================================================================
+ Timing: 
    * Summary: 
    +--------+----------+----------+------------+
    |  Clock |  Target  | Estimated| Uncertainty|
    +--------+----------+----------+------------+
    |ap_clk  |  10.00 ns|  6.910 ns|     2.70 ns|
    +--------+----------+----------+------------+

+ Latency: 
    * Summary: 
    +---------+---------+-----------+----------+-----+-------+---------+
    |  Latency (cycles) |  Latency (absolute)  |   Interval  | Pipeline|
    |   min   |   max   |    min    |    max   | min |  max  |   Type  |
    +---------+---------+-----------+----------+-----+-------+---------+
    |        1|    30018|  10.000 ns|  0.300 ms|    2|  30019|       no|
    +---------+---------+-----------+----------+-----+-------+---------+

    + Detail: 
        * Instance: 
        +-------------------------------------------------------+---------------------------------------------+---------+---------+----------+----------+-------+-------+------------------------------------------------+
        |                                                       |                                             |  Latency (cycles) |  Latency (absolute) |    Interval   |                    Pipeline                    |
        |                        Instance                       |                    Module                   |   min   |   max   |    min   |    max   |  min  |  max  |                      Type                      |
        +-------------------------------------------------------+---------------------------------------------+---------+---------+----------+----------+-------+-------+------------------------------------------------+
        |grp_MHGD_detect_accel_Pipeline_VITIS_LOOP_483_3_fu_82  |MHGD_detect_accel_Pipeline_VITIS_LOOP_483_3  |    10003|    30003|  0.100 ms|  0.300 ms|  10002|  30002|  loop auto-rewind stp (delay=0 clock cycles(s))|
        +-------------------------------------------------------+---------------------------------------------+---------+---------+----------+----------+-------+-------+------------------------------------------------+

        * Loop: 
        N/A



================================================================
== Utilization Estimates
================================================================
* Summary: 
+-----------------+---------+------+--------+--------+-----+
|       Name      | BRAM_18K|  DSP |   FF   |   LUT  | URAM|
+-----------------+---------+------+--------+--------+-----+
|DSP              |        -|     -|       -|       -|    -|
|Expression       |        -|     -|       0|      82|    -|
|FIFO             |        -|     -|       -|       -|    -|
|Instance         |        -|    26|    1190|    2853|    -|
|Memory           |        -|     -|       -|       -|    -|
|Multiplexer      |        -|     -|       0|      81|    -|
|Register         |        -|     -|     201|       -|    -|
+-----------------+---------+------+--------+--------+-----+
|Total            |        0|    26|    1391|    3016|    0|
+-----------------+---------+------+--------+--------+-----+
|Available        |      288|  1248|  234240|  117120|   64|
+-----------------+---------+------+--------+--------+-----+
|Utilization (%)  |        0|     2|      ~0|       2|    0|
+-----------------+---------+------+--------+--------+-----+

+ Detail: 
    * Instance: 
    +-------------------------------------------------------+---------------------------------------------+---------+----+------+------+-----+
    |                        Instance                       |                    Module                   | BRAM_18K| DSP|  FF  |  LUT | URAM|
    +-------------------------------------------------------+---------------------------------------------+---------+----+------+------+-----+
    |grp_MHGD_detect_accel_Pipeline_VITIS_LOOP_483_3_fu_82  |MHGD_detect_accel_Pipeline_VITIS_LOOP_483_3  |        0|   0|    70|   187|    0|
    |dexp_64ns_64ns_64_13_full_dsp_1_U9                     |dexp_64ns_64ns_64_13_full_dsp_1              |        0|  26|  1120|  2666|    0|
    |fptrunc_64ns_32_2_no_dsp_1_U8                          |fptrunc_64ns_32_2_no_dsp_1                   |        0|   0|     0|     0|    0|
    +-------------------------------------------------------+---------------------------------------------+---------+----+------+------+-----+
    |Total                                                  |                                             |        0|  26|  1190|  2853|    0|
    +-------------------------------------------------------+---------------------------------------------+---------+----+------+------+-----+

    * DSP: 
    N/A

    * Memory: 
    N/A

    * FIFO: 
    N/A

    * Expression: 
    +----------------------------------+----------+----+---+----+------------+------------+
    |           Variable Name          | Operation| DSP| FF| LUT| Bitwidth P0| Bitwidth P1|
    +----------------------------------+----------+----+---+----+------------+------------+
    |and_ln438_fu_113_p2               |       and|   0|  0|   2|           1|           1|
    |ap_block_state16_on_subcall_done  |       and|   0|  0|   2|           1|           1|
    |icmp_ln434_fu_107_p2              |      icmp|   0|  0|  39|          32|           1|
    |icmp_ln449_fu_101_p2              |      icmp|   0|  0|  39|          32|           1|
    +----------------------------------+----------+----+---+----+------------+------------+
    |Total                             |          |   0|  0|  82|          66|           4|
    +----------------------------------+----------+----+---+----+------------+------------+

    * Multiplexer: 
    +-----------+----+-----------+-----+-----------+
    |    Name   | LUT| Input Size| Bits| Total Bits|
    +-----------+----+-----------+-----+-----------+
    |ap_NS_fsm  |  81|         17|    1|         17|
    +-----------+----+-----------+-----+-----------+
    |Total      |  81|         17|    1|         17|
    +-----------+----+-----------+-----+-----------+

    * Register: 
    +--------------------------------------------------------------------+----+----+-----+-----------+
    |                                Name                                | FF | LUT| Bits| Const Bits|
    +--------------------------------------------------------------------+----+----+-----+-----------+
    |and_ln438_reg_143                                                   |   1|   0|    1|          0|
    |ap_CS_fsm                                                           |  16|   0|   16|          0|
    |grp_MHGD_detect_accel_Pipeline_VITIS_LOOP_483_3_fu_82_ap_start_reg  |   1|   0|    1|          0|
    |icmp_ln449_reg_138                                                  |   1|   0|    1|          0|
    |iter_read_reg_133                                                   |  32|   0|   32|          0|
    |p_acc_reg_152                                                       |  32|   0|   32|          0|
    |tmp_s_reg_147                                                       |  64|   0|   64|          0|
    |trunc_ln524_1_reg_162                                               |  23|   0|   23|          0|
    |trunc_ln524_reg_157                                                 |  31|   0|   31|          0|
    +--------------------------------------------------------------------+----+----+-----+-----------+
    |Total                                                               | 201|   0|  201|          0|
    +--------------------------------------------------------------------+----+----+-----+-----------+



================================================================
== Interface
================================================================
* Summary: 
+-----------+-----+-----+------------+-------------------+--------------+
| RTL Ports | Dir | Bits|  Protocol  |   Source Object   |    C Type    |
+-----------+-----+-----+------------+-------------------+--------------+
|ap_clk     |   in|    1|  ap_ctrl_hs|  MHGD_detect_accel|  return value|
|ap_rst     |   in|    1|  ap_ctrl_hs|  MHGD_detect_accel|  return value|
|ap_start   |   in|    1|  ap_ctrl_hs|  MHGD_detect_accel|  return value|
|ap_done    |  out|    1|  ap_ctrl_hs|  MHGD_detect_accel|  return value|
|ap_idle    |  out|    1|  ap_ctrl_hs|  MHGD_detect_accel|  return value|
|ap_ready   |  out|    1|  ap_ctrl_hs|  MHGD_detect_accel|  return value|
|ap_return  |  out|   32|  ap_ctrl_hs|  MHGD_detect_accel|  return value|
|x_hat      |   in|   64|     ap_none|              x_hat|       pointer|
|Nt         |   in|   32|     ap_none|                 Nt|        scalar|
|Nr         |   in|   32|     ap_none|                 Nr|        scalar|
|mu         |   in|   32|     ap_none|                 mu|        scalar|
|H          |   in|   64|     ap_none|                  H|       pointer|
|y          |   in|   64|     ap_none|                  y|       pointer|
|sigma2     |   in|   32|     ap_none|             sigma2|        scalar|
|mmse_init  |   in|   32|     ap_none|          mmse_init|        scalar|
|lr_approx  |   in|   32|     ap_none|          lr_approx|        scalar|
|iter       |   in|   32|     ap_none|               iter|        scalar|
|v_tb       |   in|   64|     ap_none|               v_tb|       pointer|
+-----------+-----+-----+------------+-------------------+--------------+

============================================================
+ Verbose Summary: Synthesis Manager
============================================================
InlineROM: 1
ExposeGlobal: 0
============================================================
+ Verbose Summary: CDFG Model
============================================================
IsTopModel: 1
ResetActiveHigh: 1
IsCombinational: 2
IsDatapathOnly: 2
HasWiredReturn: 1
HasMFsm: 0
HasVarLatency: 1
IsPipeline: 0
IsRtlPipelined: 0
IsInstanceOverlapped: 0
IsDontTouch: 0
HasImplIP: 0
IsGatedGlobalClock: 0


============================================================
+ Verbose Summary: Schedule
============================================================
* Number of FSM states : 16
* Pipeline : 0
* Dataflow Pipeline: 0

* FSM state transitions: 
1 --> 2 16 
2 --> 3 
3 --> 4 
4 --> 5 
5 --> 6 
6 --> 7 
7 --> 8 
8 --> 9 
9 --> 10 
10 --> 11 
11 --> 12 
12 --> 13 
13 --> 14 
14 --> 15 
15 --> 16 
16 --> 

* FSM state operations: 

State 1 <SV = 0> <Delay = 6.91>
ST_1 : Operation 17 [1/1] (0.00ns)   --->   "%specbitsmap_ln0 = specbitsmap void @_ssdm_op_SpecBitsMap, i32 0"   --->   Operation 17 'specbitsmap' 'specbitsmap_ln0' <Predicate = true> <Delay = 0.00>
ST_1 : Operation 18 [1/1] (0.00ns)   --->   "%spectopmodule_ln214 = spectopmodule void @_ssdm_op_SpecTopModule, void @empty_1" [MHGD_accel.c:214]   --->   Operation 18 'spectopmodule' 'spectopmodule_ln214' <Predicate = true> <Delay = 0.00>
ST_1 : Operation 19 [1/1] (0.00ns)   --->   "%specbitsmap_ln0 = specbitsmap void @_ssdm_op_SpecBitsMap, i64 %x_hat"   --->   Operation 19 'specbitsmap' 'specbitsmap_ln0' <Predicate = true> <Delay = 0.00>
ST_1 : Operation 20 [1/1] (0.00ns)   --->   "%specinterface_ln0 = specinterface void @_ssdm_op_SpecInterface, i64 %x_hat, void @empty, i32 0, i32 0, void @empty_0, i32 0, i32 0, void @empty_0, void @empty_0, void @empty_0, i32 0, i32 0, i32 0, i32 0, void @empty_0, void @empty_0, i32 4294967295, i32 0, i32 0"   --->   Operation 20 'specinterface' 'specinterface_ln0' <Predicate = true> <Delay = 0.00>
ST_1 : Operation 21 [1/1] (0.00ns)   --->   "%specbitsmap_ln0 = specbitsmap void @_ssdm_op_SpecBitsMap, i32 %Nt"   --->   Operation 21 'specbitsmap' 'specbitsmap_ln0' <Predicate = true> <Delay = 0.00>
ST_1 : Operation 22 [1/1] (0.00ns)   --->   "%specinterface_ln0 = specinterface void @_ssdm_op_SpecInterface, i32 %Nt, void @empty, i32 0, i32 0, void @empty_0, i32 0, i32 0, void @empty_0, void @empty_0, void @empty_0, i32 0, i32 0, i32 0, i32 0, void @empty_0, void @empty_0, i32 4294967295, i32 0, i32 0"   --->   Operation 22 'specinterface' 'specinterface_ln0' <Predicate = true> <Delay = 0.00>
ST_1 : Operation 23 [1/1] (0.00ns)   --->   "%specbitsmap_ln0 = specbitsmap void @_ssdm_op_SpecBitsMap, i32 %Nr"   --->   Operation 23 'specbitsmap' 'specbitsmap_ln0' <Predicate = true> <Delay = 0.00>
ST_1 : Operation 24 [1/1] (0.00ns)   --->   "%specinterface_ln0 = specinterface void @_ssdm_op_SpecInterface, i32 %Nr, void @empty, i32 0, i32 0, void @empty_0, i32 0, i32 0, void @empty_0, void @empty_0, void @empty_0, i32 0, i32 0, i32 0, i32 0, void @empty_0, void @empty_0, i32 4294967295, i32 0, i32 0"   --->   Operation 24 'specinterface' 'specinterface_ln0' <Predicate = true> <Delay = 0.00>
ST_1 : Operation 25 [1/1] (0.00ns)   --->   "%specbitsmap_ln0 = specbitsmap void @_ssdm_op_SpecBitsMap, i32 %mu"   --->   Operation 25 'specbitsmap' 'specbitsmap_ln0' <Predicate = true> <Delay = 0.00>
ST_1 : Operation 26 [1/1] (0.00ns)   --->   "%specinterface_ln0 = specinterface void @_ssdm_op_SpecInterface, i32 %mu, void @empty, i32 0, i32 0, void @empty_0, i32 0, i32 0, void @empty_0, void @empty_0, void @empty_0, i32 0, i32 0, i32 0, i32 0, void @empty_0, void @empty_0, i32 4294967295, i32 0, i32 0"   --->   Operation 26 'specinterface' 'specinterface_ln0' <Predicate = true> <Delay = 0.00>
ST_1 : Operation 27 [1/1] (0.00ns)   --->   "%specbitsmap_ln0 = specbitsmap void @_ssdm_op_SpecBitsMap, i64 %H"   --->   Operation 27 'specbitsmap' 'specbitsmap_ln0' <Predicate = true> <Delay = 0.00>
ST_1 : Operation 28 [1/1] (0.00ns)   --->   "%specinterface_ln0 = specinterface void @_ssdm_op_SpecInterface, i64 %H, void @empty, i32 0, i32 0, void @empty_0, i32 0, i32 0, void @empty_0, void @empty_0, void @empty_0, i32 0, i32 0, i32 0, i32 0, void @empty_0, void @empty_0, i32 4294967295, i32 0, i32 0"   --->   Operation 28 'specinterface' 'specinterface_ln0' <Predicate = true> <Delay = 0.00>
ST_1 : Operation 29 [1/1] (0.00ns)   --->   "%specbitsmap_ln0 = specbitsmap void @_ssdm_op_SpecBitsMap, i64 %y"   --->   Operation 29 'specbitsmap' 'specbitsmap_ln0' <Predicate = true> <Delay = 0.00>
ST_1 : Operation 30 [1/1] (0.00ns)   --->   "%specinterface_ln0 = specinterface void @_ssdm_op_SpecInterface, i64 %y, void @empty, i32 0, i32 0, void @empty_0, i32 0, i32 0, void @empty_0, void @empty_0, void @empty_0, i32 0, i32 0, i32 0, i32 0, void @empty_0, void @empty_0, i32 4294967295, i32 0, i32 0"   --->   Operation 30 'specinterface' 'specinterface_ln0' <Predicate = true> <Delay = 0.00>
ST_1 : Operation 31 [1/1] (0.00ns)   --->   "%specbitsmap_ln0 = specbitsmap void @_ssdm_op_SpecBitsMap, i32 %sigma2"   --->   Operation 31 'specbitsmap' 'specbitsmap_ln0' <Predicate = true> <Delay = 0.00>
ST_1 : Operation 32 [1/1] (0.00ns)   --->   "%specinterface_ln0 = specinterface void @_ssdm_op_SpecInterface, i32 %sigma2, void @empty, i32 0, i32 0, void @empty_0, i32 0, i32 0, void @empty_0, void @empty_0, void @empty_0, i32 0, i32 0, i32 0, i32 0, void @empty_0, void @empty_0, i32 4294967295, i32 0, i32 0"   --->   Operation 32 'specinterface' 'specinterface_ln0' <Predicate = true> <Delay = 0.00>
ST_1 : Operation 33 [1/1] (0.00ns)   --->   "%specbitsmap_ln0 = specbitsmap void @_ssdm_op_SpecBitsMap, i32 %mmse_init"   --->   Operation 33 'specbitsmap' 'specbitsmap_ln0' <Predicate = true> <Delay = 0.00>
ST_1 : Operation 34 [1/1] (0.00ns)   --->   "%specinterface_ln0 = specinterface void @_ssdm_op_SpecInterface, i32 %mmse_init, void @empty, i32 0, i32 0, void @empty_0, i32 0, i32 0, void @empty_0, void @empty_0, void @empty_0, i32 0, i32 0, i32 0, i32 0, void @empty_0, void @empty_0, i32 4294967295, i32 0, i32 0"   --->   Operation 34 'specinterface' 'specinterface_ln0' <Predicate = true> <Delay = 0.00>
ST_1 : Operation 35 [1/1] (0.00ns)   --->   "%specbitsmap_ln0 = specbitsmap void @_ssdm_op_SpecBitsMap, i32 %lr_approx"   --->   Operation 35 'specbitsmap' 'specbitsmap_ln0' <Predicate = true> <Delay = 0.00>
ST_1 : Operation 36 [1/1] (0.00ns)   --->   "%specinterface_ln0 = specinterface void @_ssdm_op_SpecInterface, i32 %lr_approx, void @empty, i32 0, i32 0, void @empty_0, i32 0, i32 0, void @empty_0, void @empty_0, void @empty_0, i32 0, i32 0, i32 0, i32 0, void @empty_0, void @empty_0, i32 4294967295, i32 0, i32 0"   --->   Operation 36 'specinterface' 'specinterface_ln0' <Predicate = true> <Delay = 0.00>
ST_1 : Operation 37 [1/1] (0.00ns)   --->   "%specbitsmap_ln0 = specbitsmap void @_ssdm_op_SpecBitsMap, i32 %iter"   --->   Operation 37 'specbitsmap' 'specbitsmap_ln0' <Predicate = true> <Delay = 0.00>
ST_1 : Operation 38 [1/1] (0.00ns)   --->   "%specinterface_ln0 = specinterface void @_ssdm_op_SpecInterface, i32 %iter, void @empty, i32 0, i32 0, void @empty_0, i32 0, i32 0, void @empty_0, void @empty_0, void @empty_0, i32 0, i32 0, i32 0, i32 0, void @empty_0, void @empty_0, i32 4294967295, i32 0, i32 0"   --->   Operation 38 'specinterface' 'specinterface_ln0' <Predicate = true> <Delay = 0.00>
ST_1 : Operation 39 [1/1] (0.00ns)   --->   "%specbitsmap_ln0 = specbitsmap void @_ssdm_op_SpecBitsMap, i64 %v_tb"   --->   Operation 39 'specbitsmap' 'specbitsmap_ln0' <Predicate = true> <Delay = 0.00>
ST_1 : Operation 40 [1/1] (0.00ns)   --->   "%specinterface_ln0 = specinterface void @_ssdm_op_SpecInterface, i64 %v_tb, void @empty, i32 0, i32 0, void @empty_0, i32 0, i32 0, void @empty_0, void @empty_0, void @empty_0, i32 0, i32 0, i32 0, i32 0, void @empty_0, void @empty_0, i32 4294967295, i32 0, i32 0"   --->   Operation 40 'specinterface' 'specinterface_ln0' <Predicate = true> <Delay = 0.00>
ST_1 : Operation 41 [1/1] (0.00ns)   --->   "%iter_read = read i32 @_ssdm_op_Read.ap_auto.i32, i32 %iter" [MHGD_accel.c:214]   --->   Operation 41 'read' 'iter_read' <Predicate = true> <Delay = 0.00>
ST_1 : Operation 42 [1/1] (0.00ns)   --->   "%mmse_init_read = read i32 @_ssdm_op_Read.ap_auto.i32, i32 %mmse_init" [MHGD_accel.c:214]   --->   Operation 42 'read' 'mmse_init_read' <Predicate = true> <Delay = 0.00>
ST_1 : Operation 43 [1/1] (0.00ns)   --->   "%Nt_read = read i32 @_ssdm_op_Read.ap_auto.i32, i32 %Nt" [MHGD_accel.c:214]   --->   Operation 43 'read' 'Nt_read' <Predicate = true> <Delay = 0.00>
ST_1 : Operation 44 [1/1] (1.01ns)   --->   "%icmp_ln449 = icmp_sgt  i32 %Nt_read, i32 0" [MHGD_accel.c:449]   --->   Operation 44 'icmp' 'icmp_ln449' <Predicate = true> <Delay = 1.01> <CoreInst = "Cmp">   --->   Core 9 'Cmp' <Latency = 0> <II = 1> <Delay = 1.01> <FuncUnit> <Opcode : 'seteq' 'setne' 'setle' 'setge' 'setlt' 'setgt'> <InPorts = 2> <OutPorts = 1>
ST_1 : Operation 45 [1/1] (1.01ns)   --->   "%icmp_ln434 = icmp_eq  i32 %mmse_init_read, i32 0" [MHGD_accel.c:434]   --->   Operation 45 'icmp' 'icmp_ln434' <Predicate = true> <Delay = 1.01> <CoreInst = "Cmp">   --->   Core 9 'Cmp' <Latency = 0> <II = 1> <Delay = 1.01> <FuncUnit> <Opcode : 'seteq' 'setne' 'setle' 'setge' 'setlt' 'setgt'> <InPorts = 2> <OutPorts = 1>
ST_1 : Operation 46 [1/1] (0.28ns)   --->   "%and_ln438 = and i1 %icmp_ln434, i1 %icmp_ln449" [util.c:438->MHGD_accel.c:448]   --->   Operation 46 'and' 'and_ln438' <Predicate = true> <Delay = 0.28> <CoreInst = "LogicGate">   --->   Core 74 'LogicGate' <Latency = 0> <II = 1> <Delay = 0.28> <FuncUnit> <Opcode : 'and' 'or' 'xor'> <InPorts = 2> <OutPorts = 1>
ST_1 : Operation 47 [1/1] (0.00ns)   --->   "%br_ln434 = br i1 %and_ln438, void %if.end29, void %for.inc26.split" [MHGD_accel.c:434]   --->   Operation 47 'br' 'br_ln434' <Predicate = true> <Delay = 0.00>
ST_1 : Operation 48 [13/13] (6.91ns)   --->   "%tmp_s = dexp i64 @llvm.exp.f64, i64 <undef>" [MHGD_accel.c:521]   --->   Operation 48 'dexp' 'tmp_s' <Predicate = (!and_ln438)> <Delay = 6.91> <CoreInst = "DExp_fulldsp">   --->   Core 42 'DExp_fulldsp' <Latency = 12> <II = 1> <Delay = 6.91> <FuncUnit> <Opcode : 'dexp'> <InPorts = 1> <OutPorts = 1>
ST_1 : Operation 49 [1/1] (0.00ns)   --->   "%specpipeline_ln232 = specpipeline void @_ssdm_op_SpecPipeline, i32 4294967295, i32 0, i32 0, i32 0, void @empty_0" [MHGD_accel.c:232]   --->   Operation 49 'specpipeline' 'specpipeline_ln232' <Predicate = (and_ln438)> <Delay = 0.00>
ST_1 : Operation 50 [1/1] (0.00ns)   --->   "%speclooptripcount_ln451 = speclooptripcount void @_ssdm_op_SpecLoopTripCount, i64 1, i64 10, i64 5" [MHGD_accel.c:451]   --->   Operation 50 'speclooptripcount' 'speclooptripcount_ln451' <Predicate = (and_ln438)> <Delay = 0.00>
ST_1 : Operation 51 [1/1] (0.00ns)   --->   "%specloopname_ln449 = specloopname void @_ssdm_op_SpecLoopName, void @empty_4" [MHGD_accel.c:449]   --->   Operation 51 'specloopname' 'specloopname_ln449' <Predicate = (and_ln438)> <Delay = 0.00>
ST_1 : Operation 52 [1/1] (0.00ns)   --->   "%br_ln0 = br void %UnifiedUnreachableBlock"   --->   Operation 52 'br' 'br_ln0' <Predicate = (and_ln438)> <Delay = 0.00>

State 2 <SV = 1> <Delay = 6.91>
ST_2 : Operation 53 [12/13] (6.91ns)   --->   "%tmp_s = dexp i64 @llvm.exp.f64, i64 <undef>" [MHGD_accel.c:521]   --->   Operation 53 'dexp' 'tmp_s' <Predicate = true> <Delay = 6.91> <CoreInst = "DExp_fulldsp">   --->   Core 42 'DExp_fulldsp' <Latency = 12> <II = 1> <Delay = 6.91> <FuncUnit> <Opcode : 'dexp'> <InPorts = 1> <OutPorts = 1>

State 3 <SV = 2> <Delay = 6.91>
ST_3 : Operation 54 [11/13] (6.91ns)   --->   "%tmp_s = dexp i64 @llvm.exp.f64, i64 <undef>" [MHGD_accel.c:521]   --->   Operation 54 'dexp' 'tmp_s' <Predicate = true> <Delay = 6.91> <CoreInst = "DExp_fulldsp">   --->   Core 42 'DExp_fulldsp' <Latency = 12> <II = 1> <Delay = 6.91> <FuncUnit> <Opcode : 'dexp'> <InPorts = 1> <OutPorts = 1>

State 4 <SV = 3> <Delay = 6.91>
ST_4 : Operation 55 [10/13] (6.91ns)   --->   "%tmp_s = dexp i64 @llvm.exp.f64, i64 <undef>" [MHGD_accel.c:521]   --->   Operation 55 'dexp' 'tmp_s' <Predicate = true> <Delay = 6.91> <CoreInst = "DExp_fulldsp">   --->   Core 42 'DExp_fulldsp' <Latency = 12> <II = 1> <Delay = 6.91> <FuncUnit> <Opcode : 'dexp'> <InPorts = 1> <OutPorts = 1>

State 5 <SV = 4> <Delay = 6.91>
ST_5 : Operation 56 [9/13] (6.91ns)   --->   "%tmp_s = dexp i64 @llvm.exp.f64, i64 <undef>" [MHGD_accel.c:521]   --->   Operation 56 'dexp' 'tmp_s' <Predicate = true> <Delay = 6.91> <CoreInst = "DExp_fulldsp">   --->   Core 42 'DExp_fulldsp' <Latency = 12> <II = 1> <Delay = 6.91> <FuncUnit> <Opcode : 'dexp'> <InPorts = 1> <OutPorts = 1>

State 6 <SV = 5> <Delay = 6.91>
ST_6 : Operation 57 [8/13] (6.91ns)   --->   "%tmp_s = dexp i64 @llvm.exp.f64, i64 <undef>" [MHGD_accel.c:521]   --->   Operation 57 'dexp' 'tmp_s' <Predicate = true> <Delay = 6.91> <CoreInst = "DExp_fulldsp">   --->   Core 42 'DExp_fulldsp' <Latency = 12> <II = 1> <Delay = 6.91> <FuncUnit> <Opcode : 'dexp'> <InPorts = 1> <OutPorts = 1>

State 7 <SV = 6> <Delay = 6.91>
ST_7 : Operation 58 [7/13] (6.91ns)   --->   "%tmp_s = dexp i64 @llvm.exp.f64, i64 <undef>" [MHGD_accel.c:521]   --->   Operation 58 'dexp' 'tmp_s' <Predicate = true> <Delay = 6.91> <CoreInst = "DExp_fulldsp">   --->   Core 42 'DExp_fulldsp' <Latency = 12> <II = 1> <Delay = 6.91> <FuncUnit> <Opcode : 'dexp'> <InPorts = 1> <OutPorts = 1>

State 8 <SV = 7> <Delay = 6.91>
ST_8 : Operation 59 [6/13] (6.91ns)   --->   "%tmp_s = dexp i64 @llvm.exp.f64, i64 <undef>" [MHGD_accel.c:521]   --->   Operation 59 'dexp' 'tmp_s' <Predicate = true> <Delay = 6.91> <CoreInst = "DExp_fulldsp">   --->   Core 42 'DExp_fulldsp' <Latency = 12> <II = 1> <Delay = 6.91> <FuncUnit> <Opcode : 'dexp'> <InPorts = 1> <OutPorts = 1>

State 9 <SV = 8> <Delay = 6.91>
ST_9 : Operation 60 [5/13] (6.91ns)   --->   "%tmp_s = dexp i64 @llvm.exp.f64, i64 <undef>" [MHGD_accel.c:521]   --->   Operation 60 'dexp' 'tmp_s' <Predicate = true> <Delay = 6.91> <CoreInst = "DExp_fulldsp">   --->   Core 42 'DExp_fulldsp' <Latency = 12> <II = 1> <Delay = 6.91> <FuncUnit> <Opcode : 'dexp'> <InPorts = 1> <OutPorts = 1>

State 10 <SV = 9> <Delay = 6.91>
ST_10 : Operation 61 [4/13] (6.91ns)   --->   "%tmp_s = dexp i64 @llvm.exp.f64, i64 <undef>" [MHGD_accel.c:521]   --->   Operation 61 'dexp' 'tmp_s' <Predicate = true> <Delay = 6.91> <CoreInst = "DExp_fulldsp">   --->   Core 42 'DExp_fulldsp' <Latency = 12> <II = 1> <Delay = 6.91> <FuncUnit> <Opcode : 'dexp'> <InPorts = 1> <OutPorts = 1>

State 11 <SV = 10> <Delay = 6.91>
ST_11 : Operation 62 [3/13] (6.91ns)   --->   "%tmp_s = dexp i64 @llvm.exp.f64, i64 <undef>" [MHGD_accel.c:521]   --->   Operation 62 'dexp' 'tmp_s' <Predicate = true> <Delay = 6.91> <CoreInst = "DExp_fulldsp">   --->   Core 42 'DExp_fulldsp' <Latency = 12> <II = 1> <Delay = 6.91> <FuncUnit> <Opcode : 'dexp'> <InPorts = 1> <OutPorts = 1>

State 12 <SV = 11> <Delay = 6.91>
ST_12 : Operation 63 [2/13] (6.91ns)   --->   "%tmp_s = dexp i64 @llvm.exp.f64, i64 <undef>" [MHGD_accel.c:521]   --->   Operation 63 'dexp' 'tmp_s' <Predicate = true> <Delay = 6.91> <CoreInst = "DExp_fulldsp">   --->   Core 42 'DExp_fulldsp' <Latency = 12> <II = 1> <Delay = 6.91> <FuncUnit> <Opcode : 'dexp'> <InPorts = 1> <OutPorts = 1>

State 13 <SV = 12> <Delay = 6.91>
ST_13 : Operation 64 [1/13] (6.91ns)   --->   "%tmp_s = dexp i64 @llvm.exp.f64, i64 <undef>" [MHGD_accel.c:521]   --->   Operation 64 'dexp' 'tmp_s' <Predicate = true> <Delay = 6.91> <CoreInst = "DExp_fulldsp">   --->   Core 42 'DExp_fulldsp' <Latency = 12> <II = 1> <Delay = 6.91> <FuncUnit> <Opcode : 'dexp'> <InPorts = 1> <OutPorts = 1>

State 14 <SV = 13> <Delay = 2.89>
ST_14 : Operation 65 [2/2] (2.89ns)   --->   "%p_acc = fptrunc i64 %tmp_s" [MHGD_accel.c:521]   --->   Operation 65 'fptrunc' 'p_acc' <Predicate = true> <Delay = 2.89> <CoreInst = "Double2Float">   --->   Core 67 'Double2Float' <Latency = 1> <II = 1> <Delay = 2.89> <FuncUnit> <Opcode : 'fptrunc'> <InPorts = 1> <OutPorts = 1>

State 15 <SV = 14> <Delay = 5.67>
ST_15 : Operation 66 [1/2] (2.89ns)   --->   "%p_acc = fptrunc i64 %tmp_s" [MHGD_accel.c:521]   --->   Operation 66 'fptrunc' 'p_acc' <Predicate = true> <Delay = 2.89> <CoreInst = "Double2Float">   --->   Core 67 'Double2Float' <Latency = 1> <II = 1> <Delay = 2.89> <FuncUnit> <Opcode : 'fptrunc'> <InPorts = 1> <OutPorts = 1>
ST_15 : Operation 67 [1/1] (0.00ns)   --->   "%bitcast_ln524 = bitcast i32 %p_acc" [MHGD_accel.c:524]   --->   Operation 67 'bitcast' 'bitcast_ln524' <Predicate = true> <Delay = 0.00>
ST_15 : Operation 68 [1/1] (0.00ns)   --->   "%trunc_ln524 = trunc i32 %bitcast_ln524" [MHGD_accel.c:524]   --->   Operation 68 'trunc' 'trunc_ln524' <Predicate = true> <Delay = 0.00>
ST_15 : Operation 69 [1/1] (0.00ns)   --->   "%trunc_ln524_1 = trunc i32 %bitcast_ln524" [MHGD_accel.c:524]   --->   Operation 69 'trunc' 'trunc_ln524_1' <Predicate = true> <Delay = 0.00>
ST_15 : Operation 70 [2/2] (2.78ns)   --->   "%targetBlock = call i1 @MHGD_detect_accel_Pipeline_VITIS_LOOP_483_3, i32 %iter_read, i31 %trunc_ln524, i23 %trunc_ln524_1, i32 %p_acc, i1 %icmp_ln449" [MHGD_accel.c:214]   --->   Operation 70 'call' 'targetBlock' <Predicate = true> <Delay = 2.78> <CoreType = "Generic">   --->   Generic Core

State 16 <SV = 15> <Delay = 3.92>
ST_16 : Operation 71 [1/2] (3.92ns)   --->   "%targetBlock = call i1 @MHGD_detect_accel_Pipeline_VITIS_LOOP_483_3, i32 %iter_read, i31 %trunc_ln524, i23 %trunc_ln524_1, i32 %p_acc, i1 %icmp_ln449" [MHGD_accel.c:214]   --->   Operation 71 'call' 'targetBlock' <Predicate = (!and_ln438)> <Delay = 3.92> <CoreType = "Generic">   --->   Generic Core
ST_16 : Operation 72 [1/1] (0.00ns)   --->   "%br_ln214 = br i1 %targetBlock, void %for.inc.i188.split, void %for.inc.i214" [MHGD_accel.c:214]   --->   Operation 72 'br' 'br_ln214' <Predicate = (!and_ln438)> <Delay = 0.00>
ST_16 : Operation 73 [1/1] (0.00ns)   --->   "%speclooptripcount_ln308 = speclooptripcount void @_ssdm_op_SpecLoopTripCount, i64 1, i64 10, i64 5" [util.c:308->MHGD_accel.c:526]   --->   Operation 73 'speclooptripcount' 'speclooptripcount_ln308' <Predicate = (!and_ln438 & !targetBlock)> <Delay = 0.00>
ST_16 : Operation 74 [1/1] (0.00ns)   --->   "%specloopname_ln307 = specloopname void @_ssdm_op_SpecLoopName, void @empty_2" [util.c:307->MHGD_accel.c:526]   --->   Operation 74 'specloopname' 'specloopname_ln307' <Predicate = (!and_ln438 & !targetBlock)> <Delay = 0.00>
ST_16 : Operation 75 [1/1] (0.00ns)   --->   "%br_ln0 = br void %UnifiedUnreachableBlock"   --->   Operation 75 'br' 'br_ln0' <Predicate = (!and_ln438 & !targetBlock)> <Delay = 0.00>
ST_16 : Operation 76 [1/1] (0.00ns)   --->   "%br_ln307 = br i1 %icmp_ln449, void %my_complex_copy.exit216, void %for.inc.i214.split" [util.c:307->MHGD_accel.c:542]   --->   Operation 76 'br' 'br_ln307' <Predicate = (!and_ln438 & targetBlock)> <Delay = 0.00>
ST_16 : Operation 77 [1/1] (0.00ns)   --->   "%ret_ln545 = ret i32 0" [MHGD_accel.c:545]   --->   Operation 77 'ret' 'ret_ln545' <Predicate = (!and_ln438 & !icmp_ln449 & targetBlock)> <Delay = 0.00>
ST_16 : Operation 78 [1/1] (0.00ns)   --->   "%speclooptripcount_ln308 = speclooptripcount void @_ssdm_op_SpecLoopTripCount, i64 1, i64 10, i64 5" [util.c:308->MHGD_accel.c:542]   --->   Operation 78 'speclooptripcount' 'speclooptripcount_ln308' <Predicate = (!and_ln438 & icmp_ln449 & targetBlock)> <Delay = 0.00>
ST_16 : Operation 79 [1/1] (0.00ns)   --->   "%specloopname_ln307 = specloopname void @_ssdm_op_SpecLoopName, void @empty_2" [util.c:307->MHGD_accel.c:542]   --->   Operation 79 'specloopname' 'specloopname_ln307' <Predicate = (!and_ln438 & icmp_ln449 & targetBlock)> <Delay = 0.00>
ST_16 : Operation 80 [1/1] (0.00ns)   --->   "%br_ln0 = br void %UnifiedUnreachableBlock"   --->   Operation 80 'br' 'br_ln0' <Predicate = (!and_ln438 & icmp_ln449 & targetBlock)> <Delay = 0.00>
ST_16 : Operation 81 [1/1] (0.00ns)   --->   "%unreachable_ln0 = unreachable"   --->   Operation 81 'unreachable' 'unreachable_ln0' <Predicate = (!targetBlock) | (icmp_ln449) | (and_ln438)> <Delay = 0.00>


============================================================
+ Verbose Summary: Binding
============================================================
STG Binding: 
---------------- STG Properties BEGIN ----------------
- Is combinational: 0
- Is one-state seq: 0
- Is datapath-only: 0
- Is pipelined: 0
- Is top level: 1
Port [ Return ] is wired: 1; IO mode=ap_ctrl_hs:ce=0
Port [ x_hat]:  wired=1; compound=0; hidden=0; nouse=1; global=0; static=0; extern=0; dir=0; type=0; pingpong=0; private_global=0; IO mode=ap_none:ce=0
Port [ Nt]:  wired=1; compound=0; hidden=0; nouse=0; global=0; static=0; extern=0; dir=0; type=0; pingpong=0; private_global=0; IO mode=ap_none:ce=0
Port [ Nr]:  wired=1; compound=0; hidden=0; nouse=1; global=0; static=0; extern=0; dir=0; type=0; pingpong=0; private_global=0; IO mode=ap_none:ce=0
Port [ mu]:  wired=1; compound=0; hidden=0; nouse=1; global=0; static=0; extern=0; dir=0; type=0; pingpong=0; private_global=0; IO mode=ap_none:ce=0
Port [ H]:  wired=1; compound=0; hidden=0; nouse=1; global=0; static=0; extern=0; dir=0; type=0; pingpong=0; private_global=0; IO mode=ap_none:ce=0
Port [ y]:  wired=1; compound=0; hidden=0; nouse=1; global=0; static=0; extern=0; dir=0; type=0; pingpong=0; private_global=0; IO mode=ap_none:ce=0
Port [ sigma2]:  wired=1; compound=0; hidden=0; nouse=1; global=0; static=0; extern=0; dir=0; type=0; pingpong=0; private_global=0; IO mode=ap_none:ce=0
Port [ mmse_init]:  wired=1; compound=0; hidden=0; nouse=0; global=0; static=0; extern=0; dir=0; type=0; pingpong=0; private_global=0; IO mode=ap_none:ce=0
Port [ lr_approx]:  wired=1; compound=0; hidden=0; nouse=1; global=0; static=0; extern=0; dir=0; type=0; pingpong=0; private_global=0; IO mode=ap_none:ce=0
Port [ iter]:  wired=1; compound=0; hidden=0; nouse=0; global=0; static=0; extern=0; dir=0; type=0; pingpong=0; private_global=0; IO mode=ap_none:ce=0
Port [ v_tb]:  wired=1; compound=0; hidden=0; nouse=1; global=0; static=0; extern=0; dir=0; type=0; pingpong=0; private_global=0; IO mode=ap_none:ce=0
---------------- STG Properties END ------------------

---------------- Datapath Model BEGIN ----------------

<LifeTime>
<method=bitvector/>
specbitsmap_ln0         (specbitsmap      ) [ 00000000000000000]
spectopmodule_ln214     (spectopmodule    ) [ 00000000000000000]
specbitsmap_ln0         (specbitsmap      ) [ 00000000000000000]
specinterface_ln0       (specinterface    ) [ 00000000000000000]
specbitsmap_ln0         (specbitsmap      ) [ 00000000000000000]
specinterface_ln0       (specinterface    ) [ 00000000000000000]
specbitsmap_ln0         (specbitsmap      ) [ 00000000000000000]
specinterface_ln0       (specinterface    ) [ 00000000000000000]
specbitsmap_ln0         (specbitsmap      ) [ 00000000000000000]
specinterface_ln0       (specinterface    ) [ 00000000000000000]
specbitsmap_ln0         (specbitsmap      ) [ 00000000000000000]
specinterface_ln0       (specinterface    ) [ 00000000000000000]
specbitsmap_ln0         (specbitsmap      ) [ 00000000000000000]
specinterface_ln0       (specinterface    ) [ 00000000000000000]
specbitsmap_ln0         (specbitsmap      ) [ 00000000000000000]
specinterface_ln0       (specinterface    ) [ 00000000000000000]
specbitsmap_ln0         (specbitsmap      ) [ 00000000000000000]
specinterface_ln0       (specinterface    ) [ 00000000000000000]
specbitsmap_ln0         (specbitsmap      ) [ 00000000000000000]
specinterface_ln0       (specinterface    ) [ 00000000000000000]
specbitsmap_ln0         (specbitsmap      ) [ 00000000000000000]
specinterface_ln0       (specinterface    ) [ 00000000000000000]
specbitsmap_ln0         (specbitsmap      ) [ 00000000000000000]
specinterface_ln0       (specinterface    ) [ 00000000000000000]
iter_read               (read             ) [ 00111111111111111]
mmse_init_read          (read             ) [ 00000000000000000]
Nt_read                 (read             ) [ 00000000000000000]
icmp_ln449              (icmp             ) [ 00111111111111111]
icmp_ln434              (icmp             ) [ 00000000000000000]
and_ln438               (and              ) [ 01111111111111111]
br_ln434                (br               ) [ 00000000000000000]
specpipeline_ln232      (specpipeline     ) [ 00000000000000000]
speclooptripcount_ln451 (speclooptripcount) [ 00000000000000000]
specloopname_ln449      (specloopname     ) [ 00000000000000000]
br_ln0                  (br               ) [ 00000000000000000]
tmp_s                   (dexp             ) [ 00000000000000110]
p_acc                   (fptrunc          ) [ 00000000000000001]
bitcast_ln524           (bitcast          ) [ 00000000000000000]
trunc_ln524             (trunc            ) [ 00000000000000001]
trunc_ln524_1           (trunc            ) [ 00000000000000001]
targetBlock             (call             ) [ 00000000000000001]
br_ln214                (br               ) [ 00000000000000000]
speclooptripcount_ln308 (speclooptripcount) [ 00000000000000000]
specloopname_ln307      (specloopname     ) [ 00000000000000000]
br_ln0                  (br               ) [ 00000000000000000]
br_ln307                (br               ) [ 00000000000000000]
ret_ln545               (ret              ) [ 00000000000000000]
speclooptripcount_ln308 (speclooptripcount) [ 00000000000000000]
specloopname_ln307      (specloopname     ) [ 00000000000000000]
br_ln0                  (br               ) [ 00000000000000000]
unreachable_ln0         (unreachable      ) [ 00000000000000000]
</LifeTime>

<model>

<comp_list>
<comp id="0" class="1000" name="x_hat">
<pin_list>
<pin id="1" dir="1" index="0" bw="1" slack="2147483647"/>
</pin_list>
<bind>
<StgValue><ssdm name="x_hat"/></StgValue>
</bind>
</comp>

<comp id="2" class="1000" name="Nt">
<pin_list>
<pin id="3" dir="1" index="0" bw="1" slack="0"/>
</pin_list>
<bind>
<StgValue><ssdm name="Nt"/></StgValue>
</bind>
</comp>

<comp id="4" class="1000" name="Nr">
<pin_list>
<pin id="5" dir="1" index="0" bw="1" slack="2147483647"/>
</pin_list>
<bind>
<StgValue><ssdm name="Nr"/></StgValue>
</bind>
</comp>

<comp id="6" class="1000" name="mu">
<pin_list>
<pin id="7" dir="1" index="0" bw="1" slack="2147483647"/>
</pin_list>
<bind>
<StgValue><ssdm name="mu"/></StgValue>
</bind>
</comp>

<comp id="8" class="1000" name="H">
<pin_list>
<pin id="9" dir="1" index="0" bw="1" slack="2147483647"/>
</pin_list>
<bind>
<StgValue><ssdm name="H"/></StgValue>
</bind>
</comp>

<comp id="10" class="1000" name="y">
<pin_list>
<pin id="11" dir="1" index="0" bw="1" slack="2147483647"/>
</pin_list>
<bind>
<StgValue><ssdm name="y"/></StgValue>
</bind>
</comp>

<comp id="12" class="1000" name="sigma2">
<pin_list>
<pin id="13" dir="1" index="0" bw="1" slack="2147483647"/>
</pin_list>
<bind>
<StgValue><ssdm name="sigma2"/></StgValue>
</bind>
</comp>

<comp id="14" class="1000" name="mmse_init">
<pin_list>
<pin id="15" dir="1" index="0" bw="1" slack="0"/>
</pin_list>
<bind>
<StgValue><ssdm name="mmse_init"/></StgValue>
</bind>
</comp>

<comp id="16" class="1000" name="lr_approx">
<pin_list>
<pin id="17" dir="1" index="0" bw="1" slack="2147483647"/>
</pin_list>
<bind>
<StgValue><ssdm name="lr_approx"/></StgValue>
</bind>
</comp>

<comp id="18" class="1000" name="iter">
<pin_list>
<pin id="19" dir="1" index="0" bw="1" slack="0"/>
</pin_list>
<bind>
<StgValue><ssdm name="iter"/></StgValue>
</bind>
</comp>

<comp id="20" class="1000" name="v_tb">
<pin_list>
<pin id="21" dir="1" index="0" bw="1" slack="2147483647"/>
</pin_list>
<bind>
<StgValue><ssdm name="v_tb"/></StgValue>
</bind>
</comp>

<comp id="22" class="1001" name="const_22">
<pin_list>
<pin id="23" dir="1" index="0" bw="1" slack="2147483647"/>
</pin_list>
<bind>
<StgValue><ssdm name="_ssdm_op_SpecBitsMap"/></StgValue>
</bind>
</comp>

<comp id="24" class="1001" name="const_24">
<pin_list>
<pin id="25" dir="1" index="0" bw="1" slack="2147483647"/>
</pin_list>
<bind>
<StgValue><ssdm name=""/></StgValue>
</bind>
</comp>

<comp id="26" class="1001" name="const_26">
<pin_list>
<pin id="27" dir="1" index="0" bw="1" slack="2147483647"/>
</pin_list>
<bind>
<StgValue><ssdm name="_ssdm_op_SpecTopModule"/></StgValue>
</bind>
</comp>

<comp id="28" class="1001" name="const_28">
<pin_list>
<pin id="29" dir="1" index="0" bw="1" slack="2147483647"/>
</pin_list>
<bind>
<StgValue><ssdm name="empty_1"/></StgValue>
</bind>
</comp>

<comp id="30" class="1001" name="const_30">
<pin_list>
<pin id="31" dir="1" index="0" bw="1" slack="2147483647"/>
</pin_list>
<bind>
<StgValue><ssdm name="_ssdm_op_SpecInterface"/></StgValue>
</bind>
</comp>

<comp id="32" class="1001" name="const_32">
<pin_list>
<pin id="33" dir="1" index="0" bw="1" slack="2147483647"/>
</pin_list>
<bind>
<StgValue><ssdm name="empty"/></StgValue>
</bind>
</comp>

<comp id="34" class="1001" name="const_34">
<pin_list>
<pin id="35" dir="1" index="0" bw="1" slack="0"/>
</pin_list>
<bind>
<StgValue><ssdm name=""/></StgValue>
</bind>
</comp>

<comp id="36" class="1001" name="const_36">
<pin_list>
<pin id="37" dir="1" index="0" bw="1" slack="2147483647"/>
</pin_list>
<bind>
<StgValue><ssdm name="empty_0"/></StgValue>
</bind>
</comp>

<comp id="38" class="1001" name="const_38">
<pin_list>
<pin id="39" dir="1" index="0" bw="1" slack="2147483647"/>
</pin_list>
<bind>
<StgValue><ssdm name=""/></StgValue>
</bind>
</comp>

<comp id="40" class="1001" name="const_40">
<pin_list>
<pin id="41" dir="1" index="0" bw="1" slack="0"/>
</pin_list>
<bind>
<StgValue><ssdm name="_ssdm_op_Read.ap_auto.i32"/></StgValue>
</bind>
</comp>

<comp id="42" class="1001" name="const_42">
<pin_list>
<pin id="43" dir="1" index="0" bw="1" slack="0"/>
</pin_list>
<bind>
<StgValue><ssdm name="llvm.exp.f64"/></StgValue>
</bind>
</comp>

<comp id="44" class="1001" name="const_44">
<pin_list>
<pin id="45" dir="1" index="0" bw="1" slack="0"/>
</pin_list>
<bind>
<StgValue><ssdm name=""/></StgValue>
</bind>
</comp>

<comp id="46" class="1001" name="const_46">
<pin_list>
<pin id="47" dir="1" index="0" bw="1" slack="2147483647"/>
</pin_list>
<bind>
<StgValue><ssdm name="_ssdm_op_SpecPipeline"/></StgValue>
</bind>
</comp>

<comp id="48" class="1001" name="const_48">
<pin_list>
<pin id="49" dir="1" index="0" bw="1" slack="2147483647"/>
</pin_list>
<bind>
<StgValue><ssdm name="_ssdm_op_SpecLoopTripCount"/></StgValue>
</bind>
</comp>

<comp id="50" class="1001" name="const_50">
<pin_list>
<pin id="51" dir="1" index="0" bw="1" slack="2147483647"/>
</pin_list>
<bind>
<StgValue><ssdm name=""/></StgValue>
</bind>
</comp>

<comp id="52" class="1001" name="const_52">
<pin_list>
<pin id="53" dir="1" index="0" bw="1" slack="2147483647"/>
</pin_list>
<bind>
<StgValue><ssdm name=""/></StgValue>
</bind>
</comp>

<comp id="54" class="1001" name="const_54">
<pin_list>
<pin id="55" dir="1" index="0" bw="1" slack="2147483647"/>
</pin_list>
<bind>
<StgValue><ssdm name=""/></StgValue>
</bind>
</comp>

<comp id="56" class="1001" name="const_56">
<pin_list>
<pin id="57" dir="1" index="0" bw="1" slack="2147483647"/>
</pin_list>
<bind>
<StgValue><ssdm name="_ssdm_op_SpecLoopName"/></StgValue>
</bind>
</comp>

<comp id="58" class="1001" name="const_58">
<pin_list>
<pin id="59" dir="1" index="0" bw="1" slack="2147483647"/>
</pin_list>
<bind>
<StgValue><ssdm name="empty_4"/></StgValue>
</bind>
</comp>

<comp id="60" class="1001" name="const_60">
<pin_list>
<pin id="61" dir="1" index="0" bw="1" slack="0"/>
</pin_list>
<bind>
<StgValue><ssdm name="MHGD_detect_accel_Pipeline_VITIS_LOOP_483_3"/></StgValue>
</bind>
</comp>

<comp id="62" class="1001" name="const_62">
<pin_list>
<pin id="63" dir="1" index="0" bw="1" slack="2147483647"/>
</pin_list>
<bind>
<StgValue><ssdm name="empty_2"/></StgValue>
</bind>
</comp>

<comp id="64" class="1004" name="iter_read_read_fu_64">
<pin_list>
<pin id="65" dir="0" index="0" bw="32" slack="0"/>
<pin id="66" dir="0" index="1" bw="32" slack="0"/>
<pin id="67" dir="1" index="2" bw="32" slack="14"/>
</pin_list>
<bind>
<opcode="read(1150) " fcode="read"/>
<opset="iter_read/1 "/>
</bind>
</comp>

<comp id="70" class="1004" name="mmse_init_read_read_fu_70">
<pin_list>
<pin id="71" dir="0" index="0" bw="32" slack="0"/>
<pin id="72" dir="0" index="1" bw="32" slack="0"/>
<pin id="73" dir="1" index="2" bw="32" slack="0"/>
</pin_list>
<bind>
<opcode="read(1150) " fcode="read"/>
<opset="mmse_init_read/1 "/>
</bind>
</comp>

<comp id="76" class="1004" name="Nt_read_read_fu_76">
<pin_list>
<pin id="77" dir="0" index="0" bw="32" slack="0"/>
<pin id="78" dir="0" index="1" bw="32" slack="0"/>
<pin id="79" dir="1" index="2" bw="32" slack="0"/>
</pin_list>
<bind>
<opcode="read(1150) " fcode="read"/>
<opset="Nt_read/1 "/>
</bind>
</comp>

<comp id="82" class="1004" name="grp_MHGD_detect_accel_Pipeline_VITIS_LOOP_483_3_fu_82">
<pin_list>
<pin id="83" dir="0" index="0" bw="1" slack="0"/>
<pin id="84" dir="0" index="1" bw="32" slack="14"/>
<pin id="85" dir="0" index="2" bw="31" slack="0"/>
<pin id="86" dir="0" index="3" bw="23" slack="0"/>
<pin id="87" dir="0" index="4" bw="32" slack="0"/>
<pin id="88" dir="0" index="5" bw="1" slack="14"/>
<pin id="89" dir="1" index="6" bw="1" slack="2147483647"/>
</pin_list>
<bind>
<opcode="call(48) " fcode="call"/>
<opset="targetBlock/15 "/>
</bind>
</comp>

<comp id="91" class="1004" name="grp_fu_91">
<pin_list>
<pin id="92" dir="0" index="0" bw="64" slack="1"/>
<pin id="93" dir="1" index="1" bw="32" slack="0"/>
</pin_list>
<bind>
<opcode="fptrunc(40) " fcode="fptrunc"/>
<opset="p_acc/14 "/>
</bind>
</comp>

<comp id="95" class="1004" name="grp_fu_95">
<pin_list>
<pin id="96" dir="0" index="0" bw="64" slack="0"/>
<pin id="97" dir="0" index="1" bw="64" slack="0"/>
<pin id="98" dir="1" index="2" bw="64" slack="1"/>
</pin_list>
<bind>
<opcode="dexp(522) " fcode="dexp"/>
<opset="tmp_s/1 "/>
</bind>
</comp>

<comp id="101" class="1004" name="icmp_ln449_fu_101">
<pin_list>
<pin id="102" dir="0" index="0" bw="32" slack="0"/>
<pin id="103" dir="0" index="1" bw="32" slack="0"/>
<pin id="104" dir="1" index="2" bw="1" slack="0"/>
</pin_list>
<bind>
<opcode="icmp(45) " fcode="icmp"/>
<opset="icmp_ln449/1 "/>
</bind>
</comp>

<comp id="107" class="1004" name="icmp_ln434_fu_107">
<pin_list>
<pin id="108" dir="0" index="0" bw="32" slack="0"/>
<pin id="109" dir="0" index="1" bw="32" slack="0"/>
<pin id="110" dir="1" index="2" bw="1" slack="0"/>
</pin_list>
<bind>
<opcode="icmp(45) " fcode="icmp"/>
<opset="icmp_ln434/1 "/>
</bind>
</comp>

<comp id="113" class="1004" name="and_ln438_fu_113">
<pin_list>
<pin id="114" dir="0" index="0" bw="1" slack="0"/>
<pin id="115" dir="0" index="1" bw="1" slack="0"/>
<pin id="116" dir="1" index="2" bw="1" slack="15"/>
</pin_list>
<bind>
<opcode="and(23) " fcode="and"/>
<opset="and_ln438/1 "/>
</bind>
</comp>

<comp id="119" class="1004" name="bitcast_ln524_fu_119">
<pin_list>
<pin id="120" dir="0" index="0" bw="32" slack="0"/>
<pin id="121" dir="1" index="1" bw="32" slack="0"/>
</pin_list>
<bind>
<opcode="bitcast(44) " fcode="bitcast"/>
<opset="bitcast_ln524/15 "/>
</bind>
</comp>

<comp id="123" class="1004" name="trunc_ln524_fu_123">
<pin_list>
<pin id="124" dir="0" index="0" bw="32" slack="0"/>
<pin id="125" dir="1" index="1" bw="31" slack="0"/>
</pin_list>
<bind>
<opcode="trunc(33) " fcode="trunc"/>
<opset="trunc_ln524/15 "/>
</bind>
</comp>

<comp id="128" class="1004" name="trunc_ln524_1_fu_128">
<pin_list>
<pin id="129" dir="0" index="0" bw="32" slack="0"/>
<pin id="130" dir="1" index="1" bw="23" slack="0"/>
</pin_list>
<bind>
<opcode="trunc(33) " fcode="trunc"/>
<opset="trunc_ln524_1/15 "/>
</bind>
</comp>

<comp id="133" class="1005" name="iter_read_reg_133">
<pin_list>
<pin id="134" dir="0" index="0" bw="32" slack="14"/>
<pin id="135" dir="1" index="1" bw="32" slack="14"/>
</pin_list>
<bind>
<opset="iter_read "/>
</bind>
</comp>

<comp id="138" class="1005" name="icmp_ln449_reg_138">
<pin_list>
<pin id="139" dir="0" index="0" bw="1" slack="14"/>
<pin id="140" dir="1" index="1" bw="1" slack="14"/>
</pin_list>
<bind>
<opset="icmp_ln449 "/>
</bind>
</comp>

<comp id="143" class="1005" name="and_ln438_reg_143">
<pin_list>
<pin id="144" dir="0" index="0" bw="1" slack="15"/>
<pin id="145" dir="1" index="1" bw="1" slack="2147483647"/>
</pin_list>
<bind>
<opset="and_ln438 "/>
</bind>
</comp>

<comp id="147" class="1005" name="tmp_s_reg_147">
<pin_list>
<pin id="148" dir="0" index="0" bw="64" slack="1"/>
<pin id="149" dir="1" index="1" bw="64" slack="1"/>
</pin_list>
<bind>
<opset="tmp_s "/>
</bind>
</comp>

<comp id="152" class="1005" name="p_acc_reg_152">
<pin_list>
<pin id="153" dir="0" index="0" bw="32" slack="1"/>
<pin id="154" dir="1" index="1" bw="32" slack="1"/>
</pin_list>
<bind>
<opset="p_acc "/>
</bind>
</comp>

<comp id="157" class="1005" name="trunc_ln524_reg_157">
<pin_list>
<pin id="158" dir="0" index="0" bw="31" slack="1"/>
<pin id="159" dir="1" index="1" bw="31" slack="1"/>
</pin_list>
<bind>
<opset="trunc_ln524 "/>
</bind>
</comp>

<comp id="162" class="1005" name="trunc_ln524_1_reg_162">
<pin_list>
<pin id="163" dir="0" index="0" bw="23" slack="1"/>
<pin id="164" dir="1" index="1" bw="23" slack="1"/>
</pin_list>
<bind>
<opset="trunc_ln524_1 "/>
</bind>
</comp>

</comp_list>

<net_list>
<net id="68"><net_src comp="40" pin="0"/><net_sink comp="64" pin=0"/></net>

<net id="69"><net_src comp="18" pin="0"/><net_sink comp="64" pin=1"/></net>

<net id="74"><net_src comp="40" pin="0"/><net_sink comp="70" pin=0"/></net>

<net id="75"><net_src comp="14" pin="0"/><net_sink comp="70" pin=1"/></net>

<net id="80"><net_src comp="40" pin="0"/><net_sink comp="76" pin=0"/></net>

<net id="81"><net_src comp="2" pin="0"/><net_sink comp="76" pin=1"/></net>

<net id="90"><net_src comp="60" pin="0"/><net_sink comp="82" pin=0"/></net>

<net id="94"><net_src comp="91" pin="1"/><net_sink comp="82" pin=4"/></net>

<net id="99"><net_src comp="42" pin="0"/><net_sink comp="95" pin=0"/></net>

<net id="100"><net_src comp="44" pin="0"/><net_sink comp="95" pin=1"/></net>

<net id="105"><net_src comp="76" pin="2"/><net_sink comp="101" pin=0"/></net>

<net id="106"><net_src comp="34" pin="0"/><net_sink comp="101" pin=1"/></net>

<net id="111"><net_src comp="70" pin="2"/><net_sink comp="107" pin=0"/></net>

<net id="112"><net_src comp="34" pin="0"/><net_sink comp="107" pin=1"/></net>

<net id="117"><net_src comp="107" pin="2"/><net_sink comp="113" pin=0"/></net>

<net id="118"><net_src comp="101" pin="2"/><net_sink comp="113" pin=1"/></net>

<net id="122"><net_src comp="91" pin="1"/><net_sink comp="119" pin=0"/></net>

<net id="126"><net_src comp="119" pin="1"/><net_sink comp="123" pin=0"/></net>

<net id="127"><net_src comp="123" pin="1"/><net_sink comp="82" pin=2"/></net>

<net id="131"><net_src comp="119" pin="1"/><net_sink comp="128" pin=0"/></net>

<net id="132"><net_src comp="128" pin="1"/><net_sink comp="82" pin=3"/></net>

<net id="136"><net_src comp="64" pin="2"/><net_sink comp="133" pin=0"/></net>

<net id="137"><net_src comp="133" pin="1"/><net_sink comp="82" pin=1"/></net>

<net id="141"><net_src comp="101" pin="2"/><net_sink comp="138" pin=0"/></net>

<net id="142"><net_src comp="138" pin="1"/><net_sink comp="82" pin=5"/></net>

<net id="146"><net_src comp="113" pin="2"/><net_sink comp="143" pin=0"/></net>

<net id="150"><net_src comp="95" pin="2"/><net_sink comp="147" pin=0"/></net>

<net id="151"><net_src comp="147" pin="1"/><net_sink comp="91" pin=0"/></net>

<net id="155"><net_src comp="91" pin="1"/><net_sink comp="152" pin=0"/></net>

<net id="156"><net_src comp="152" pin="1"/><net_sink comp="82" pin=4"/></net>

<net id="160"><net_src comp="123" pin="1"/><net_sink comp="157" pin=0"/></net>

<net id="161"><net_src comp="157" pin="1"/><net_sink comp="82" pin=2"/></net>

<net id="165"><net_src comp="128" pin="1"/><net_sink comp="162" pin=0"/></net>

<net id="166"><net_src comp="162" pin="1"/><net_sink comp="82" pin=3"/></net>

</net_list>

</model> 
---------------- Datapath Model END ------------------

* FSMD analyzer results:
  - Output states:
 - Input state : 
	Port: MHGD_detect_accel : Nt | {1 }
	Port: MHGD_detect_accel : mmse_init | {1 }
	Port: MHGD_detect_accel : iter | {1 }
  - Chain level:
	State 1
		and_ln438 : 1
		br_ln434 : 1
	State 2
	State 3
	State 4
	State 5
	State 6
	State 7
	State 8
	State 9
	State 10
	State 11
	State 12
	State 13
	State 14
	State 15
		bitcast_ln524 : 1
		trunc_ln524 : 2
		trunc_ln524_1 : 2
		targetBlock : 3
	State 16
		br_ln214 : 1


============================================================
+ Verbose Summary: Datapath Resource usage 
============================================================

* Functional unit list:
|----------|-------------------------------------------------------|---------|---------|---------|---------|
| Operation|                    Functional Unit                    |   DSP   |  Delay  |    FF   |   LUT   |
|----------|-------------------------------------------------------|---------|---------|---------|---------|
|   dexp   |                       grp_fu_95                       |    26   |    0    |   1120  |   2666  |
|----------|-------------------------------------------------------|---------|---------|---------|---------|
|   call   | grp_MHGD_detect_accel_Pipeline_VITIS_LOOP_483_3_fu_82 |    0    |  0.427  |    99   |   137   |
|----------|-------------------------------------------------------|---------|---------|---------|---------|
|   icmp   |                   icmp_ln449_fu_101                   |    0    |    0    |    0    |    39   |
|          |                   icmp_ln434_fu_107                   |    0    |    0    |    0    |    39   |
|----------|-------------------------------------------------------|---------|---------|---------|---------|
|    and   |                    and_ln438_fu_113                   |    0    |    0    |    0    |    2    |
|----------|-------------------------------------------------------|---------|---------|---------|---------|
|          |                  iter_read_read_fu_64                 |    0    |    0    |    0    |    0    |
|   read   |               mmse_init_read_read_fu_70               |    0    |    0    |    0    |    0    |
|          |                   Nt_read_read_fu_76                  |    0    |    0    |    0    |    0    |
|----------|-------------------------------------------------------|---------|---------|---------|---------|
|  fptrunc |                       grp_fu_91                       |    0    |    0    |    0    |    0    |
|----------|-------------------------------------------------------|---------|---------|---------|---------|
|   trunc  |                   trunc_ln524_fu_123                  |    0    |    0    |    0    |    0    |
|          |                  trunc_ln524_1_fu_128                 |    0    |    0    |    0    |    0    |
|----------|-------------------------------------------------------|---------|---------|---------|---------|
|   Total  |                                                       |    26   |  0.427  |   1219  |   2883  |
|----------|-------------------------------------------------------|---------|---------|---------|---------|

Memories:
N/A

* Register list:
+---------------------+--------+
|                     |   FF   |
+---------------------+--------+
|  and_ln438_reg_143  |    1   |
|  icmp_ln449_reg_138 |    1   |
|  iter_read_reg_133  |   32   |
|    p_acc_reg_152    |   32   |
|    tmp_s_reg_147    |   64   |
|trunc_ln524_1_reg_162|   23   |
| trunc_ln524_reg_157 |   31   |
+---------------------+--------+
|        Total        |   184  |
+---------------------+--------+

* Multiplexer (MUX) list: 
|-------------------------------------------------------|------|------|------|--------||---------||---------||---------|
|                          Comp                         |  Pin | Size |  BW  | S x BW ||  Delay  ||    FF   ||   LUT   |
|-------------------------------------------------------|------|------|------|--------||---------||---------||---------|
| grp_MHGD_detect_accel_Pipeline_VITIS_LOOP_483_3_fu_82 |  p2  |   2  |  31  |   62   ||    0    ||    9    |
| grp_MHGD_detect_accel_Pipeline_VITIS_LOOP_483_3_fu_82 |  p3  |   2  |  23  |   46   ||    0    ||    9    |
| grp_MHGD_detect_accel_Pipeline_VITIS_LOOP_483_3_fu_82 |  p4  |   2  |  32  |   64   ||    0    ||    9    |
|-------------------------------------------------------|------|------|------|--------||---------||---------||---------|
|                         Total                         |      |      |      |   172  ||  1.281  ||    0    ||    27   |
|-------------------------------------------------------|------|------|------|--------||---------||---------||---------|



* Summary:
+-----------+--------+--------+--------+--------+
|           |   DSP  |  Delay |   FF   |   LUT  |
+-----------+--------+--------+--------+--------+
|  Function |   26   |    0   |  1219  |  2883  |
|   Memory  |    -   |    -   |    -   |    -   |
|Multiplexer|    -   |    1   |    0   |   27   |
|  Register |    -   |    -   |   184  |    -   |
+-----------+--------+--------+--------+--------+
|   Total   |   26   |    1   |  1403  |  2910  |
+-----------+--------+--------+--------+--------+
