

================================================================
== Synthesis Summary Report of 'MHGD_detect_accel'
================================================================
+ General Information: 
    * Date:           Mon Mar 31 10:13:19 2025
    * Version:        2024.2 (Build 5238294 on Nov  8 2024)
    * Project:        component_perfect_loop
    * Solution:       hls (Vivado IP Flow Target)
    * Product family: virtexuplus
    * Target device:  xcvu9p-flga2104-2-i
    

+ Performance & Resource Estimates: 
    
    PS: '+' for module; 'o' for loop; '*' for dataflow
    +------------------------------------------------+--------+-------+---------+--------+----------+---------+------+----------+------+----------+-----------+------------+-----+
    |                     Modules                    |  Issue |       | Latency | Latency| Iteration|         | Trip |          |      |          |           |            |     |
    |                     & Loops                    |  Type  | Slack | (cycles)|  (ns)  |  Latency | Interval| Count| Pipelined| BRAM |    DSP   |     FF    |     LUT    | URAM|
    +------------------------------------------------+--------+-------+---------+--------+----------+---------+------+----------+------+----------+-----------+------------+-----+
    |+ MHGD_detect_accel                             |  Timing|  -0.47|        -|       -|         -|        -|     -|        no|     -|  26 (~0%)|  956 (~0%)|  2110 (~0%)|    -|
    | + MHGD_detect_accel_Pipeline_VITIS_LOOP_480_3  |  Timing|  -0.08|        -|       -|         -|        -|     -|        no|     -|         -|   34 (~0%)|   178 (~0%)|    -|
    |  o VITIS_LOOP_480_3                            |       -|   7.30|        -|       -|         1|        1|     -|       yes|     -|         -|          -|           -|    -|
    +------------------------------------------------+--------+-------+---------+--------+----------+---------+------+----------+------+----------+-----------+------------+-----+


================================================================
== HW Interfaces
================================================================
* Other Ports
+-----------+---------+-----------+----------+
| Port      | Mode    | Direction | Bitwidth |
+-----------+---------+-----------+----------+
| H         | ap_none | in        | 64       |
| Nr        | ap_none | in        | 32       |
| Nt        | ap_none | in        | 32       |
| ap_return |         | out       | 32       |
| iter      | ap_none | in        | 32       |
| lr_approx | ap_none | in        | 32       |
| mmse_init | ap_none | in        | 32       |
| mu        | ap_none | in        | 32       |
| sigma2    | ap_none | in        | 32       |
| v_tb      | ap_none | in        | 64       |
| x_hat     | ap_none | in        | 64       |
| y         | ap_none | in        | 64       |
+-----------+---------+-----------+----------+

* TOP LEVEL CONTROL
+-----------+------------+-----------------------------------+
| Interface | Type       | Ports                             |
+-----------+------------+-----------------------------------+
| ap_clk    | clock      | ap_clk                            |
| ap_rst    | reset      | ap_rst                            |
| ap_ctrl   | ap_ctrl_hs | ap_done ap_idle ap_ready ap_start |
+-----------+------------+-----------------------------------+


================================================================
== SW I/O Information
================================================================
* Top Function Arguments
+-----------+-----------+----------+
| Argument  | Direction | Datatype |
+-----------+-----------+----------+
| x_hat     | inout     | pointer  |
| Nt        | in        | int      |
| Nr        | in        | int      |
| mu        | in        | int      |
| H         | unused    | pointer  |
| y         | unused    | pointer  |
| sigma2    | in        | float    |
| mmse_init | in        | int      |
| lr_approx | in        | int      |
| iter      | in        | int      |
| v_tb      | unused    | pointer  |
| return    | out       | float    |
+-----------+-----------+----------+

* SW-to-HW Mapping
+-----------+--------------+---------+
| Argument  | HW Interface | HW Type |
+-----------+--------------+---------+
| x_hat     | x_hat        | port    |
| Nt        | Nt           | port    |
| Nr        | Nr           | port    |
| mu        | mu           | port    |
| H         | H            | port    |
| y         | y            | port    |
| sigma2    | sigma2       | port    |
| mmse_init | mmse_init    | port    |
| lr_approx | lr_approx    | port    |
| iter      | iter         | port    |
| v_tb      | v_tb         | port    |
| return    | ap_return    | port    |
+-----------+--------------+---------+


================================================================
== Bind Op Report
================================================================
+------------------------------------------------+-----+--------+--------------+---------+---------+---------+
| Name                                           | DSP | Pragma | Variable     | Op      | Impl    | Latency |
+------------------------------------------------+-----+--------+--------------+---------+---------+---------+
| + MHGD_detect_accel                            | 26  |        |              |         |         |         |
|   icmp_ln449_fu_92_p2                          |     |        | icmp_ln449   | setgt   | auto    | 0       |
|   icmp_ln434_fu_98_p2                          |     |        | icmp_ln434   | seteq   | auto    | 0       |
|   and_ln413_fu_104_p2                          |     |        | and_ln413    | and     | auto    | 0       |
|   dexp_64ns_64ns_64_8_full_dsp_1_U9            | 26  |        | tmp_s        | dexp    | fulldsp | 7       |
|   fptrunc_64ns_32_2_no_dsp_1_U8                |     |        | p_acc        | fptrunc | auto    | 1       |
|  + MHGD_detect_accel_Pipeline_VITIS_LOOP_480_3 | 0   |        |              |         |         |         |
|    icmp_ln480_fu_115_p2                        |     |        | icmp_ln480   | setlt   | auto    | 0       |
|    add_ln480_fu_121_p2                         |     |        | add_ln480    | add     | fabric  | 0       |
|    icmp_ln519_fu_137_p2                        |     |        | icmp_ln519   | setne   | auto    | 0       |
|    icmp_ln519_1_fu_143_p2                      |     |        | icmp_ln519_1 | seteq   | auto    | 0       |
|    or_ln519_fu_149_p2                          |     |        | or_ln519     | or      | auto    | 0       |
|    fcmp_32ns_32ns_1_1_no_dsp_1_U1              |     |        | tmp_1        | fcmp    | auto    | 0       |
|    and_ln519_fu_155_p2                         |     |        | and_ln519    | and     | auto    | 0       |
|    and_ln519_1_fu_161_p2                       |     |        | and_ln519_1  | and     | auto    | 0       |
+------------------------------------------------+-----+--------+--------------+---------+---------+---------+


================================================================
== Storage Report
================================================================
  No bind storage info in design

================================================================
== Pragma Report
================================================================
* Ignored Pragmas
+-----------+---------------------------+---------------------------------------+----------------------------------------------------+
| Type      | Options                   | Location                              | Messages                                           |
+-----------+---------------------------+---------------------------------------+----------------------------------------------------+
| interface | axis port = x_hat;        | MHGD_accel.c:216 in mhgd_detect_accel | unexpected pragma argument ';', expects identifier |
| interface | ap_none port = Nt;        | MHGD_accel.c:217 in mhgd_detect_accel | unexpected pragma argument ';', expects identifier |
| interface | ap_none port = Nr;        | MHGD_accel.c:218 in mhgd_detect_accel | unexpected pragma argument ';', expects identifier |
| interface | ap_none port = mu;        | MHGD_accel.c:219 in mhgd_detect_accel | unexpected pragma argument ';', expects identifier |
| interface | axis port = H;            | MHGD_accel.c:220 in mhgd_detect_accel | unexpected pragma argument ';', expects identifier |
| interface | axis port = y;            | MHGD_accel.c:221 in mhgd_detect_accel | unexpected pragma argument ';', expects identifier |
| interface | ap_none port = sigma2;    | MHGD_accel.c:222 in mhgd_detect_accel | unexpected pragma argument ';', expects identifier |
| interface | ap_none port = mmse_init; | MHGD_accel.c:223 in mhgd_detect_accel | unexpected pragma argument ';', expects identifier |
| interface | ap_none port = lr_approx; | MHGD_accel.c:224 in mhgd_detect_accel | unexpected pragma argument ';', expects identifier |
| interface | ap_none port = iter;      | MHGD_accel.c:225 in mhgd_detect_accel | unexpected pragma argument ';', expects identifier |
| interface | axis port = v_tb;         | MHGD_accel.c:226 in mhgd_detect_accel | unexpected pragma argument ';', expects identifier |
+-----------+---------------------------+---------------------------------------+----------------------------------------------------+

* Valid Pragma Syntax
+----------+----------+---------------------------------------+
| Type     | Options  | Location                              |
+----------+----------+---------------------------------------+
| pipeline | II=1     | MHGD_accel.c:482 in mhgd_detect_accel |
| pipeline | II=1     | util.c:162 in inverse_lu              |
| unroll   |          | util.c:165 in inverse_lu              |
| unroll   |          | util.c:171 in inverse_lu              |
| unroll   |          | util.c:176 in inverse_lu              |
| pipeline | II=1     | util.c:182 in inverse_lu              |
| pipeline | II=1     | util.c:185 in inverse_lu              |
| unroll   |          | util.c:189 in inverse_lu              |
| pipeline | II=1     | util.c:196 in inverse_lu              |
| unroll   |          | util.c:201 in inverse_lu              |
| unroll   |          | util.c:210 in inverse_lu              |
| pipeline | II=1     | util.c:216 in inverse_lu              |
| pipeline | II=1     | util.c:219 in inverse_lu              |
| unroll   |          | util.c:223 in inverse_lu              |
| unroll   |          | util.c:235 in inverse_lu              |
| pipeline | II=1     | util.c:241 in inverse_lu              |
| pipeline | II=1     | util.c:244 in inverse_lu              |
| unroll   |          | util.c:249 in inverse_lu              |
| pipeline | II=1     | util.c:324 in c_matmultiple           |
| unroll   | factor=4 | util.c:329 in c_matmultiple           |
+----------+----------+---------------------------------------+


