

================================================================
== Vitis HLS Report for 'MHGD_detect_accel'
================================================================
* Date:           Mon Mar 31 10:13:19 2025

* Version:        2024.2 (Build 5238294 on Nov  8 2024)
* Project:        component_perfect_loop
* Solution:       hls (Vivado IP Flow Target)
* Product family: virtexuplus
* Target device:  xcvu9p-flga2104-2-i


================================================================
== Performance Estimates
================================================================
+ Timing: 
    * Summary: 
    +--------+----------+----------+------------+
    |  Clock |  Target  | Estimated| Uncertainty|
    +--------+----------+----------+------------+
    |ap_clk  |  10.00 ns|  7.766 ns|     2.70 ns|
    +--------+----------+----------+------------+

+ Latency: 
    * Summary: 
    +---------+---------+----------+----------+-----+-----+---------+
    |  Latency (cycles) |  Latency (absolute) |  Interval | Pipeline|
    |   min   |   max   |    min   |    max   | min | max |   Type  |
    +---------+---------+----------+----------+-----+-----+---------+
    |        ?|        ?|         ?|         ?|    ?|    ?|       no|
    +---------+---------+----------+----------+-----+-----+---------+

    + Detail: 
        * Instance: 
        +-------------------------------------------------------+---------------------------------------------+---------+---------+----------+----------+-----+-----+------------------------------------------------+
        |                                                       |                                             |  Latency (cycles) |  Latency (absolute) |  Interval |                    Pipeline                    |
        |                        Instance                       |                    Module                   |   min   |   max   |    min   |    max   | min | max |                      Type                      |
        +-------------------------------------------------------+---------------------------------------------+---------+---------+----------+----------+-----+-----+------------------------------------------------+
        |grp_MHGD_detect_accel_Pipeline_VITIS_LOOP_480_3_fu_74  |MHGD_detect_accel_Pipeline_VITIS_LOOP_480_3  |        ?|        ?|         ?|         ?|    0|    0|  loop auto-rewind stp (delay=0 clock cycles(s))|
        +-------------------------------------------------------+---------------------------------------------+---------+---------+----------+----------+-----+-----+------------------------------------------------+

        * Loop: 
        N/A



================================================================
== Utilization Estimates
================================================================
* Summary: 
+---------------------+---------+------+---------+---------+-----+
|         Name        | BRAM_18K|  DSP |    FF   |   LUT   | URAM|
+---------------------+---------+------+---------+---------+-----+
|DSP                  |        -|     -|        -|        -|    -|
|Expression           |        -|     -|        0|       82|    -|
|FIFO                 |        -|     -|        -|        -|    -|
|Instance             |        -|    26|      759|     1963|    -|
|Memory               |        -|     -|        -|        -|    -|
|Multiplexer          |        -|     -|        0|       65|    -|
|Register             |        -|     -|      197|        -|    -|
+---------------------+---------+------+---------+---------+-----+
|Total                |        0|    26|      956|     2110|    0|
+---------------------+---------+------+---------+---------+-----+
|Available SLR        |     1440|  2280|   788160|   394080|  320|
+---------------------+---------+------+---------+---------+-----+
|Utilization SLR (%)  |        0|     1|       ~0|       ~0|    0|
+---------------------+---------+------+---------+---------+-----+
|Available            |     4320|  6840|  2364480|  1182240|  960|
+---------------------+---------+------+---------+---------+-----+
|Utilization (%)      |        0|    ~0|       ~0|       ~0|    0|
+---------------------+---------+------+---------+---------+-----+

+ Detail: 
    * Instance: 
    +-------------------------------------------------------+---------------------------------------------+---------+----+-----+------+-----+
    |                        Instance                       |                    Module                   | BRAM_18K| DSP|  FF |  LUT | URAM|
    +-------------------------------------------------------+---------------------------------------------+---------+----+-----+------+-----+
    |grp_MHGD_detect_accel_Pipeline_VITIS_LOOP_480_3_fu_74  |MHGD_detect_accel_Pipeline_VITIS_LOOP_480_3  |        0|   0|   34|   178|    0|
    |dexp_64ns_64ns_64_8_full_dsp_1_U9                      |dexp_64ns_64ns_64_8_full_dsp_1               |        0|  26|  725|  1785|    0|
    |fptrunc_64ns_32_2_no_dsp_1_U8                          |fptrunc_64ns_32_2_no_dsp_1                   |        0|   0|    0|     0|    0|
    +-------------------------------------------------------+---------------------------------------------+---------+----+-----+------+-----+
    |Total                                                  |                                             |        0|  26|  759|  1963|    0|
    +-------------------------------------------------------+---------------------------------------------+---------+----+-----+------+-----+

    * DSP: 
    N/A

    * Memory: 
    N/A

    * FIFO: 
    N/A

    * Expression: 
    +----------------------------------+----------+----+---+----+------------+------------+
    |           Variable Name          | Operation| DSP| FF| LUT| Bitwidth P0| Bitwidth P1|
    +----------------------------------+----------+----+---+----+------------+------------+
    |and_ln413_fu_104_p2               |       and|   0|  0|   2|           1|           1|
    |ap_block_state12_on_subcall_done  |       and|   0|  0|   2|           1|           1|
    |icmp_ln434_fu_98_p2               |      icmp|   0|  0|  39|          32|           1|
    |icmp_ln449_fu_92_p2               |      icmp|   0|  0|  39|          32|           1|
    +----------------------------------+----------+----+---+----+------------+------------+
    |Total                             |          |   0|  0|  82|          66|           4|
    +----------------------------------+----------+----+---+----+------------+------------+

    * Multiplexer: 
    +-----------+----+-----------+-----+-----------+
    |    Name   | LUT| Input Size| Bits| Total Bits|
    +-----------+----+-----------+-----+-----------+
    |ap_NS_fsm  |  65|         13|    1|         13|
    +-----------+----+-----------+-----+-----------+
    |Total      |  65|         13|    1|         13|
    +-----------+----+-----------+-----+-----------+

    * Register: 
    +--------------------------------------------------------------------+----+----+-----+-----------+
    |                                Name                                | FF | LUT| Bits| Const Bits|
    +--------------------------------------------------------------------+----+----+-----+-----------+
    |and_ln413_reg_133                                                   |   1|   0|    1|          0|
    |ap_CS_fsm                                                           |  12|   0|   12|          0|
    |grp_MHGD_detect_accel_Pipeline_VITIS_LOOP_480_3_fu_74_ap_start_reg  |   1|   0|    1|          0|
    |icmp_ln449_reg_128                                                  |   1|   0|    1|          0|
    |iter_read_reg_123                                                   |  32|   0|   32|          0|
    |p_acc_reg_142                                                       |  32|   0|   32|          0|
    |tmp_s_reg_137                                                       |  64|   0|   64|          0|
    |trunc_ln519_1_reg_153                                               |  23|   0|   23|          0|
    |trunc_ln519_reg_148                                                 |  31|   0|   31|          0|
    +--------------------------------------------------------------------+----+----+-----+-----------+
    |Total                                                               | 197|   0|  197|          0|
    +--------------------------------------------------------------------+----+----+-----+-----------+



================================================================
== Interface
================================================================
* Summary: 
+-----------+-----+-----+------------+-------------------+--------------+
| RTL Ports | Dir | Bits|  Protocol  |   Source Object   |    C Type    |
+-----------+-----+-----+------------+-------------------+--------------+
|ap_clk     |   in|    1|  ap_ctrl_hs|  MHGD_detect_accel|  return value|
|ap_rst     |   in|    1|  ap_ctrl_hs|  MHGD_detect_accel|  return value|
|ap_start   |   in|    1|  ap_ctrl_hs|  MHGD_detect_accel|  return value|
|ap_done    |  out|    1|  ap_ctrl_hs|  MHGD_detect_accel|  return value|
|ap_idle    |  out|    1|  ap_ctrl_hs|  MHGD_detect_accel|  return value|
|ap_ready   |  out|    1|  ap_ctrl_hs|  MHGD_detect_accel|  return value|
|ap_return  |  out|   32|  ap_ctrl_hs|  MHGD_detect_accel|  return value|
|x_hat      |   in|   64|     ap_none|              x_hat|       pointer|
|Nt         |   in|   32|     ap_none|                 Nt|        scalar|
|Nr         |   in|   32|     ap_none|                 Nr|        scalar|
|mu         |   in|   32|     ap_none|                 mu|        scalar|
|H          |   in|   64|     ap_none|                  H|       pointer|
|y          |   in|   64|     ap_none|                  y|       pointer|
|sigma2     |   in|   32|     ap_none|             sigma2|        scalar|
|mmse_init  |   in|   32|     ap_none|          mmse_init|        scalar|
|lr_approx  |   in|   32|     ap_none|          lr_approx|        scalar|
|iter       |   in|   32|     ap_none|               iter|        scalar|
|v_tb       |   in|   64|     ap_none|               v_tb|       pointer|
+-----------+-----+-----+------------+-------------------+--------------+

