

================================================================
== Vitis HLS Report for 'MHGD_detect_accel_Pipeline_VITIS_LOOP_480_3'
================================================================
* Date:           Mon Mar 31 10:13:19 2025

* Version:        2024.2 (Build 5238294 on Nov  8 2024)
* Project:        component_perfect_loop
* Solution:       hls (Vivado IP Flow Target)
* Product family: virtexuplus
* Target device:  xcvu9p-flga2104-2-i


================================================================
== Performance Estimates
================================================================
+ Timing: 
    * Summary: 
    +--------+----------+----------+------------+
    |  Clock |  Target  | Estimated| Uncertainty|
    +--------+----------+----------+------------+
    |ap_clk  |  10.00 ns|  7.379 ns|     2.70 ns|
    +--------+----------+----------+------------+

+ Latency: 
    * Summary: 
    +---------+---------+----------+----------+-----+-----+------------------------------------------------+
    |  Latency (cycles) |  Latency (absolute) |  Interval |                    Pipeline                    |
    |   min   |   max   |    min   |    max   | min | max |                      Type                      |
    +---------+---------+----------+----------+-----+-----+------------------------------------------------+
    |        ?|        ?|         ?|         ?|    0|    0|  loop auto-rewind stp (delay=0 clock cycles(s))|
    +---------+---------+----------+----------+-----+-----+------------------------------------------------+

    + Detail: 
        * Instance: 
        N/A

        * Loop: 
        +--------------------+---------+---------+----------+-----------+-----------+------+----------+
        |                    |  Latency (cycles) | Iteration|  Initiation Interval  | Trip |          |
        |      Loop Name     |   min   |   max   |  Latency |  achieved |   target  | Count| Pipelined|
        +--------------------+---------+---------+----------+-----------+-----------+------+----------+
        |- VITIS_LOOP_480_3  |        ?|        ?|         1|          1|          1|     ?|       yes|
        +--------------------+---------+---------+----------+-----------+-----------+------+----------+



================================================================
== Utilization Estimates
================================================================
* Summary: 
+---------------------+---------+------+---------+---------+-----+
|         Name        | BRAM_18K|  DSP |    FF   |   LUT   | URAM|
+---------------------+---------+------+---------+---------+-----+
|DSP                  |        -|     -|        -|        -|    -|
|Expression           |        -|     -|        0|      128|    -|
|FIFO                 |        -|     -|        -|        -|    -|
|Instance             |        -|     -|        -|        -|    -|
|Memory               |        -|     -|        -|        -|    -|
|Multiplexer          |        -|     -|        0|       50|    -|
|Register             |        -|     -|       34|        -|    -|
+---------------------+---------+------+---------+---------+-----+
|Total                |        0|     0|       34|      178|    0|
+---------------------+---------+------+---------+---------+-----+
|Available SLR        |     1440|  2280|   788160|   394080|  320|
+---------------------+---------+------+---------+---------+-----+
|Utilization SLR (%)  |        0|     0|       ~0|       ~0|    0|
+---------------------+---------+------+---------+---------+-----+
|Available            |     4320|  6840|  2364480|  1182240|  960|
+---------------------+---------+------+---------+---------+-----+
|Utilization (%)      |        0|     0|       ~0|       ~0|    0|
+---------------------+---------+------+---------+---------+-----+

+ Detail: 
    * Instance: 
    +--------------------------------+-----------------------------+---------+----+---+----+-----+
    |            Instance            |            Module           | BRAM_18K| DSP| FF| LUT| URAM|
    +--------------------------------+-----------------------------+---------+----+---+----+-----+
    |fcmp_32ns_32ns_1_1_no_dsp_1_U1  |fcmp_32ns_32ns_1_1_no_dsp_1  |        0|   0|  0|   0|    0|
    +--------------------------------+-----------------------------+---------+----+---+----+-----+
    |Total                           |                             |        0|   0|  0|   0|    0|
    +--------------------------------+-----------------------------+---------+----+---+----+-----+

    * DSP: 
    N/A

    * Memory: 
    N/A

    * FIFO: 
    N/A

    * Expression: 
    +------------------------+----------+----+---+----+------------+------------+
    |      Variable Name     | Operation| DSP| FF| LUT| Bitwidth P0| Bitwidth P1|
    +------------------------+----------+----+---+----+------------+------------+
    |add_ln480_fu_121_p2     |         +|   0|  0|  38|          31|           1|
    |and_ln519_1_fu_161_p2   |       and|   0|  0|   2|           1|           1|
    |and_ln519_fu_155_p2     |       and|   0|  0|   2|           1|           1|
    |icmp_ln480_fu_115_p2    |      icmp|   0|  0|  39|          32|          32|
    |icmp_ln519_1_fu_143_p2  |      icmp|   0|  0|  30|          23|           1|
    |icmp_ln519_fu_137_p2    |      icmp|   0|  0|  15|           8|           2|
    |or_ln519_fu_149_p2      |        or|   0|  0|   2|           1|           1|
    +------------------------+----------+----+---+----+------------+------------+
    |Total                   |          |   0|  0| 128|          97|          39|
    +------------------------+----------+----+---+----+------------+------------+

    * Multiplexer: 
    +-------------------------------+----+-----------+-----+-----------+
    |              Name             | LUT| Input Size| Bits| Total Bits|
    +-------------------------------+----+-----------+-----+-----------+
    |ap_done_int                    |   9|          2|    1|          2|
    |ap_phi_mux_merge_phi_fu_89_p4  |  14|          3|    1|          3|
    |ap_return                      |   9|          2|    1|          2|
    |ap_sig_allocacmp_k_load        |   9|          2|   31|         62|
    |k_fu_52                        |   9|          2|   31|         62|
    +-------------------------------+----+-----------+-----+-----------+
    |Total                          |  50|         11|   65|        131|
    +-------------------------------+----+-----------+-----+-----------+

    * Register: 
    +----------------+----+----+-----+-----------+
    |      Name      | FF | LUT| Bits| Const Bits|
    +----------------+----+----+-----+-----------+
    |ap_CS_fsm       |   1|   0|    1|          0|
    |ap_done_reg     |   1|   0|    1|          0|
    |ap_return_preg  |   1|   0|    1|          0|
    |k_fu_52         |  31|   0|   31|          0|
    +----------------+----+----+-----+-----------+
    |Total           |  34|   0|   34|          0|
    +----------------+----+----+-----+-----------+



================================================================
== Interface
================================================================
* Summary: 
+---------------+-----+-----+------------+---------------------------------------------+--------------+
|   RTL Ports   | Dir | Bits|  Protocol  |                Source Object                |    C Type    |
+---------------+-----+-----+------------+---------------------------------------------+--------------+
|ap_clk         |   in|    1|  ap_ctrl_hs|  MHGD_detect_accel_Pipeline_VITIS_LOOP_480_3|  return value|
|ap_rst         |   in|    1|  ap_ctrl_hs|  MHGD_detect_accel_Pipeline_VITIS_LOOP_480_3|  return value|
|ap_start       |   in|    1|  ap_ctrl_hs|  MHGD_detect_accel_Pipeline_VITIS_LOOP_480_3|  return value|
|ap_done        |  out|    1|  ap_ctrl_hs|  MHGD_detect_accel_Pipeline_VITIS_LOOP_480_3|  return value|
|ap_idle        |  out|    1|  ap_ctrl_hs|  MHGD_detect_accel_Pipeline_VITIS_LOOP_480_3|  return value|
|ap_ready       |  out|    1|  ap_ctrl_hs|  MHGD_detect_accel_Pipeline_VITIS_LOOP_480_3|  return value|
|ap_return      |  out|    1|  ap_ctrl_hs|  MHGD_detect_accel_Pipeline_VITIS_LOOP_480_3|  return value|
|iter           |   in|   32|     ap_none|                                         iter|        scalar|
|bitcast_ln519  |   in|   31|     ap_none|                                bitcast_ln519|        scalar|
|empty          |   in|   23|     ap_none|                                        empty|        scalar|
|p_acc          |   in|   32|     ap_none|                                        p_acc|        scalar|
|icmp_ln449     |   in|    1|     ap_none|                                   icmp_ln449|        scalar|
+---------------+-----+-----+------------+---------------------------------------------+--------------+

