Mon Mar 31 09:41:56 2025: Running xcd server. This server was built by gradle.
Mon Mar 31 09:41:56 2025: Server was asked to start on port: '35979'
Mon Mar 31 09:41:56 2025: Server is using token UUID: '08816d2d-3346-4c63-9fa0-c0b401493b2c'
Mon Mar 31 09:41:56 2025: SESSION_MGR: creating session with session uuid: '6d04a3e9-ade5-4ab9-8d63-1f78fcd2ec76' and name 'default'
Mon Mar 31 09:41:56 2025: Attempting to start server on port '35979'
Mon Mar 31 09:41:56 2025: XCD main fifo: created main fifo '/tmp/xcdmain08816d2d-3346-4c63-9fa0-c0b401493b2c', fd read = 15
Mon Mar 31 09:41:56 2025: Running Dispatch Server
Mon Mar 31 09:41:56 2025: Version 2.2.0
Mon Mar 31 09:41:58 2025: Dispatch Server: Accepted socket connection from client
Mon Mar 31 09:41:58 2025: Starting Socket connection
Mon Mar 31 09:41:58 2025: EXCHANGE_TOKEN received, server token: 08816d2d-3346-4c63-9fa0-c0b401493b2c, passed token: 08816d2d-3346-4c63-9fa0-c0b401493b2c
Mon Mar 31 09:41:58 2025: SESSION_MGR: creating session with session uuid: 'f49596ab-bf1c-4ece-b4a8-8a018ed69e1c' and name 'vitis_hls'
Mon Mar 31 09:41:58 2025: KERNEL_SVC: creating session with uuid: 'f49596ab-bf1c-4ece-b4a8-8a018ed69e1c' and name 'vitis_hls'
Mon Mar 31 09:41:58 2025: GUIDANCE_SMGR: creating guidance session with uuid: 'f49596ab-bf1c-4ece-b4a8-8a018ed69e1c' and name 'vitis_hls'
Mon Mar 31 10:13:08 2025: Running xcd server. This server was built by gradle.
Mon Mar 31 10:13:08 2025: Server was asked to start on port: '37399'
Mon Mar 31 10:13:08 2025: Server is using token UUID: '61e1a4fc-25ff-4ef8-8f6a-a1d3d9e55aa5'
Mon Mar 31 10:13:08 2025: SESSION_MGR: creating session with session uuid: '6d04a3e9-ade5-4ab9-8d63-1f78fcd2ec76' and name 'default'
Mon Mar 31 10:13:08 2025: Attempting to start server on port '37399'
Mon Mar 31 10:13:08 2025: XCD main fifo: created main fifo '/tmp/xcdmain61e1a4fc-25ff-4ef8-8f6a-a1d3d9e55aa5', fd read = 18
Mon Mar 31 10:13:08 2025: Running Dispatch Server
Mon Mar 31 10:13:08 2025: Version 2.2.0
Mon Mar 31 10:13:10 2025: Dispatch Server: Accepted socket connection from client
Mon Mar 31 10:13:10 2025: Starting Socket connection
Mon Mar 31 10:13:10 2025: EXCHANGE_TOKEN received, server token: 61e1a4fc-25ff-4ef8-8f6a-a1d3d9e55aa5, passed token: 61e1a4fc-25ff-4ef8-8f6a-a1d3d9e55aa5
Mon Mar 31 10:13:10 2025: SESSION_MGR: creating session with session uuid: '6f8af2fa-962f-4d31-a0a2-0ddf6bcfe160' and name 'vitis_hls'
Mon Mar 31 10:13:10 2025: KERNEL_SVC: creating session with uuid: '6f8af2fa-962f-4d31-a0a2-0ddf6bcfe160' and name 'vitis_hls'
Mon Mar 31 10:13:10 2025: GUIDANCE_SMGR: creating guidance session with uuid: '6f8af2fa-962f-4d31-a0a2-0ddf6bcfe160' and name 'vitis_hls'
Mon Mar 31 10:13:10 2025: STOP_SERVER received, server token: 08816d2d-3346-4c63-9fa0-c0b401493b2c, passed token: 08816d2d-3346-4c63-9fa0-c0b401493b2c
Mon Mar 31 10:13:10 2025: Socket received request to stop server.
Mon Mar 31 10:13:10 2025: Dispatch Server: do_await_stop
Mon Mar 31 10:13:10 2025: Dispatch Server: stopping mainFifo_
Mon Mar 31 10:13:10 2025: XCD main fifo: Stopping
Mon Mar 31 10:13:10 2025: XCD main fifo: do_read error code: Operation canceled
Mon Mar 31 10:13:10 2025: XCD main fifo: bytes_transferred: 0
Mon Mar 31 10:13:10 2025: SERVER: destructor for server bound to port 35979
Mon Mar 31 10:13:10 2025: XCD main fifo: Good unlink of /tmp/xcdmain08816d2d-3346-4c63-9fa0-c0b401493b2c
Mon Mar 31 10:13:10 2025: Server exiting with status 0.
Mon Mar 31 10:13:10 2025: Closing log file.
Mon Mar 31 10:13:19 2025: STOP_SERVER received, server token: 61e1a4fc-25ff-4ef8-8f6a-a1d3d9e55aa5, passed token: 61e1a4fc-25ff-4ef8-8f6a-a1d3d9e55aa5
Mon Mar 31 10:13:19 2025: Socket received request to stop server.
Mon Mar 31 10:13:19 2025: Dispatch Server: do_await_stop
Mon Mar 31 10:13:19 2025: Dispatch Server: stopping mainFifo_
Mon Mar 31 10:13:19 2025: XCD main fifo: Stopping
Mon Mar 31 10:13:19 2025: XCD main fifo: do_read error code: Operation canceled
Mon Mar 31 10:13:19 2025: XCD main fifo: bytes_transferred: 0
Mon Mar 31 10:13:19 2025: SERVER: destructor for server bound to port 37399
Mon Mar 31 10:13:19 2025: XCD main fifo: Good unlink of /tmp/xcdmain61e1a4fc-25ff-4ef8-8f6a-a1d3d9e55aa5
Mon Mar 31 10:13:19 2025: Server exiting with status 0.
Mon Mar 31 10:13:19 2025: Closing log file.
