#-----------------------------------------------------------
# Vivado v2024.2 (64-bit)
# SW Build 5239630 on Fri Nov 08 22:34:34 MST 2024
# IP Build 5239520 on Sun Nov 10 16:12:51 MST 2024
# SharedData Build 5239561 on Fri Nov 08 14:39:27 MST 2024
# Start of session at: Tue Mar 25 20:26:16 2025
# Process ID         : 3822183
# Current directory  : /home/ggg_wufuqi/hls/MHGD/MHGD/hls/impl/ip
# Command line       : vivado -notrace -mode batch -source run_ippack.tcl
# Log file           : /home/ggg_wufuqi/hls/MHGD/MHGD/hls/impl/ip/vivado.log
# Journal file       : /home/ggg_wufuqi/hls/MHGD/MHGD/hls/impl/ip/vivado.jou
# Running On         : fpga-accelerator-server-14900k
# Platform           : Ubuntu
# Operating System   : Ubuntu 22.04.5 LTS
# Processor Detail   : Intel(R) Core(TM) i9-14900K
# CPU Frequency      : 4922.923 MHz
# CPU Physical cores : 24
# CPU Logical cores  : 32
# Host memory        : 100935 MB
# Swap memory        : 8589 MB
# Total Virtual      : 109525 MB
# Available Virtual  : 74519 MB
#-----------------------------------------------------------
source run_ippack.tcl -notrace
INFO: calling package_hls_ip ip_types=vitis sysgen json_file=/home/ggg_wufuqi/hls/MHGD/MHGD/hls/hls_data.json outdir=/home/ggg_wufuqi/hls/MHGD/MHGD/hls/impl/ip srcdir=/home/ggg_wufuqi/hls/MHGD/MHGD/hls sort_interfaces_ports=false
INFO: Copied 1 ipmisc file(s) to /home/ggg_wufuqi/hls/MHGD/MHGD/hls/impl/ip/misc
INFO: Copied 1 verilog file(s) to /home/ggg_wufuqi/hls/MHGD/MHGD/hls/impl/ip/hdl/verilog
INFO: Copied 1 vhdl file(s) to /home/ggg_wufuqi/hls/MHGD/MHGD/hls/impl/ip/hdl/vhdl
INFO: Import ports from HDL: /home/ggg_wufuqi/hls/MHGD/MHGD/hls/impl/ip/hdl/vhdl/MHGD_detect_accel.vhd (MHGD_detect_accel)
INFO: Add ap_ctrl interface ap_ctrl
INFO: Add data interface ap_return
INFO: [IP_Flow 19-234] Refreshing IP repositories
INFO: [IP_Flow 19-1704] No user IP repositories specified
INFO: [IP_Flow 19-2313] Loaded Vivado IP repository '/tools/Xilinx/Vivado/2024.2/data/ip'.
INFO: Add reset interface ap_rst
INFO: Add data interface x_hat
INFO: Add data interface Nt
INFO: Add data interface Nr
INFO: Add data interface mu
INFO: Add data interface H
INFO: Add data interface y
INFO: Add data interface sigma2
INFO: Add data interface mmse_init
INFO: Add data interface lr_approx
INFO: Add data interface iter
INFO: Add data interface v_tb
INFO: Calling post_process_vitis to specialize IP
INFO: Calling post_process_sysgen to specialize IP
Generating sysgen info xml from json file
INFO: Created IP /home/ggg_wufuqi/hls/MHGD/MHGD/hls/impl/ip/component.xml
INFO: Created IP archive /home/ggg_wufuqi/hls/MHGD/MHGD/hls/impl/ip/xilinx_com_hls_MHGD_detect_accel_1_0.zip
INFO: [Common 17-206] Exiting Vivado at Tue Mar 25 20:26:20 2025...
