

================================================================
== Vitis HLS Report for 'map_4'
================================================================
* Date:           Wed Apr  2 12:08:03 2025

* Version:        2024.2 (Build 5238294 on Nov  8 2024)
* Project:        component_perfect_loop_hls_cpp
* Solution:       hls (Vivado IP Flow Target)
* Product family: zynquplus
* Target device:  xck26-sfvc784-2LV-c


================================================================
== Performance Estimates
================================================================
+ Timing: 
    * Summary: 
    +--------+----------+----------+------------+
    |  Clock |  Target  | Estimated| Uncertainty|
    +--------+----------+----------+------------+
    |ap_clk  |  10.00 ns|  7.300 ns|     2.70 ns|
    +--------+----------+----------+------------+

+ Latency: 
    * Summary: 
    +---------+---------+----------+-----------+-----+------+---------+
    |  Latency (cycles) |  Latency (absolute)  |  Interval  | Pipeline|
    |   min   |   max   |    min   |    max    | min |  max |   Type  |
    +---------+---------+----------+-----------+-----+------+---------+
    |      247|     2932|  2.470 us|  29.320 us|  247|  2932|       no|
    +---------+---------+----------+-----------+-----+------+---------+

    + Detail: 
        * Instance: 
        N/A

        * Loop: 
        +--------------------+---------+---------+-----------+-----------+-----------+--------+----------+
        |                    |  Latency (cycles) | Iteration |  Initiation Interval  |  Trip  |          |
        |      Loop Name     |   min   |   max   |  Latency  |  achieved |   target  |  Count | Pipelined|
        +--------------------+---------+---------+-----------+-----------+-----------+--------+----------+
        |- VITIS_LOOP_497_1  |      234|     2820|  234 ~ 282|          -|          -|  1 ~ 10|        no|
        |- VITIS_LOOP_323_1  |       11|      110|         11|          -|          -|  1 ~ 10|        no|
        +--------------------+---------+---------+-----------+-----------+-----------+--------+----------+



================================================================
== Utilization Estimates
================================================================
* Summary: 
+-----------------+---------+------+--------+--------+-----+
|       Name      | BRAM_18K|  DSP |   FF   |   LUT  | URAM|
+-----------------+---------+------+--------+--------+-----+
|DSP              |        -|     -|       -|       -|    -|
|Expression       |        -|     -|       0|    9986|    -|
|FIFO             |        -|     -|       -|       -|    -|
|Instance         |        -|     -|   17302|   13214|    -|
|Memory           |        -|     -|       -|       -|    -|
|Multiplexer      |        -|     -|       0|    1781|    -|
|Register         |        -|     -|    3518|       -|    -|
+-----------------+---------+------+--------+--------+-----+
|Total            |        0|     0|   20820|   24981|    0|
+-----------------+---------+------+--------+--------+-----+
|Available        |      288|  1248|  234240|  117120|   64|
+-----------------+---------+------+--------+--------+-----+
|Utilization (%)  |        0|     0|       8|      21|    0|
+-----------------+---------+------+--------+--------+-----+

+ Detail: 
    * Instance: 
    +---------------------------+------------------------+---------+----+------+------+-----+
    |          Instance         |         Module         | BRAM_18K| DSP|  FF  |  LUT | URAM|
    +---------------------------+------------------------+---------+----+------+------+-----+
    |sdiv_96ns_1ns_96_100_1_U1  |sdiv_96ns_1ns_96_100_1  |        0|   0|  8651|  6607|    0|
    |sdiv_96ns_1ns_96_100_1_U2  |sdiv_96ns_1ns_96_100_1  |        0|   0|  8651|  6607|    0|
    +---------------------------+------------------------+---------+----+------+------+-----+
    |Total                      |                        |        0|   0| 17302| 13214|    0|
    +---------------------------+------------------------+---------+----+------+------+-----+

    * DSP: 
    N/A

    * Memory: 
    N/A

    * FIFO: 
    N/A

    * Expression: 
    +--------------------------------+----------+----+---+-----+------------+------------+
    |          Variable Name         | Operation| DSP| FF| LUT | Bitwidth P0| Bitwidth P1|
    +--------------------------------+----------+----+---+-----+------------+------------+
    |add_ln323_fu_1196_p2            |         +|   0|  0|   38|          31|           1|
    |add_ln325_fu_1229_p2            |         +|   0|  0|   71|          64|           4|
    |add_ln497_fu_451_p2             |         +|   0|  0|   38|          31|           1|
    |add_ln500_fu_625_p2             |         +|   0|  0|  103|          96|          65|
    |add_ln501_1_fu_651_p2           |         +|   0|  0|   71|          64|           4|
    |add_ln501_fu_828_p2             |         +|   0|  0|  103|          96|          65|
    |empty_33_fu_500_p2              |         +|   0|  0|   71|          64|          64|
    |empty_62_fu_1214_p2             |         +|   0|  0|   71|          64|          64|
    |sub_ln500_1_fu_545_p2           |         -|   0|  0|  104|           1|          97|
    |sub_ln500_fu_525_p2             |         -|   0|  0|  136|           1|         129|
    |sub_ln501_1_fu_748_p2           |         -|   0|  0|  104|           1|          97|
    |sub_ln501_fu_728_p2             |         -|   0|  0|  136|           1|         129|
    |ap_predicate_pred3450_state234  |       and|   0|  0|    2|           1|           1|
    |icmp_ln323_fu_1191_p2           |      icmp|   0|  0|   39|          32|          32|
    |icmp_ln497_fu_446_p2            |      icmp|   0|  0|   39|          32|          32|
    |icmp_ln505_fu_920_p2            |      icmp|   0|  0|   71|          64|          33|
    |icmp_ln506_fu_1013_p2           |      icmp|   0|  0|   71|          64|          34|
    |icmp_ln507_fu_1078_p2           |      icmp|   0|  0|   71|          64|          33|
    |icmp_ln508_fu_1157_p2           |      icmp|   0|  0|   71|          64|          34|
    |icmp_ln511_fu_893_p2            |      icmp|   0|  0|   71|          64|          34|
    |icmp_ln512_fu_986_p2            |      icmp|   0|  0|   71|          64|          35|
    |icmp_ln513_fu_1057_p2           |      icmp|   0|  0|   71|          64|          34|
    |icmp_ln514_fu_1130_p2           |      icmp|   0|  0|   71|          64|          35|
    |icmp_ln517_fu_866_p2            |      icmp|   0|  0|   71|          64|          35|
    |icmp_ln518_fu_959_p2            |      icmp|   0|  0|   71|          64|          36|
    |icmp_ln519_fu_1036_p2           |      icmp|   0|  0|   71|          64|          35|
    |icmp_ln520_fu_1103_p2           |      icmp|   0|  0|   71|          64|          36|
    |icmp_ln66_1_fu_788_p2           |      icmp|   0|  0|   39|          32|           1|
    |icmp_ln66_fu_585_p2             |      icmp|   0|  0|   39|          32|           1|
    |grp_fu_348_p2                   |      lshr|   0|  0|  423|         128|         128|
    |grp_fu_353_p2                   |      lshr|   0|  0|  423|         128|         128|
    |ap_block_state235_io            |        or|   0|  0|    2|           1|           1|
    |ap_block_state243               |        or|   0|  0|    2|           1|           1|
    |ap_block_state244_io            |        or|   0|  0|    2|           1|           1|
    |ap_block_state245_io            |        or|   0|  0|    2|           1|           1|
    |ap_block_state250               |        or|   0|  0|    2|           1|           1|
    |ap_block_state261_io            |        or|   0|  0|    2|           1|           1|
    |ap_block_state286_io            |        or|   0|  0|    2|           1|           1|
    |ap_predicate_pred3441_state234  |        or|   0|  0|    2|           1|           1|
    |select_ln500_fu_609_p3          |    select|   0|  0|   62|           1|          63|
    |select_ln501_fu_812_p3          |    select|   0|  0|   62|           1|          63|
    |select_ln505_fu_926_p3          |    select|   0|  0|   64|           1|          33|
    |select_ln506_fu_1019_p3         |    select|   0|  0|   64|           1|          34|
    |select_ln507_fu_1083_p3         |    select|   0|  0|   64|           1|          33|
    |select_ln508_fu_1163_p3         |    select|   0|  0|   64|           1|          34|
    |select_ln511_fu_899_p3          |    select|   0|  0|   64|           1|          34|
    |select_ln512_fu_992_p3          |    select|   0|  0|   64|           1|          35|
    |select_ln513_fu_1062_p3         |    select|   0|  0|   64|           1|          34|
    |select_ln514_fu_1136_p3         |    select|   0|  0|   64|           1|          35|
    |select_ln517_fu_872_p3          |    select|   0|  0|   64|           1|          35|
    |select_ln518_fu_965_p3          |    select|   0|  0|   64|           1|          36|
    |select_ln519_fu_1041_p3         |    select|   0|  0|   64|           1|          35|
    |select_ln520_fu_1109_p3         |    select|   0|  0|   64|           1|          36|
    |x_2_fu_772_p3                   |    select|   0|  0|   91|           1|          97|
    |x_fu_569_p3                     |    select|   0|  0|   91|           1|          97|
    |empty_32_fu_414_p2              |       shl|   0|  0|   35|           8|          16|
    |empty_fu_392_p2                 |       shl|   0|  0|   35|           8|          16|
    |shl_ln500_fu_670_p2             |       shl|   0|  0|  423|         128|         128|
    |shl_ln501_fu_847_p2             |       shl|   0|  0|  423|         128|         128|
    |shl_ln505_fu_938_p2             |       shl|   0|  0|  423|         128|         128|
    |shl_ln506_fu_1031_p2            |       shl|   0|  0|  423|         128|         128|
    |shl_ln507_fu_1094_p2            |       shl|   0|  0|  423|         128|         128|
    |shl_ln508_fu_1175_p2            |       shl|   0|  0|  423|         128|         128|
    |shl_ln511_fu_911_p2             |       shl|   0|  0|  423|         128|         128|
    |shl_ln512_fu_1004_p2            |       shl|   0|  0|  423|         128|         128|
    |shl_ln513_fu_1073_p2            |       shl|   0|  0|  423|         128|         128|
    |shl_ln514_fu_1148_p2            |       shl|   0|  0|  423|         128|         128|
    |shl_ln517_fu_884_p2             |       shl|   0|  0|  423|         128|         128|
    |shl_ln518_fu_977_p2             |       shl|   0|  0|  423|         128|         128|
    |shl_ln519_fu_1052_p2            |       shl|   0|  0|  423|         128|         128|
    |shl_ln520_fu_1121_p2            |       shl|   0|  0|  423|         128|         128|
    |xor_ln497_fu_370_p2             |       xor|   0|  0|    2|           1|           2|
    +--------------------------------+----------+----+---+-----+------------+------------+
    |Total                           |          |   0|  0| 9986|        3500|        4025|
    +--------------------------------+----------+----+---+-----+------------+------------+

    * Multiplexer: 
    +---------------------+------+-----------+-----+-----------+
    |         Name        |  LUT | Input Size| Bits| Total Bits|
    +---------------------+------+-----------+-----+-----------+
    |ap_NS_fsm            |  1564|        295|    1|        295|
    |gmem_blk_n_AR        |     9|          2|    1|          2|
    |gmem_blk_n_AW        |     9|          2|    1|          2|
    |gmem_blk_n_B         |     9|          2|    1|          2|
    |gmem_blk_n_R         |     9|          2|    1|          2|
    |gmem_blk_n_W         |     9|          2|    1|          2|
    |i_1_fu_148           |     9|          2|   31|         62|
    |i_fu_144             |     9|          2|   31|         62|
    |m_axi_gmem_0_ARADDR  |    26|          5|   64|        320|
    |m_axi_gmem_0_AWADDR  |    49|          9|   64|        576|
    |m_axi_gmem_0_WDATA   |    65|         16|  128|       2048|
    |m_axi_gmem_0_WSTRB   |    14|          3|   16|         48|
    +---------------------+------+-----------+-----+-----------+
    |Total                |  1781|        342|  340|       3421|
    +---------------------+------+-----------+-----+-----------+

    * Register: 
    +--------------------------------+-----+----+-----+-----------+
    |              Name              |  FF | LUT| Bits| Const Bits|
    +--------------------------------+-----+----+-----+-----------+
    |add_ln497_reg_1347              |   31|   0|   31|          0|
    |ap_CS_fsm                       |  294|   0|  294|          0|
    |ap_predicate_pred3441_state234  |    1|   0|    1|          0|
    |ap_predicate_pred3441_state235  |    1|   0|    1|          0|
    |ap_predicate_pred3441_state236  |    1|   0|    1|          0|
    |ap_predicate_pred3441_state243  |    1|   0|    1|          0|
    |ap_predicate_pred3441_state244  |    1|   0|    1|          0|
    |ap_predicate_pred3441_state245  |    1|   0|    1|          0|
    |ap_predicate_pred3441_state250  |    1|   0|    1|          0|
    |ap_predicate_pred3441_state251  |    1|   0|    1|          0|
    |ap_predicate_pred3441_state259  |    1|   0|    1|          0|
    |ap_predicate_pred3441_state260  |    1|   0|    1|          0|
    |ap_predicate_pred3441_state261  |    1|   0|    1|          0|
    |ap_predicate_pred3441_state262  |    1|   0|    1|          0|
    |ap_predicate_pred3441_state266  |    1|   0|    1|          0|
    |ap_predicate_pred3441_state267  |    1|   0|    1|          0|
    |ap_predicate_pred3441_state268  |    1|   0|    1|          0|
    |ap_predicate_pred3441_state276  |    1|   0|    1|          0|
    |ap_predicate_pred3441_state277  |    1|   0|    1|          0|
    |ap_predicate_pred3441_state278  |    1|   0|    1|          0|
    |ap_predicate_pred3450_state234  |    1|   0|    1|          0|
    |ap_predicate_pred417_state235   |    1|   0|    1|          0|
    |ap_predicate_pred417_state236   |    1|   0|    1|          0|
    |ap_predicate_pred417_state243   |    1|   0|    1|          0|
    |ap_predicate_pred417_state244   |    1|   0|    1|          0|
    |ap_predicate_pred417_state245   |    1|   0|    1|          0|
    |ap_predicate_pred417_state250   |    1|   0|    1|          0|
    |ap_predicate_pred417_state251   |    1|   0|    1|          0|
    |ap_predicate_pred417_state259   |    1|   0|    1|          0|
    |ap_predicate_pred417_state260   |    1|   0|    1|          0|
    |ap_predicate_pred417_state261   |    1|   0|    1|          0|
    |ap_predicate_pred417_state262   |    1|   0|    1|          0|
    |ap_predicate_pred417_state266   |    1|   0|    1|          0|
    |ap_predicate_pred417_state267   |    1|   0|    1|          0|
    |ap_predicate_pred417_state268   |    1|   0|    1|          0|
    |ap_predicate_pred417_state276   |    1|   0|    1|          0|
    |ap_predicate_pred417_state277   |    1|   0|    1|          0|
    |ap_predicate_pred417_state278   |    1|   0|    1|          0|
    |ap_predicate_pred451_state235   |    1|   0|    1|          0|
    |ap_predicate_pred451_state236   |    1|   0|    1|          0|
    |ap_predicate_pred451_state243   |    1|   0|    1|          0|
    |ap_predicate_pred451_state244   |    1|   0|    1|          0|
    |ap_predicate_pred451_state245   |    1|   0|    1|          0|
    |ap_predicate_pred451_state250   |    1|   0|    1|          0|
    |ap_predicate_pred451_state251   |    1|   0|    1|          0|
    |ap_predicate_pred451_state259   |    1|   0|    1|          0|
    |ap_predicate_pred451_state260   |    1|   0|    1|          0|
    |ap_predicate_pred451_state261   |    1|   0|    1|          0|
    |ap_predicate_pred451_state262   |    1|   0|    1|          0|
    |ap_predicate_pred451_state266   |    1|   0|    1|          0|
    |ap_predicate_pred451_state267   |    1|   0|    1|          0|
    |ap_predicate_pred451_state268   |    1|   0|    1|          0|
    |ap_predicate_pred451_state276   |    1|   0|    1|          0|
    |ap_predicate_pred451_state277   |    1|   0|    1|          0|
    |ap_predicate_pred451_state278   |    1|   0|    1|          0|
    |ap_predicate_pred454_state235   |    1|   0|    1|          0|
    |ap_predicate_pred454_state236   |    1|   0|    1|          0|
    |ap_predicate_pred454_state243   |    1|   0|    1|          0|
    |ap_predicate_pred454_state244   |    1|   0|    1|          0|
    |ap_predicate_pred454_state245   |    1|   0|    1|          0|
    |ap_predicate_pred454_state250   |    1|   0|    1|          0|
    |ap_predicate_pred454_state251   |    1|   0|    1|          0|
    |ap_predicate_pred454_state259   |    1|   0|    1|          0|
    |ap_predicate_pred454_state260   |    1|   0|    1|          0|
    |ap_predicate_pred454_state261   |    1|   0|    1|          0|
    |ap_predicate_pred454_state262   |    1|   0|    1|          0|
    |ap_predicate_pred454_state266   |    1|   0|    1|          0|
    |ap_predicate_pred454_state267   |    1|   0|    1|          0|
    |ap_predicate_pred454_state268   |    1|   0|    1|          0|
    |ap_predicate_pred454_state276   |    1|   0|    1|          0|
    |ap_predicate_pred454_state277   |    1|   0|    1|          0|
    |ap_predicate_pred454_state278   |    1|   0|    1|          0|
    |empty_32_reg_1317               |   16|   0|   16|          0|
    |empty_reg_1293                  |   16|   0|   16|          0|
    |gmem_addr_1_reg_1395            |   64|   0|   64|          0|
    |gmem_addr_2_reg_1532            |   64|   0|   64|          0|
    |gmem_addr_3_reg_1538            |   64|   0|   64|          0|
    |gmem_addr_4_reg_1428            |   64|   0|   64|          0|
    |gmem_addr_reg_1359              |   31|   0|   64|         33|
    |i_1_fu_148                      |   31|   0|   31|          0|
    |i_fu_144                        |   31|   0|   31|          0|
    |lshr_ln501_1_reg_1418           |   63|   0|   64|          1|
    |lshr_ln_reg_1375                |   63|   0|   64|          1|
    |p_cast_reg_1305                 |    4|   0|  128|        124|
    |reg_340                         |  128|   0|  128|          0|
    |reg_344                         |  128|   0|  128|          0|
    |shl_ln500_reg_1390              |  128|   0|  128|          0|
    |shl_ln501_reg_1423              |  128|   0|  128|          0|
    |shl_ln505_reg_1451              |  128|   0|  128|          0|
    |shl_ln506_reg_1484              |  128|   0|  128|          0|
    |shl_ln507_reg_1499              |  128|   0|  128|          0|
    |shl_ln508_reg_1514              |  128|   0|  128|          0|
    |shl_ln511_reg_1446              |  128|   0|  128|          0|
    |shl_ln512_reg_1479              |  128|   0|  128|          0|
    |shl_ln513_reg_1494              |  128|   0|  128|          0|
    |shl_ln514_reg_1509              |  128|   0|  128|          0|
    |shl_ln517_reg_1441              |  128|   0|  128|          0|
    |shl_ln518_reg_1474              |  128|   0|  128|          0|
    |shl_ln519_reg_1489              |  128|   0|  128|          0|
    |shl_ln520_reg_1504              |  128|   0|  128|          0|
    |tmp_s_reg_1408                  |   64|   0|   64|          0|
    |trunc_ln325_1_reg_1527          |   60|   0|   60|          0|
    |trunc_ln500_5_reg_1380          |   60|   0|   60|          0|
    |trunc_ln500_reg_1365            |   64|   0|   64|          0|
    |trunc_ln501_5_reg_1385          |   60|   0|   60|          0|
    |trunc_ln505_1_reg_1468          |   64|   0|   64|          0|
    |trunc_ln511_1_reg_1462          |   64|   0|   64|          0|
    |trunc_ln517_1_reg_1456          |   64|   0|   64|          0|
    |trunc_ln_reg_1522               |   60|   0|   60|          0|
    |zext_ln497_reg_1329             |    4|   0|  128|        124|
    +--------------------------------+-----+----+-----+-----------+
    |Total                           | 3518|   0| 3801|        283|
    +--------------------------------+-----+----+-----+-----------+



================================================================
== Interface
================================================================
* Summary: 
+-----------------------+-----+-----+------------+--------------+--------------+
|       RTL Ports       | Dir | Bits|  Protocol  | Source Object|    C Type    |
+-----------------------+-----+-----+------------+--------------+--------------+
|ap_clk                 |   in|    1|  ap_ctrl_hs|         map.4|  return value|
|ap_rst                 |   in|    1|  ap_ctrl_hs|         map.4|  return value|
|ap_start               |   in|    1|  ap_ctrl_hs|         map.4|  return value|
|ap_done                |  out|    1|  ap_ctrl_hs|         map.4|  return value|
|ap_idle                |  out|    1|  ap_ctrl_hs|         map.4|  return value|
|ap_ready               |  out|    1|  ap_ctrl_hs|         map.4|  return value|
|mu                     |   in|   32|     ap_none|            mu|        scalar|
|Nt                     |   in|   32|     ap_none|            Nt|        scalar|
|m_axi_gmem_0_AWVALID   |  out|    1|       m_axi|          gmem|       pointer|
|m_axi_gmem_0_AWREADY   |   in|    1|       m_axi|          gmem|       pointer|
|m_axi_gmem_0_AWADDR    |  out|   64|       m_axi|          gmem|       pointer|
|m_axi_gmem_0_AWID      |  out|    1|       m_axi|          gmem|       pointer|
|m_axi_gmem_0_AWLEN     |  out|   32|       m_axi|          gmem|       pointer|
|m_axi_gmem_0_AWSIZE    |  out|    3|       m_axi|          gmem|       pointer|
|m_axi_gmem_0_AWBURST   |  out|    2|       m_axi|          gmem|       pointer|
|m_axi_gmem_0_AWLOCK    |  out|    2|       m_axi|          gmem|       pointer|
|m_axi_gmem_0_AWCACHE   |  out|    4|       m_axi|          gmem|       pointer|
|m_axi_gmem_0_AWPROT    |  out|    3|       m_axi|          gmem|       pointer|
|m_axi_gmem_0_AWQOS     |  out|    4|       m_axi|          gmem|       pointer|
|m_axi_gmem_0_AWREGION  |  out|    4|       m_axi|          gmem|       pointer|
|m_axi_gmem_0_AWUSER    |  out|    1|       m_axi|          gmem|       pointer|
|m_axi_gmem_0_WVALID    |  out|    1|       m_axi|          gmem|       pointer|
|m_axi_gmem_0_WREADY    |   in|    1|       m_axi|          gmem|       pointer|
|m_axi_gmem_0_WDATA     |  out|  128|       m_axi|          gmem|       pointer|
|m_axi_gmem_0_WSTRB     |  out|   16|       m_axi|          gmem|       pointer|
|m_axi_gmem_0_WLAST     |  out|    1|       m_axi|          gmem|       pointer|
|m_axi_gmem_0_WID       |  out|    1|       m_axi|          gmem|       pointer|
|m_axi_gmem_0_WUSER     |  out|    1|       m_axi|          gmem|       pointer|
|m_axi_gmem_0_ARVALID   |  out|    1|       m_axi|          gmem|       pointer|
|m_axi_gmem_0_ARREADY   |   in|    1|       m_axi|          gmem|       pointer|
|m_axi_gmem_0_ARADDR    |  out|   64|       m_axi|          gmem|       pointer|
|m_axi_gmem_0_ARID      |  out|    1|       m_axi|          gmem|       pointer|
|m_axi_gmem_0_ARLEN     |  out|   32|       m_axi|          gmem|       pointer|
|m_axi_gmem_0_ARSIZE    |  out|    3|       m_axi|          gmem|       pointer|
|m_axi_gmem_0_ARBURST   |  out|    2|       m_axi|          gmem|       pointer|
|m_axi_gmem_0_ARLOCK    |  out|    2|       m_axi|          gmem|       pointer|
|m_axi_gmem_0_ARCACHE   |  out|    4|       m_axi|          gmem|       pointer|
|m_axi_gmem_0_ARPROT    |  out|    3|       m_axi|          gmem|       pointer|
|m_axi_gmem_0_ARQOS     |  out|    4|       m_axi|          gmem|       pointer|
|m_axi_gmem_0_ARREGION  |  out|    4|       m_axi|          gmem|       pointer|
|m_axi_gmem_0_ARUSER    |  out|    1|       m_axi|          gmem|       pointer|
|m_axi_gmem_0_RVALID    |   in|    1|       m_axi|          gmem|       pointer|
|m_axi_gmem_0_RREADY    |  out|    1|       m_axi|          gmem|       pointer|
|m_axi_gmem_0_RDATA     |   in|  128|       m_axi|          gmem|       pointer|
|m_axi_gmem_0_RLAST     |   in|    1|       m_axi|          gmem|       pointer|
|m_axi_gmem_0_RID       |   in|    1|       m_axi|          gmem|       pointer|
|m_axi_gmem_0_RFIFONUM  |   in|    9|       m_axi|          gmem|       pointer|
|m_axi_gmem_0_RUSER     |   in|    1|       m_axi|          gmem|       pointer|
|m_axi_gmem_0_RRESP     |   in|    2|       m_axi|          gmem|       pointer|
|m_axi_gmem_0_BVALID    |   in|    1|       m_axi|          gmem|       pointer|
|m_axi_gmem_0_BREADY    |  out|    1|       m_axi|          gmem|       pointer|
|m_axi_gmem_0_BRESP     |   in|    2|       m_axi|          gmem|       pointer|
|m_axi_gmem_0_BID       |   in|    1|       m_axi|          gmem|       pointer|
|m_axi_gmem_0_BUSER     |   in|    1|       m_axi|          gmem|       pointer|
|x_hat                  |   in|   64|     ap_none|         x_hat|        scalar|
+-----------------------+-----+-----+------------+--------------+--------------+

