

================================================================
== Vitis HLS Report for 'MHGD_detect_accel_Pipeline_VITIS_LOOP_489_3'
================================================================
* Date:           Wed Apr  2 12:08:03 2025

* Version:        2024.2 (Build 5238294 on Nov  8 2024)
* Project:        component_perfect_loop_hls_cpp
* Solution:       hls (Vivado IP Flow Target)
* Product family: zynquplus
* Target device:  xck26-sfvc784-2LV-c


================================================================
== Performance Estimates
================================================================
+ Timing: 
    * Summary: 
    +--------+----------+----------+------------+
    |  Clock |  Target  | Estimated| Uncertainty|
    +--------+----------+----------+------------+
    |ap_clk  |  10.00 ns|  1.870 ns|     2.70 ns|
    +--------+----------+----------+------------+

+ Latency: 
    * Summary: 
    +---------+---------+-----------+----------+------+-------+------------------------------------------------+
    |  Latency (cycles) |  Latency (absolute)  |   Interval   |                    Pipeline                    |
    |   min   |   max   |    min    |    max   |  min |  max  |                      Type                      |
    +---------+---------+-----------+----------+------+-------+------------------------------------------------+
    |     5002|    15002|  50.020 us|  0.150 ms|  5001|  15001|  loop auto-rewind stp (delay=0 clock cycles(s))|
    +---------+---------+-----------+----------+------+-------+------------------------------------------------+

    + Detail: 
        * Instance: 
        N/A

        * Loop: 
        +--------------------+---------+---------+----------+-----------+-----------+--------------+----------+
        |                    |  Latency (cycles) | Iteration|  Initiation Interval  |     Trip     |          |
        |      Loop Name     |   min   |   max   |  Latency |  achieved |   target  |     Count    | Pipelined|
        +--------------------+---------+---------+----------+-----------+-----------+--------------+----------+
        |- VITIS_LOOP_489_3  |     5000|    15000|         1|          1|          1|  5000 ~ 15000|       yes|
        +--------------------+---------+---------+----------+-----------+-----------+--------------+----------+



================================================================
== Utilization Estimates
================================================================
* Summary: 
+-----------------+---------+------+--------+--------+-----+
|       Name      | BRAM_18K|  DSP |   FF   |   LUT  | URAM|
+-----------------+---------+------+--------+--------+-----+
|DSP              |        -|     -|       -|       -|    -|
|Expression       |        -|     -|       0|     116|    -|
|FIFO             |        -|     -|       -|       -|    -|
|Instance         |        -|     -|       -|       -|    -|
|Memory           |        -|     -|       -|       -|    -|
|Multiplexer      |        -|     -|       0|      50|    -|
|Register         |        -|     -|      34|       -|    -|
+-----------------+---------+------+--------+--------+-----+
|Total            |        0|     0|      34|     166|    0|
+-----------------+---------+------+--------+--------+-----+
|Available        |      288|  1248|  234240|  117120|   64|
+-----------------+---------+------+--------+--------+-----+
|Utilization (%)  |        0|     0|      ~0|      ~0|    0|
+-----------------+---------+------+--------+--------+-----+

+ Detail: 
    * Instance: 
    N/A

    * DSP: 
    N/A

    * Memory: 
    N/A

    * FIFO: 
    N/A

    * Expression: 
    +---------------------+----------+----+---+----+------------+------------+
    |    Variable Name    | Operation| DSP| FF| LUT| Bitwidth P0| Bitwidth P1|
    +---------------------+----------+----+---+----+------------+------------+
    |add_ln489_fu_85_p2   |         +|   0|  0|  38|          31|           1|
    |icmp_ln323_fu_61_p2  |      icmp|   0|  0|  39|          32|           1|
    |icmp_ln489_fu_79_p2  |      icmp|   0|  0|  39|          32|          32|
    +---------------------+----------+----+---+----+------------+------------+
    |Total                |          |   0|  0| 116|          95|          34|
    +---------------------+----------+----+---+----+------------+------------+

    * Multiplexer: 
    +-------------------------------+----+-----------+-----+-----------+
    |              Name             | LUT| Input Size| Bits| Total Bits|
    +-------------------------------+----+-----------+-----+-----------+
    |ap_done_int                    |   9|          2|    1|          2|
    |ap_phi_mux_merge_phi_fu_53_p4  |  14|          3|    1|          3|
    |ap_return                      |   9|          2|    1|          2|
    |ap_sig_allocacmp_k_load        |   9|          2|   31|         62|
    |k_fu_34                        |   9|          2|   31|         62|
    +-------------------------------+----+-----------+-----+-----------+
    |Total                          |  50|         11|   65|        131|
    +-------------------------------+----+-----------+-----+-----------+

    * Register: 
    +----------------+----+----+-----+-----------+
    |      Name      | FF | LUT| Bits| Const Bits|
    +----------------+----+----+-----+-----------+
    |ap_CS_fsm       |   1|   0|    1|          0|
    |ap_done_reg     |   1|   0|    1|          0|
    |ap_return_preg  |   1|   0|    1|          0|
    |k_fu_34         |  31|   0|   31|          0|
    +----------------+----+----+-----+-----------+
    |Total           |  34|   0|   34|          0|
    +----------------+----+----+-----+-----------+



================================================================
== Interface
================================================================
* Summary: 
+-----------+-----+-----+------------+---------------------------------------------+--------------+
| RTL Ports | Dir | Bits|  Protocol  |                Source Object                |    C Type    |
+-----------+-----+-----+------------+---------------------------------------------+--------------+
|ap_clk     |   in|    1|  ap_ctrl_hs|  MHGD_detect_accel_Pipeline_VITIS_LOOP_489_3|  return value|
|ap_rst     |   in|    1|  ap_ctrl_hs|  MHGD_detect_accel_Pipeline_VITIS_LOOP_489_3|  return value|
|ap_start   |   in|    1|  ap_ctrl_hs|  MHGD_detect_accel_Pipeline_VITIS_LOOP_489_3|  return value|
|ap_done    |  out|    1|  ap_ctrl_hs|  MHGD_detect_accel_Pipeline_VITIS_LOOP_489_3|  return value|
|ap_idle    |  out|    1|  ap_ctrl_hs|  MHGD_detect_accel_Pipeline_VITIS_LOOP_489_3|  return value|
|ap_ready   |  out|    1|  ap_ctrl_hs|  MHGD_detect_accel_Pipeline_VITIS_LOOP_489_3|  return value|
|ap_return  |  out|    1|  ap_ctrl_hs|  MHGD_detect_accel_Pipeline_VITIS_LOOP_489_3|  return value|
|iter       |   in|   32|     ap_none|                                         iter|        scalar|
|Nt         |   in|   32|     ap_none|                                           Nt|        scalar|
+-----------+-----+-----+------------+---------------------------------------------+--------------+

