Wed Apr  2 12:07:03 2025: Running xcd server. This server was built by gradle.
Wed Apr  2 12:07:03 2025: Server was asked to start on port: '38657'
Wed Apr  2 12:07:03 2025: Server is using token UUID: '08215710-f47e-40d5-84cc-3dca9628e27e'
Wed Apr  2 12:07:03 2025: SESSION_MGR: creating session with session uuid: '6d04a3e9-ade5-4ab9-8d63-1f78fcd2ec76' and name 'default'
Wed Apr  2 12:07:03 2025: Attempting to start server on port '38657'
Wed Apr  2 12:07:03 2025: XCD main fifo: created main fifo '/tmp/xcdmain08215710-f47e-40d5-84cc-3dca9628e27e', fd read = 15
Wed Apr  2 12:07:03 2025: Running Dispatch Server
Wed Apr  2 12:07:03 2025: Version 2.2.0
Wed Apr  2 12:07:05 2025: Dispatch Server: Accepted socket connection from client
Wed Apr  2 12:07:05 2025: Starting Socket connection
Wed Apr  2 12:07:05 2025: EXCHANGE_TOKEN received, server token: 08215710-f47e-40d5-84cc-3dca9628e27e, passed token: 08215710-f47e-40d5-84cc-3dca9628e27e
Wed Apr  2 12:07:05 2025: SESSION_MGR: creating session with session uuid: 'aefc9662-01e2-458b-ae4d-4bd6f52b7213' and name 'vitis_hls'
Wed Apr  2 12:07:05 2025: KERNEL_SVC: creating session with uuid: 'aefc9662-01e2-458b-ae4d-4bd6f52b7213' and name 'vitis_hls'
Wed Apr  2 12:07:05 2025: GUIDANCE_SMGR: creating guidance session with uuid: 'aefc9662-01e2-458b-ae4d-4bd6f52b7213' and name 'vitis_hls'
Wed Apr  2 12:08:04 2025: STOP_SERVER received, server token: 08215710-f47e-40d5-84cc-3dca9628e27e, passed token: 08215710-f47e-40d5-84cc-3dca9628e27e
Wed Apr  2 12:08:04 2025: Socket received request to stop server.
Wed Apr  2 12:08:04 2025: Dispatch Server: do_await_stop
Wed Apr  2 12:08:04 2025: Dispatch Server: stopping mainFifo_
Wed Apr  2 12:08:04 2025: XCD main fifo: Stopping
Wed Apr  2 12:08:04 2025: XCD main fifo: do_read error code: Operation canceled
Wed Apr  2 12:08:04 2025: XCD main fifo: bytes_transferred: 0
Wed Apr  2 12:08:04 2025: SERVER: destructor for server bound to port 38657
Wed Apr  2 12:08:04 2025: XCD main fifo: Good unlink of /tmp/xcdmain08215710-f47e-40d5-84cc-3dca9628e27e
Wed Apr  2 12:08:04 2025: Server exiting with status 0.
Wed Apr  2 12:08:04 2025: Closing log file.
