

================================================================
== Vitis HLS Report for 'MHGD_detect_accel_Pipeline_VITIS_LOOP_489_3'
================================================================
* Date:           Wed Apr  2 12:08:03 2025

* Version:        2024.2 (Build 5238294 on Nov  8 2024)
* Project:        component_perfect_loop_hls_cpp
* Solution:       hls (Vivado IP Flow Target)
* Product family: zynquplus
* Target device:  xck26-sfvc784-2LV-c


================================================================
== Performance Estimates
================================================================
+ Timing: 
    * Summary: 
    +--------+----------+----------+------------+
    |  Clock |  Target  | Estimated| Uncertainty|
    +--------+----------+----------+------------+
    |ap_clk  |  10.00 ns|  1.870 ns|     2.70 ns|
    +--------+----------+----------+------------+

+ Latency: 
    * Summary: 
    +---------+---------+-----------+----------+------+-------+------------------------------------------------+
    |  Latency (cycles) |  Latency (absolute)  |   Interval   |                    Pipeline                    |
    |   min   |   max   |    min    |    max   |  min |  max  |                      Type                      |
    +---------+---------+-----------+----------+------+-------+------------------------------------------------+
    |     5002|    15002|  50.020 us|  0.150 ms|  5001|  15001|  loop auto-rewind stp (delay=0 clock cycles(s))|
    +---------+---------+-----------+----------+------+-------+------------------------------------------------+

    + Detail: 
        * Instance: 
        N/A

        * Loop: 
        +--------------------+---------+---------+----------+-----------+-----------+--------------+----------+
        |                    |  Latency (cycles) | Iteration|  Initiation Interval  |     Trip     |          |
        |      Loop Name     |   min   |   max   |  Latency |  achieved |   target  |     Count    | Pipelined|
        +--------------------+---------+---------+----------+-----------+-----------+--------------+----------+
        |- VITIS_LOOP_489_3  |     5000|    15000|         1|          1|          1|  5000 ~ 15000|       yes|
        +--------------------+---------+---------+----------+-----------+-----------+--------------+----------+

============================================================
+ Verbose Summary: Synthesis Manager
============================================================
InlineROM: 1
ExposeGlobal: 0
============================================================
+ Verbose Summary: CDFG Model
============================================================
IsTopModel: 0
ResetActiveHigh: 1
IsCombinational: 0
IsDatapathOnly: 0
HasWiredReturn: 1
HasMFsm: 2
HasVarLatency: 1
IsPipeline: 0
IsRtlPipelined: 0
IsInstanceOverlapped: 0
IsDontTouch: 0
HasImplIP: 0
IsGatedGlobalClock: 0

+ Individual pipeline summary: 
  * Pipeline-0: initiation interval (II) = 1, depth = 1


============================================================
+ Verbose Summary: Schedule
============================================================
* Number of FSM states : 1
* Pipeline : 1
  Pipeline-0 : II = 1, D = 1, States = { 1 }
* Dataflow Pipeline: 0

* FSM state transitions: 
1 --> 

* FSM state operations: 

State 1 <SV = 0> <Delay = 1.87>
ST_1 : Operation 4 [1/1] (0.00ns)   --->   "%k = alloca i32 1"   --->   Operation 4 'alloca' 'k' <Predicate = true> <Delay = 0.00>
ST_1 : Operation 5 [1/1] (0.00ns)   --->   "%Nt_read = read i32 @_ssdm_op_Read.ap_auto.i32, i32 %Nt" [util_1.cpp:323->MHGD_accel_1.cpp:496]   --->   Operation 5 'read' 'Nt_read' <Predicate = true> <Delay = 0.00>
ST_1 : Operation 6 [1/1] (0.00ns)   --->   "%iter_read = read i32 @_ssdm_op_Read.ap_auto.i32, i32 %iter" [util_1.cpp:323->MHGD_accel_1.cpp:496]   --->   Operation 6 'read' 'iter_read' <Predicate = true> <Delay = 0.00>
ST_1 : Operation 7 [1/1] (1.01ns)   --->   "%icmp_ln323 = icmp_sgt  i32 %Nt_read, i32 0" [util_1.cpp:323->MHGD_accel_1.cpp:496]   --->   Operation 7 'icmp' 'icmp_ln323' <Predicate = true> <Delay = 1.01> <CoreInst = "Cmp">   --->   Core 9 'Cmp' <Latency = 0> <II = 1> <Delay = 1.01> <FuncUnit> <Opcode : 'seteq' 'setne' 'setle' 'setge' 'setlt' 'setgt'> <InPorts = 2> <OutPorts = 1>
ST_1 : Operation 8 [1/1] (0.42ns)   --->   "%store_ln0 = store i31 0, i31 %k"   --->   Operation 8 'store' 'store_ln0' <Predicate = true> <Delay = 0.42>
ST_1 : Operation 9 [1/1] (0.00ns)   --->   "%br_ln489 = br void %VITIS_LOOP_500_4" [MHGD_accel_1.cpp:489]   --->   Operation 9 'br' 'br_ln489' <Predicate = true> <Delay = 0.00>
ST_1 : Operation 10 [1/1] (0.00ns)   --->   "%k_load = load i31 %k" [MHGD_accel_1.cpp:489]   --->   Operation 10 'load' 'k_load' <Predicate = true> <Delay = 0.00>
ST_1 : Operation 11 [1/1] (0.00ns)   --->   "%zext_ln489 = zext i31 %k_load" [MHGD_accel_1.cpp:489]   --->   Operation 11 'zext' 'zext_ln489' <Predicate = true> <Delay = 0.00>
ST_1 : Operation 12 [1/1] (1.01ns)   --->   "%icmp_ln489 = icmp_slt  i32 %zext_ln489, i32 %iter_read" [MHGD_accel_1.cpp:489]   --->   Operation 12 'icmp' 'icmp_ln489' <Predicate = true> <Delay = 1.01> <CoreInst = "Cmp">   --->   Core 9 'Cmp' <Latency = 0> <II = 1> <Delay = 1.01> <FuncUnit> <Opcode : 'seteq' 'setne' 'setle' 'setge' 'setlt' 'setgt'> <InPorts = 2> <OutPorts = 1>
ST_1 : Operation 13 [1/1] (1.00ns)   --->   "%add_ln489 = add i31 %k_load, i31 1" [MHGD_accel_1.cpp:489]   --->   Operation 13 'add' 'add_ln489' <Predicate = true> <Delay = 1.00> <CoreInst = "Adder">   --->   Core 1 'Adder' <Latency = 0> <II = 1> <Delay = 1.00> <FuncUnit> <Opcode : 'add' 'sub'> <InPorts = 2> <OutPorts = 1>
ST_1 : Operation 14 [1/1] (0.42ns)   --->   "%br_ln489 = br i1 %icmp_ln489, void %for.inc.i1417.exitStub, void %VITIS_LOOP_500_4.split" [MHGD_accel_1.cpp:489]   --->   Operation 14 'br' 'br_ln489' <Predicate = true> <Delay = 0.42>
ST_1 : Operation 15 [1/1] (0.00ns)   --->   "%specpipeline_ln492 = specpipeline void @_ssdm_op_SpecPipeline, i32 1, i32 0, i32 0, i32 0, void @empty_10" [MHGD_accel_1.cpp:492]   --->   Operation 15 'specpipeline' 'specpipeline_ln492' <Predicate = (icmp_ln489)> <Delay = 0.00>
ST_1 : Operation 16 [1/1] (0.00ns)   --->   "%speclooptripcount_ln491 = speclooptripcount void @_ssdm_op_SpecLoopTripCount, i64 5000, i64 15000, i64 10000" [MHGD_accel_1.cpp:491]   --->   Operation 16 'speclooptripcount' 'speclooptripcount_ln491' <Predicate = (icmp_ln489)> <Delay = 0.00>
ST_1 : Operation 17 [1/1] (0.00ns)   --->   "%specloopname_ln489 = specloopname void @_ssdm_op_SpecLoopName, void @empty_17" [MHGD_accel_1.cpp:489]   --->   Operation 17 'specloopname' 'specloopname_ln489' <Predicate = (icmp_ln489)> <Delay = 0.00>
ST_1 : Operation 18 [1/1] (0.42ns)   --->   "%br_ln323 = br i1 %icmp_ln323, void %_Z15my_complex_copyiPK9MyComplexiPS_i.720.exit1406.loopexit, void %for.inc.i1417.exitStub" [util_1.cpp:323->MHGD_accel_1.cpp:496]   --->   Operation 18 'br' 'br_ln323' <Predicate = (icmp_ln489)> <Delay = 0.42>
ST_1 : Operation 19 [1/1] (0.42ns)   --->   "%store_ln489 = store i31 %add_ln489, i31 %k" [MHGD_accel_1.cpp:489]   --->   Operation 19 'store' 'store_ln489' <Predicate = (icmp_ln489 & !icmp_ln323)> <Delay = 0.42>
ST_1 : Operation 20 [1/1] (0.00ns)   --->   "%br_ln489 = br void %VITIS_LOOP_500_4" [MHGD_accel_1.cpp:489]   --->   Operation 20 'br' 'br_ln489' <Predicate = (icmp_ln489 & !icmp_ln323)> <Delay = 0.00>
ST_1 : Operation 21 [1/1] (0.00ns) (grouped into LUT with out node ret_ln0)   --->   "%merge = phi i1 1, void %VITIS_LOOP_500_4, i1 0, void %VITIS_LOOP_500_4.split"   --->   Operation 21 'phi' 'merge' <Predicate = (icmp_ln323) | (!icmp_ln489)> <Delay = 0.00>
ST_1 : Operation 22 [1/1] (0.42ns) (out node of the LUT)   --->   "%ret_ln0 = ret i1 %merge"   --->   Operation 22 'ret' 'ret_ln0' <Predicate = (icmp_ln323) | (!icmp_ln489)> <Delay = 0.42>


============================================================
+ Verbose Summary: Binding
============================================================
STG Binding: 
---------------- STG Properties BEGIN ----------------
- Is combinational: 0
- Is one-state seq: 0
- Is datapath-only: 0
- Is pipelined: 0
- Is top level: 0
Port [ Return ] is wired: 1; IO mode=ap_ctrl_hs:ce=0
Port [ iter]:  wired=1; compound=0; hidden=0; nouse=0; global=0; static=0; extern=0; dir=0; type=0; pingpong=0; private_global=0; IO mode=ap_none:ce=0
Port [ Nt]:  wired=1; compound=0; hidden=0; nouse=0; global=0; static=0; extern=0; dir=0; type=0; pingpong=0; private_global=0; IO mode=ap_none:ce=0
---------------- STG Properties END ------------------

---------------- Datapath Model BEGIN ----------------

<LifeTime>
<method=bitvector/>
k                       (alloca           ) [ 01]
Nt_read                 (read             ) [ 00]
iter_read               (read             ) [ 00]
icmp_ln323              (icmp             ) [ 01]
store_ln0               (store            ) [ 00]
br_ln489                (br               ) [ 00]
k_load                  (load             ) [ 00]
zext_ln489              (zext             ) [ 00]
icmp_ln489              (icmp             ) [ 01]
add_ln489               (add              ) [ 00]
br_ln489                (br               ) [ 00]
specpipeline_ln492      (specpipeline     ) [ 00]
speclooptripcount_ln491 (speclooptripcount) [ 00]
specloopname_ln489      (specloopname     ) [ 00]
br_ln323                (br               ) [ 00]
store_ln489             (store            ) [ 00]
br_ln489                (br               ) [ 00]
merge                   (phi              ) [ 00]
ret_ln0                 (ret              ) [ 00]
</LifeTime>

<model>

<comp_list>
<comp id="0" class="1000" name="iter">
<pin_list>
<pin id="1" dir="1" index="0" bw="1" slack="0"/>
</pin_list>
<bind>
<StgValue><ssdm name="iter"/></StgValue>
</bind>
</comp>

<comp id="2" class="1000" name="Nt">
<pin_list>
<pin id="3" dir="1" index="0" bw="1" slack="0"/>
</pin_list>
<bind>
<StgValue><ssdm name="Nt"/></StgValue>
</bind>
</comp>

<comp id="4" class="1001" name="const_4">
<pin_list>
<pin id="5" dir="1" index="0" bw="1" slack="0"/>
</pin_list>
<bind>
<StgValue><ssdm name=""/></StgValue>
</bind>
</comp>

<comp id="6" class="1001" name="const_6">
<pin_list>
<pin id="7" dir="1" index="0" bw="1" slack="0"/>
</pin_list>
<bind>
<StgValue><ssdm name="_ssdm_op_Read.ap_auto.i32"/></StgValue>
</bind>
</comp>

<comp id="8" class="1001" name="const_8">
<pin_list>
<pin id="9" dir="1" index="0" bw="1" slack="0"/>
</pin_list>
<bind>
<StgValue><ssdm name=""/></StgValue>
</bind>
</comp>

<comp id="10" class="1001" name="const_10">
<pin_list>
<pin id="11" dir="1" index="0" bw="1" slack="0"/>
</pin_list>
<bind>
<StgValue><ssdm name=""/></StgValue>
</bind>
</comp>

<comp id="12" class="1001" name="const_12">
<pin_list>
<pin id="13" dir="1" index="0" bw="1" slack="0"/>
</pin_list>
<bind>
<StgValue><ssdm name=""/></StgValue>
</bind>
</comp>

<comp id="14" class="1001" name="const_14">
<pin_list>
<pin id="15" dir="1" index="0" bw="1" slack="2147483647"/>
</pin_list>
<bind>
<StgValue><ssdm name="_ssdm_op_SpecPipeline"/></StgValue>
</bind>
</comp>

<comp id="16" class="1001" name="const_16">
<pin_list>
<pin id="17" dir="1" index="0" bw="1" slack="2147483647"/>
</pin_list>
<bind>
<StgValue><ssdm name="empty_10"/></StgValue>
</bind>
</comp>

<comp id="18" class="1001" name="const_18">
<pin_list>
<pin id="19" dir="1" index="0" bw="1" slack="2147483647"/>
</pin_list>
<bind>
<StgValue><ssdm name="_ssdm_op_SpecLoopTripCount"/></StgValue>
</bind>
</comp>

<comp id="20" class="1001" name="const_20">
<pin_list>
<pin id="21" dir="1" index="0" bw="1" slack="2147483647"/>
</pin_list>
<bind>
<StgValue><ssdm name=""/></StgValue>
</bind>
</comp>

<comp id="22" class="1001" name="const_22">
<pin_list>
<pin id="23" dir="1" index="0" bw="1" slack="2147483647"/>
</pin_list>
<bind>
<StgValue><ssdm name=""/></StgValue>
</bind>
</comp>

<comp id="24" class="1001" name="const_24">
<pin_list>
<pin id="25" dir="1" index="0" bw="1" slack="2147483647"/>
</pin_list>
<bind>
<StgValue><ssdm name=""/></StgValue>
</bind>
</comp>

<comp id="26" class="1001" name="const_26">
<pin_list>
<pin id="27" dir="1" index="0" bw="1" slack="2147483647"/>
</pin_list>
<bind>
<StgValue><ssdm name="_ssdm_op_SpecLoopName"/></StgValue>
</bind>
</comp>

<comp id="28" class="1001" name="const_28">
<pin_list>
<pin id="29" dir="1" index="0" bw="1" slack="2147483647"/>
</pin_list>
<bind>
<StgValue><ssdm name="empty_17"/></StgValue>
</bind>
</comp>

<comp id="30" class="1001" name="const_30">
<pin_list>
<pin id="31" dir="1" index="0" bw="1" slack="0"/>
</pin_list>
<bind>
<StgValue><ssdm name=""/></StgValue>
</bind>
</comp>

<comp id="32" class="1001" name="const_32">
<pin_list>
<pin id="33" dir="1" index="0" bw="1" slack="0"/>
</pin_list>
<bind>
<StgValue><ssdm name=""/></StgValue>
</bind>
</comp>

<comp id="34" class="1004" name="k_fu_34">
<pin_list>
<pin id="35" dir="0" index="0" bw="1" slack="0"/>
<pin id="36" dir="1" index="1" bw="31" slack="0"/>
</pin_list>
<bind>
<opcode="alloca(26) " fcode="alloca"/>
<opset="k/1 "/>
</bind>
</comp>

<comp id="38" class="1004" name="Nt_read_read_fu_38">
<pin_list>
<pin id="39" dir="0" index="0" bw="32" slack="0"/>
<pin id="40" dir="0" index="1" bw="32" slack="0"/>
<pin id="41" dir="1" index="2" bw="32" slack="0"/>
</pin_list>
<bind>
<opcode="read(1150) " fcode="read"/>
<opset="Nt_read/1 "/>
</bind>
</comp>

<comp id="44" class="1004" name="iter_read_read_fu_44">
<pin_list>
<pin id="45" dir="0" index="0" bw="32" slack="0"/>
<pin id="46" dir="0" index="1" bw="32" slack="0"/>
<pin id="47" dir="1" index="2" bw="32" slack="0"/>
</pin_list>
<bind>
<opcode="read(1150) " fcode="read"/>
<opset="iter_read/1 "/>
</bind>
</comp>

<comp id="50" class="1005" name="merge_reg_50">
<pin_list>
<pin id="51" dir="0" index="0" bw="1" slack="2147483647"/>
<pin id="52" dir="1" index="1" bw="1" slack="2147483647"/>
</pin_list>
<bind>
<opset="merge (phireg) "/>
</bind>
</comp>

<comp id="53" class="1004" name="merge_phi_fu_53">
<pin_list>
<pin id="54" dir="0" index="0" bw="1" slack="0"/>
<pin id="55" dir="0" index="1" bw="0" slack="2147483647"/>
<pin id="56" dir="0" index="2" bw="1" slack="0"/>
<pin id="57" dir="0" index="3" bw="0" slack="2147483647"/>
<pin id="58" dir="1" index="4" bw="1" slack="2147483647"/>
</pin_list>
<bind>
<opcode="phi(47) " fcode="phi"/>
<opset="merge/1 "/>
</bind>
</comp>

<comp id="61" class="1004" name="icmp_ln323_fu_61">
<pin_list>
<pin id="62" dir="0" index="0" bw="32" slack="0"/>
<pin id="63" dir="0" index="1" bw="1" slack="0"/>
<pin id="64" dir="1" index="2" bw="1" slack="2147483647"/>
</pin_list>
<bind>
<opcode="icmp(45) " fcode="icmp"/>
<opset="icmp_ln323/1 "/>
</bind>
</comp>

<comp id="67" class="1004" name="store_ln0_store_fu_67">
<pin_list>
<pin id="68" dir="0" index="0" bw="1" slack="0"/>
<pin id="69" dir="0" index="1" bw="31" slack="0"/>
<pin id="70" dir="1" index="2" bw="0" slack="2147483647"/>
</pin_list>
<bind>
<opcode="store(28) " fcode="store"/>
<opset="store_ln0/1 "/>
</bind>
</comp>

<comp id="72" class="1004" name="k_load_load_fu_72">
<pin_list>
<pin id="73" dir="0" index="0" bw="31" slack="0"/>
<pin id="74" dir="1" index="1" bw="31" slack="0"/>
</pin_list>
<bind>
<opcode="load(27) " fcode="load"/>
<opset="k_load/1 "/>
</bind>
</comp>

<comp id="75" class="1004" name="zext_ln489_fu_75">
<pin_list>
<pin id="76" dir="0" index="0" bw="31" slack="0"/>
<pin id="77" dir="1" index="1" bw="32" slack="0"/>
</pin_list>
<bind>
<opcode="zext(34) " fcode="zext"/>
<opset="zext_ln489/1 "/>
</bind>
</comp>

<comp id="79" class="1004" name="icmp_ln489_fu_79">
<pin_list>
<pin id="80" dir="0" index="0" bw="31" slack="0"/>
<pin id="81" dir="0" index="1" bw="32" slack="0"/>
<pin id="82" dir="1" index="2" bw="1" slack="2147483647"/>
</pin_list>
<bind>
<opcode="icmp(45) " fcode="icmp"/>
<opset="icmp_ln489/1 "/>
</bind>
</comp>

<comp id="85" class="1004" name="add_ln489_fu_85">
<pin_list>
<pin id="86" dir="0" index="0" bw="31" slack="0"/>
<pin id="87" dir="0" index="1" bw="1" slack="0"/>
<pin id="88" dir="1" index="2" bw="31" slack="0"/>
</pin_list>
<bind>
<opcode="add(8) " fcode="add"/>
<opset="add_ln489/1 "/>
</bind>
</comp>

<comp id="91" class="1004" name="store_ln489_store_fu_91">
<pin_list>
<pin id="92" dir="0" index="0" bw="31" slack="0"/>
<pin id="93" dir="0" index="1" bw="31" slack="0"/>
<pin id="94" dir="1" index="2" bw="0" slack="2147483647"/>
</pin_list>
<bind>
<opcode="store(28) " fcode="store"/>
<opset="store_ln489/1 "/>
</bind>
</comp>

<comp id="96" class="1005" name="k_reg_96">
<pin_list>
<pin id="97" dir="0" index="0" bw="31" slack="0"/>
<pin id="98" dir="1" index="1" bw="31" slack="0"/>
</pin_list>
<bind>
<opset="k "/>
</bind>
</comp>

</comp_list>

<net_list>
<net id="37"><net_src comp="4" pin="0"/><net_sink comp="34" pin=0"/></net>

<net id="42"><net_src comp="6" pin="0"/><net_sink comp="38" pin=0"/></net>

<net id="43"><net_src comp="2" pin="0"/><net_sink comp="38" pin=1"/></net>

<net id="48"><net_src comp="6" pin="0"/><net_sink comp="44" pin=0"/></net>

<net id="49"><net_src comp="0" pin="0"/><net_sink comp="44" pin=1"/></net>

<net id="59"><net_src comp="30" pin="0"/><net_sink comp="53" pin=0"/></net>

<net id="60"><net_src comp="32" pin="0"/><net_sink comp="53" pin=2"/></net>

<net id="65"><net_src comp="38" pin="2"/><net_sink comp="61" pin=0"/></net>

<net id="66"><net_src comp="8" pin="0"/><net_sink comp="61" pin=1"/></net>

<net id="71"><net_src comp="10" pin="0"/><net_sink comp="67" pin=0"/></net>

<net id="78"><net_src comp="72" pin="1"/><net_sink comp="75" pin=0"/></net>

<net id="83"><net_src comp="75" pin="1"/><net_sink comp="79" pin=0"/></net>

<net id="84"><net_src comp="44" pin="2"/><net_sink comp="79" pin=1"/></net>

<net id="89"><net_src comp="72" pin="1"/><net_sink comp="85" pin=0"/></net>

<net id="90"><net_src comp="12" pin="0"/><net_sink comp="85" pin=1"/></net>

<net id="95"><net_src comp="85" pin="2"/><net_sink comp="91" pin=0"/></net>

<net id="99"><net_src comp="34" pin="1"/><net_sink comp="96" pin=0"/></net>

<net id="100"><net_src comp="96" pin="1"/><net_sink comp="67" pin=1"/></net>

<net id="101"><net_src comp="96" pin="1"/><net_sink comp="72" pin=0"/></net>

<net id="102"><net_src comp="96" pin="1"/><net_sink comp="91" pin=1"/></net>

</net_list>

</model> 
---------------- Datapath Model END ------------------

* FSMD analyzer results:
  - Output states:
 - Input state : 
	Port: MHGD_detect_accel_Pipeline_VITIS_LOOP_489_3 : iter | {1 }
	Port: MHGD_detect_accel_Pipeline_VITIS_LOOP_489_3 : Nt | {1 }
  - Chain level:
	State 1
		store_ln0 : 1
		k_load : 1
		zext_ln489 : 2
		icmp_ln489 : 3
		add_ln489 : 2
		br_ln489 : 4
		br_ln323 : 1
		store_ln489 : 3
		merge : 5
		ret_ln0 : 6


============================================================
+ Verbose Summary: Datapath Resource usage 
============================================================

* Functional unit list:
|----------|----------------------|---------|---------|
| Operation|    Functional Unit   |    FF   |   LUT   |
|----------|----------------------|---------|---------|
|   icmp   |   icmp_ln323_fu_61   |    0    |    39   |
|          |   icmp_ln489_fu_79   |    0    |    39   |
|----------|----------------------|---------|---------|
|    add   |    add_ln489_fu_85   |    0    |    38   |
|----------|----------------------|---------|---------|
|   read   |  Nt_read_read_fu_38  |    0    |    0    |
|          | iter_read_read_fu_44 |    0    |    0    |
|----------|----------------------|---------|---------|
|   zext   |   zext_ln489_fu_75   |    0    |    0    |
|----------|----------------------|---------|---------|
|   Total  |                      |    0    |   116   |
|----------|----------------------|---------|---------|

Memories:
N/A

* Register list:
+------------+--------+
|            |   FF   |
+------------+--------+
|  k_reg_96  |   31   |
|merge_reg_50|    1   |
+------------+--------+
|    Total   |   32   |
+------------+--------+

* Multiplexer (MUX) list: 
|--------|------|------|------|--------|
|  Comp  |  Pin | Size |  BW  | S x BW |
|--------|------|------|------|--------|
|  Total |      |      |      |    0   |
|--------|------|------|------|--------|



* Summary:
+-----------+--------+--------+
|           |   FF   |   LUT  |
+-----------+--------+--------+
|  Function |    0   |   116  |
|   Memory  |    -   |    -   |
|Multiplexer|    -   |    -   |
|  Register |   32   |    -   |
+-----------+--------+--------+
|   Total   |   32   |   116  |
+-----------+--------+--------+
