

================================================================
== Vitis HLS Report for 'MHGD_detect_accel'
================================================================
* Date:           Wed Apr  2 12:08:03 2025

* Version:        2024.2 (Build 5238294 on Nov  8 2024)
* Project:        component_perfect_loop_hls_cpp
* Solution:       hls (Vivado IP Flow Target)
* Product family: zynquplus
* Target device:  xck26-sfvc784-2LV-c


================================================================
== Performance Estimates
================================================================
+ Timing: 
    * Summary: 
    +--------+----------+----------+------------+
    |  Clock |  Target  | Estimated| Uncertainty|
    +--------+----------+----------+------------+
    |ap_clk  |  10.00 ns|  7.300 ns|     2.70 ns|
    +--------+----------+----------+------------+

+ Latency: 
    * Summary: 
    +---------+---------+-----------+----------+-----+-------+---------+
    |  Latency (cycles) |  Latency (absolute)  |   Interval  | Pipeline|
    |   min   |   max   |    min    |    max   | min |  max  |   Type  |
    +---------+---------+-----------+----------+-----+-------+---------+
    |        1|    17936|  10.000 ns|  0.179 ms|    2|  17937|       no|
    +---------+---------+-----------+----------+-----+-------+---------+

    + Detail: 
        * Instance: 
        +--------------------------------------------------------+---------------------------------------------+---------+---------+-----------+-----------+------+-------+------------------------------------------------+
        |                                                        |                                             |  Latency (cycles) |   Latency (absolute)  |   Interval   |                    Pipeline                    |
        |                        Instance                        |                    Module                   |   min   |   max   |    min    |    max    |  min |  max  |                      Type                      |
        +--------------------------------------------------------+---------------------------------------------+---------+---------+-----------+-----------+------+-------+------------------------------------------------+
        |grp_map_4_fu_124                                        |map_4                                        |      247|     2932|   2.470 us|  29.320 us|   247|   2932|                                              no|
        |grp_MHGD_detect_accel_Pipeline_VITIS_LOOP_489_3_fu_136  |MHGD_detect_accel_Pipeline_VITIS_LOOP_489_3  |     5002|    15002|  50.020 us|   0.150 ms|  5001|  15001|  loop auto-rewind stp (delay=0 clock cycles(s))|
        +--------------------------------------------------------+---------------------------------------------+---------+---------+-----------+-----------+------+-------+------------------------------------------------+

        * Loop: 
        N/A

============================================================
+ Verbose Summary: Synthesis Manager
============================================================
InlineROM: 1
ExposeGlobal: 0
============================================================
+ Verbose Summary: CDFG Model
============================================================
IsTopModel: 1
ResetActiveHigh: 1
IsCombinational: 0
IsDatapathOnly: 0
HasWiredReturn: 1
HasMFsm: 0
HasVarLatency: 1
IsPipeline: 0
IsRtlPipelined: 0
IsInstanceOverlapped: 0
IsDontTouch: 0
HasImplIP: 0
IsGatedGlobalClock: 0


============================================================
+ Verbose Summary: Schedule
============================================================
* Number of FSM states : 3
* Pipeline : 0
* Dataflow Pipeline: 0

* FSM state transitions: 
1 --> 2 3 
2 --> 3 
3 --> 

* FSM state operations: 

State 1 <SV = 0> <Delay = 2.10>
ST_1 : Operation 4 [1/1] (0.00ns)   --->   "%specbitsmap_ln0 = specbitsmap void @_ssdm_op_SpecBitsMap, i32 0"   --->   Operation 4 'specbitsmap' 'specbitsmap_ln0' <Predicate = true> <Delay = 0.00>
ST_1 : Operation 5 [1/1] (0.00ns)   --->   "%spectopmodule_ln214 = spectopmodule void @_ssdm_op_SpecTopModule, void @empty_14" [MHGD_accel_1.cpp:214]   --->   Operation 5 'spectopmodule' 'spectopmodule_ln214' <Predicate = true> <Delay = 0.00>
ST_1 : Operation 6 [1/1] (0.00ns)   --->   "%specinterface_ln0 = specinterface void @_ssdm_op_SpecInterface, i128 %gmem, void @empty_2, i32 0, i32 0, void @empty_10, i32 0, i32 0, void @empty_3, void @empty_13, void @empty_10, i32 16, i32 16, i32 16, i32 16, void @empty_10, void @empty_10, i32 4294967295, i32 0, i32 0"   --->   Operation 6 'specinterface' 'specinterface_ln0' <Predicate = true> <Delay = 0.00>
ST_1 : Operation 7 [1/1] (0.00ns)   --->   "%specbitsmap_ln0 = specbitsmap void @_ssdm_op_SpecBitsMap, i128 %gmem"   --->   Operation 7 'specbitsmap' 'specbitsmap_ln0' <Predicate = true> <Delay = 0.00>
ST_1 : Operation 8 [1/1] (0.00ns)   --->   "%specinterface_ln0 = specinterface void @_ssdm_op_SpecInterface, i64 %x_hat, void @empty_5, i32 0, i32 0, void @empty_10, i32 0, i32 0, void @empty_6, void @empty_7, void @empty_10, i32 0, i32 0, i32 0, i32 0, void @empty_10, void @empty, i32 4294967295, i32 0, i32 0"   --->   Operation 8 'specinterface' 'specinterface_ln0' <Predicate = true> <Delay = 0.00>
ST_1 : Operation 9 [1/1] (0.00ns)   --->   "%specinterface_ln0 = specinterface void @_ssdm_op_SpecInterface, i64 %x_hat, void @empty_0, i32 0, i32 0, void @empty_10, i32 0, i32 0, void @empty_10, void @empty_10, void @empty_10, i32 0, i32 0, i32 0, i32 0, void @empty_10, void @empty, i32 4294967295, i32 0, i32 0"   --->   Operation 9 'specinterface' 'specinterface_ln0' <Predicate = true> <Delay = 0.00>
ST_1 : Operation 10 [1/1] (0.00ns)   --->   "%specbitsmap_ln0 = specbitsmap void @_ssdm_op_SpecBitsMap, i32 %Nt"   --->   Operation 10 'specbitsmap' 'specbitsmap_ln0' <Predicate = true> <Delay = 0.00>
ST_1 : Operation 11 [1/1] (0.00ns)   --->   "%specinterface_ln0 = specinterface void @_ssdm_op_SpecInterface, i32 %Nt, void @empty_11, i32 4294967295, i32 4294967295, void @empty_10, i32 0, i32 0, void @empty_10, void @empty_10, void @empty_10, i32 0, i32 0, i32 0, i32 0, void @empty_10, void @empty_10, i32 4294967295, i32 0, i32 0"   --->   Operation 11 'specinterface' 'specinterface_ln0' <Predicate = true> <Delay = 0.00>
ST_1 : Operation 12 [1/1] (0.00ns)   --->   "%specbitsmap_ln0 = specbitsmap void @_ssdm_op_SpecBitsMap, i32 %Nr"   --->   Operation 12 'specbitsmap' 'specbitsmap_ln0' <Predicate = true> <Delay = 0.00>
ST_1 : Operation 13 [1/1] (0.00ns)   --->   "%specinterface_ln0 = specinterface void @_ssdm_op_SpecInterface, i32 %Nr, void @empty_11, i32 4294967295, i32 4294967295, void @empty_10, i32 0, i32 0, void @empty_10, void @empty_10, void @empty_10, i32 0, i32 0, i32 0, i32 0, void @empty_10, void @empty_10, i32 4294967295, i32 0, i32 0"   --->   Operation 13 'specinterface' 'specinterface_ln0' <Predicate = true> <Delay = 0.00>
ST_1 : Operation 14 [1/1] (0.00ns)   --->   "%specbitsmap_ln0 = specbitsmap void @_ssdm_op_SpecBitsMap, i32 %mu"   --->   Operation 14 'specbitsmap' 'specbitsmap_ln0' <Predicate = true> <Delay = 0.00>
ST_1 : Operation 15 [1/1] (0.00ns)   --->   "%specinterface_ln0 = specinterface void @_ssdm_op_SpecInterface, i32 %mu, void @empty_11, i32 4294967295, i32 4294967295, void @empty_10, i32 0, i32 0, void @empty_10, void @empty_10, void @empty_10, i32 0, i32 0, i32 0, i32 0, void @empty_10, void @empty_10, i32 4294967295, i32 0, i32 0"   --->   Operation 15 'specinterface' 'specinterface_ln0' <Predicate = true> <Delay = 0.00>
ST_1 : Operation 16 [1/1] (0.00ns)   --->   "%specinterface_ln0 = specinterface void @_ssdm_op_SpecInterface, i64 %H, void @empty_5, i32 0, i32 0, void @empty_10, i32 0, i32 0, void @empty_6, void @empty_9, void @empty_10, i32 0, i32 0, i32 0, i32 0, void @empty_10, void @empty, i32 4294967295, i32 0, i32 0"   --->   Operation 16 'specinterface' 'specinterface_ln0' <Predicate = true> <Delay = 0.00>
ST_1 : Operation 17 [1/1] (0.00ns)   --->   "%specinterface_ln0 = specinterface void @_ssdm_op_SpecInterface, i64 %H, void @empty_0, i32 0, i32 0, void @empty_10, i32 0, i32 0, void @empty_10, void @empty_10, void @empty_10, i32 0, i32 0, i32 0, i32 0, void @empty_10, void @empty, i32 4294967295, i32 0, i32 0"   --->   Operation 17 'specinterface' 'specinterface_ln0' <Predicate = true> <Delay = 0.00>
ST_1 : Operation 18 [1/1] (0.00ns)   --->   "%specinterface_ln0 = specinterface void @_ssdm_op_SpecInterface, i64 %y, void @empty_5, i32 0, i32 0, void @empty_10, i32 0, i32 0, void @empty_6, void @empty_12, void @empty_10, i32 0, i32 0, i32 0, i32 0, void @empty_10, void @empty, i32 4294967295, i32 0, i32 0"   --->   Operation 18 'specinterface' 'specinterface_ln0' <Predicate = true> <Delay = 0.00>
ST_1 : Operation 19 [1/1] (0.00ns)   --->   "%specinterface_ln0 = specinterface void @_ssdm_op_SpecInterface, i64 %y, void @empty_0, i32 0, i32 0, void @empty_10, i32 0, i32 0, void @empty_10, void @empty_10, void @empty_10, i32 0, i32 0, i32 0, i32 0, void @empty_10, void @empty, i32 4294967295, i32 0, i32 0"   --->   Operation 19 'specinterface' 'specinterface_ln0' <Predicate = true> <Delay = 0.00>
ST_1 : Operation 20 [1/1] (0.00ns)   --->   "%specbitsmap_ln0 = specbitsmap void @_ssdm_op_SpecBitsMap, i32 %sigma2"   --->   Operation 20 'specbitsmap' 'specbitsmap_ln0' <Predicate = true> <Delay = 0.00>
ST_1 : Operation 21 [1/1] (0.00ns)   --->   "%specinterface_ln0 = specinterface void @_ssdm_op_SpecInterface, i32 %sigma2, void @empty_11, i32 4294967295, i32 4294967295, void @empty_10, i32 0, i32 0, void @empty_10, void @empty_10, void @empty_10, i32 0, i32 0, i32 0, i32 0, void @empty_10, void @empty_10, i32 4294967295, i32 0, i32 0"   --->   Operation 21 'specinterface' 'specinterface_ln0' <Predicate = true> <Delay = 0.00>
ST_1 : Operation 22 [1/1] (0.00ns)   --->   "%specbitsmap_ln0 = specbitsmap void @_ssdm_op_SpecBitsMap, i32 %mmse_init"   --->   Operation 22 'specbitsmap' 'specbitsmap_ln0' <Predicate = true> <Delay = 0.00>
ST_1 : Operation 23 [1/1] (0.00ns)   --->   "%specinterface_ln0 = specinterface void @_ssdm_op_SpecInterface, i32 %mmse_init, void @empty_11, i32 4294967295, i32 4294967295, void @empty_10, i32 0, i32 0, void @empty_10, void @empty_10, void @empty_10, i32 0, i32 0, i32 0, i32 0, void @empty_10, void @empty_10, i32 4294967295, i32 0, i32 0"   --->   Operation 23 'specinterface' 'specinterface_ln0' <Predicate = true> <Delay = 0.00>
ST_1 : Operation 24 [1/1] (0.00ns)   --->   "%specbitsmap_ln0 = specbitsmap void @_ssdm_op_SpecBitsMap, i32 %lr_approx"   --->   Operation 24 'specbitsmap' 'specbitsmap_ln0' <Predicate = true> <Delay = 0.00>
ST_1 : Operation 25 [1/1] (0.00ns)   --->   "%specinterface_ln0 = specinterface void @_ssdm_op_SpecInterface, i32 %lr_approx, void @empty_11, i32 4294967295, i32 4294967295, void @empty_10, i32 0, i32 0, void @empty_10, void @empty_10, void @empty_10, i32 0, i32 0, i32 0, i32 0, void @empty_10, void @empty_10, i32 4294967295, i32 0, i32 0"   --->   Operation 25 'specinterface' 'specinterface_ln0' <Predicate = true> <Delay = 0.00>
ST_1 : Operation 26 [1/1] (0.00ns)   --->   "%specbitsmap_ln0 = specbitsmap void @_ssdm_op_SpecBitsMap, i32 %iter"   --->   Operation 26 'specbitsmap' 'specbitsmap_ln0' <Predicate = true> <Delay = 0.00>
ST_1 : Operation 27 [1/1] (0.00ns)   --->   "%specinterface_ln0 = specinterface void @_ssdm_op_SpecInterface, i32 %iter, void @empty_11, i32 4294967295, i32 4294967295, void @empty_10, i32 0, i32 0, void @empty_10, void @empty_10, void @empty_10, i32 0, i32 0, i32 0, i32 0, void @empty_10, void @empty_10, i32 4294967295, i32 0, i32 0"   --->   Operation 27 'specinterface' 'specinterface_ln0' <Predicate = true> <Delay = 0.00>
ST_1 : Operation 28 [1/1] (0.00ns)   --->   "%specinterface_ln0 = specinterface void @_ssdm_op_SpecInterface, i64 %v_tb, void @empty_5, i32 0, i32 0, void @empty_10, i32 0, i32 0, void @empty_6, void @empty_4, void @empty_10, i32 0, i32 0, i32 0, i32 0, void @empty_10, void @empty, i32 4294967295, i32 0, i32 0"   --->   Operation 28 'specinterface' 'specinterface_ln0' <Predicate = true> <Delay = 0.00>
ST_1 : Operation 29 [1/1] (0.00ns)   --->   "%specinterface_ln0 = specinterface void @_ssdm_op_SpecInterface, i64 %v_tb, void @empty_0, i32 0, i32 0, void @empty_10, i32 0, i32 0, void @empty_10, void @empty_10, void @empty_10, i32 0, i32 0, i32 0, i32 0, void @empty_10, void @empty, i32 4294967295, i32 0, i32 0"   --->   Operation 29 'specinterface' 'specinterface_ln0' <Predicate = true> <Delay = 0.00>
ST_1 : Operation 30 [1/1] (0.00ns)   --->   "%iter_read = read i32 @_ssdm_op_Read.ap_none.i32, i32 %iter" [MHGD_accel_1.cpp:214]   --->   Operation 30 'read' 'iter_read' <Predicate = true> <Delay = 0.00>
ST_1 : Operation 31 [1/1] (0.00ns)   --->   "%mmse_init_read = read i32 @_ssdm_op_Read.ap_none.i32, i32 %mmse_init" [MHGD_accel_1.cpp:214]   --->   Operation 31 'read' 'mmse_init_read' <Predicate = true> <Delay = 0.00>
ST_1 : Operation 32 [1/1] (0.00ns)   --->   "%mu_read = read i32 @_ssdm_op_Read.ap_none.i32, i32 %mu" [MHGD_accel_1.cpp:214]   --->   Operation 32 'read' 'mu_read' <Predicate = true> <Delay = 0.00>
ST_1 : Operation 33 [1/1] (0.00ns)   --->   "%Nt_read = read i32 @_ssdm_op_Read.ap_none.i32, i32 %Nt" [MHGD_accel_1.cpp:214]   --->   Operation 33 'read' 'Nt_read' <Predicate = true> <Delay = 0.00>
ST_1 : Operation 34 [1/1] (1.00ns)   --->   "%x_hat_read = read i64 @_ssdm_op_Read.s_axilite.i64, i64 %x_hat" [MHGD_accel_1.cpp:214]   --->   Operation 34 'read' 'x_hat_read' <Predicate = true> <Delay = 1.00> <CoreInst = "s_axilite">   --->   Core 120 's_axilite' <Latency = 0> <II = 1> <Delay = 1.00> <Adapter> <Opcode : 'read' 'write'>
ST_1 : Operation 35 [1/1] (1.01ns)   --->   "%icmp_ln440 = icmp_eq  i32 %mmse_init_read, i32 0" [MHGD_accel_1.cpp:440]   --->   Operation 35 'icmp' 'icmp_ln440' <Predicate = true> <Delay = 1.01> <CoreInst = "Cmp">   --->   Core 9 'Cmp' <Latency = 0> <II = 1> <Delay = 1.01> <FuncUnit> <Opcode : 'seteq' 'setne' 'setle' 'setge' 'setlt' 'setgt'> <InPorts = 2> <OutPorts = 1>
ST_1 : Operation 36 [1/1] (0.00ns)   --->   "%br_ln440 = br i1 %icmp_ln440, void %if.then27, void %if.else30" [MHGD_accel_1.cpp:440]   --->   Operation 36 'br' 'br_ln440' <Predicate = true> <Delay = 0.00>
ST_1 : Operation 37 [2/2] (1.08ns)   --->   "%call_ln449 = call void @map.4, i32 %mu_read, i32 %Nt_read, i128 %gmem, i64 %x_hat_read" [MHGD_accel_1.cpp:449]   --->   Operation 37 'call' 'call_ln449' <Predicate = (!icmp_ln440)> <Delay = 1.08> <CoreType = "Generic">   --->   Generic Core
ST_1 : Operation 38 [1/1] (1.01ns)   --->   "%icmp_ln455 = icmp_slt  i32 %Nt_read, i32 1" [MHGD_accel_1.cpp:455]   --->   Operation 38 'icmp' 'icmp_ln455' <Predicate = (icmp_ln440)> <Delay = 1.01> <CoreInst = "Cmp">   --->   Core 9 'Cmp' <Latency = 0> <II = 1> <Delay = 1.01> <FuncUnit> <Opcode : 'seteq' 'setne' 'setle' 'setge' 'setlt' 'setgt'> <InPorts = 2> <OutPorts = 1>
ST_1 : Operation 39 [1/1] (0.00ns)   --->   "%br_ln445 = br i1 %icmp_ln455, void %for.inc40.split, void %if.end43" [util_1.cpp:445->MHGD_accel_1.cpp:454]   --->   Operation 39 'br' 'br_ln445' <Predicate = (icmp_ln440)> <Delay = 0.00>
ST_1 : Operation 40 [1/1] (0.00ns)   --->   "%specpipeline_ln232 = specpipeline void @_ssdm_op_SpecPipeline, i32 4294967295, i32 0, i32 0, i32 0, void @empty_10" [MHGD_accel_1.cpp:232]   --->   Operation 40 'specpipeline' 'specpipeline_ln232' <Predicate = (icmp_ln440 & !icmp_ln455)> <Delay = 0.00>
ST_1 : Operation 41 [1/1] (0.00ns)   --->   "%speclooptripcount_ln457 = speclooptripcount void @_ssdm_op_SpecLoopTripCount, i64 1, i64 10, i64 5" [MHGD_accel_1.cpp:457]   --->   Operation 41 'speclooptripcount' 'speclooptripcount_ln457' <Predicate = (icmp_ln440 & !icmp_ln455)> <Delay = 0.00>
ST_1 : Operation 42 [1/1] (0.00ns)   --->   "%specloopname_ln455 = specloopname void @_ssdm_op_SpecLoopName, void @empty_8" [MHGD_accel_1.cpp:455]   --->   Operation 42 'specloopname' 'specloopname_ln455' <Predicate = (icmp_ln440 & !icmp_ln455)> <Delay = 0.00>
ST_1 : Operation 43 [1/1] (0.00ns)   --->   "%br_ln0 = br void %UnifiedUnreachableBlock"   --->   Operation 43 'br' 'br_ln0' <Predicate = (icmp_ln440 & !icmp_ln455)> <Delay = 0.00>

State 2 <SV = 1> <Delay = 1.87>
ST_2 : Operation 44 [1/2] (1.01ns)   --->   "%call_ln449 = call void @map.4, i32 %mu_read, i32 %Nt_read, i128 %gmem, i64 %x_hat_read" [MHGD_accel_1.cpp:449]   --->   Operation 44 'call' 'call_ln449' <Predicate = (!icmp_ln440)> <Delay = 1.01> <CoreType = "Generic">   --->   Generic Core
ST_2 : Operation 45 [1/1] (0.00ns)   --->   "%br_ln450 = br void %if.end43" [MHGD_accel_1.cpp:450]   --->   Operation 45 'br' 'br_ln450' <Predicate = (!icmp_ln440)> <Delay = 0.00>
ST_2 : Operation 46 [1/1] (1.01ns)   --->   "%icmp_ln323 = icmp_sgt  i32 %Nt_read, i32 0" [util_1.cpp:323->MHGD_accel_1.cpp:496]   --->   Operation 46 'icmp' 'icmp_ln323' <Predicate = (icmp_ln455) | (!icmp_ln440)> <Delay = 1.01> <CoreInst = "Cmp">   --->   Core 9 'Cmp' <Latency = 0> <II = 1> <Delay = 1.01> <FuncUnit> <Opcode : 'seteq' 'setne' 'setle' 'setge' 'setlt' 'setgt'> <InPorts = 2> <OutPorts = 1>
ST_2 : Operation 47 [2/2] (1.87ns)   --->   "%targetBlock = call i1 @MHGD_detect_accel_Pipeline_VITIS_LOOP_489_3, i32 %iter_read, i32 %Nt_read" [MHGD_accel_1.cpp:214]   --->   Operation 47 'call' 'targetBlock' <Predicate = (icmp_ln455) | (!icmp_ln440)> <Delay = 1.87> <CoreType = "Generic">   --->   Generic Core

State 3 <SV = 2> <Delay = 2.29>
ST_3 : Operation 48 [1/2] (2.29ns)   --->   "%targetBlock = call i1 @MHGD_detect_accel_Pipeline_VITIS_LOOP_489_3, i32 %iter_read, i32 %Nt_read" [MHGD_accel_1.cpp:214]   --->   Operation 48 'call' 'targetBlock' <Predicate = (icmp_ln455) | (!icmp_ln440)> <Delay = 2.29> <CoreType = "Generic">   --->   Generic Core
ST_3 : Operation 49 [1/1] (0.00ns)   --->   "%br_ln214 = br i1 %targetBlock, void %for.body.i1309.split, void %for.inc.i1417" [MHGD_accel_1.cpp:214]   --->   Operation 49 'br' 'br_ln214' <Predicate = (icmp_ln455) | (!icmp_ln440)> <Delay = 0.00>
ST_3 : Operation 50 [1/1] (0.00ns)   --->   "%speclooptripcount_ln324 = speclooptripcount void @_ssdm_op_SpecLoopTripCount, i64 1, i64 10, i64 5" [util_1.cpp:324->MHGD_accel_1.cpp:496]   --->   Operation 50 'speclooptripcount' 'speclooptripcount_ln324' <Predicate = (icmp_ln455 & !targetBlock) | (!icmp_ln440 & !targetBlock)> <Delay = 0.00>
ST_3 : Operation 51 [1/1] (0.00ns)   --->   "%specloopname_ln323 = specloopname void @_ssdm_op_SpecLoopName, void @empty_16" [util_1.cpp:323->MHGD_accel_1.cpp:496]   --->   Operation 51 'specloopname' 'specloopname_ln323' <Predicate = (icmp_ln455 & !targetBlock) | (!icmp_ln440 & !targetBlock)> <Delay = 0.00>
ST_3 : Operation 52 [1/1] (0.00ns)   --->   "%br_ln0 = br void %UnifiedUnreachableBlock"   --->   Operation 52 'br' 'br_ln0' <Predicate = (icmp_ln455 & !targetBlock) | (!icmp_ln440 & !targetBlock)> <Delay = 0.00>
ST_3 : Operation 53 [1/1] (0.00ns)   --->   "%br_ln313 = br i1 %icmp_ln323, void %_Z15my_complex_copyiPK9MyComplexiPS_i.exit1419.loopexit, void %for.inc.i1417.split" [util_1.cpp:313->MHGD_accel_1.cpp:549]   --->   Operation 53 'br' 'br_ln313' <Predicate = (icmp_ln455 & targetBlock) | (!icmp_ln440 & targetBlock)> <Delay = 0.00>
ST_3 : Operation 54 [1/1] (0.00ns)   --->   "%ret_ln552 = ret i32 0" [MHGD_accel_1.cpp:552]   --->   Operation 54 'ret' 'ret_ln552' <Predicate = (icmp_ln440 & icmp_ln455 & targetBlock) | (!icmp_ln440 & targetBlock & !icmp_ln323)> <Delay = 0.00>
ST_3 : Operation 55 [1/1] (0.00ns)   --->   "%speclooptripcount_ln314 = speclooptripcount void @_ssdm_op_SpecLoopTripCount, i64 1, i64 10, i64 5" [util_1.cpp:314->MHGD_accel_1.cpp:549]   --->   Operation 55 'speclooptripcount' 'speclooptripcount_ln314' <Predicate = (!icmp_ln440 & targetBlock & icmp_ln323)> <Delay = 0.00>
ST_3 : Operation 56 [1/1] (0.00ns)   --->   "%specloopname_ln313 = specloopname void @_ssdm_op_SpecLoopName, void @empty_15" [util_1.cpp:313->MHGD_accel_1.cpp:549]   --->   Operation 56 'specloopname' 'specloopname_ln313' <Predicate = (!icmp_ln440 & targetBlock & icmp_ln323)> <Delay = 0.00>
ST_3 : Operation 57 [1/1] (0.00ns)   --->   "%br_ln0 = br void %UnifiedUnreachableBlock"   --->   Operation 57 'br' 'br_ln0' <Predicate = (!icmp_ln440 & targetBlock & icmp_ln323)> <Delay = 0.00>
ST_3 : Operation 58 [1/1] (0.00ns)   --->   "%unreachable_ln0 = unreachable"   --->   Operation 58 'unreachable' 'unreachable_ln0' <Predicate = (!targetBlock) | (icmp_ln440 & !icmp_ln455) | (!icmp_ln440 & icmp_ln323)> <Delay = 0.00>


============================================================
+ Verbose Summary: Binding
============================================================
STG Binding: 
---------------- STG Properties BEGIN ----------------
- Is combinational: 0
- Is one-state seq: 0
- Is datapath-only: 0
- Is pipelined: 0
- Is top level: 1
Port [ Return ] is wired: 1; IO mode=ap_ctrl_hs:ce=0
Port [ gmem]:  wired=1; compound=1; hidden=0; nouse=0; global=0; static=0; extern=0; dir=2; type=4; pingpong=0; private_global=0; IO mode=m_axi:ce=0
Port [ x_hat]:  wired=1; compound=0; hidden=0; nouse=0; global=0; static=0; extern=0; dir=0; type=0; pingpong=0; private_global=0; IO mode=ap_none:ce=0
Port [ Nt]:  wired=1; compound=0; hidden=0; nouse=0; global=0; static=0; extern=0; dir=0; type=0; pingpong=0; private_global=0; IO mode=ap_none:ce=0
Port [ Nr]:  wired=1; compound=0; hidden=0; nouse=1; global=0; static=0; extern=0; dir=0; type=0; pingpong=0; private_global=0; IO mode=ap_none:ce=0
Port [ mu]:  wired=1; compound=0; hidden=0; nouse=0; global=0; static=0; extern=0; dir=0; type=0; pingpong=0; private_global=0; IO mode=ap_none:ce=0
Port [ H]:  wired=1; compound=0; hidden=0; nouse=1; global=0; static=0; extern=0; dir=0; type=0; pingpong=0; private_global=0; IO mode=ap_none:ce=0
Port [ y]:  wired=1; compound=0; hidden=0; nouse=1; global=0; static=0; extern=0; dir=0; type=0; pingpong=0; private_global=0; IO mode=ap_none:ce=0
Port [ sigma2]:  wired=1; compound=0; hidden=0; nouse=1; global=0; static=0; extern=0; dir=0; type=0; pingpong=0; private_global=0; IO mode=ap_none:ce=0
Port [ mmse_init]:  wired=1; compound=0; hidden=0; nouse=0; global=0; static=0; extern=0; dir=0; type=0; pingpong=0; private_global=0; IO mode=ap_none:ce=0
Port [ lr_approx]:  wired=1; compound=0; hidden=0; nouse=1; global=0; static=0; extern=0; dir=0; type=0; pingpong=0; private_global=0; IO mode=ap_none:ce=0
Port [ iter]:  wired=1; compound=0; hidden=0; nouse=0; global=0; static=0; extern=0; dir=0; type=0; pingpong=0; private_global=0; IO mode=ap_none:ce=0
Port [ v_tb]:  wired=1; compound=0; hidden=0; nouse=1; global=0; static=0; extern=0; dir=0; type=0; pingpong=0; private_global=0; IO mode=ap_none:ce=0
---------------- STG Properties END ------------------

---------------- Datapath Model BEGIN ----------------

<LifeTime>
<method=bitvector/>
specbitsmap_ln0         (specbitsmap      ) [ 0000]
spectopmodule_ln214     (spectopmodule    ) [ 0000]
specinterface_ln0       (specinterface    ) [ 0000]
specbitsmap_ln0         (specbitsmap      ) [ 0000]
specinterface_ln0       (specinterface    ) [ 0000]
specinterface_ln0       (specinterface    ) [ 0000]
specbitsmap_ln0         (specbitsmap      ) [ 0000]
specinterface_ln0       (specinterface    ) [ 0000]
specbitsmap_ln0         (specbitsmap      ) [ 0000]
specinterface_ln0       (specinterface    ) [ 0000]
specbitsmap_ln0         (specbitsmap      ) [ 0000]
specinterface_ln0       (specinterface    ) [ 0000]
specinterface_ln0       (specinterface    ) [ 0000]
specinterface_ln0       (specinterface    ) [ 0000]
specinterface_ln0       (specinterface    ) [ 0000]
specinterface_ln0       (specinterface    ) [ 0000]
specbitsmap_ln0         (specbitsmap      ) [ 0000]
specinterface_ln0       (specinterface    ) [ 0000]
specbitsmap_ln0         (specbitsmap      ) [ 0000]
specinterface_ln0       (specinterface    ) [ 0000]
specbitsmap_ln0         (specbitsmap      ) [ 0000]
specinterface_ln0       (specinterface    ) [ 0000]
specbitsmap_ln0         (specbitsmap      ) [ 0000]
specinterface_ln0       (specinterface    ) [ 0000]
specinterface_ln0       (specinterface    ) [ 0000]
specinterface_ln0       (specinterface    ) [ 0000]
iter_read               (read             ) [ 0011]
mmse_init_read          (read             ) [ 0000]
mu_read                 (read             ) [ 0010]
Nt_read                 (read             ) [ 0011]
x_hat_read              (read             ) [ 0010]
icmp_ln440              (icmp             ) [ 0111]
br_ln440                (br               ) [ 0000]
icmp_ln455              (icmp             ) [ 0111]
br_ln445                (br               ) [ 0000]
specpipeline_ln232      (specpipeline     ) [ 0000]
speclooptripcount_ln457 (speclooptripcount) [ 0000]
specloopname_ln455      (specloopname     ) [ 0000]
br_ln0                  (br               ) [ 0000]
call_ln449              (call             ) [ 0000]
br_ln450                (br               ) [ 0000]
icmp_ln323              (icmp             ) [ 0001]
targetBlock             (call             ) [ 0001]
br_ln214                (br               ) [ 0000]
speclooptripcount_ln324 (speclooptripcount) [ 0000]
specloopname_ln323      (specloopname     ) [ 0000]
br_ln0                  (br               ) [ 0000]
br_ln313                (br               ) [ 0000]
ret_ln552               (ret              ) [ 0000]
speclooptripcount_ln314 (speclooptripcount) [ 0000]
specloopname_ln313      (specloopname     ) [ 0000]
br_ln0                  (br               ) [ 0000]
unreachable_ln0         (unreachable      ) [ 0000]
</LifeTime>

<model>

<comp_list>
<comp id="0" class="1000" name="gmem">
<pin_list>
<pin id="1" dir="1" index="0" bw="1" slack="0"/>
</pin_list>
<bind>
<StgValue><ssdm name="gmem"/><MemPortTyVec>2 </MemPortTyVec>
</StgValue>
</bind>
</comp>

<comp id="2" class="1000" name="x_hat">
<pin_list>
<pin id="3" dir="1" index="0" bw="1" slack="0"/>
</pin_list>
<bind>
<StgValue><ssdm name="x_hat"/></StgValue>
</bind>
</comp>

<comp id="4" class="1000" name="Nt">
<pin_list>
<pin id="5" dir="1" index="0" bw="1" slack="0"/>
</pin_list>
<bind>
<StgValue><ssdm name="Nt"/></StgValue>
</bind>
</comp>

<comp id="6" class="1000" name="Nr">
<pin_list>
<pin id="7" dir="1" index="0" bw="1" slack="2147483647"/>
</pin_list>
<bind>
<StgValue><ssdm name="Nr"/></StgValue>
</bind>
</comp>

<comp id="8" class="1000" name="mu">
<pin_list>
<pin id="9" dir="1" index="0" bw="1" slack="0"/>
</pin_list>
<bind>
<StgValue><ssdm name="mu"/></StgValue>
</bind>
</comp>

<comp id="10" class="1000" name="H">
<pin_list>
<pin id="11" dir="1" index="0" bw="1" slack="2147483647"/>
</pin_list>
<bind>
<StgValue><ssdm name="H"/></StgValue>
</bind>
</comp>

<comp id="12" class="1000" name="y">
<pin_list>
<pin id="13" dir="1" index="0" bw="1" slack="2147483647"/>
</pin_list>
<bind>
<StgValue><ssdm name="y"/></StgValue>
</bind>
</comp>

<comp id="14" class="1000" name="sigma2">
<pin_list>
<pin id="15" dir="1" index="0" bw="1" slack="2147483647"/>
</pin_list>
<bind>
<StgValue><ssdm name="sigma2"/></StgValue>
</bind>
</comp>

<comp id="16" class="1000" name="mmse_init">
<pin_list>
<pin id="17" dir="1" index="0" bw="1" slack="0"/>
</pin_list>
<bind>
<StgValue><ssdm name="mmse_init"/></StgValue>
</bind>
</comp>

<comp id="18" class="1000" name="lr_approx">
<pin_list>
<pin id="19" dir="1" index="0" bw="1" slack="2147483647"/>
</pin_list>
<bind>
<StgValue><ssdm name="lr_approx"/></StgValue>
</bind>
</comp>

<comp id="20" class="1000" name="iter">
<pin_list>
<pin id="21" dir="1" index="0" bw="1" slack="0"/>
</pin_list>
<bind>
<StgValue><ssdm name="iter"/></StgValue>
</bind>
</comp>

<comp id="22" class="1000" name="v_tb">
<pin_list>
<pin id="23" dir="1" index="0" bw="1" slack="2147483647"/>
</pin_list>
<bind>
<StgValue><ssdm name="v_tb"/></StgValue>
</bind>
</comp>

<comp id="24" class="1001" name="const_24">
<pin_list>
<pin id="25" dir="1" index="0" bw="1" slack="2147483647"/>
</pin_list>
<bind>
<StgValue><ssdm name="_ssdm_op_SpecBitsMap"/></StgValue>
</bind>
</comp>

<comp id="26" class="1001" name="const_26">
<pin_list>
<pin id="27" dir="1" index="0" bw="1" slack="2147483647"/>
</pin_list>
<bind>
<StgValue><ssdm name=""/></StgValue>
</bind>
</comp>

<comp id="28" class="1001" name="const_28">
<pin_list>
<pin id="29" dir="1" index="0" bw="1" slack="2147483647"/>
</pin_list>
<bind>
<StgValue><ssdm name="_ssdm_op_SpecTopModule"/></StgValue>
</bind>
</comp>

<comp id="30" class="1001" name="const_30">
<pin_list>
<pin id="31" dir="1" index="0" bw="1" slack="2147483647"/>
</pin_list>
<bind>
<StgValue><ssdm name="empty_14"/></StgValue>
</bind>
</comp>

<comp id="32" class="1001" name="const_32">
<pin_list>
<pin id="33" dir="1" index="0" bw="1" slack="2147483647"/>
</pin_list>
<bind>
<StgValue><ssdm name="_ssdm_op_SpecInterface"/></StgValue>
</bind>
</comp>

<comp id="34" class="1001" name="const_34">
<pin_list>
<pin id="35" dir="1" index="0" bw="1" slack="2147483647"/>
</pin_list>
<bind>
<StgValue><ssdm name="empty_2"/></StgValue>
</bind>
</comp>

<comp id="36" class="1001" name="const_36">
<pin_list>
<pin id="37" dir="1" index="0" bw="1" slack="0"/>
</pin_list>
<bind>
<StgValue><ssdm name=""/></StgValue>
</bind>
</comp>

<comp id="38" class="1001" name="const_38">
<pin_list>
<pin id="39" dir="1" index="0" bw="1" slack="2147483647"/>
</pin_list>
<bind>
<StgValue><ssdm name="empty_10"/></StgValue>
</bind>
</comp>

<comp id="40" class="1001" name="const_40">
<pin_list>
<pin id="41" dir="1" index="0" bw="1" slack="2147483647"/>
</pin_list>
<bind>
<StgValue><ssdm name="empty_3"/></StgValue>
</bind>
</comp>

<comp id="42" class="1001" name="const_42">
<pin_list>
<pin id="43" dir="1" index="0" bw="1" slack="2147483647"/>
</pin_list>
<bind>
<StgValue><ssdm name="empty_13"/></StgValue>
</bind>
</comp>

<comp id="44" class="1001" name="const_44">
<pin_list>
<pin id="45" dir="1" index="0" bw="1" slack="2147483647"/>
</pin_list>
<bind>
<StgValue><ssdm name=""/></StgValue>
</bind>
</comp>

<comp id="46" class="1001" name="const_46">
<pin_list>
<pin id="47" dir="1" index="0" bw="1" slack="2147483647"/>
</pin_list>
<bind>
<StgValue><ssdm name=""/></StgValue>
</bind>
</comp>

<comp id="48" class="1001" name="const_48">
<pin_list>
<pin id="49" dir="1" index="0" bw="1" slack="2147483647"/>
</pin_list>
<bind>
<StgValue><ssdm name="empty_5"/></StgValue>
</bind>
</comp>

<comp id="50" class="1001" name="const_50">
<pin_list>
<pin id="51" dir="1" index="0" bw="1" slack="2147483647"/>
</pin_list>
<bind>
<StgValue><ssdm name="empty_6"/></StgValue>
</bind>
</comp>

<comp id="52" class="1001" name="const_52">
<pin_list>
<pin id="53" dir="1" index="0" bw="1" slack="2147483647"/>
</pin_list>
<bind>
<StgValue><ssdm name="empty_7"/></StgValue>
</bind>
</comp>

<comp id="54" class="1001" name="const_54">
<pin_list>
<pin id="55" dir="1" index="0" bw="1" slack="2147483647"/>
</pin_list>
<bind>
<StgValue><ssdm name="empty"/></StgValue>
</bind>
</comp>

<comp id="56" class="1001" name="const_56">
<pin_list>
<pin id="57" dir="1" index="0" bw="1" slack="2147483647"/>
</pin_list>
<bind>
<StgValue><ssdm name="empty_0"/></StgValue>
</bind>
</comp>

<comp id="58" class="1001" name="const_58">
<pin_list>
<pin id="59" dir="1" index="0" bw="1" slack="2147483647"/>
</pin_list>
<bind>
<StgValue><ssdm name="empty_11"/></StgValue>
</bind>
</comp>

<comp id="60" class="1001" name="const_60">
<pin_list>
<pin id="61" dir="1" index="0" bw="1" slack="2147483647"/>
</pin_list>
<bind>
<StgValue><ssdm name="empty_9"/></StgValue>
</bind>
</comp>

<comp id="62" class="1001" name="const_62">
<pin_list>
<pin id="63" dir="1" index="0" bw="1" slack="2147483647"/>
</pin_list>
<bind>
<StgValue><ssdm name="empty_12"/></StgValue>
</bind>
</comp>

<comp id="64" class="1001" name="const_64">
<pin_list>
<pin id="65" dir="1" index="0" bw="1" slack="2147483647"/>
</pin_list>
<bind>
<StgValue><ssdm name="empty_4"/></StgValue>
</bind>
</comp>

<comp id="66" class="1001" name="const_66">
<pin_list>
<pin id="67" dir="1" index="0" bw="1" slack="0"/>
</pin_list>
<bind>
<StgValue><ssdm name="_ssdm_op_Read.ap_none.i32"/></StgValue>
</bind>
</comp>

<comp id="68" class="1001" name="const_68">
<pin_list>
<pin id="69" dir="1" index="0" bw="1" slack="0"/>
</pin_list>
<bind>
<StgValue><ssdm name="_ssdm_op_Read.s_axilite.i64"/></StgValue>
</bind>
</comp>

<comp id="70" class="1001" name="const_70">
<pin_list>
<pin id="71" dir="1" index="0" bw="1" slack="0"/>
</pin_list>
<bind>
<StgValue><ssdm name="map.4"/></StgValue>
</bind>
</comp>

<comp id="72" class="1001" name="const_72">
<pin_list>
<pin id="73" dir="1" index="0" bw="1" slack="0"/>
</pin_list>
<bind>
<StgValue><ssdm name=""/></StgValue>
</bind>
</comp>

<comp id="74" class="1001" name="const_74">
<pin_list>
<pin id="75" dir="1" index="0" bw="1" slack="2147483647"/>
</pin_list>
<bind>
<StgValue><ssdm name="_ssdm_op_SpecPipeline"/></StgValue>
</bind>
</comp>

<comp id="76" class="1001" name="const_76">
<pin_list>
<pin id="77" dir="1" index="0" bw="1" slack="2147483647"/>
</pin_list>
<bind>
<StgValue><ssdm name="_ssdm_op_SpecLoopTripCount"/></StgValue>
</bind>
</comp>

<comp id="78" class="1001" name="const_78">
<pin_list>
<pin id="79" dir="1" index="0" bw="1" slack="2147483647"/>
</pin_list>
<bind>
<StgValue><ssdm name=""/></StgValue>
</bind>
</comp>

<comp id="80" class="1001" name="const_80">
<pin_list>
<pin id="81" dir="1" index="0" bw="1" slack="2147483647"/>
</pin_list>
<bind>
<StgValue><ssdm name=""/></StgValue>
</bind>
</comp>

<comp id="82" class="1001" name="const_82">
<pin_list>
<pin id="83" dir="1" index="0" bw="1" slack="2147483647"/>
</pin_list>
<bind>
<StgValue><ssdm name=""/></StgValue>
</bind>
</comp>

<comp id="84" class="1001" name="const_84">
<pin_list>
<pin id="85" dir="1" index="0" bw="1" slack="2147483647"/>
</pin_list>
<bind>
<StgValue><ssdm name="_ssdm_op_SpecLoopName"/></StgValue>
</bind>
</comp>

<comp id="86" class="1001" name="const_86">
<pin_list>
<pin id="87" dir="1" index="0" bw="1" slack="2147483647"/>
</pin_list>
<bind>
<StgValue><ssdm name="empty_8"/></StgValue>
</bind>
</comp>

<comp id="88" class="1001" name="const_88">
<pin_list>
<pin id="89" dir="1" index="0" bw="1" slack="0"/>
</pin_list>
<bind>
<StgValue><ssdm name="MHGD_detect_accel_Pipeline_VITIS_LOOP_489_3"/></StgValue>
</bind>
</comp>

<comp id="90" class="1001" name="const_90">
<pin_list>
<pin id="91" dir="1" index="0" bw="1" slack="2147483647"/>
</pin_list>
<bind>
<StgValue><ssdm name="empty_16"/></StgValue>
</bind>
</comp>

<comp id="92" class="1001" name="const_92">
<pin_list>
<pin id="93" dir="1" index="0" bw="1" slack="2147483647"/>
</pin_list>
<bind>
<StgValue><ssdm name="empty_15"/></StgValue>
</bind>
</comp>

<comp id="94" class="1004" name="iter_read_read_fu_94">
<pin_list>
<pin id="95" dir="0" index="0" bw="32" slack="0"/>
<pin id="96" dir="0" index="1" bw="32" slack="0"/>
<pin id="97" dir="1" index="2" bw="32" slack="1"/>
</pin_list>
<bind>
<opcode="read(1150) " fcode="read"/>
<opset="iter_read/1 "/>
</bind>
</comp>

<comp id="100" class="1004" name="mmse_init_read_read_fu_100">
<pin_list>
<pin id="101" dir="0" index="0" bw="32" slack="0"/>
<pin id="102" dir="0" index="1" bw="32" slack="0"/>
<pin id="103" dir="1" index="2" bw="32" slack="0"/>
</pin_list>
<bind>
<opcode="read(1150) " fcode="read"/>
<opset="mmse_init_read/1 "/>
</bind>
</comp>

<comp id="106" class="1004" name="mu_read_read_fu_106">
<pin_list>
<pin id="107" dir="0" index="0" bw="32" slack="0"/>
<pin id="108" dir="0" index="1" bw="32" slack="0"/>
<pin id="109" dir="1" index="2" bw="32" slack="0"/>
</pin_list>
<bind>
<opcode="read(1150) " fcode="read"/>
<opset="mu_read/1 "/>
</bind>
</comp>

<comp id="112" class="1004" name="Nt_read_read_fu_112">
<pin_list>
<pin id="113" dir="0" index="0" bw="32" slack="0"/>
<pin id="114" dir="0" index="1" bw="32" slack="0"/>
<pin id="115" dir="1" index="2" bw="32" slack="0"/>
</pin_list>
<bind>
<opcode="read(1150) " fcode="read"/>
<opset="Nt_read/1 "/>
</bind>
</comp>

<comp id="118" class="1004" name="x_hat_read_read_fu_118">
<pin_list>
<pin id="119" dir="0" index="0" bw="64" slack="0"/>
<pin id="120" dir="0" index="1" bw="64" slack="0"/>
<pin id="121" dir="1" index="2" bw="64" slack="0"/>
</pin_list>
<bind>
<opcode="read(1150) " fcode="read"/>
<opset="x_hat_read/1 "/>
</bind>
</comp>

<comp id="124" class="1004" name="grp_map_4_fu_124">
<pin_list>
<pin id="125" dir="0" index="0" bw="0" slack="0"/>
<pin id="126" dir="0" index="1" bw="32" slack="0"/>
<pin id="127" dir="0" index="2" bw="32" slack="0"/>
<pin id="128" dir="0" index="3" bw="128" slack="0"/>
<pin id="129" dir="0" index="4" bw="64" slack="0"/>
<pin id="130" dir="1" index="5" bw="0" slack="2147483647"/>
</pin_list>
<bind>
<opcode="call(48) " fcode="call"/>
<opset="call_ln449/1 "/>
</bind>
</comp>

<comp id="136" class="1004" name="grp_MHGD_detect_accel_Pipeline_VITIS_LOOP_489_3_fu_136">
<pin_list>
<pin id="137" dir="0" index="0" bw="1" slack="0"/>
<pin id="138" dir="0" index="1" bw="32" slack="1"/>
<pin id="139" dir="0" index="2" bw="32" slack="1"/>
<pin id="140" dir="1" index="3" bw="1" slack="2147483647"/>
</pin_list>
<bind>
<opcode="call(48) " fcode="call"/>
<opset="targetBlock/2 "/>
</bind>
</comp>

<comp id="142" class="1004" name="icmp_ln440_fu_142">
<pin_list>
<pin id="143" dir="0" index="0" bw="32" slack="0"/>
<pin id="144" dir="0" index="1" bw="1" slack="0"/>
<pin id="145" dir="1" index="2" bw="1" slack="1"/>
</pin_list>
<bind>
<opcode="icmp(45) " fcode="icmp"/>
<opset="icmp_ln440/1 "/>
</bind>
</comp>

<comp id="148" class="1004" name="icmp_ln455_fu_148">
<pin_list>
<pin id="149" dir="0" index="0" bw="32" slack="0"/>
<pin id="150" dir="0" index="1" bw="1" slack="0"/>
<pin id="151" dir="1" index="2" bw="1" slack="1"/>
</pin_list>
<bind>
<opcode="icmp(45) " fcode="icmp"/>
<opset="icmp_ln455/1 "/>
</bind>
</comp>

<comp id="154" class="1004" name="icmp_ln323_fu_154">
<pin_list>
<pin id="155" dir="0" index="0" bw="32" slack="1"/>
<pin id="156" dir="0" index="1" bw="1" slack="0"/>
<pin id="157" dir="1" index="2" bw="1" slack="1"/>
</pin_list>
<bind>
<opcode="icmp(45) " fcode="icmp"/>
<opset="icmp_ln323/2 "/>
</bind>
</comp>

<comp id="159" class="1005" name="iter_read_reg_159">
<pin_list>
<pin id="160" dir="0" index="0" bw="32" slack="1"/>
<pin id="161" dir="1" index="1" bw="32" slack="1"/>
</pin_list>
<bind>
<opset="iter_read "/>
</bind>
</comp>

<comp id="164" class="1005" name="mu_read_reg_164">
<pin_list>
<pin id="165" dir="0" index="0" bw="32" slack="1"/>
<pin id="166" dir="1" index="1" bw="32" slack="1"/>
</pin_list>
<bind>
<opset="mu_read "/>
</bind>
</comp>

<comp id="169" class="1005" name="Nt_read_reg_169">
<pin_list>
<pin id="170" dir="0" index="0" bw="32" slack="1"/>
<pin id="171" dir="1" index="1" bw="32" slack="1"/>
</pin_list>
<bind>
<opset="Nt_read "/>
</bind>
</comp>

<comp id="176" class="1005" name="x_hat_read_reg_176">
<pin_list>
<pin id="177" dir="0" index="0" bw="64" slack="1"/>
<pin id="178" dir="1" index="1" bw="64" slack="1"/>
</pin_list>
<bind>
<opset="x_hat_read "/>
</bind>
</comp>

<comp id="181" class="1005" name="icmp_ln440_reg_181">
<pin_list>
<pin id="182" dir="0" index="0" bw="1" slack="1"/>
<pin id="183" dir="1" index="1" bw="1" slack="2147483647"/>
</pin_list>
<bind>
<opset="icmp_ln440 "/>
</bind>
</comp>

<comp id="185" class="1005" name="icmp_ln455_reg_185">
<pin_list>
<pin id="186" dir="0" index="0" bw="1" slack="1"/>
<pin id="187" dir="1" index="1" bw="1" slack="2147483647"/>
</pin_list>
<bind>
<opset="icmp_ln455 "/>
</bind>
</comp>

<comp id="189" class="1005" name="icmp_ln323_reg_189">
<pin_list>
<pin id="190" dir="0" index="0" bw="1" slack="1"/>
<pin id="191" dir="1" index="1" bw="1" slack="2147483647"/>
</pin_list>
<bind>
<opset="icmp_ln323 "/>
</bind>
</comp>

</comp_list>

<net_list>
<net id="98"><net_src comp="66" pin="0"/><net_sink comp="94" pin=0"/></net>

<net id="99"><net_src comp="20" pin="0"/><net_sink comp="94" pin=1"/></net>

<net id="104"><net_src comp="66" pin="0"/><net_sink comp="100" pin=0"/></net>

<net id="105"><net_src comp="16" pin="0"/><net_sink comp="100" pin=1"/></net>

<net id="110"><net_src comp="66" pin="0"/><net_sink comp="106" pin=0"/></net>

<net id="111"><net_src comp="8" pin="0"/><net_sink comp="106" pin=1"/></net>

<net id="116"><net_src comp="66" pin="0"/><net_sink comp="112" pin=0"/></net>

<net id="117"><net_src comp="4" pin="0"/><net_sink comp="112" pin=1"/></net>

<net id="122"><net_src comp="68" pin="0"/><net_sink comp="118" pin=0"/></net>

<net id="123"><net_src comp="2" pin="0"/><net_sink comp="118" pin=1"/></net>

<net id="131"><net_src comp="70" pin="0"/><net_sink comp="124" pin=0"/></net>

<net id="132"><net_src comp="106" pin="2"/><net_sink comp="124" pin=1"/></net>

<net id="133"><net_src comp="112" pin="2"/><net_sink comp="124" pin=2"/></net>

<net id="134"><net_src comp="0" pin="0"/><net_sink comp="124" pin=3"/></net>

<net id="135"><net_src comp="118" pin="2"/><net_sink comp="124" pin=4"/></net>

<net id="141"><net_src comp="88" pin="0"/><net_sink comp="136" pin=0"/></net>

<net id="146"><net_src comp="100" pin="2"/><net_sink comp="142" pin=0"/></net>

<net id="147"><net_src comp="36" pin="0"/><net_sink comp="142" pin=1"/></net>

<net id="152"><net_src comp="112" pin="2"/><net_sink comp="148" pin=0"/></net>

<net id="153"><net_src comp="72" pin="0"/><net_sink comp="148" pin=1"/></net>

<net id="158"><net_src comp="36" pin="0"/><net_sink comp="154" pin=1"/></net>

<net id="162"><net_src comp="94" pin="2"/><net_sink comp="159" pin=0"/></net>

<net id="163"><net_src comp="159" pin="1"/><net_sink comp="136" pin=1"/></net>

<net id="167"><net_src comp="106" pin="2"/><net_sink comp="164" pin=0"/></net>

<net id="168"><net_src comp="164" pin="1"/><net_sink comp="124" pin=1"/></net>

<net id="172"><net_src comp="112" pin="2"/><net_sink comp="169" pin=0"/></net>

<net id="173"><net_src comp="169" pin="1"/><net_sink comp="124" pin=2"/></net>

<net id="174"><net_src comp="169" pin="1"/><net_sink comp="154" pin=0"/></net>

<net id="175"><net_src comp="169" pin="1"/><net_sink comp="136" pin=2"/></net>

<net id="179"><net_src comp="118" pin="2"/><net_sink comp="176" pin=0"/></net>

<net id="180"><net_src comp="176" pin="1"/><net_sink comp="124" pin=4"/></net>

<net id="184"><net_src comp="142" pin="2"/><net_sink comp="181" pin=0"/></net>

<net id="188"><net_src comp="148" pin="2"/><net_sink comp="185" pin=0"/></net>

<net id="192"><net_src comp="154" pin="2"/><net_sink comp="189" pin=0"/></net>

</net_list>

</model> 
---------------- Datapath Model END ------------------

* FSMD analyzer results:
  - Output states:
	Port: gmem | {1 2 }
 - Input state : 
	Port: MHGD_detect_accel : gmem | {1 2 }
	Port: MHGD_detect_accel : x_hat | {1 }
	Port: MHGD_detect_accel : Nt | {1 }
	Port: MHGD_detect_accel : mu | {1 }
	Port: MHGD_detect_accel : mmse_init | {1 }
	Port: MHGD_detect_accel : iter | {1 }
  - Chain level:
	State 1
		br_ln440 : 1
		br_ln445 : 1
	State 2
	State 3
		br_ln214 : 1


============================================================
+ Verbose Summary: Datapath Resource usage 
============================================================

* Functional unit list:
|----------|--------------------------------------------------------|---------|---------|---------|
| Operation|                     Functional Unit                    |  Delay  |    FF   |   LUT   |
|----------|--------------------------------------------------------|---------|---------|---------|
|   call   |                    grp_map_4_fu_124                    |  4.795  |  21379  |  19791  |
|          | grp_MHGD_detect_accel_Pipeline_VITIS_LOOP_489_3_fu_136 |    0    |    32   |   116   |
|----------|--------------------------------------------------------|---------|---------|---------|
|          |                    icmp_ln440_fu_142                   |    0    |    0    |    39   |
|   icmp   |                    icmp_ln455_fu_148                   |    0    |    0    |    39   |
|          |                    icmp_ln323_fu_154                   |    0    |    0    |    39   |
|----------|--------------------------------------------------------|---------|---------|---------|
|          |                  iter_read_read_fu_94                  |    0    |    0    |    0    |
|          |               mmse_init_read_read_fu_100               |    0    |    0    |    0    |
|   read   |                   mu_read_read_fu_106                  |    0    |    0    |    0    |
|          |                   Nt_read_read_fu_112                  |    0    |    0    |    0    |
|          |                 x_hat_read_read_fu_118                 |    0    |    0    |    0    |
|----------|--------------------------------------------------------|---------|---------|---------|
|   Total  |                                                        |  4.795  |  21411  |  20024  |
|----------|--------------------------------------------------------|---------|---------|---------|

Memories:
N/A

* Register list:
+------------------+--------+
|                  |   FF   |
+------------------+--------+
|  Nt_read_reg_169 |   32   |
|icmp_ln323_reg_189|    1   |
|icmp_ln440_reg_181|    1   |
|icmp_ln455_reg_185|    1   |
| iter_read_reg_159|   32   |
|  mu_read_reg_164 |   32   |
|x_hat_read_reg_176|   64   |
+------------------+--------+
|       Total      |   163  |
+------------------+--------+

* Multiplexer (MUX) list: 
|------------------|------|------|------|--------||---------||---------||---------|
|       Comp       |  Pin | Size |  BW  | S x BW ||  Delay  ||    FF   ||   LUT   |
|------------------|------|------|------|--------||---------||---------||---------|
| grp_map_4_fu_124 |  p1  |   2  |  32  |   64   ||    0    ||    9    |
| grp_map_4_fu_124 |  p2  |   2  |  32  |   64   ||    0    ||    9    |
| grp_map_4_fu_124 |  p4  |   2  |  64  |   128  ||    0    ||    9    |
|------------------|------|------|------|--------||---------||---------||---------|
|       Total      |      |      |      |   256  ||  1.281  ||    0    ||    27   |
|------------------|------|------|------|--------||---------||---------||---------|



* Summary:
+-----------+--------+--------+--------+
|           |  Delay |   FF   |   LUT  |
+-----------+--------+--------+--------+
|  Function |    4   |  21411 |  20024 |
|   Memory  |    -   |    -   |    -   |
|Multiplexer|    1   |    0   |   27   |
|  Register |    -   |   163  |    -   |
+-----------+--------+--------+--------+
|   Total   |    6   |  21574 |  20051 |
+-----------+--------+--------+--------+
