

================================================================
== Vitis HLS Report for 'MHGD_detect_accel'
================================================================
* Date:           Wed Apr  2 12:08:03 2025

* Version:        2024.2 (Build 5238294 on Nov  8 2024)
* Project:        component_perfect_loop_hls_cpp
* Solution:       hls (Vivado IP Flow Target)
* Product family: zynquplus
* Target device:  xck26-sfvc784-2LV-c


================================================================
== Performance Estimates
================================================================
+ Timing: 
    * Summary: 
    +--------+----------+----------+------------+
    |  Clock |  Target  | Estimated| Uncertainty|
    +--------+----------+----------+------------+
    |ap_clk  |  10.00 ns|  7.300 ns|     2.70 ns|
    +--------+----------+----------+------------+

+ Latency: 
    * Summary: 
    +---------+---------+-----------+----------+-----+-------+---------+
    |  Latency (cycles) |  Latency (absolute)  |   Interval  | Pipeline|
    |   min   |   max   |    min    |    max   | min |  max  |   Type  |
    +---------+---------+-----------+----------+-----+-------+---------+
    |        1|    17936|  10.000 ns|  0.179 ms|    2|  17937|       no|
    +---------+---------+-----------+----------+-----+-------+---------+

    + Detail: 
        * Instance: 
        N/A

        * Loop: 
        N/A

============================================================
+ Verbose Summary: Synthesis Manager
============================================================
InlineROM: 1
ExposeGlobal: 0
============================================================
+ Verbose Summary: CDFG Model
============================================================
IsTopModel: 1
ResetActiveHigh: 1
IsCombinational: 0
IsDatapathOnly: 0
HasWiredReturn: 1
HasMFsm: 0
HasVarLatency: 1
IsPipeline: 0
IsRtlPipelined: 0
IsInstanceOverlapped: 0
IsDontTouch: 0
HasImplIP: 0
IsGatedGlobalClock: 0


============================================================
+ Verbose Summary: Schedule
============================================================
* Number of FSM states : 3
* Pipeline : 0
* Dataflow Pipeline: 0

* FSM state transitions: 
1 --> 2 3 
2 --> 3 
3 --> 

* FSM state operations: 

State 1 <SV = 0> <Delay = 2.10>
ST_1 : Operation 4 [1/1] (0.00ns)   --->   "%specbitsmap_ln0 = specbitsmap void @_ssdm_op_SpecBitsMap, i32 0"   --->   Operation 4 'specbitsmap' 'specbitsmap_ln0' <Predicate = true> <Delay = 0.00>
ST_1 : Operation 5 [1/1] (0.00ns)   --->   "%spectopmodule_ln214 = spectopmodule void @_ssdm_op_SpecTopModule, void @empty_14" [MHGD_accel_1.cpp:214]   --->   Operation 5 'spectopmodule' 'spectopmodule_ln214' <Predicate = true> <Delay = 0.00>
ST_1 : Operation 6 [1/1] (0.00ns)   --->   "%specinterface_ln0 = specinterface void @_ssdm_op_SpecInterface, i128 %gmem, void @empty_2, i32 0, i32 0, void @empty_10, i32 0, i32 0, void @empty_3, void @empty_13, void @empty_10, i32 16, i32 16, i32 16, i32 16, void @empty_10, void @empty_10, i32 4294967295, i32 0, i32 0"   --->   Operation 6 'specinterface' 'specinterface_ln0' <Predicate = true> <Delay = 0.00>
ST_1 : Operation 7 [1/1] (0.00ns)   --->   "%specbitsmap_ln0 = specbitsmap void @_ssdm_op_SpecBitsMap, i128 %gmem"   --->   Operation 7 'specbitsmap' 'specbitsmap_ln0' <Predicate = true> <Delay = 0.00>
ST_1 : Operation 8 [1/1] (0.00ns)   --->   "%specinterface_ln0 = specinterface void @_ssdm_op_SpecInterface, i64 %x_hat, void @empty_5, i32 0, i32 0, void @empty_10, i32 0, i32 0, void @empty_6, void @empty_7, void @empty_10, i32 0, i32 0, i32 0, i32 0, void @empty_10, void @empty, i32 4294967295, i32 0, i32 0"   --->   Operation 8 'specinterface' 'specinterface_ln0' <Predicate = true> <Delay = 0.00>
ST_1 : Operation 9 [1/1] (0.00ns)   --->   "%specinterface_ln0 = specinterface void @_ssdm_op_SpecInterface, i64 %x_hat, void @empty_0, i32 0, i32 0, void @empty_10, i32 0, i32 0, void @empty_10, void @empty_10, void @empty_10, i32 0, i32 0, i32 0, i32 0, void @empty_10, void @empty, i32 4294967295, i32 0, i32 0"   --->   Operation 9 'specinterface' 'specinterface_ln0' <Predicate = true> <Delay = 0.00>
ST_1 : Operation 10 [1/1] (0.00ns)   --->   "%specbitsmap_ln0 = specbitsmap void @_ssdm_op_SpecBitsMap, i32 %Nt"   --->   Operation 10 'specbitsmap' 'specbitsmap_ln0' <Predicate = true> <Delay = 0.00>
ST_1 : Operation 11 [1/1] (0.00ns)   --->   "%specinterface_ln0 = specinterface void @_ssdm_op_SpecInterface, i32 %Nt, void @empty_11, i32 4294967295, i32 4294967295, void @empty_10, i32 0, i32 0, void @empty_10, void @empty_10, void @empty_10, i32 0, i32 0, i32 0, i32 0, void @empty_10, void @empty_10, i32 4294967295, i32 0, i32 0"   --->   Operation 11 'specinterface' 'specinterface_ln0' <Predicate = true> <Delay = 0.00>
ST_1 : Operation 12 [1/1] (0.00ns)   --->   "%specbitsmap_ln0 = specbitsmap void @_ssdm_op_SpecBitsMap, i32 %Nr"   --->   Operation 12 'specbitsmap' 'specbitsmap_ln0' <Predicate = true> <Delay = 0.00>
ST_1 : Operation 13 [1/1] (0.00ns)   --->   "%specinterface_ln0 = specinterface void @_ssdm_op_SpecInterface, i32 %Nr, void @empty_11, i32 4294967295, i32 4294967295, void @empty_10, i32 0, i32 0, void @empty_10, void @empty_10, void @empty_10, i32 0, i32 0, i32 0, i32 0, void @empty_10, void @empty_10, i32 4294967295, i32 0, i32 0"   --->   Operation 13 'specinterface' 'specinterface_ln0' <Predicate = true> <Delay = 0.00>
ST_1 : Operation 14 [1/1] (0.00ns)   --->   "%specbitsmap_ln0 = specbitsmap void @_ssdm_op_SpecBitsMap, i32 %mu"   --->   Operation 14 'specbitsmap' 'specbitsmap_ln0' <Predicate = true> <Delay = 0.00>
ST_1 : Operation 15 [1/1] (0.00ns)   --->   "%specinterface_ln0 = specinterface void @_ssdm_op_SpecInterface, i32 %mu, void @empty_11, i32 4294967295, i32 4294967295, void @empty_10, i32 0, i32 0, void @empty_10, void @empty_10, void @empty_10, i32 0, i32 0, i32 0, i32 0, void @empty_10, void @empty_10, i32 4294967295, i32 0, i32 0"   --->   Operation 15 'specinterface' 'specinterface_ln0' <Predicate = true> <Delay = 0.00>
ST_1 : Operation 16 [1/1] (0.00ns)   --->   "%specinterface_ln0 = specinterface void @_ssdm_op_SpecInterface, i64 %H, void @empty_5, i32 0, i32 0, void @empty_10, i32 0, i32 0, void @empty_6, void @empty_9, void @empty_10, i32 0, i32 0, i32 0, i32 0, void @empty_10, void @empty, i32 4294967295, i32 0, i32 0"   --->   Operation 16 'specinterface' 'specinterface_ln0' <Predicate = true> <Delay = 0.00>
ST_1 : Operation 17 [1/1] (0.00ns)   --->   "%specinterface_ln0 = specinterface void @_ssdm_op_SpecInterface, i64 %H, void @empty_0, i32 0, i32 0, void @empty_10, i32 0, i32 0, void @empty_10, void @empty_10, void @empty_10, i32 0, i32 0, i32 0, i32 0, void @empty_10, void @empty, i32 4294967295, i32 0, i32 0"   --->   Operation 17 'specinterface' 'specinterface_ln0' <Predicate = true> <Delay = 0.00>
ST_1 : Operation 18 [1/1] (0.00ns)   --->   "%specinterface_ln0 = specinterface void @_ssdm_op_SpecInterface, i64 %y, void @empty_5, i32 0, i32 0, void @empty_10, i32 0, i32 0, void @empty_6, void @empty_12, void @empty_10, i32 0, i32 0, i32 0, i32 0, void @empty_10, void @empty, i32 4294967295, i32 0, i32 0"   --->   Operation 18 'specinterface' 'specinterface_ln0' <Predicate = true> <Delay = 0.00>
ST_1 : Operation 19 [1/1] (0.00ns)   --->   "%specinterface_ln0 = specinterface void @_ssdm_op_SpecInterface, i64 %y, void @empty_0, i32 0, i32 0, void @empty_10, i32 0, i32 0, void @empty_10, void @empty_10, void @empty_10, i32 0, i32 0, i32 0, i32 0, void @empty_10, void @empty, i32 4294967295, i32 0, i32 0"   --->   Operation 19 'specinterface' 'specinterface_ln0' <Predicate = true> <Delay = 0.00>
ST_1 : Operation 20 [1/1] (0.00ns)   --->   "%specbitsmap_ln0 = specbitsmap void @_ssdm_op_SpecBitsMap, i32 %sigma2"   --->   Operation 20 'specbitsmap' 'specbitsmap_ln0' <Predicate = true> <Delay = 0.00>
ST_1 : Operation 21 [1/1] (0.00ns)   --->   "%specinterface_ln0 = specinterface void @_ssdm_op_SpecInterface, i32 %sigma2, void @empty_11, i32 4294967295, i32 4294967295, void @empty_10, i32 0, i32 0, void @empty_10, void @empty_10, void @empty_10, i32 0, i32 0, i32 0, i32 0, void @empty_10, void @empty_10, i32 4294967295, i32 0, i32 0"   --->   Operation 21 'specinterface' 'specinterface_ln0' <Predicate = true> <Delay = 0.00>
ST_1 : Operation 22 [1/1] (0.00ns)   --->   "%specbitsmap_ln0 = specbitsmap void @_ssdm_op_SpecBitsMap, i32 %mmse_init"   --->   Operation 22 'specbitsmap' 'specbitsmap_ln0' <Predicate = true> <Delay = 0.00>
ST_1 : Operation 23 [1/1] (0.00ns)   --->   "%specinterface_ln0 = specinterface void @_ssdm_op_SpecInterface, i32 %mmse_init, void @empty_11, i32 4294967295, i32 4294967295, void @empty_10, i32 0, i32 0, void @empty_10, void @empty_10, void @empty_10, i32 0, i32 0, i32 0, i32 0, void @empty_10, void @empty_10, i32 4294967295, i32 0, i32 0"   --->   Operation 23 'specinterface' 'specinterface_ln0' <Predicate = true> <Delay = 0.00>
ST_1 : Operation 24 [1/1] (0.00ns)   --->   "%specbitsmap_ln0 = specbitsmap void @_ssdm_op_SpecBitsMap, i32 %lr_approx"   --->   Operation 24 'specbitsmap' 'specbitsmap_ln0' <Predicate = true> <Delay = 0.00>
ST_1 : Operation 25 [1/1] (0.00ns)   --->   "%specinterface_ln0 = specinterface void @_ssdm_op_SpecInterface, i32 %lr_approx, void @empty_11, i32 4294967295, i32 4294967295, void @empty_10, i32 0, i32 0, void @empty_10, void @empty_10, void @empty_10, i32 0, i32 0, i32 0, i32 0, void @empty_10, void @empty_10, i32 4294967295, i32 0, i32 0"   --->   Operation 25 'specinterface' 'specinterface_ln0' <Predicate = true> <Delay = 0.00>
ST_1 : Operation 26 [1/1] (0.00ns)   --->   "%specbitsmap_ln0 = specbitsmap void @_ssdm_op_SpecBitsMap, i32 %iter"   --->   Operation 26 'specbitsmap' 'specbitsmap_ln0' <Predicate = true> <Delay = 0.00>
ST_1 : Operation 27 [1/1] (0.00ns)   --->   "%specinterface_ln0 = specinterface void @_ssdm_op_SpecInterface, i32 %iter, void @empty_11, i32 4294967295, i32 4294967295, void @empty_10, i32 0, i32 0, void @empty_10, void @empty_10, void @empty_10, i32 0, i32 0, i32 0, i32 0, void @empty_10, void @empty_10, i32 4294967295, i32 0, i32 0"   --->   Operation 27 'specinterface' 'specinterface_ln0' <Predicate = true> <Delay = 0.00>
ST_1 : Operation 28 [1/1] (0.00ns)   --->   "%specinterface_ln0 = specinterface void @_ssdm_op_SpecInterface, i64 %v_tb, void @empty_5, i32 0, i32 0, void @empty_10, i32 0, i32 0, void @empty_6, void @empty_4, void @empty_10, i32 0, i32 0, i32 0, i32 0, void @empty_10, void @empty, i32 4294967295, i32 0, i32 0"   --->   Operation 28 'specinterface' 'specinterface_ln0' <Predicate = true> <Delay = 0.00>
ST_1 : Operation 29 [1/1] (0.00ns)   --->   "%specinterface_ln0 = specinterface void @_ssdm_op_SpecInterface, i64 %v_tb, void @empty_0, i32 0, i32 0, void @empty_10, i32 0, i32 0, void @empty_10, void @empty_10, void @empty_10, i32 0, i32 0, i32 0, i32 0, void @empty_10, void @empty, i32 4294967295, i32 0, i32 0"   --->   Operation 29 'specinterface' 'specinterface_ln0' <Predicate = true> <Delay = 0.00>
ST_1 : Operation 30 [1/1] (0.00ns)   --->   "%iter_read = read i32 @_ssdm_op_Read.ap_none.i32, i32 %iter" [MHGD_accel_1.cpp:214]   --->   Operation 30 'read' 'iter_read' <Predicate = true> <Delay = 0.00>
ST_1 : Operation 31 [1/1] (0.00ns)   --->   "%mmse_init_read = read i32 @_ssdm_op_Read.ap_none.i32, i32 %mmse_init" [MHGD_accel_1.cpp:214]   --->   Operation 31 'read' 'mmse_init_read' <Predicate = true> <Delay = 0.00>
ST_1 : Operation 32 [1/1] (0.00ns)   --->   "%mu_read = read i32 @_ssdm_op_Read.ap_none.i32, i32 %mu" [MHGD_accel_1.cpp:214]   --->   Operation 32 'read' 'mu_read' <Predicate = true> <Delay = 0.00>
ST_1 : Operation 33 [1/1] (0.00ns)   --->   "%Nt_read = read i32 @_ssdm_op_Read.ap_none.i32, i32 %Nt" [MHGD_accel_1.cpp:214]   --->   Operation 33 'read' 'Nt_read' <Predicate = true> <Delay = 0.00>
ST_1 : Operation 34 [1/1] (1.00ns)   --->   "%x_hat_read = read i64 @_ssdm_op_Read.s_axilite.i64, i64 %x_hat" [MHGD_accel_1.cpp:214]   --->   Operation 34 'read' 'x_hat_read' <Predicate = true> <Delay = 1.00> <CoreInst = "s_axilite">   --->   Core 120 's_axilite' <Latency = 0> <II = 1> <Delay = 1.00> <Adapter> <Opcode : 'read' 'write'>
ST_1 : Operation 35 [1/1] (1.01ns)   --->   "%icmp_ln440 = icmp_eq  i32 %mmse_init_read, i32 0" [MHGD_accel_1.cpp:440]   --->   Operation 35 'icmp' 'icmp_ln440' <Predicate = true> <Delay = 1.01> <CoreInst = "Cmp">   --->   Core 9 'Cmp' <Latency = 0> <II = 1> <Delay = 1.01> <FuncUnit> <Opcode : 'seteq' 'setne' 'setle' 'setge' 'setlt' 'setgt'> <InPorts = 2> <OutPorts = 1>
ST_1 : Operation 36 [1/1] (0.00ns)   --->   "%br_ln440 = br i1 %icmp_ln440, void %if.then27, void %if.else30" [MHGD_accel_1.cpp:440]   --->   Operation 36 'br' 'br_ln440' <Predicate = true> <Delay = 0.00>
ST_1 : Operation 37 [2/2] (1.08ns)   --->   "%call_ln449 = call void @map.4, i32 %mu_read, i32 %Nt_read, i128 %gmem, i64 %x_hat_read" [MHGD_accel_1.cpp:449]   --->   Operation 37 'call' 'call_ln449' <Predicate = (!icmp_ln440)> <Delay = 1.08> <CoreType = "Generic">   --->   Generic Core
ST_1 : Operation 38 [1/1] (1.01ns)   --->   "%icmp_ln455 = icmp_slt  i32 %Nt_read, i32 1" [MHGD_accel_1.cpp:455]   --->   Operation 38 'icmp' 'icmp_ln455' <Predicate = (icmp_ln440)> <Delay = 1.01> <CoreInst = "Cmp">   --->   Core 9 'Cmp' <Latency = 0> <II = 1> <Delay = 1.01> <FuncUnit> <Opcode : 'seteq' 'setne' 'setle' 'setge' 'setlt' 'setgt'> <InPorts = 2> <OutPorts = 1>
ST_1 : Operation 39 [1/1] (0.00ns)   --->   "%br_ln445 = br i1 %icmp_ln455, void %for.inc40.split, void %if.end43" [util_1.cpp:445->MHGD_accel_1.cpp:454]   --->   Operation 39 'br' 'br_ln445' <Predicate = (icmp_ln440)> <Delay = 0.00>
ST_1 : Operation 40 [1/1] (0.00ns)   --->   "%specpipeline_ln232 = specpipeline void @_ssdm_op_SpecPipeline, i32 4294967295, i32 0, i32 0, i32 0, void @empty_10" [MHGD_accel_1.cpp:232]   --->   Operation 40 'specpipeline' 'specpipeline_ln232' <Predicate = (icmp_ln440 & !icmp_ln455)> <Delay = 0.00>
ST_1 : Operation 41 [1/1] (0.00ns)   --->   "%speclooptripcount_ln457 = speclooptripcount void @_ssdm_op_SpecLoopTripCount, i64 1, i64 10, i64 5" [MHGD_accel_1.cpp:457]   --->   Operation 41 'speclooptripcount' 'speclooptripcount_ln457' <Predicate = (icmp_ln440 & !icmp_ln455)> <Delay = 0.00>
ST_1 : Operation 42 [1/1] (0.00ns)   --->   "%specloopname_ln455 = specloopname void @_ssdm_op_SpecLoopName, void @empty_8" [MHGD_accel_1.cpp:455]   --->   Operation 42 'specloopname' 'specloopname_ln455' <Predicate = (icmp_ln440 & !icmp_ln455)> <Delay = 0.00>
ST_1 : Operation 43 [1/1] (0.00ns)   --->   "%br_ln0 = br void %UnifiedUnreachableBlock"   --->   Operation 43 'br' 'br_ln0' <Predicate = (icmp_ln440 & !icmp_ln455)> <Delay = 0.00>

State 2 <SV = 1> <Delay = 1.87>
ST_2 : Operation 44 [1/2] (1.01ns)   --->   "%call_ln449 = call void @map.4, i32 %mu_read, i32 %Nt_read, i128 %gmem, i64 %x_hat_read" [MHGD_accel_1.cpp:449]   --->   Operation 44 'call' 'call_ln449' <Predicate = (!icmp_ln440)> <Delay = 1.01> <CoreType = "Generic">   --->   Generic Core
ST_2 : Operation 45 [1/1] (0.00ns)   --->   "%br_ln450 = br void %if.end43" [MHGD_accel_1.cpp:450]   --->   Operation 45 'br' 'br_ln450' <Predicate = (!icmp_ln440)> <Delay = 0.00>
ST_2 : Operation 46 [1/1] (1.01ns)   --->   "%icmp_ln323 = icmp_sgt  i32 %Nt_read, i32 0" [util_1.cpp:323->MHGD_accel_1.cpp:496]   --->   Operation 46 'icmp' 'icmp_ln323' <Predicate = (icmp_ln455) | (!icmp_ln440)> <Delay = 1.01> <CoreInst = "Cmp">   --->   Core 9 'Cmp' <Latency = 0> <II = 1> <Delay = 1.01> <FuncUnit> <Opcode : 'seteq' 'setne' 'setle' 'setge' 'setlt' 'setgt'> <InPorts = 2> <OutPorts = 1>
ST_2 : Operation 47 [2/2] (1.87ns)   --->   "%targetBlock = call i1 @MHGD_detect_accel_Pipeline_VITIS_LOOP_489_3, i32 %iter_read, i32 %Nt_read" [MHGD_accel_1.cpp:214]   --->   Operation 47 'call' 'targetBlock' <Predicate = (icmp_ln455) | (!icmp_ln440)> <Delay = 1.87> <CoreType = "Generic">   --->   Generic Core

State 3 <SV = 2> <Delay = 2.29>
ST_3 : Operation 48 [1/2] (2.29ns)   --->   "%targetBlock = call i1 @MHGD_detect_accel_Pipeline_VITIS_LOOP_489_3, i32 %iter_read, i32 %Nt_read" [MHGD_accel_1.cpp:214]   --->   Operation 48 'call' 'targetBlock' <Predicate = (icmp_ln455) | (!icmp_ln440)> <Delay = 2.29> <CoreType = "Generic">   --->   Generic Core
ST_3 : Operation 49 [1/1] (0.00ns)   --->   "%br_ln214 = br i1 %targetBlock, void %for.body.i1309.split, void %for.inc.i1417" [MHGD_accel_1.cpp:214]   --->   Operation 49 'br' 'br_ln214' <Predicate = (icmp_ln455) | (!icmp_ln440)> <Delay = 0.00>
ST_3 : Operation 50 [1/1] (0.00ns)   --->   "%speclooptripcount_ln324 = speclooptripcount void @_ssdm_op_SpecLoopTripCount, i64 1, i64 10, i64 5" [util_1.cpp:324->MHGD_accel_1.cpp:496]   --->   Operation 50 'speclooptripcount' 'speclooptripcount_ln324' <Predicate = (icmp_ln455 & !targetBlock) | (!icmp_ln440 & !targetBlock)> <Delay = 0.00>
ST_3 : Operation 51 [1/1] (0.00ns)   --->   "%specloopname_ln323 = specloopname void @_ssdm_op_SpecLoopName, void @empty_16" [util_1.cpp:323->MHGD_accel_1.cpp:496]   --->   Operation 51 'specloopname' 'specloopname_ln323' <Predicate = (icmp_ln455 & !targetBlock) | (!icmp_ln440 & !targetBlock)> <Delay = 0.00>
ST_3 : Operation 52 [1/1] (0.00ns)   --->   "%br_ln0 = br void %UnifiedUnreachableBlock"   --->   Operation 52 'br' 'br_ln0' <Predicate = (icmp_ln455 & !targetBlock) | (!icmp_ln440 & !targetBlock)> <Delay = 0.00>
ST_3 : Operation 53 [1/1] (0.00ns)   --->   "%br_ln313 = br i1 %icmp_ln323, void %_Z15my_complex_copyiPK9MyComplexiPS_i.exit1419.loopexit, void %for.inc.i1417.split" [util_1.cpp:313->MHGD_accel_1.cpp:549]   --->   Operation 53 'br' 'br_ln313' <Predicate = (icmp_ln455 & targetBlock) | (!icmp_ln440 & targetBlock)> <Delay = 0.00>
ST_3 : Operation 54 [1/1] (0.00ns)   --->   "%ret_ln552 = ret i32 0" [MHGD_accel_1.cpp:552]   --->   Operation 54 'ret' 'ret_ln552' <Predicate = (icmp_ln440 & icmp_ln455 & targetBlock) | (!icmp_ln440 & targetBlock & !icmp_ln323)> <Delay = 0.00>
ST_3 : Operation 55 [1/1] (0.00ns)   --->   "%speclooptripcount_ln314 = speclooptripcount void @_ssdm_op_SpecLoopTripCount, i64 1, i64 10, i64 5" [util_1.cpp:314->MHGD_accel_1.cpp:549]   --->   Operation 55 'speclooptripcount' 'speclooptripcount_ln314' <Predicate = (!icmp_ln440 & targetBlock & icmp_ln323)> <Delay = 0.00>
ST_3 : Operation 56 [1/1] (0.00ns)   --->   "%specloopname_ln313 = specloopname void @_ssdm_op_SpecLoopName, void @empty_15" [util_1.cpp:313->MHGD_accel_1.cpp:549]   --->   Operation 56 'specloopname' 'specloopname_ln313' <Predicate = (!icmp_ln440 & targetBlock & icmp_ln323)> <Delay = 0.00>
ST_3 : Operation 57 [1/1] (0.00ns)   --->   "%br_ln0 = br void %UnifiedUnreachableBlock"   --->   Operation 57 'br' 'br_ln0' <Predicate = (!icmp_ln440 & targetBlock & icmp_ln323)> <Delay = 0.00>
ST_3 : Operation 58 [1/1] (0.00ns)   --->   "%unreachable_ln0 = unreachable"   --->   Operation 58 'unreachable' 'unreachable_ln0' <Predicate = (!targetBlock) | (icmp_ln440 & !icmp_ln455) | (!icmp_ln440 & icmp_ln323)> <Delay = 0.00>


============================================================
+ Verbose Summary: Timing violations
============================================================
Target clock period: 10.000ns, clock uncertainty: 2.700ns.

 <State 1>: 2.104ns
The critical path consists of the following:
	wire read operation ('mmse_init', MHGD_accel_1.cpp:214) on port 'mmse_init' (MHGD_accel_1.cpp:214) [40]  (0.000 ns)
	'icmp' operation 1 bit ('icmp_ln440', MHGD_accel_1.cpp:440) [44]  (1.016 ns)
	'call' operation 0 bit ('call_ln449', MHGD_accel_1.cpp:449) to 'map.4' [47]  (1.088 ns)

 <State 2>: 1.870ns
The critical path consists of the following:
	'call' operation 1 bit ('targetBlock', MHGD_accel_1.cpp:214) to 'MHGD_detect_accel_Pipeline_VITIS_LOOP_489_3' [59]  (1.870 ns)

 <State 3>: 2.297ns
The critical path consists of the following:
	'call' operation 1 bit ('targetBlock', MHGD_accel_1.cpp:214) to 'MHGD_detect_accel_Pipeline_VITIS_LOOP_489_3' [59]  (2.297 ns)


============================================================
+ Verbose Summary: Binding
============================================================
N/A
* FSMD analyzer results:
  - Output states:
 - Input state : 
  - Chain level:
	State 1
	State 2
	State 3


============================================================
+ Verbose Summary: Datapath Resource usage 
============================================================
N/A
