

================================================================
== Vitis HLS Report for 'MHGD_detect_accel_Pipeline_VITIS_LOOP_489_3'
================================================================
* Date:           Wed Apr  2 12:08:03 2025

* Version:        2024.2 (Build 5238294 on Nov  8 2024)
* Project:        component_perfect_loop_hls_cpp
* Solution:       hls (Vivado IP Flow Target)
* Product family: zynquplus
* Target device:  xck26-sfvc784-2LV-c


================================================================
== Performance Estimates
================================================================
+ Timing: 
    * Summary: 
    +--------+----------+----------+------------+
    |  Clock |  Target  | Estimated| Uncertainty|
    +--------+----------+----------+------------+
    |ap_clk  |  10.00 ns|  1.870 ns|     2.70 ns|
    +--------+----------+----------+------------+

+ Latency: 
    * Summary: 
    +---------+---------+-----------+----------+------+-------+------------------------------------------------+
    |  Latency (cycles) |  Latency (absolute)  |   Interval   |                    Pipeline                    |
    |   min   |   max   |    min    |    max   |  min |  max  |                      Type                      |
    +---------+---------+-----------+----------+------+-------+------------------------------------------------+
    |     5002|    15002|  50.020 us|  0.150 ms|  5001|  15001|  loop auto-rewind stp (delay=0 clock cycles(s))|
    +---------+---------+-----------+----------+------+-------+------------------------------------------------+

    + Detail: 
        * Instance: 
        N/A

        * Loop: 
        +--------------------+---------+---------+----------+-----------+-----------+--------------+----------+
        |                    |  Latency (cycles) | Iteration|  Initiation Interval  |     Trip     |          |
        |      Loop Name     |   min   |   max   |  Latency |  achieved |   target  |     Count    | Pipelined|
        +--------------------+---------+---------+----------+-----------+-----------+--------------+----------+
        |- VITIS_LOOP_489_3  |     5000|    15000|         1|          1|          1|  5000 ~ 15000|       yes|
        +--------------------+---------+---------+----------+-----------+-----------+--------------+----------+

============================================================
+ Verbose Summary: Synthesis Manager
============================================================
InlineROM: 1
ExposeGlobal: 0
============================================================
+ Verbose Summary: CDFG Model
============================================================
IsTopModel: 0
ResetActiveHigh: 1
IsCombinational: 0
IsDatapathOnly: 0
HasWiredReturn: 1
HasMFsm: 2
HasVarLatency: 1
IsPipeline: 0
IsRtlPipelined: 0
IsInstanceOverlapped: 0
IsDontTouch: 0
HasImplIP: 0
IsGatedGlobalClock: 0

+ Individual pipeline summary: 
  * Pipeline-0: initiation interval (II) = 1, depth = 1


============================================================
+ Verbose Summary: Schedule
============================================================
* Number of FSM states : 1
* Pipeline : 1
  Pipeline-0 : II = 1, D = 1, States = { 1 }
* Dataflow Pipeline: 0

* FSM state transitions: 
1 --> 

* FSM state operations: 

State 1 <SV = 0> <Delay = 1.87>
ST_1 : Operation 4 [1/1] (0.00ns)   --->   "%k = alloca i32 1"   --->   Operation 4 'alloca' 'k' <Predicate = true> <Delay = 0.00>
ST_1 : Operation 5 [1/1] (0.00ns)   --->   "%Nt_read = read i32 @_ssdm_op_Read.ap_auto.i32, i32 %Nt" [util_1.cpp:323->MHGD_accel_1.cpp:496]   --->   Operation 5 'read' 'Nt_read' <Predicate = true> <Delay = 0.00>
ST_1 : Operation 6 [1/1] (0.00ns)   --->   "%iter_read = read i32 @_ssdm_op_Read.ap_auto.i32, i32 %iter" [util_1.cpp:323->MHGD_accel_1.cpp:496]   --->   Operation 6 'read' 'iter_read' <Predicate = true> <Delay = 0.00>
ST_1 : Operation 7 [1/1] (1.01ns)   --->   "%icmp_ln323 = icmp_sgt  i32 %Nt_read, i32 0" [util_1.cpp:323->MHGD_accel_1.cpp:496]   --->   Operation 7 'icmp' 'icmp_ln323' <Predicate = true> <Delay = 1.01> <CoreInst = "Cmp">   --->   Core 9 'Cmp' <Latency = 0> <II = 1> <Delay = 1.01> <FuncUnit> <Opcode : 'seteq' 'setne' 'setle' 'setge' 'setlt' 'setgt'> <InPorts = 2> <OutPorts = 1>
ST_1 : Operation 8 [1/1] (0.42ns)   --->   "%store_ln0 = store i31 0, i31 %k"   --->   Operation 8 'store' 'store_ln0' <Predicate = true> <Delay = 0.42>
ST_1 : Operation 9 [1/1] (0.00ns)   --->   "%br_ln489 = br void %VITIS_LOOP_500_4" [MHGD_accel_1.cpp:489]   --->   Operation 9 'br' 'br_ln489' <Predicate = true> <Delay = 0.00>
ST_1 : Operation 10 [1/1] (0.00ns)   --->   "%k_load = load i31 %k" [MHGD_accel_1.cpp:489]   --->   Operation 10 'load' 'k_load' <Predicate = true> <Delay = 0.00>
ST_1 : Operation 11 [1/1] (0.00ns)   --->   "%zext_ln489 = zext i31 %k_load" [MHGD_accel_1.cpp:489]   --->   Operation 11 'zext' 'zext_ln489' <Predicate = true> <Delay = 0.00>
ST_1 : Operation 12 [1/1] (1.01ns)   --->   "%icmp_ln489 = icmp_slt  i32 %zext_ln489, i32 %iter_read" [MHGD_accel_1.cpp:489]   --->   Operation 12 'icmp' 'icmp_ln489' <Predicate = true> <Delay = 1.01> <CoreInst = "Cmp">   --->   Core 9 'Cmp' <Latency = 0> <II = 1> <Delay = 1.01> <FuncUnit> <Opcode : 'seteq' 'setne' 'setle' 'setge' 'setlt' 'setgt'> <InPorts = 2> <OutPorts = 1>
ST_1 : Operation 13 [1/1] (1.00ns)   --->   "%add_ln489 = add i31 %k_load, i31 1" [MHGD_accel_1.cpp:489]   --->   Operation 13 'add' 'add_ln489' <Predicate = true> <Delay = 1.00> <CoreInst = "Adder">   --->   Core 1 'Adder' <Latency = 0> <II = 1> <Delay = 1.00> <FuncUnit> <Opcode : 'add' 'sub'> <InPorts = 2> <OutPorts = 1>
ST_1 : Operation 14 [1/1] (0.42ns)   --->   "%br_ln489 = br i1 %icmp_ln489, void %for.inc.i1417.exitStub, void %VITIS_LOOP_500_4.split" [MHGD_accel_1.cpp:489]   --->   Operation 14 'br' 'br_ln489' <Predicate = true> <Delay = 0.42>
ST_1 : Operation 15 [1/1] (0.00ns)   --->   "%specpipeline_ln492 = specpipeline void @_ssdm_op_SpecPipeline, i32 1, i32 0, i32 0, i32 0, void @empty_10" [MHGD_accel_1.cpp:492]   --->   Operation 15 'specpipeline' 'specpipeline_ln492' <Predicate = (icmp_ln489)> <Delay = 0.00>
ST_1 : Operation 16 [1/1] (0.00ns)   --->   "%speclooptripcount_ln491 = speclooptripcount void @_ssdm_op_SpecLoopTripCount, i64 5000, i64 15000, i64 10000" [MHGD_accel_1.cpp:491]   --->   Operation 16 'speclooptripcount' 'speclooptripcount_ln491' <Predicate = (icmp_ln489)> <Delay = 0.00>
ST_1 : Operation 17 [1/1] (0.00ns)   --->   "%specloopname_ln489 = specloopname void @_ssdm_op_SpecLoopName, void @empty_17" [MHGD_accel_1.cpp:489]   --->   Operation 17 'specloopname' 'specloopname_ln489' <Predicate = (icmp_ln489)> <Delay = 0.00>
ST_1 : Operation 18 [1/1] (0.42ns)   --->   "%br_ln323 = br i1 %icmp_ln323, void %_Z15my_complex_copyiPK9MyComplexiPS_i.720.exit1406.loopexit, void %for.inc.i1417.exitStub" [util_1.cpp:323->MHGD_accel_1.cpp:496]   --->   Operation 18 'br' 'br_ln323' <Predicate = (icmp_ln489)> <Delay = 0.42>
ST_1 : Operation 19 [1/1] (0.42ns)   --->   "%store_ln489 = store i31 %add_ln489, i31 %k" [MHGD_accel_1.cpp:489]   --->   Operation 19 'store' 'store_ln489' <Predicate = (icmp_ln489 & !icmp_ln323)> <Delay = 0.42>
ST_1 : Operation 20 [1/1] (0.00ns)   --->   "%br_ln489 = br void %VITIS_LOOP_500_4" [MHGD_accel_1.cpp:489]   --->   Operation 20 'br' 'br_ln489' <Predicate = (icmp_ln489 & !icmp_ln323)> <Delay = 0.00>
ST_1 : Operation 21 [1/1] (0.00ns) (grouped into LUT with out node ret_ln0)   --->   "%merge = phi i1 1, void %VITIS_LOOP_500_4, i1 0, void %VITIS_LOOP_500_4.split"   --->   Operation 21 'phi' 'merge' <Predicate = (icmp_ln323) | (!icmp_ln489)> <Delay = 0.00>
ST_1 : Operation 22 [1/1] (0.42ns) (out node of the LUT)   --->   "%ret_ln0 = ret i1 %merge"   --->   Operation 22 'ret' 'ret_ln0' <Predicate = (icmp_ln323) | (!icmp_ln489)> <Delay = 0.42>


============================================================
+ Verbose Summary: Timing violations
============================================================
Target clock period: 10.000ns, clock uncertainty: 2.700ns.

 <State 1>: 1.870ns
The critical path consists of the following:
	'store' operation 0 bit ('store_ln0') of constant 0 on local variable 'k' [7]  (0.427 ns)
	'load' operation 31 bit ('k_load', MHGD_accel_1.cpp:489) on local variable 'k' [10]  (0.000 ns)
	'icmp' operation 1 bit ('icmp_ln489', MHGD_accel_1.cpp:489) [12]  (1.016 ns)
	'store' operation 0 bit ('store_ln489', MHGD_accel_1.cpp:489) of variable 'add_ln489', MHGD_accel_1.cpp:489 on local variable 'k' [21]  (0.427 ns)


============================================================
+ Verbose Summary: Binding
============================================================
N/A
* FSMD analyzer results:
  - Output states:
 - Input state : 
  - Chain level:
	State 1


============================================================
+ Verbose Summary: Datapath Resource usage 
============================================================
N/A
