Tue Apr  1 15:00:04 2025: Running xcd server. This server was built by gradle.
Tue Apr  1 15:00:04 2025: Server was asked to start on port: '38337'
Tue Apr  1 15:00:04 2025: Server is using token UUID: '6359e5f8-9ca5-4244-ac88-5ee9e812b9cd'
Tue Apr  1 15:00:04 2025: SESSION_MGR: creating session with session uuid: '6d04a3e9-ade5-4ab9-8d63-1f78fcd2ec76' and name 'default'
Tue Apr  1 15:00:04 2025: Attempting to start server on port '38337'
Tue Apr  1 15:00:04 2025: XCD main fifo: created main fifo '/tmp/xcdmain6359e5f8-9ca5-4244-ac88-5ee9e812b9cd', fd read = 15
Tue Apr  1 15:00:04 2025: Running Dispatch Server
Tue Apr  1 15:00:04 2025: Version 2.2.0
Tue Apr  1 15:00:06 2025: Dispatch Server: Accepted socket connection from client
Tue Apr  1 15:00:06 2025: Starting Socket connection
Tue Apr  1 15:00:06 2025: EXCHANGE_TOKEN received, server token: 6359e5f8-9ca5-4244-ac88-5ee9e812b9cd, passed token: 6359e5f8-9ca5-4244-ac88-5ee9e812b9cd
Tue Apr  1 15:00:06 2025: SESSION_MGR: creating session with session uuid: '670ca5eb-7305-4fd0-9ab8-c9bbf9962669' and name 'vitis_hls'
Tue Apr  1 15:00:06 2025: KERNEL_SVC: creating session with uuid: '670ca5eb-7305-4fd0-9ab8-c9bbf9962669' and name 'vitis_hls'
Tue Apr  1 15:00:06 2025: GUIDANCE_SMGR: creating guidance session with uuid: '670ca5eb-7305-4fd0-9ab8-c9bbf9962669' and name 'vitis_hls'
Tue Apr  1 15:31:50 2025: Running xcd server. This server was built by gradle.
Tue Apr  1 15:31:50 2025: Server was asked to start on port: '40153'
Tue Apr  1 15:31:50 2025: Server is using token UUID: '4af9fffc-ac7d-40be-9937-471e454b2027'
Tue Apr  1 15:31:50 2025: SESSION_MGR: creating session with session uuid: '6d04a3e9-ade5-4ab9-8d63-1f78fcd2ec76' and name 'default'
Tue Apr  1 15:31:50 2025: Attempting to start server on port '40153'
Tue Apr  1 15:31:50 2025: XCD main fifo: created main fifo '/tmp/xcdmain4af9fffc-ac7d-40be-9937-471e454b2027', fd read = 18
Tue Apr  1 15:31:50 2025: Running Dispatch Server
Tue Apr  1 15:31:50 2025: Version 2.2.0
Tue Apr  1 15:31:52 2025: Dispatch Server: Accepted socket connection from client
Tue Apr  1 15:31:52 2025: Starting Socket connection
Tue Apr  1 15:31:52 2025: EXCHANGE_TOKEN received, server token: 4af9fffc-ac7d-40be-9937-471e454b2027, passed token: 4af9fffc-ac7d-40be-9937-471e454b2027
Tue Apr  1 15:31:52 2025: SESSION_MGR: creating session with session uuid: 'd1552922-df50-4f36-b4e2-6cb36da75a3b' and name 'vitis_hls'
Tue Apr  1 15:31:52 2025: KERNEL_SVC: creating session with uuid: 'd1552922-df50-4f36-b4e2-6cb36da75a3b' and name 'vitis_hls'
Tue Apr  1 15:31:52 2025: GUIDANCE_SMGR: creating guidance session with uuid: 'd1552922-df50-4f36-b4e2-6cb36da75a3b' and name 'vitis_hls'
Tue Apr  1 15:31:52 2025: STOP_SERVER received, server token: 6359e5f8-9ca5-4244-ac88-5ee9e812b9cd, passed token: 6359e5f8-9ca5-4244-ac88-5ee9e812b9cd
Tue Apr  1 15:31:52 2025: Socket received request to stop server.
Tue Apr  1 15:31:52 2025: Dispatch Server: do_await_stop
Tue Apr  1 15:31:52 2025: Dispatch Server: stopping mainFifo_
Tue Apr  1 15:31:52 2025: XCD main fifo: Stopping
Tue Apr  1 15:31:52 2025: XCD main fifo: do_read error code: Operation canceled
Tue Apr  1 15:31:52 2025: XCD main fifo: bytes_transferred: 0
Tue Apr  1 15:31:52 2025: SERVER: destructor for server bound to port 38337
Tue Apr  1 15:31:52 2025: XCD main fifo: Good unlink of /tmp/xcdmain6359e5f8-9ca5-4244-ac88-5ee9e812b9cd
Tue Apr  1 15:31:52 2025: Server exiting with status 0.
Tue Apr  1 15:31:52 2025: Closing log file.
Tue Apr  1 15:32:01 2025: STOP_SERVER received, server token: 4af9fffc-ac7d-40be-9937-471e454b2027, passed token: 4af9fffc-ac7d-40be-9937-471e454b2027
Tue Apr  1 15:32:01 2025: Socket received request to stop server.
Tue Apr  1 15:32:01 2025: Dispatch Server: do_await_stop
Tue Apr  1 15:32:01 2025: Dispatch Server: stopping mainFifo_
Tue Apr  1 15:32:01 2025: XCD main fifo: Stopping
Tue Apr  1 15:32:01 2025: XCD main fifo: do_read error code: Operation canceled
Tue Apr  1 15:32:01 2025: XCD main fifo: bytes_transferred: 0
Tue Apr  1 15:32:01 2025: SERVER: destructor for server bound to port 40153
Tue Apr  1 15:32:01 2025: XCD main fifo: Good unlink of /tmp/xcdmain4af9fffc-ac7d-40be-9937-471e454b2027
Tue Apr  1 15:32:01 2025: Server exiting with status 0.
Tue Apr  1 15:32:01 2025: Closing log file.
