

================================================================
== Vitis HLS Report for 'MHGD_detect_accel_Pipeline_VITIS_LOOP_483_3'
================================================================
* Date:           Tue Apr  1 15:32:01 2025

* Version:        2024.2 (Build 5238294 on Nov  8 2024)
* Project:        component_perfect_loop_hls_1
* Solution:       hls (Vivado IP Flow Target)
* Product family: zynquplus
* Target device:  xck26-sfvc784-2LV-c


================================================================
== Performance Estimates
================================================================
+ Timing: 
    * Summary: 
    +--------+----------+----------+------------+
    |  Clock |  Target  | Estimated| Uncertainty|
    +--------+----------+----------+------------+
    |ap_clk  |  10.00 ns|  3.496 ns|     2.70 ns|
    +--------+----------+----------+------------+

+ Latency: 
    * Summary: 
    +---------+---------+----------+----------+-------+-------+------------------------------------------------+
    |  Latency (cycles) |  Latency (absolute) |    Interval   |                    Pipeline                    |
    |   min   |   max   |    min   |    max   |  min  |  max  |                      Type                      |
    +---------+---------+----------+----------+-------+-------+------------------------------------------------+
    |    10003|    30003|  0.100 ms|  0.300 ms|  10002|  30002|  loop auto-rewind stp (delay=0 clock cycles(s))|
    +---------+---------+----------+----------+-------+-------+------------------------------------------------+

    + Detail: 
        * Instance: 
        N/A

        * Loop: 
        +--------------------+---------+---------+----------+-----------+-----------+--------------+----------+
        |                    |  Latency (cycles) | Iteration|  Initiation Interval  |     Trip     |          |
        |      Loop Name     |   min   |   max   |  Latency |  achieved |   target  |     Count    | Pipelined|
        +--------------------+---------+---------+----------+-----------+-----------+--------------+----------+
        |- VITIS_LOOP_483_3  |    10001|    30001|         2|          2|          1|  5000 ~ 15000|       yes|
        +--------------------+---------+---------+----------+-----------+-----------+--------------+----------+

============================================================
+ Verbose Summary: Synthesis Manager
============================================================
InlineROM: 1
ExposeGlobal: 0
============================================================
+ Verbose Summary: CDFG Model
============================================================
IsTopModel: 0
ResetActiveHigh: 1
IsCombinational: 0
IsDatapathOnly: 0
HasWiredReturn: 1
HasMFsm: 2
HasVarLatency: 1
IsPipeline: 0
IsRtlPipelined: 0
IsInstanceOverlapped: 0
IsDontTouch: 0
HasImplIP: 0
IsGatedGlobalClock: 0

+ Individual pipeline summary: 
  * Pipeline-0: initiation interval (II) = 2, depth = 2


============================================================
+ Verbose Summary: Schedule
============================================================
* Number of FSM states : 2
* Pipeline : 1
  Pipeline-0 : II = 2, D = 2, States = { 1 2 }
* Dataflow Pipeline: 0

* FSM state transitions: 
1 --> 2 
2 --> 

* FSM state operations: 

State 1 <SV = 0> <Delay = 2.78>
ST_1 : Operation 5 [1/1] (0.00ns)   --->   "%k = alloca i32 1"   --->   Operation 5 'alloca' 'k' <Predicate = true> <Delay = 0.00>
ST_1 : Operation 6 [1/1] (0.00ns)   --->   "%icmp_ln449_read = read i1 @_ssdm_op_Read.ap_auto.i1, i1 %icmp_ln449"   --->   Operation 6 'read' 'icmp_ln449_read' <Predicate = true> <Delay = 0.00>
ST_1 : Operation 7 [1/1] (0.00ns)   --->   "%p_acc_read = read i32 @_ssdm_op_Read.ap_auto.float, i32 %p_acc"   --->   Operation 7 'read' 'p_acc_read' <Predicate = true> <Delay = 0.00>
ST_1 : Operation 8 [1/1] (0.00ns)   --->   "%tmp_2 = read i23 @_ssdm_op_Read.ap_auto.i23, i23 %empty"   --->   Operation 8 'read' 'tmp_2' <Predicate = true> <Delay = 0.00>
ST_1 : Operation 9 [1/1] (0.00ns)   --->   "%bitcast_ln524_read = read i31 @_ssdm_op_Read.ap_auto.i31, i31 %bitcast_ln524"   --->   Operation 9 'read' 'bitcast_ln524_read' <Predicate = true> <Delay = 0.00>
ST_1 : Operation 10 [1/1] (0.00ns)   --->   "%iter_read = read i32 @_ssdm_op_Read.ap_auto.i32, i32 %iter"   --->   Operation 10 'read' 'iter_read' <Predicate = true> <Delay = 0.00>
ST_1 : Operation 11 [1/1] (0.42ns)   --->   "%store_ln0 = store i31 0, i31 %k"   --->   Operation 11 'store' 'store_ln0' <Predicate = true> <Delay = 0.42>
ST_1 : Operation 12 [1/1] (0.00ns)   --->   "%br_ln0 = br void %VITIS_LOOP_494_4"   --->   Operation 12 'br' 'br_ln0' <Predicate = true> <Delay = 0.00>
ST_1 : Operation 13 [1/1] (0.00ns)   --->   "%k_load = load i31 %k" [MHGD_accel.c:483]   --->   Operation 13 'load' 'k_load' <Predicate = true> <Delay = 0.00>
ST_1 : Operation 14 [1/1] (0.00ns)   --->   "%zext_ln483 = zext i31 %k_load" [MHGD_accel.c:483]   --->   Operation 14 'zext' 'zext_ln483' <Predicate = true> <Delay = 0.00>
ST_1 : Operation 15 [1/1] (1.01ns)   --->   "%icmp_ln483 = icmp_slt  i32 %zext_ln483, i32 %iter_read" [MHGD_accel.c:483]   --->   Operation 15 'icmp' 'icmp_ln483' <Predicate = true> <Delay = 1.01> <CoreInst = "Cmp">   --->   Core 9 'Cmp' <Latency = 0> <II = 1> <Delay = 1.01> <FuncUnit> <Opcode : 'seteq' 'setne' 'setle' 'setge' 'setlt' 'setgt'> <InPorts = 2> <OutPorts = 1>
ST_1 : Operation 16 [1/1] (1.00ns)   --->   "%add_ln483 = add i31 %k_load, i31 1" [MHGD_accel.c:483]   --->   Operation 16 'add' 'add_ln483' <Predicate = true> <Delay = 1.00> <CoreInst = "Adder">   --->   Core 1 'Adder' <Latency = 0> <II = 1> <Delay = 1.00> <FuncUnit> <Opcode : 'add' 'sub'> <InPorts = 2> <OutPorts = 1>
ST_1 : Operation 17 [1/1] (0.42ns)   --->   "%br_ln483 = br i1 %icmp_ln483, void %for.inc.i214.exitStub, void %VITIS_LOOP_494_4.split" [MHGD_accel.c:483]   --->   Operation 17 'br' 'br_ln483' <Predicate = true> <Delay = 0.42>
ST_1 : Operation 18 [1/1] (0.00ns)   --->   "%tmp = partselect i8 @_ssdm_op_PartSelect.i8.i31.i32.i32, i31 %bitcast_ln524_read, i32 23, i32 30" [MHGD_accel.c:524]   --->   Operation 18 'partselect' 'tmp' <Predicate = (icmp_ln483)> <Delay = 0.00>
ST_1 : Operation 19 [1/1] (0.76ns)   --->   "%icmp_ln524 = icmp_ne  i8 %tmp, i8 255" [MHGD_accel.c:524]   --->   Operation 19 'icmp' 'icmp_ln524' <Predicate = (icmp_ln483)> <Delay = 0.76> <CoreInst = "Cmp">   --->   Core 9 'Cmp' <Latency = 0> <II = 1> <Delay = 0.76> <FuncUnit> <Opcode : 'seteq' 'setne' 'setle' 'setge' 'setlt' 'setgt'> <InPorts = 2> <OutPorts = 1>
ST_1 : Operation 20 [1/1] (0.92ns)   --->   "%icmp_ln524_1 = icmp_eq  i23 %tmp_2, i23 0" [MHGD_accel.c:524]   --->   Operation 20 'icmp' 'icmp_ln524_1' <Predicate = (icmp_ln483)> <Delay = 0.92> <CoreInst = "Cmp">   --->   Core 9 'Cmp' <Latency = 0> <II = 1> <Delay = 0.92> <FuncUnit> <Opcode : 'seteq' 'setne' 'setle' 'setge' 'setlt' 'setgt'> <InPorts = 2> <OutPorts = 1>
ST_1 : Operation 21 [2/2] (2.78ns)   --->   "%tmp_1 = fcmp_ogt  i32 %p_acc_read, i32 0.472911" [MHGD_accel.c:524]   --->   Operation 21 'fcmp' 'tmp_1' <Predicate = (icmp_ln483)> <Delay = 2.78> <CoreInst = "FCompare">   --->   Core 19 'FCompare' <Latency = 1> <II = 1> <Delay = 2.78> <FuncUnit> <Opcode : 'fcmp'> <InPorts = 2> <OutPorts = 1>

State 2 <SV = 1> <Delay = 3.49>
ST_2 : Operation 22 [1/1] (0.00ns)   --->   "%specpipeline_ln486 = specpipeline void @_ssdm_op_SpecPipeline, i32 1, i32 0, i32 0, i32 0, void @empty_0" [MHGD_accel.c:486]   --->   Operation 22 'specpipeline' 'specpipeline_ln486' <Predicate = (icmp_ln483)> <Delay = 0.00>
ST_2 : Operation 23 [1/1] (0.00ns)   --->   "%speclooptripcount_ln485 = speclooptripcount void @_ssdm_op_SpecLoopTripCount, i64 5000, i64 15000, i64 10000" [MHGD_accel.c:485]   --->   Operation 23 'speclooptripcount' 'speclooptripcount_ln485' <Predicate = (icmp_ln483)> <Delay = 0.00>
ST_2 : Operation 24 [1/1] (0.00ns)   --->   "%specloopname_ln483 = specloopname void @_ssdm_op_SpecLoopName, void @empty_3" [MHGD_accel.c:483]   --->   Operation 24 'specloopname' 'specloopname_ln483' <Predicate = (icmp_ln483)> <Delay = 0.00>
ST_2 : Operation 25 [1/1] (0.00ns) (grouped into LUT with out node and_ln524_1)   --->   "%or_ln524 = or i1 %icmp_ln524_1, i1 %icmp_ln524" [MHGD_accel.c:524]   --->   Operation 25 'or' 'or_ln524' <Predicate = (icmp_ln483)> <Delay = 0.00> <CoreInst = "LogicGate">   --->   Core 74 'LogicGate' <Latency = 0> <II = 1> <Delay = 0.28> <FuncUnit> <Opcode : 'and' 'or' 'xor'> <InPorts = 2> <OutPorts = 1>
ST_2 : Operation 26 [1/2] (2.78ns)   --->   "%tmp_1 = fcmp_ogt  i32 %p_acc_read, i32 0.472911" [MHGD_accel.c:524]   --->   Operation 26 'fcmp' 'tmp_1' <Predicate = (icmp_ln483)> <Delay = 2.78> <CoreInst = "FCompare">   --->   Core 19 'FCompare' <Latency = 1> <II = 1> <Delay = 2.78> <FuncUnit> <Opcode : 'fcmp'> <InPorts = 2> <OutPorts = 1>
ST_2 : Operation 27 [1/1] (0.00ns) (grouped into LUT with out node and_ln524_1)   --->   "%and_ln524 = and i1 %icmp_ln449_read, i1 %tmp_1" [MHGD_accel.c:524]   --->   Operation 27 'and' 'and_ln524' <Predicate = (icmp_ln483)> <Delay = 0.00> <CoreInst = "LogicGate">   --->   Core 74 'LogicGate' <Latency = 0> <II = 1> <Delay = 0.28> <FuncUnit> <Opcode : 'and' 'or' 'xor'> <InPorts = 2> <OutPorts = 1>
ST_2 : Operation 28 [1/1] (0.28ns) (out node of the LUT)   --->   "%and_ln524_1 = and i1 %and_ln524, i1 %or_ln524" [MHGD_accel.c:524]   --->   Operation 28 'and' 'and_ln524_1' <Predicate = (icmp_ln483)> <Delay = 0.28> <CoreInst = "LogicGate">   --->   Core 74 'LogicGate' <Latency = 0> <II = 1> <Delay = 0.28> <FuncUnit> <Opcode : 'and' 'or' 'xor'> <InPorts = 2> <OutPorts = 1>
ST_2 : Operation 29 [1/1] (0.42ns)   --->   "%br_ln524 = br i1 %and_ln524_1, void %for.inc124, void %for.inc.i214.exitStub" [MHGD_accel.c:524]   --->   Operation 29 'br' 'br_ln524' <Predicate = (icmp_ln483)> <Delay = 0.42>
ST_2 : Operation 30 [1/1] (0.42ns)   --->   "%store_ln483 = store i31 %add_ln483, i31 %k" [MHGD_accel.c:483]   --->   Operation 30 'store' 'store_ln483' <Predicate = (icmp_ln483 & !and_ln524_1)> <Delay = 0.42>
ST_2 : Operation 31 [1/1] (0.00ns)   --->   "%br_ln483 = br void %VITIS_LOOP_494_4" [MHGD_accel.c:483]   --->   Operation 31 'br' 'br_ln483' <Predicate = (icmp_ln483 & !and_ln524_1)> <Delay = 0.00>
ST_2 : Operation 32 [1/1] (0.00ns) (grouped into LUT with out node ret_ln0)   --->   "%merge = phi i1 1, void %VITIS_LOOP_494_4, i1 0, void %VITIS_LOOP_494_4.split"   --->   Operation 32 'phi' 'merge' <Predicate = (and_ln524_1) | (!icmp_ln483)> <Delay = 0.00>
ST_2 : Operation 33 [1/1] (0.42ns) (out node of the LUT)   --->   "%ret_ln0 = ret i1 %merge"   --->   Operation 33 'ret' 'ret_ln0' <Predicate = (and_ln524_1) | (!icmp_ln483)> <Delay = 0.42>


============================================================
+ Verbose Summary: Timing violations
============================================================
Target clock period: 10.000ns, clock uncertainty: 2.700ns.

 <State 1>: 2.782ns
The critical path consists of the following:
	wire read operation ('p_acc_read') on port 'p_acc' [8]  (0.000 ns)
	'fcmp' operation 1 bit ('tmp_1', MHGD_accel.c:524) [28]  (2.782 ns)

 <State 2>: 3.496ns
The critical path consists of the following:
	'fcmp' operation 1 bit ('tmp_1', MHGD_accel.c:524) [28]  (2.782 ns)
	'and' operation 1 bit ('and_ln524', MHGD_accel.c:524) [29]  (0.000 ns)
	'and' operation 1 bit ('and_ln524_1', MHGD_accel.c:524) [30]  (0.287 ns)
	multiplexor before 'phi' operation 1 bit ('merge') [36]  (0.427 ns)


============================================================
+ Verbose Summary: Binding
============================================================
N/A
* FSMD analyzer results:
  - Output states:
 - Input state : 
  - Chain level:
	State 1
	State 2


============================================================
+ Verbose Summary: Datapath Resource usage 
============================================================
N/A
