/home/ggg_wufuqi/hls/MIMO_detect-main/component_perfect_loop_hls_1/hls/.autopilot/db/util.pp.0.c:3121:2: warning: Added loop label VITIS_LOOP_35_1:   [xilinx-label-all-loops]
 for (i = 0; i < n * n; i++)
 ^~~
 VITIS_LOOP_35_1: 
/home/ggg_wufuqi/hls/MIMO_detect-main/component_perfect_loop_hls_1/hls/.autopilot/db/util.pp.0.c:3121:2: note: FIX-IT applied suggested code changes
/home/ggg_wufuqi/hls/MIMO_detect-main/component_perfect_loop_hls_1/hls/.autopilot/db/util.pp.0.c:3128:2: warning: Added loop label VITIS_LOOP_42_2:   [xilinx-label-all-loops]
 for (i = 0; i < n; i++)
 ^~~
 VITIS_LOOP_42_2: 
/home/ggg_wufuqi/hls/MIMO_detect-main/component_perfect_loop_hls_1/hls/.autopilot/db/util.pp.0.c:3128:2: note: FIX-IT applied suggested code changes
/home/ggg_wufuqi/hls/MIMO_detect-main/component_perfect_loop_hls_1/hls/.autopilot/db/util.pp.0.c:3139:2: warning: Added loop label VITIS_LOOP_53_1:   [xilinx-label-all-loops]
 for (i = 0; i < row * col; i++)
 ^~~
 VITIS_LOOP_53_1: 
/home/ggg_wufuqi/hls/MIMO_detect-main/component_perfect_loop_hls_1/hls/.autopilot/db/util.pp.0.c:3139:2: note: FIX-IT applied suggested code changes
/home/ggg_wufuqi/hls/MIMO_detect-main/component_perfect_loop_hls_1/hls/.autopilot/db/util.pp.0.c:3187:2: warning: Added loop label VITIS_LOOP_101_1:   [xilinx-label-all-loops]
 for (i = 0; i < row; i++)
 ^~~
 VITIS_LOOP_101_1: 
/home/ggg_wufuqi/hls/MIMO_detect-main/component_perfect_loop_hls_1/hls/.autopilot/db/util.pp.0.c:3187:2: note: FIX-IT applied suggested code changes
/home/ggg_wufuqi/hls/MIMO_detect-main/component_perfect_loop_hls_1/hls/.autopilot/db/util.pp.0.c:3189:3: warning: Added loop label VITIS_LOOP_103_2:   [xilinx-label-all-loops]
  for (j = 0; j < col; j++)
  ^~~
  VITIS_LOOP_103_2: 
/home/ggg_wufuqi/hls/MIMO_detect-main/component_perfect_loop_hls_1/hls/.autopilot/db/util.pp.0.c:3189:3: note: FIX-IT applied suggested code changes
/home/ggg_wufuqi/hls/MIMO_detect-main/component_perfect_loop_hls_1/hls/.autopilot/db/util.pp.0.c:3203:2: warning: Added loop label VITIS_LOOP_117_1:   [xilinx-label-all-loops]
 for (i = 0; i < row; i++)
 ^~~
 VITIS_LOOP_117_1: 
/home/ggg_wufuqi/hls/MIMO_detect-main/component_perfect_loop_hls_1/hls/.autopilot/db/util.pp.0.c:3203:2: note: FIX-IT applied suggested code changes
/home/ggg_wufuqi/hls/MIMO_detect-main/component_perfect_loop_hls_1/hls/.autopilot/db/util.pp.0.c:3205:3: warning: Added loop label VITIS_LOOP_119_2:   [xilinx-label-all-loops]
  for (j = 0; j < col; j++)
  ^~~
  VITIS_LOOP_119_2: 
/home/ggg_wufuqi/hls/MIMO_detect-main/component_perfect_loop_hls_1/hls/.autopilot/db/util.pp.0.c:3205:3: note: FIX-IT applied suggested code changes
/home/ggg_wufuqi/hls/MIMO_detect-main/component_perfect_loop_hls_1/hls/.autopilot/db/util.pp.0.c:3210:4: warning: Added loop label VITIS_LOOP_124_3:   [xilinx-label-all-loops]
   for (k = 0; k < AB_rc; k++)
   ^~~
   VITIS_LOOP_124_3: 
/home/ggg_wufuqi/hls/MIMO_detect-main/component_perfect_loop_hls_1/hls/.autopilot/db/util.pp.0.c:3210:4: note: FIX-IT applied suggested code changes
/home/ggg_wufuqi/hls/MIMO_detect-main/component_perfect_loop_hls_1/hls/.autopilot/db/util.pp.0.c:3243:2: warning: Added loop label VITIS_LOOP_166_1:   [xilinx-label-all-loops]
 for (i = 0; i < row; i++)
 ^~~
 VITIS_LOOP_166_1: 
/home/ggg_wufuqi/hls/MIMO_detect-main/component_perfect_loop_hls_1/hls/.autopilot/db/util.pp.0.c:3243:2: note: FIX-IT applied suggested code changes
/home/ggg_wufuqi/hls/MIMO_detect-main/component_perfect_loop_hls_1/hls/.autopilot/db/util.pp.0.c:3250:2: warning: Added loop label VITIS_LOOP_173_2:   [xilinx-label-all-loops]
 for (j = 0; j < col; j++)
 ^~~
 VITIS_LOOP_173_2: 
/home/ggg_wufuqi/hls/MIMO_detect-main/component_perfect_loop_hls_1/hls/.autopilot/db/util.pp.0.c:3250:2: note: FIX-IT applied suggested code changes
/home/ggg_wufuqi/hls/MIMO_detect-main/component_perfect_loop_hls_1/hls/.autopilot/db/util.pp.0.c:3256:2: warning: Added loop label VITIS_LOOP_179_3:   [xilinx-label-all-loops]
 for (i = 1; i < col; i++)
 ^~~
 VITIS_LOOP_179_3: 
/home/ggg_wufuqi/hls/MIMO_detect-main/component_perfect_loop_hls_1/hls/.autopilot/db/util.pp.0.c:3256:2: note: FIX-IT applied suggested code changes
/home/ggg_wufuqi/hls/MIMO_detect-main/component_perfect_loop_hls_1/hls/.autopilot/db/util.pp.0.c:3263:2: warning: Added loop label VITIS_LOOP_186_4:   [xilinx-label-all-loops]
 for (k = 1; k < row; k++)
 ^~~
 VITIS_LOOP_186_4: 
/home/ggg_wufuqi/hls/MIMO_detect-main/component_perfect_loop_hls_1/hls/.autopilot/db/util.pp.0.c:3263:2: note: FIX-IT applied suggested code changes
/home/ggg_wufuqi/hls/MIMO_detect-main/component_perfect_loop_hls_1/hls/.autopilot/db/util.pp.0.c:3267:2: warning: Added loop label VITIS_LOOP_190_5:   [xilinx-label-all-loops]
 for (j = k; j < col; j++)
 ^~~
 VITIS_LOOP_190_5: 
/home/ggg_wufuqi/hls/MIMO_detect-main/component_perfect_loop_hls_1/hls/.autopilot/db/util.pp.0.c:3267:2: note: FIX-IT applied suggested code changes
/home/ggg_wufuqi/hls/MIMO_detect-main/component_perfect_loop_hls_1/hls/.autopilot/db/util.pp.0.c:3273:4: warning: Added loop label VITIS_LOOP_196_6:   [xilinx-label-all-loops]
   for (t = 0; t < k; t++) {
   ^~~
   VITIS_LOOP_196_6: 
/home/ggg_wufuqi/hls/MIMO_detect-main/component_perfect_loop_hls_1/hls/.autopilot/db/util.pp.0.c:3273:4: note: FIX-IT applied suggested code changes
/home/ggg_wufuqi/hls/MIMO_detect-main/component_perfect_loop_hls_1/hls/.autopilot/db/util.pp.0.c:3280:3: warning: Added loop label VITIS_LOOP_203_7:   [xilinx-label-all-loops]
  for (i = k; i < col; i++)
  ^~~
  VITIS_LOOP_203_7: 
/home/ggg_wufuqi/hls/MIMO_detect-main/component_perfect_loop_hls_1/hls/.autopilot/db/util.pp.0.c:3280:3: note: FIX-IT applied suggested code changes
/home/ggg_wufuqi/hls/MIMO_detect-main/component_perfect_loop_hls_1/hls/.autopilot/db/util.pp.0.c:3286:4: warning: Added loop label VITIS_LOOP_209_8:   [xilinx-label-all-loops]
   for (t = 0; t < k; t++)
   ^~~
   VITIS_LOOP_209_8: 
/home/ggg_wufuqi/hls/MIMO_detect-main/component_perfect_loop_hls_1/hls/.autopilot/db/util.pp.0.c:3286:4: note: FIX-IT applied suggested code changes
/home/ggg_wufuqi/hls/MIMO_detect-main/component_perfect_loop_hls_1/hls/.autopilot/db/util.pp.0.c:3296:2: warning: Added loop label VITIS_LOOP_219_9:   [xilinx-label-all-loops]
 for (i = 0; i < row; i++)
 ^~~
 VITIS_LOOP_219_9: 
/home/ggg_wufuqi/hls/MIMO_detect-main/component_perfect_loop_hls_1/hls/.autopilot/db/util.pp.0.c:3296:2: note: FIX-IT applied suggested code changes
/home/ggg_wufuqi/hls/MIMO_detect-main/component_perfect_loop_hls_1/hls/.autopilot/db/util.pp.0.c:3303:2: warning: Added loop label VITIS_LOOP_226_10:   [xilinx-label-all-loops]
 for (j = 0; j < col; j++)
 ^~~
 VITIS_LOOP_226_10: 
/home/ggg_wufuqi/hls/MIMO_detect-main/component_perfect_loop_hls_1/hls/.autopilot/db/util.pp.0.c:3303:2: note: FIX-IT applied suggested code changes
/home/ggg_wufuqi/hls/MIMO_detect-main/component_perfect_loop_hls_1/hls/.autopilot/db/util.pp.0.c:3307:2: warning: Added loop label VITIS_LOOP_230_11:   [xilinx-label-all-loops]
 for (i = j + 1; i < row; i++)
 ^~~
 VITIS_LOOP_230_11: 
/home/ggg_wufuqi/hls/MIMO_detect-main/component_perfect_loop_hls_1/hls/.autopilot/db/util.pp.0.c:3307:2: note: FIX-IT applied suggested code changes
/home/ggg_wufuqi/hls/MIMO_detect-main/component_perfect_loop_hls_1/hls/.autopilot/db/util.pp.0.c:3313:4: warning: Added loop label VITIS_LOOP_236_12:   [xilinx-label-all-loops]
   for (k = j; k < i; k++) {
   ^~~
   VITIS_LOOP_236_12: 
/home/ggg_wufuqi/hls/MIMO_detect-main/component_perfect_loop_hls_1/hls/.autopilot/db/util.pp.0.c:3313:4: note: FIX-IT applied suggested code changes
/home/ggg_wufuqi/hls/MIMO_detect-main/component_perfect_loop_hls_1/hls/.autopilot/db/util.pp.0.c:3325:2: warning: Added loop label VITIS_LOOP_248_13:   [xilinx-label-all-loops]
 for (i = 0; i < col; i++)
 ^~~
 VITIS_LOOP_248_13: 
/home/ggg_wufuqi/hls/MIMO_detect-main/component_perfect_loop_hls_1/hls/.autopilot/db/util.pp.0.c:3325:2: note: FIX-IT applied suggested code changes
/home/ggg_wufuqi/hls/MIMO_detect-main/component_perfect_loop_hls_1/hls/.autopilot/db/util.pp.0.c:3332:2: warning: Added loop label VITIS_LOOP_255_14:   [xilinx-label-all-loops]
 for (j = 0; j < col; j++)
 ^~~
 VITIS_LOOP_255_14: 
/home/ggg_wufuqi/hls/MIMO_detect-main/component_perfect_loop_hls_1/hls/.autopilot/db/util.pp.0.c:3332:2: note: FIX-IT applied suggested code changes
/home/ggg_wufuqi/hls/MIMO_detect-main/component_perfect_loop_hls_1/hls/.autopilot/db/util.pp.0.c:3336:2: warning: Added loop label VITIS_LOOP_259_15:   [xilinx-label-all-loops]
 for (i = j - 1; i >= 0; i--)
 ^~~
 VITIS_LOOP_259_15: 
/home/ggg_wufuqi/hls/MIMO_detect-main/component_perfect_loop_hls_1/hls/.autopilot/db/util.pp.0.c:3336:2: note: FIX-IT applied suggested code changes
/home/ggg_wufuqi/hls/MIMO_detect-main/component_perfect_loop_hls_1/hls/.autopilot/db/util.pp.0.c:3341:4: warning: Added loop label VITIS_LOOP_264_16:   [xilinx-label-all-loops]
   for (k = i + 1; k <= j; k++)
   ^~~
   VITIS_LOOP_264_16: 
/home/ggg_wufuqi/hls/MIMO_detect-main/component_perfect_loop_hls_1/hls/.autopilot/db/util.pp.0.c:3341:4: note: FIX-IT applied suggested code changes
/home/ggg_wufuqi/hls/MIMO_detect-main/component_perfect_loop_hls_1/hls/.autopilot/db/util.pp.0.c:3358:2: warning: Added loop label VITIS_LOOP_281_1:   [xilinx-label-all-loops]
 for (int i = 0; i < n; i++) {
 ^~~
 VITIS_LOOP_281_1: 
/home/ggg_wufuqi/hls/MIMO_detect-main/component_perfect_loop_hls_1/hls/.autopilot/db/util.pp.0.c:3358:2: note: FIX-IT applied suggested code changes
/home/ggg_wufuqi/hls/MIMO_detect-main/component_perfect_loop_hls_1/hls/.autopilot/db/util.pp.0.c:3367:2: warning: Added loop label VITIS_LOOP_290_1:   [xilinx-label-all-loops]
 for (int i = 0; i < n; i++) {
 ^~~
 VITIS_LOOP_290_1: 
/home/ggg_wufuqi/hls/MIMO_detect-main/component_perfect_loop_hls_1/hls/.autopilot/db/util.pp.0.c:3367:2: note: FIX-IT applied suggested code changes
/home/ggg_wufuqi/hls/MIMO_detect-main/component_perfect_loop_hls_1/hls/.autopilot/db/util.pp.0.c:3384:2: warning: Added loop label VITIS_LOOP_307_1:   [xilinx-label-all-loops]
 for (int i = 0, j = 0; i < N; i++, j++) {
 ^~~
 VITIS_LOOP_307_1: 
/home/ggg_wufuqi/hls/MIMO_detect-main/component_perfect_loop_hls_1/hls/.autopilot/db/util.pp.0.c:3384:2: note: FIX-IT applied suggested code changes
/home/ggg_wufuqi/hls/MIMO_detect-main/component_perfect_loop_hls_1/hls/.autopilot/db/util.pp.0.c:3393:2: warning: Added loop label VITIS_LOOP_316_1:   [xilinx-label-all-loops]
 for (int i = 0; i < N; i++) {
 ^~~
 VITIS_LOOP_316_1: 
/home/ggg_wufuqi/hls/MIMO_detect-main/component_perfect_loop_hls_1/hls/.autopilot/db/util.pp.0.c:3393:2: note: FIX-IT applied suggested code changes
/home/ggg_wufuqi/hls/MIMO_detect-main/component_perfect_loop_hls_1/hls/.autopilot/db/util.pp.0.c:3422:2: warning: Added loop label VITIS_LOOP_345_1:   [xilinx-label-all-loops]
 for (int i = 0; i < m; i++) {
 ^~~
 VITIS_LOOP_345_1: 
/home/ggg_wufuqi/hls/MIMO_detect-main/component_perfect_loop_hls_1/hls/.autopilot/db/util.pp.0.c:3422:2: note: FIX-IT applied suggested code changes
/home/ggg_wufuqi/hls/MIMO_detect-main/component_perfect_loop_hls_1/hls/.autopilot/db/util.pp.0.c:3425:2: warning: Added loop label VITIS_LOOP_348_2:   [xilinx-label-all-loops]
 for (int j = 0; j < n; j++) {
 ^~~
 VITIS_LOOP_348_2: 
/home/ggg_wufuqi/hls/MIMO_detect-main/component_perfect_loop_hls_1/hls/.autopilot/db/util.pp.0.c:3425:2: note: FIX-IT applied suggested code changes
/home/ggg_wufuqi/hls/MIMO_detect-main/component_perfect_loop_hls_1/hls/.autopilot/db/util.pp.0.c:3429:4: warning: Added loop label VITIS_LOOP_352_3:   [xilinx-label-all-loops]
   for (int l = 0; l < k; l++) {
   ^~~
   VITIS_LOOP_352_3: 
/home/ggg_wufuqi/hls/MIMO_detect-main/component_perfect_loop_hls_1/hls/.autopilot/db/util.pp.0.c:3429:4: note: FIX-IT applied suggested code changes
/home/ggg_wufuqi/hls/MIMO_detect-main/component_perfect_loop_hls_1/hls/.autopilot/db/util.pp.0.c:3481:2: warning: Added loop label VITIS_LOOP_404_1:   [xilinx-label-all-loops]
 for (i = 0; i < offset; i++) {
 ^~~
 VITIS_LOOP_404_1: 
/home/ggg_wufuqi/hls/MIMO_detect-main/component_perfect_loop_hls_1/hls/.autopilot/db/util.pp.0.c:3481:2: note: FIX-IT applied suggested code changes
/home/ggg_wufuqi/hls/MIMO_detect-main/component_perfect_loop_hls_1/hls/.autopilot/db/util.pp.0.c:3493:2: warning: Added loop label VITIS_LOOP_416_2:   [xilinx-label-all-loops]
 for (i = 0; i < n; i++) {
 ^~~
 VITIS_LOOP_416_2: 
/home/ggg_wufuqi/hls/MIMO_detect-main/component_perfect_loop_hls_1/hls/.autopilot/db/util.pp.0.c:3493:2: note: FIX-IT applied suggested code changes
/home/ggg_wufuqi/hls/MIMO_detect-main/component_perfect_loop_hls_1/hls/.autopilot/db/util.pp.0.c:3515:2: warning: Added loop label VITIS_LOOP_438_1:   [xilinx-label-all-loops]
 for (int i = 0; i < Nt; ++i) {
 ^~~
 VITIS_LOOP_438_1: 
/home/ggg_wufuqi/hls/MIMO_detect-main/component_perfect_loop_hls_1/hls/.autopilot/db/util.pp.0.c:3515:2: note: FIX-IT applied suggested code changes
/home/ggg_wufuqi/hls/MIMO_detect-main/component_perfect_loop_hls_1/hls/.autopilot/db/util.pp.0.c:3528:2: warning: Added loop label VITIS_LOOP_451_1:   [xilinx-label-all-loops]
 for (int i = 0; i < Nt; ++i) {
 ^~~
 VITIS_LOOP_451_1: 
/home/ggg_wufuqi/hls/MIMO_detect-main/component_perfect_loop_hls_1/hls/.autopilot/db/util.pp.0.c:3528:2: note: FIX-IT applied suggested code changes
/home/ggg_wufuqi/hls/MIMO_detect-main/component_perfect_loop_hls_1/hls/.autopilot/db/util.pp.0.c:3539:2: warning: Added loop label VITIS_LOOP_462_1:   [xilinx-label-all-loops]
 for (i = 1; i < n; i++)
 ^~~
 VITIS_LOOP_462_1: 
/home/ggg_wufuqi/hls/MIMO_detect-main/component_perfect_loop_hls_1/hls/.autopilot/db/util.pp.0.c:3539:2: note: FIX-IT applied suggested code changes
/home/ggg_wufuqi/hls/MIMO_detect-main/component_perfect_loop_hls_1/hls/.autopilot/db/util.pp.0.c:3554:2: warning: Added loop label VITIS_LOOP_477_1:   [xilinx-label-all-loops]
 for (i = 0; i < n; i++)
 ^~~
 VITIS_LOOP_477_1: 
/home/ggg_wufuqi/hls/MIMO_detect-main/component_perfect_loop_hls_1/hls/.autopilot/db/util.pp.0.c:3554:2: note: FIX-IT applied suggested code changes
/home/ggg_wufuqi/hls/MIMO_detect-main/component_perfect_loop_hls_1/hls/.autopilot/db/util.pp.0.c:3566:2: warning: Added loop label VITIS_LOOP_489_1:   [xilinx-label-all-loops]
 for (i = 0; i < Nt; i++)
 ^~~
 VITIS_LOOP_489_1: 
/home/ggg_wufuqi/hls/MIMO_detect-main/component_perfect_loop_hls_1/hls/.autopilot/db/util.pp.0.c:3566:2: note: FIX-IT applied suggested code changes
