

================================================================
== Vitis HLS Report for 'MHGD_detect_accel'
================================================================
* Date:           Mon Mar 31 10:13:19 2025

* Version:        2024.2 (Build 5238294 on Nov  8 2024)
* Project:        component_perfect_loop
* Solution:       hls (Vivado IP Flow Target)
* Product family: virtexuplus
* Target device:  xcvu9p-flga2104-2-i


================================================================
== Performance Estimates
================================================================
+ Timing: 
    * Summary: 
    +--------+----------+----------+------------+
    |  Clock |  Target  | Estimated| Uncertainty|
    +--------+----------+----------+------------+
    |ap_clk  |  10.00 ns|  7.766 ns|     2.70 ns|
    +--------+----------+----------+------------+

+ Latency: 
    * Summary: 
    +---------+---------+----------+----------+-----+-----+---------+
    |  Latency (cycles) |  Latency (absolute) |  Interval | Pipeline|
    |   min   |   max   |    min   |    max   | min | max |   Type  |
    +---------+---------+----------+----------+-----+-----+---------+
    |        ?|        ?|         ?|         ?|    ?|    ?|       no|
    +---------+---------+----------+----------+-----+-----+---------+

    + Detail: 
        * Instance: 
        +-------------------------------------------------------+---------------------------------------------+---------+---------+----------+----------+-----+-----+------------------------------------------------+
        |                                                       |                                             |  Latency (cycles) |  Latency (absolute) |  Interval |                    Pipeline                    |
        |                        Instance                       |                    Module                   |   min   |   max   |    min   |    max   | min | max |                      Type                      |
        +-------------------------------------------------------+---------------------------------------------+---------+---------+----------+----------+-----+-----+------------------------------------------------+
        |grp_MHGD_detect_accel_Pipeline_VITIS_LOOP_480_3_fu_74  |MHGD_detect_accel_Pipeline_VITIS_LOOP_480_3  |        ?|        ?|         ?|         ?|    0|    0|  loop auto-rewind stp (delay=0 clock cycles(s))|
        +-------------------------------------------------------+---------------------------------------------+---------+---------+----------+----------+-----+-----+------------------------------------------------+

        * Loop: 
        N/A



================================================================
== Utilization Estimates
================================================================
* Summary: 
+---------------------+---------+------+---------+---------+-----+
|         Name        | BRAM_18K|  DSP |    FF   |   LUT   | URAM|
+---------------------+---------+------+---------+---------+-----+
|DSP                  |        -|     -|        -|        -|    -|
|Expression           |        -|     -|        0|       82|    -|
|FIFO                 |        -|     -|        -|        -|    -|
|Instance             |        -|    26|      759|     1963|    -|
|Memory               |        -|     -|        -|        -|    -|
|Multiplexer          |        -|     -|        0|       65|    -|
|Register             |        -|     -|      197|        -|    -|
+---------------------+---------+------+---------+---------+-----+
|Total                |        0|    26|      956|     2110|    0|
+---------------------+---------+------+---------+---------+-----+
|Available SLR        |     1440|  2280|   788160|   394080|  320|
+---------------------+---------+------+---------+---------+-----+
|Utilization SLR (%)  |        0|     1|       ~0|       ~0|    0|
+---------------------+---------+------+---------+---------+-----+
|Available            |     4320|  6840|  2364480|  1182240|  960|
+---------------------+---------+------+---------+---------+-----+
|Utilization (%)      |        0|    ~0|       ~0|       ~0|    0|
+---------------------+---------+------+---------+---------+-----+

+ Detail: 
    * Instance: 
    +-------------------------------------------------------+---------------------------------------------+---------+----+-----+------+-----+
    |                        Instance                       |                    Module                   | BRAM_18K| DSP|  FF |  LUT | URAM|
    +-------------------------------------------------------+---------------------------------------------+---------+----+-----+------+-----+
    |grp_MHGD_detect_accel_Pipeline_VITIS_LOOP_480_3_fu_74  |MHGD_detect_accel_Pipeline_VITIS_LOOP_480_3  |        0|   0|   34|   178|    0|
    |dexp_64ns_64ns_64_8_full_dsp_1_U9                      |dexp_64ns_64ns_64_8_full_dsp_1               |        0|  26|  725|  1785|    0|
    |fptrunc_64ns_32_2_no_dsp_1_U8                          |fptrunc_64ns_32_2_no_dsp_1                   |        0|   0|    0|     0|    0|
    +-------------------------------------------------------+---------------------------------------------+---------+----+-----+------+-----+
    |Total                                                  |                                             |        0|  26|  759|  1963|    0|
    +-------------------------------------------------------+---------------------------------------------+---------+----+-----+------+-----+

    * DSP: 
    N/A

    * Memory: 
    N/A

    * FIFO: 
    N/A

    * Expression: 
    +----------------------------------+----------+----+---+----+------------+------------+
    |           Variable Name          | Operation| DSP| FF| LUT| Bitwidth P0| Bitwidth P1|
    +----------------------------------+----------+----+---+----+------------+------------+
    |and_ln413_fu_104_p2               |       and|   0|  0|   2|           1|           1|
    |ap_block_state12_on_subcall_done  |       and|   0|  0|   2|           1|           1|
    |icmp_ln434_fu_98_p2               |      icmp|   0|  0|  39|          32|           1|
    |icmp_ln449_fu_92_p2               |      icmp|   0|  0|  39|          32|           1|
    +----------------------------------+----------+----+---+----+------------+------------+
    |Total                             |          |   0|  0|  82|          66|           4|
    +----------------------------------+----------+----+---+----+------------+------------+

    * Multiplexer: 
    +-----------+----+-----------+-----+-----------+
    |    Name   | LUT| Input Size| Bits| Total Bits|
    +-----------+----+-----------+-----+-----------+
    |ap_NS_fsm  |  65|         13|    1|         13|
    +-----------+----+-----------+-----+-----------+
    |Total      |  65|         13|    1|         13|
    +-----------+----+-----------+-----+-----------+

    * Register: 
    +--------------------------------------------------------------------+----+----+-----+-----------+
    |                                Name                                | FF | LUT| Bits| Const Bits|
    +--------------------------------------------------------------------+----+----+-----+-----------+
    |and_ln413_reg_133                                                   |   1|   0|    1|          0|
    |ap_CS_fsm                                                           |  12|   0|   12|          0|
    |grp_MHGD_detect_accel_Pipeline_VITIS_LOOP_480_3_fu_74_ap_start_reg  |   1|   0|    1|          0|
    |icmp_ln449_reg_128                                                  |   1|   0|    1|          0|
    |iter_read_reg_123                                                   |  32|   0|   32|          0|
    |p_acc_reg_142                                                       |  32|   0|   32|          0|
    |tmp_s_reg_137                                                       |  64|   0|   64|          0|
    |trunc_ln519_1_reg_153                                               |  23|   0|   23|          0|
    |trunc_ln519_reg_148                                                 |  31|   0|   31|          0|
    +--------------------------------------------------------------------+----+----+-----+-----------+
    |Total                                                               | 197|   0|  197|          0|
    +--------------------------------------------------------------------+----+----+-----+-----------+



================================================================
== Interface
================================================================
* Summary: 
+-----------+-----+-----+------------+-------------------+--------------+
| RTL Ports | Dir | Bits|  Protocol  |   Source Object   |    C Type    |
+-----------+-----+-----+------------+-------------------+--------------+
|ap_clk     |   in|    1|  ap_ctrl_hs|  MHGD_detect_accel|  return value|
|ap_rst     |   in|    1|  ap_ctrl_hs|  MHGD_detect_accel|  return value|
|ap_start   |   in|    1|  ap_ctrl_hs|  MHGD_detect_accel|  return value|
|ap_done    |  out|    1|  ap_ctrl_hs|  MHGD_detect_accel|  return value|
|ap_idle    |  out|    1|  ap_ctrl_hs|  MHGD_detect_accel|  return value|
|ap_ready   |  out|    1|  ap_ctrl_hs|  MHGD_detect_accel|  return value|
|ap_return  |  out|   32|  ap_ctrl_hs|  MHGD_detect_accel|  return value|
|x_hat      |   in|   64|     ap_none|              x_hat|       pointer|
|Nt         |   in|   32|     ap_none|                 Nt|        scalar|
|Nr         |   in|   32|     ap_none|                 Nr|        scalar|
|mu         |   in|   32|     ap_none|                 mu|        scalar|
|H          |   in|   64|     ap_none|                  H|       pointer|
|y          |   in|   64|     ap_none|                  y|       pointer|
|sigma2     |   in|   32|     ap_none|             sigma2|        scalar|
|mmse_init  |   in|   32|     ap_none|          mmse_init|        scalar|
|lr_approx  |   in|   32|     ap_none|          lr_approx|        scalar|
|iter       |   in|   32|     ap_none|               iter|        scalar|
|v_tb       |   in|   64|     ap_none|               v_tb|       pointer|
+-----------+-----+-----+------------+-------------------+--------------+

============================================================
+ Verbose Summary: Synthesis Manager
============================================================
InlineROM: 1
ExposeGlobal: 0
============================================================
+ Verbose Summary: CDFG Model
============================================================
IsTopModel: 1
ResetActiveHigh: 1
IsCombinational: 2
IsDatapathOnly: 2
HasWiredReturn: 1
HasMFsm: 0
HasVarLatency: 1
IsPipeline: 0
IsRtlPipelined: 0
IsInstanceOverlapped: 0
IsDontTouch: 0
HasImplIP: 0
IsGatedGlobalClock: 0


============================================================
+ Verbose Summary: Schedule
============================================================
* Number of FSM states : 12
* Pipeline : 0
* Dataflow Pipeline: 0

* FSM state transitions: 
1 --> 2 12 
2 --> 3 
3 --> 4 
4 --> 5 
5 --> 6 
6 --> 7 
7 --> 8 
8 --> 9 
9 --> 10 
10 --> 11 
11 --> 12 
12 --> 

* FSM state operations: 

State 1 <SV = 0> <Delay = 6.65>
ST_1 : Operation 13 [1/1] (0.00ns)   --->   "%specbitsmap_ln0 = specbitsmap void @_ssdm_op_SpecBitsMap, i32 0"   --->   Operation 13 'specbitsmap' 'specbitsmap_ln0' <Predicate = true> <Delay = 0.00>
ST_1 : Operation 14 [1/1] (0.00ns)   --->   "%spectopmodule_ln214 = spectopmodule void @_ssdm_op_SpecTopModule, void @empty_1" [MHGD_accel.c:214]   --->   Operation 14 'spectopmodule' 'spectopmodule_ln214' <Predicate = true> <Delay = 0.00>
ST_1 : Operation 15 [1/1] (0.00ns)   --->   "%specbitsmap_ln0 = specbitsmap void @_ssdm_op_SpecBitsMap, i64 %x_hat"   --->   Operation 15 'specbitsmap' 'specbitsmap_ln0' <Predicate = true> <Delay = 0.00>
ST_1 : Operation 16 [1/1] (0.00ns)   --->   "%specinterface_ln0 = specinterface void @_ssdm_op_SpecInterface, i64 %x_hat, void @empty, i32 0, i32 0, void @empty_0, i32 0, i32 0, void @empty_0, void @empty_0, void @empty_0, i32 0, i32 0, i32 0, i32 0, void @empty_0, void @empty_0, i32 4294967295, i32 0, i32 0"   --->   Operation 16 'specinterface' 'specinterface_ln0' <Predicate = true> <Delay = 0.00>
ST_1 : Operation 17 [1/1] (0.00ns)   --->   "%specbitsmap_ln0 = specbitsmap void @_ssdm_op_SpecBitsMap, i32 %Nt"   --->   Operation 17 'specbitsmap' 'specbitsmap_ln0' <Predicate = true> <Delay = 0.00>
ST_1 : Operation 18 [1/1] (0.00ns)   --->   "%specinterface_ln0 = specinterface void @_ssdm_op_SpecInterface, i32 %Nt, void @empty, i32 0, i32 0, void @empty_0, i32 0, i32 0, void @empty_0, void @empty_0, void @empty_0, i32 0, i32 0, i32 0, i32 0, void @empty_0, void @empty_0, i32 4294967295, i32 0, i32 0"   --->   Operation 18 'specinterface' 'specinterface_ln0' <Predicate = true> <Delay = 0.00>
ST_1 : Operation 19 [1/1] (0.00ns)   --->   "%specbitsmap_ln0 = specbitsmap void @_ssdm_op_SpecBitsMap, i32 %Nr"   --->   Operation 19 'specbitsmap' 'specbitsmap_ln0' <Predicate = true> <Delay = 0.00>
ST_1 : Operation 20 [1/1] (0.00ns)   --->   "%specinterface_ln0 = specinterface void @_ssdm_op_SpecInterface, i32 %Nr, void @empty, i32 0, i32 0, void @empty_0, i32 0, i32 0, void @empty_0, void @empty_0, void @empty_0, i32 0, i32 0, i32 0, i32 0, void @empty_0, void @empty_0, i32 4294967295, i32 0, i32 0"   --->   Operation 20 'specinterface' 'specinterface_ln0' <Predicate = true> <Delay = 0.00>
ST_1 : Operation 21 [1/1] (0.00ns)   --->   "%specbitsmap_ln0 = specbitsmap void @_ssdm_op_SpecBitsMap, i32 %mu"   --->   Operation 21 'specbitsmap' 'specbitsmap_ln0' <Predicate = true> <Delay = 0.00>
ST_1 : Operation 22 [1/1] (0.00ns)   --->   "%specinterface_ln0 = specinterface void @_ssdm_op_SpecInterface, i32 %mu, void @empty, i32 0, i32 0, void @empty_0, i32 0, i32 0, void @empty_0, void @empty_0, void @empty_0, i32 0, i32 0, i32 0, i32 0, void @empty_0, void @empty_0, i32 4294967295, i32 0, i32 0"   --->   Operation 22 'specinterface' 'specinterface_ln0' <Predicate = true> <Delay = 0.00>
ST_1 : Operation 23 [1/1] (0.00ns)   --->   "%specbitsmap_ln0 = specbitsmap void @_ssdm_op_SpecBitsMap, i64 %H"   --->   Operation 23 'specbitsmap' 'specbitsmap_ln0' <Predicate = true> <Delay = 0.00>
ST_1 : Operation 24 [1/1] (0.00ns)   --->   "%specinterface_ln0 = specinterface void @_ssdm_op_SpecInterface, i64 %H, void @empty, i32 0, i32 0, void @empty_0, i32 0, i32 0, void @empty_0, void @empty_0, void @empty_0, i32 0, i32 0, i32 0, i32 0, void @empty_0, void @empty_0, i32 4294967295, i32 0, i32 0"   --->   Operation 24 'specinterface' 'specinterface_ln0' <Predicate = true> <Delay = 0.00>
ST_1 : Operation 25 [1/1] (0.00ns)   --->   "%specbitsmap_ln0 = specbitsmap void @_ssdm_op_SpecBitsMap, i64 %y"   --->   Operation 25 'specbitsmap' 'specbitsmap_ln0' <Predicate = true> <Delay = 0.00>
ST_1 : Operation 26 [1/1] (0.00ns)   --->   "%specinterface_ln0 = specinterface void @_ssdm_op_SpecInterface, i64 %y, void @empty, i32 0, i32 0, void @empty_0, i32 0, i32 0, void @empty_0, void @empty_0, void @empty_0, i32 0, i32 0, i32 0, i32 0, void @empty_0, void @empty_0, i32 4294967295, i32 0, i32 0"   --->   Operation 26 'specinterface' 'specinterface_ln0' <Predicate = true> <Delay = 0.00>
ST_1 : Operation 27 [1/1] (0.00ns)   --->   "%specbitsmap_ln0 = specbitsmap void @_ssdm_op_SpecBitsMap, i32 %sigma2"   --->   Operation 27 'specbitsmap' 'specbitsmap_ln0' <Predicate = true> <Delay = 0.00>
ST_1 : Operation 28 [1/1] (0.00ns)   --->   "%specinterface_ln0 = specinterface void @_ssdm_op_SpecInterface, i32 %sigma2, void @empty, i32 0, i32 0, void @empty_0, i32 0, i32 0, void @empty_0, void @empty_0, void @empty_0, i32 0, i32 0, i32 0, i32 0, void @empty_0, void @empty_0, i32 4294967295, i32 0, i32 0"   --->   Operation 28 'specinterface' 'specinterface_ln0' <Predicate = true> <Delay = 0.00>
ST_1 : Operation 29 [1/1] (0.00ns)   --->   "%specbitsmap_ln0 = specbitsmap void @_ssdm_op_SpecBitsMap, i32 %mmse_init"   --->   Operation 29 'specbitsmap' 'specbitsmap_ln0' <Predicate = true> <Delay = 0.00>
ST_1 : Operation 30 [1/1] (0.00ns)   --->   "%specinterface_ln0 = specinterface void @_ssdm_op_SpecInterface, i32 %mmse_init, void @empty, i32 0, i32 0, void @empty_0, i32 0, i32 0, void @empty_0, void @empty_0, void @empty_0, i32 0, i32 0, i32 0, i32 0, void @empty_0, void @empty_0, i32 4294967295, i32 0, i32 0"   --->   Operation 30 'specinterface' 'specinterface_ln0' <Predicate = true> <Delay = 0.00>
ST_1 : Operation 31 [1/1] (0.00ns)   --->   "%specbitsmap_ln0 = specbitsmap void @_ssdm_op_SpecBitsMap, i32 %lr_approx"   --->   Operation 31 'specbitsmap' 'specbitsmap_ln0' <Predicate = true> <Delay = 0.00>
ST_1 : Operation 32 [1/1] (0.00ns)   --->   "%specinterface_ln0 = specinterface void @_ssdm_op_SpecInterface, i32 %lr_approx, void @empty, i32 0, i32 0, void @empty_0, i32 0, i32 0, void @empty_0, void @empty_0, void @empty_0, i32 0, i32 0, i32 0, i32 0, void @empty_0, void @empty_0, i32 4294967295, i32 0, i32 0"   --->   Operation 32 'specinterface' 'specinterface_ln0' <Predicate = true> <Delay = 0.00>
ST_1 : Operation 33 [1/1] (0.00ns)   --->   "%specbitsmap_ln0 = specbitsmap void @_ssdm_op_SpecBitsMap, i32 %iter"   --->   Operation 33 'specbitsmap' 'specbitsmap_ln0' <Predicate = true> <Delay = 0.00>
ST_1 : Operation 34 [1/1] (0.00ns)   --->   "%specinterface_ln0 = specinterface void @_ssdm_op_SpecInterface, i32 %iter, void @empty, i32 0, i32 0, void @empty_0, i32 0, i32 0, void @empty_0, void @empty_0, void @empty_0, i32 0, i32 0, i32 0, i32 0, void @empty_0, void @empty_0, i32 4294967295, i32 0, i32 0"   --->   Operation 34 'specinterface' 'specinterface_ln0' <Predicate = true> <Delay = 0.00>
ST_1 : Operation 35 [1/1] (0.00ns)   --->   "%specbitsmap_ln0 = specbitsmap void @_ssdm_op_SpecBitsMap, i64 %v_tb"   --->   Operation 35 'specbitsmap' 'specbitsmap_ln0' <Predicate = true> <Delay = 0.00>
ST_1 : Operation 36 [1/1] (0.00ns)   --->   "%specinterface_ln0 = specinterface void @_ssdm_op_SpecInterface, i64 %v_tb, void @empty, i32 0, i32 0, void @empty_0, i32 0, i32 0, void @empty_0, void @empty_0, void @empty_0, i32 0, i32 0, i32 0, i32 0, void @empty_0, void @empty_0, i32 4294967295, i32 0, i32 0"   --->   Operation 36 'specinterface' 'specinterface_ln0' <Predicate = true> <Delay = 0.00>
ST_1 : Operation 37 [1/1] (0.00ns)   --->   "%iter_read = read i32 @_ssdm_op_Read.ap_auto.i32, i32 %iter" [MHGD_accel.c:214]   --->   Operation 37 'read' 'iter_read' <Predicate = true> <Delay = 0.00>
ST_1 : Operation 38 [1/1] (0.00ns)   --->   "%mmse_init_read = read i32 @_ssdm_op_Read.ap_auto.i32, i32 %mmse_init" [MHGD_accel.c:214]   --->   Operation 38 'read' 'mmse_init_read' <Predicate = true> <Delay = 0.00>
ST_1 : Operation 39 [1/1] (0.00ns)   --->   "%Nt_read = read i32 @_ssdm_op_Read.ap_auto.i32, i32 %Nt" [MHGD_accel.c:214]   --->   Operation 39 'read' 'Nt_read' <Predicate = true> <Delay = 0.00>
ST_1 : Operation 40 [1/1] (0.88ns)   --->   "%icmp_ln449 = icmp_sgt  i32 %Nt_read, i32 0" [MHGD_accel.c:449]   --->   Operation 40 'icmp' 'icmp_ln449' <Predicate = true> <Delay = 0.88> <CoreInst = "Cmp">   --->   Core 9 'Cmp' <Latency = 0> <II = 1> <Delay = 0.88> <FuncUnit> <Opcode : 'seteq' 'setne' 'setle' 'setge' 'setlt' 'setgt'> <InPorts = 2> <OutPorts = 1>
ST_1 : Operation 41 [1/1] (0.88ns)   --->   "%icmp_ln434 = icmp_eq  i32 %mmse_init_read, i32 0" [MHGD_accel.c:434]   --->   Operation 41 'icmp' 'icmp_ln434' <Predicate = true> <Delay = 0.88> <CoreInst = "Cmp">   --->   Core 9 'Cmp' <Latency = 0> <II = 1> <Delay = 0.88> <FuncUnit> <Opcode : 'seteq' 'setne' 'setle' 'setge' 'setlt' 'setgt'> <InPorts = 2> <OutPorts = 1>
ST_1 : Operation 42 [1/1] (0.12ns)   --->   "%and_ln413 = and i1 %icmp_ln434, i1 %icmp_ln449" [util.c:413->MHGD_accel.c:448]   --->   Operation 42 'and' 'and_ln413' <Predicate = true> <Delay = 0.12> <CoreInst = "LogicGate">   --->   Core 74 'LogicGate' <Latency = 0> <II = 1> <Delay = 0.12> <FuncUnit> <Opcode : 'and' 'or' 'xor'> <InPorts = 2> <OutPorts = 1>
ST_1 : Operation 43 [1/1] (0.00ns)   --->   "%br_ln434 = br i1 %and_ln413, void %if.end29, void %for.inc26.split" [MHGD_accel.c:434]   --->   Operation 43 'br' 'br_ln434' <Predicate = true> <Delay = 0.00>
ST_1 : Operation 44 [8/8] (6.65ns)   --->   "%tmp_s = dexp i64 @llvm.exp.f64, i64 <undef>" [MHGD_accel.c:516]   --->   Operation 44 'dexp' 'tmp_s' <Predicate = (!and_ln413)> <Delay = 6.65> <CoreInst = "DExp_fulldsp">   --->   Core 42 'DExp_fulldsp' <Latency = 7> <II = 1> <Delay = 6.65> <FuncUnit> <Opcode : 'dexp'> <InPorts = 1> <OutPorts = 1>
ST_1 : Operation 45 [1/1] (0.00ns)   --->   "%specpipeline_ln232 = specpipeline void @_ssdm_op_SpecPipeline, i32 4294967295, i32 0, i32 0, i32 0, void @empty_0" [MHGD_accel.c:232]   --->   Operation 45 'specpipeline' 'specpipeline_ln232' <Predicate = (and_ln413)> <Delay = 0.00>
ST_1 : Operation 46 [1/1] (0.00ns)   --->   "%specloopname_ln449 = specloopname void @_ssdm_op_SpecLoopName, void @empty_4" [MHGD_accel.c:449]   --->   Operation 46 'specloopname' 'specloopname_ln449' <Predicate = (and_ln413)> <Delay = 0.00>
ST_1 : Operation 47 [1/1] (0.00ns)   --->   "%br_ln0 = br void %UnifiedUnreachableBlock"   --->   Operation 47 'br' 'br_ln0' <Predicate = (and_ln413)> <Delay = 0.00>

State 2 <SV = 1> <Delay = 6.65>
ST_2 : Operation 48 [7/8] (6.65ns)   --->   "%tmp_s = dexp i64 @llvm.exp.f64, i64 <undef>" [MHGD_accel.c:516]   --->   Operation 48 'dexp' 'tmp_s' <Predicate = true> <Delay = 6.65> <CoreInst = "DExp_fulldsp">   --->   Core 42 'DExp_fulldsp' <Latency = 7> <II = 1> <Delay = 6.65> <FuncUnit> <Opcode : 'dexp'> <InPorts = 1> <OutPorts = 1>

State 3 <SV = 2> <Delay = 6.65>
ST_3 : Operation 49 [6/8] (6.65ns)   --->   "%tmp_s = dexp i64 @llvm.exp.f64, i64 <undef>" [MHGD_accel.c:516]   --->   Operation 49 'dexp' 'tmp_s' <Predicate = true> <Delay = 6.65> <CoreInst = "DExp_fulldsp">   --->   Core 42 'DExp_fulldsp' <Latency = 7> <II = 1> <Delay = 6.65> <FuncUnit> <Opcode : 'dexp'> <InPorts = 1> <OutPorts = 1>

State 4 <SV = 3> <Delay = 6.65>
ST_4 : Operation 50 [5/8] (6.65ns)   --->   "%tmp_s = dexp i64 @llvm.exp.f64, i64 <undef>" [MHGD_accel.c:516]   --->   Operation 50 'dexp' 'tmp_s' <Predicate = true> <Delay = 6.65> <CoreInst = "DExp_fulldsp">   --->   Core 42 'DExp_fulldsp' <Latency = 7> <II = 1> <Delay = 6.65> <FuncUnit> <Opcode : 'dexp'> <InPorts = 1> <OutPorts = 1>

State 5 <SV = 4> <Delay = 6.65>
ST_5 : Operation 51 [4/8] (6.65ns)   --->   "%tmp_s = dexp i64 @llvm.exp.f64, i64 <undef>" [MHGD_accel.c:516]   --->   Operation 51 'dexp' 'tmp_s' <Predicate = true> <Delay = 6.65> <CoreInst = "DExp_fulldsp">   --->   Core 42 'DExp_fulldsp' <Latency = 7> <II = 1> <Delay = 6.65> <FuncUnit> <Opcode : 'dexp'> <InPorts = 1> <OutPorts = 1>

State 6 <SV = 5> <Delay = 6.65>
ST_6 : Operation 52 [3/8] (6.65ns)   --->   "%tmp_s = dexp i64 @llvm.exp.f64, i64 <undef>" [MHGD_accel.c:516]   --->   Operation 52 'dexp' 'tmp_s' <Predicate = true> <Delay = 6.65> <CoreInst = "DExp_fulldsp">   --->   Core 42 'DExp_fulldsp' <Latency = 7> <II = 1> <Delay = 6.65> <FuncUnit> <Opcode : 'dexp'> <InPorts = 1> <OutPorts = 1>

State 7 <SV = 6> <Delay = 6.65>
ST_7 : Operation 53 [2/8] (6.65ns)   --->   "%tmp_s = dexp i64 @llvm.exp.f64, i64 <undef>" [MHGD_accel.c:516]   --->   Operation 53 'dexp' 'tmp_s' <Predicate = true> <Delay = 6.65> <CoreInst = "DExp_fulldsp">   --->   Core 42 'DExp_fulldsp' <Latency = 7> <II = 1> <Delay = 6.65> <FuncUnit> <Opcode : 'dexp'> <InPorts = 1> <OutPorts = 1>

State 8 <SV = 7> <Delay = 6.65>
ST_8 : Operation 54 [1/8] (6.65ns)   --->   "%tmp_s = dexp i64 @llvm.exp.f64, i64 <undef>" [MHGD_accel.c:516]   --->   Operation 54 'dexp' 'tmp_s' <Predicate = true> <Delay = 6.65> <CoreInst = "DExp_fulldsp">   --->   Core 42 'DExp_fulldsp' <Latency = 7> <II = 1> <Delay = 6.65> <FuncUnit> <Opcode : 'dexp'> <InPorts = 1> <OutPorts = 1>

State 9 <SV = 8> <Delay = 1.82>
ST_9 : Operation 55 [2/2] (1.82ns)   --->   "%p_acc = fptrunc i64 %tmp_s" [MHGD_accel.c:516]   --->   Operation 55 'fptrunc' 'p_acc' <Predicate = true> <Delay = 1.82> <CoreInst = "Double2Float">   --->   Core 67 'Double2Float' <Latency = 1> <II = 1> <Delay = 1.82> <FuncUnit> <Opcode : 'fptrunc'> <InPorts = 1> <OutPorts = 1>

State 10 <SV = 9> <Delay = 1.82>
ST_10 : Operation 56 [1/2] (1.82ns)   --->   "%p_acc = fptrunc i64 %tmp_s" [MHGD_accel.c:516]   --->   Operation 56 'fptrunc' 'p_acc' <Predicate = true> <Delay = 1.82> <CoreInst = "Double2Float">   --->   Core 67 'Double2Float' <Latency = 1> <II = 1> <Delay = 1.82> <FuncUnit> <Opcode : 'fptrunc'> <InPorts = 1> <OutPorts = 1>

State 11 <SV = 10> <Delay = 7.76>
ST_11 : Operation 57 [1/1] (0.00ns)   --->   "%bitcast_ln519 = bitcast i32 %p_acc" [MHGD_accel.c:519]   --->   Operation 57 'bitcast' 'bitcast_ln519' <Predicate = true> <Delay = 0.00>
ST_11 : Operation 58 [1/1] (0.00ns)   --->   "%trunc_ln519 = trunc i32 %bitcast_ln519" [MHGD_accel.c:519]   --->   Operation 58 'trunc' 'trunc_ln519' <Predicate = true> <Delay = 0.00>
ST_11 : Operation 59 [1/1] (0.00ns)   --->   "%trunc_ln519_1 = trunc i32 %bitcast_ln519" [MHGD_accel.c:519]   --->   Operation 59 'trunc' 'trunc_ln519_1' <Predicate = true> <Delay = 0.00>
ST_11 : Operation 60 [2/2] (7.76ns)   --->   "%targetBlock = call i1 @MHGD_detect_accel_Pipeline_VITIS_LOOP_480_3, i32 %iter_read, i31 %trunc_ln519, i23 %trunc_ln519_1, i32 %p_acc, i1 %icmp_ln449" [MHGD_accel.c:214]   --->   Operation 60 'call' 'targetBlock' <Predicate = true> <Delay = 7.76> <CoreType = "Generic">   --->   Generic Core

State 12 <SV = 11> <Delay = 7.76>
ST_12 : Operation 61 [1/2] (7.76ns)   --->   "%targetBlock = call i1 @MHGD_detect_accel_Pipeline_VITIS_LOOP_480_3, i32 %iter_read, i31 %trunc_ln519, i23 %trunc_ln519_1, i32 %p_acc, i1 %icmp_ln449" [MHGD_accel.c:214]   --->   Operation 61 'call' 'targetBlock' <Predicate = (!and_ln413)> <Delay = 7.76> <CoreType = "Generic">   --->   Generic Core
ST_12 : Operation 62 [1/1] (0.00ns)   --->   "%br_ln214 = br i1 %targetBlock, void %for.inc.i186.split, void %for.inc.i212" [MHGD_accel.c:214]   --->   Operation 62 'br' 'br_ln214' <Predicate = (!and_ln413)> <Delay = 0.00>
ST_12 : Operation 63 [1/1] (0.00ns)   --->   "%specloopname_ln287 = specloopname void @_ssdm_op_SpecLoopName, void @empty_2" [util.c:287->MHGD_accel.c:521]   --->   Operation 63 'specloopname' 'specloopname_ln287' <Predicate = (!and_ln413 & !targetBlock)> <Delay = 0.00>
ST_12 : Operation 64 [1/1] (0.00ns)   --->   "%br_ln0 = br void %UnifiedUnreachableBlock"   --->   Operation 64 'br' 'br_ln0' <Predicate = (!and_ln413 & !targetBlock)> <Delay = 0.00>
ST_12 : Operation 65 [1/1] (0.00ns)   --->   "%br_ln287 = br i1 %icmp_ln449, void %my_complex_copy.exit214, void %for.inc.i212.split" [util.c:287->MHGD_accel.c:537]   --->   Operation 65 'br' 'br_ln287' <Predicate = (!and_ln413 & targetBlock)> <Delay = 0.00>
ST_12 : Operation 66 [1/1] (0.00ns)   --->   "%ret_ln540 = ret i32 0" [MHGD_accel.c:540]   --->   Operation 66 'ret' 'ret_ln540' <Predicate = (!and_ln413 & !icmp_ln449 & targetBlock)> <Delay = 0.00>
ST_12 : Operation 67 [1/1] (0.00ns)   --->   "%specloopname_ln287 = specloopname void @_ssdm_op_SpecLoopName, void @empty_2" [util.c:287->MHGD_accel.c:537]   --->   Operation 67 'specloopname' 'specloopname_ln287' <Predicate = (!and_ln413 & icmp_ln449 & targetBlock)> <Delay = 0.00>
ST_12 : Operation 68 [1/1] (0.00ns)   --->   "%br_ln0 = br void %UnifiedUnreachableBlock"   --->   Operation 68 'br' 'br_ln0' <Predicate = (!and_ln413 & icmp_ln449 & targetBlock)> <Delay = 0.00>
ST_12 : Operation 69 [1/1] (0.00ns)   --->   "%unreachable_ln0 = unreachable"   --->   Operation 69 'unreachable' 'unreachable_ln0' <Predicate = (!targetBlock) | (icmp_ln449) | (and_ln413)> <Delay = 0.00>


============================================================
+ Verbose Summary: Binding
============================================================
STG Binding: 
---------------- STG Properties BEGIN ----------------
- Is combinational: 0
- Is one-state seq: 0
- Is datapath-only: 0
- Is pipelined: 0
- Is top level: 1
Port [ Return ] is wired: 1; IO mode=ap_ctrl_hs:ce=0
Port [ x_hat]:  wired=1; compound=0; hidden=0; nouse=1; global=0; static=0; extern=0; dir=0; type=0; pingpong=0; private_global=0; IO mode=ap_none:ce=0
Port [ Nt]:  wired=1; compound=0; hidden=0; nouse=0; global=0; static=0; extern=0; dir=0; type=0; pingpong=0; private_global=0; IO mode=ap_none:ce=0
Port [ Nr]:  wired=1; compound=0; hidden=0; nouse=1; global=0; static=0; extern=0; dir=0; type=0; pingpong=0; private_global=0; IO mode=ap_none:ce=0
Port [ mu]:  wired=1; compound=0; hidden=0; nouse=1; global=0; static=0; extern=0; dir=0; type=0; pingpong=0; private_global=0; IO mode=ap_none:ce=0
Port [ H]:  wired=1; compound=0; hidden=0; nouse=1; global=0; static=0; extern=0; dir=0; type=0; pingpong=0; private_global=0; IO mode=ap_none:ce=0
Port [ y]:  wired=1; compound=0; hidden=0; nouse=1; global=0; static=0; extern=0; dir=0; type=0; pingpong=0; private_global=0; IO mode=ap_none:ce=0
Port [ sigma2]:  wired=1; compound=0; hidden=0; nouse=1; global=0; static=0; extern=0; dir=0; type=0; pingpong=0; private_global=0; IO mode=ap_none:ce=0
Port [ mmse_init]:  wired=1; compound=0; hidden=0; nouse=0; global=0; static=0; extern=0; dir=0; type=0; pingpong=0; private_global=0; IO mode=ap_none:ce=0
Port [ lr_approx]:  wired=1; compound=0; hidden=0; nouse=1; global=0; static=0; extern=0; dir=0; type=0; pingpong=0; private_global=0; IO mode=ap_none:ce=0
Port [ iter]:  wired=1; compound=0; hidden=0; nouse=0; global=0; static=0; extern=0; dir=0; type=0; pingpong=0; private_global=0; IO mode=ap_none:ce=0
Port [ v_tb]:  wired=1; compound=0; hidden=0; nouse=1; global=0; static=0; extern=0; dir=0; type=0; pingpong=0; private_global=0; IO mode=ap_none:ce=0
---------------- STG Properties END ------------------

---------------- Datapath Model BEGIN ----------------

<LifeTime>
<method=bitvector/>
specbitsmap_ln0     (specbitsmap  ) [ 0000000000000]
spectopmodule_ln214 (spectopmodule) [ 0000000000000]
specbitsmap_ln0     (specbitsmap  ) [ 0000000000000]
specinterface_ln0   (specinterface) [ 0000000000000]
specbitsmap_ln0     (specbitsmap  ) [ 0000000000000]
specinterface_ln0   (specinterface) [ 0000000000000]
specbitsmap_ln0     (specbitsmap  ) [ 0000000000000]
specinterface_ln0   (specinterface) [ 0000000000000]
specbitsmap_ln0     (specbitsmap  ) [ 0000000000000]
specinterface_ln0   (specinterface) [ 0000000000000]
specbitsmap_ln0     (specbitsmap  ) [ 0000000000000]
specinterface_ln0   (specinterface) [ 0000000000000]
specbitsmap_ln0     (specbitsmap  ) [ 0000000000000]
specinterface_ln0   (specinterface) [ 0000000000000]
specbitsmap_ln0     (specbitsmap  ) [ 0000000000000]
specinterface_ln0   (specinterface) [ 0000000000000]
specbitsmap_ln0     (specbitsmap  ) [ 0000000000000]
specinterface_ln0   (specinterface) [ 0000000000000]
specbitsmap_ln0     (specbitsmap  ) [ 0000000000000]
specinterface_ln0   (specinterface) [ 0000000000000]
specbitsmap_ln0     (specbitsmap  ) [ 0000000000000]
specinterface_ln0   (specinterface) [ 0000000000000]
specbitsmap_ln0     (specbitsmap  ) [ 0000000000000]
specinterface_ln0   (specinterface) [ 0000000000000]
iter_read           (read         ) [ 0011111111111]
mmse_init_read      (read         ) [ 0000000000000]
Nt_read             (read         ) [ 0000000000000]
icmp_ln449          (icmp         ) [ 0011111111111]
icmp_ln434          (icmp         ) [ 0000000000000]
and_ln413           (and          ) [ 0111111111111]
br_ln434            (br           ) [ 0000000000000]
specpipeline_ln232  (specpipeline ) [ 0000000000000]
specloopname_ln449  (specloopname ) [ 0000000000000]
br_ln0              (br           ) [ 0000000000000]
tmp_s               (dexp         ) [ 0000000001100]
p_acc               (fptrunc      ) [ 0000000000011]
bitcast_ln519       (bitcast      ) [ 0000000000000]
trunc_ln519         (trunc        ) [ 0000000000001]
trunc_ln519_1       (trunc        ) [ 0000000000001]
targetBlock         (call         ) [ 0000000000001]
br_ln214            (br           ) [ 0000000000000]
specloopname_ln287  (specloopname ) [ 0000000000000]
br_ln0              (br           ) [ 0000000000000]
br_ln287            (br           ) [ 0000000000000]
ret_ln540           (ret          ) [ 0000000000000]
specloopname_ln287  (specloopname ) [ 0000000000000]
br_ln0              (br           ) [ 0000000000000]
unreachable_ln0     (unreachable  ) [ 0000000000000]
</LifeTime>

<model>

<comp_list>
<comp id="0" class="1000" name="x_hat">
<pin_list>
<pin id="1" dir="1" index="0" bw="1" slack="2147483647"/>
</pin_list>
<bind>
<StgValue><ssdm name="x_hat"/></StgValue>
</bind>
</comp>

<comp id="2" class="1000" name="Nt">
<pin_list>
<pin id="3" dir="1" index="0" bw="1" slack="0"/>
</pin_list>
<bind>
<StgValue><ssdm name="Nt"/></StgValue>
</bind>
</comp>

<comp id="4" class="1000" name="Nr">
<pin_list>
<pin id="5" dir="1" index="0" bw="1" slack="2147483647"/>
</pin_list>
<bind>
<StgValue><ssdm name="Nr"/></StgValue>
</bind>
</comp>

<comp id="6" class="1000" name="mu">
<pin_list>
<pin id="7" dir="1" index="0" bw="1" slack="2147483647"/>
</pin_list>
<bind>
<StgValue><ssdm name="mu"/></StgValue>
</bind>
</comp>

<comp id="8" class="1000" name="H">
<pin_list>
<pin id="9" dir="1" index="0" bw="1" slack="2147483647"/>
</pin_list>
<bind>
<StgValue><ssdm name="H"/></StgValue>
</bind>
</comp>

<comp id="10" class="1000" name="y">
<pin_list>
<pin id="11" dir="1" index="0" bw="1" slack="2147483647"/>
</pin_list>
<bind>
<StgValue><ssdm name="y"/></StgValue>
</bind>
</comp>

<comp id="12" class="1000" name="sigma2">
<pin_list>
<pin id="13" dir="1" index="0" bw="1" slack="2147483647"/>
</pin_list>
<bind>
<StgValue><ssdm name="sigma2"/></StgValue>
</bind>
</comp>

<comp id="14" class="1000" name="mmse_init">
<pin_list>
<pin id="15" dir="1" index="0" bw="1" slack="0"/>
</pin_list>
<bind>
<StgValue><ssdm name="mmse_init"/></StgValue>
</bind>
</comp>

<comp id="16" class="1000" name="lr_approx">
<pin_list>
<pin id="17" dir="1" index="0" bw="1" slack="2147483647"/>
</pin_list>
<bind>
<StgValue><ssdm name="lr_approx"/></StgValue>
</bind>
</comp>

<comp id="18" class="1000" name="iter">
<pin_list>
<pin id="19" dir="1" index="0" bw="1" slack="0"/>
</pin_list>
<bind>
<StgValue><ssdm name="iter"/></StgValue>
</bind>
</comp>

<comp id="20" class="1000" name="v_tb">
<pin_list>
<pin id="21" dir="1" index="0" bw="1" slack="2147483647"/>
</pin_list>
<bind>
<StgValue><ssdm name="v_tb"/></StgValue>
</bind>
</comp>

<comp id="22" class="1001" name="const_22">
<pin_list>
<pin id="23" dir="1" index="0" bw="1" slack="2147483647"/>
</pin_list>
<bind>
<StgValue><ssdm name="_ssdm_op_SpecBitsMap"/></StgValue>
</bind>
</comp>

<comp id="24" class="1001" name="const_24">
<pin_list>
<pin id="25" dir="1" index="0" bw="1" slack="2147483647"/>
</pin_list>
<bind>
<StgValue><ssdm name=""/></StgValue>
</bind>
</comp>

<comp id="26" class="1001" name="const_26">
<pin_list>
<pin id="27" dir="1" index="0" bw="1" slack="2147483647"/>
</pin_list>
<bind>
<StgValue><ssdm name="_ssdm_op_SpecTopModule"/></StgValue>
</bind>
</comp>

<comp id="28" class="1001" name="const_28">
<pin_list>
<pin id="29" dir="1" index="0" bw="1" slack="2147483647"/>
</pin_list>
<bind>
<StgValue><ssdm name="empty_1"/></StgValue>
</bind>
</comp>

<comp id="30" class="1001" name="const_30">
<pin_list>
<pin id="31" dir="1" index="0" bw="1" slack="2147483647"/>
</pin_list>
<bind>
<StgValue><ssdm name="_ssdm_op_SpecInterface"/></StgValue>
</bind>
</comp>

<comp id="32" class="1001" name="const_32">
<pin_list>
<pin id="33" dir="1" index="0" bw="1" slack="2147483647"/>
</pin_list>
<bind>
<StgValue><ssdm name="empty"/></StgValue>
</bind>
</comp>

<comp id="34" class="1001" name="const_34">
<pin_list>
<pin id="35" dir="1" index="0" bw="1" slack="0"/>
</pin_list>
<bind>
<StgValue><ssdm name=""/></StgValue>
</bind>
</comp>

<comp id="36" class="1001" name="const_36">
<pin_list>
<pin id="37" dir="1" index="0" bw="1" slack="2147483647"/>
</pin_list>
<bind>
<StgValue><ssdm name="empty_0"/></StgValue>
</bind>
</comp>

<comp id="38" class="1001" name="const_38">
<pin_list>
<pin id="39" dir="1" index="0" bw="1" slack="2147483647"/>
</pin_list>
<bind>
<StgValue><ssdm name=""/></StgValue>
</bind>
</comp>

<comp id="40" class="1001" name="const_40">
<pin_list>
<pin id="41" dir="1" index="0" bw="1" slack="0"/>
</pin_list>
<bind>
<StgValue><ssdm name="_ssdm_op_Read.ap_auto.i32"/></StgValue>
</bind>
</comp>

<comp id="42" class="1001" name="const_42">
<pin_list>
<pin id="43" dir="1" index="0" bw="1" slack="0"/>
</pin_list>
<bind>
<StgValue><ssdm name="llvm.exp.f64"/></StgValue>
</bind>
</comp>

<comp id="44" class="1001" name="const_44">
<pin_list>
<pin id="45" dir="1" index="0" bw="1" slack="0"/>
</pin_list>
<bind>
<StgValue><ssdm name=""/></StgValue>
</bind>
</comp>

<comp id="46" class="1001" name="const_46">
<pin_list>
<pin id="47" dir="1" index="0" bw="1" slack="2147483647"/>
</pin_list>
<bind>
<StgValue><ssdm name="_ssdm_op_SpecPipeline"/></StgValue>
</bind>
</comp>

<comp id="48" class="1001" name="const_48">
<pin_list>
<pin id="49" dir="1" index="0" bw="1" slack="2147483647"/>
</pin_list>
<bind>
<StgValue><ssdm name="_ssdm_op_SpecLoopName"/></StgValue>
</bind>
</comp>

<comp id="50" class="1001" name="const_50">
<pin_list>
<pin id="51" dir="1" index="0" bw="1" slack="2147483647"/>
</pin_list>
<bind>
<StgValue><ssdm name="empty_4"/></StgValue>
</bind>
</comp>

<comp id="52" class="1001" name="const_52">
<pin_list>
<pin id="53" dir="1" index="0" bw="1" slack="0"/>
</pin_list>
<bind>
<StgValue><ssdm name="MHGD_detect_accel_Pipeline_VITIS_LOOP_480_3"/></StgValue>
</bind>
</comp>

<comp id="54" class="1001" name="const_54">
<pin_list>
<pin id="55" dir="1" index="0" bw="1" slack="2147483647"/>
</pin_list>
<bind>
<StgValue><ssdm name="empty_2"/></StgValue>
</bind>
</comp>

<comp id="56" class="1004" name="iter_read_read_fu_56">
<pin_list>
<pin id="57" dir="0" index="0" bw="32" slack="0"/>
<pin id="58" dir="0" index="1" bw="32" slack="0"/>
<pin id="59" dir="1" index="2" bw="32" slack="10"/>
</pin_list>
<bind>
<opcode="read(1150) " fcode="read"/>
<opset="iter_read/1 "/>
</bind>
</comp>

<comp id="62" class="1004" name="mmse_init_read_read_fu_62">
<pin_list>
<pin id="63" dir="0" index="0" bw="32" slack="0"/>
<pin id="64" dir="0" index="1" bw="32" slack="0"/>
<pin id="65" dir="1" index="2" bw="32" slack="0"/>
</pin_list>
<bind>
<opcode="read(1150) " fcode="read"/>
<opset="mmse_init_read/1 "/>
</bind>
</comp>

<comp id="68" class="1004" name="Nt_read_read_fu_68">
<pin_list>
<pin id="69" dir="0" index="0" bw="32" slack="0"/>
<pin id="70" dir="0" index="1" bw="32" slack="0"/>
<pin id="71" dir="1" index="2" bw="32" slack="0"/>
</pin_list>
<bind>
<opcode="read(1150) " fcode="read"/>
<opset="Nt_read/1 "/>
</bind>
</comp>

<comp id="74" class="1004" name="grp_MHGD_detect_accel_Pipeline_VITIS_LOOP_480_3_fu_74">
<pin_list>
<pin id="75" dir="0" index="0" bw="1" slack="0"/>
<pin id="76" dir="0" index="1" bw="32" slack="10"/>
<pin id="77" dir="0" index="2" bw="31" slack="0"/>
<pin id="78" dir="0" index="3" bw="23" slack="0"/>
<pin id="79" dir="0" index="4" bw="32" slack="1"/>
<pin id="80" dir="0" index="5" bw="1" slack="10"/>
<pin id="81" dir="1" index="6" bw="1" slack="2147483647"/>
</pin_list>
<bind>
<opcode="call(48) " fcode="call"/>
<opset="targetBlock/11 "/>
</bind>
</comp>

<comp id="83" class="1004" name="grp_fu_83">
<pin_list>
<pin id="84" dir="0" index="0" bw="64" slack="1"/>
<pin id="85" dir="1" index="1" bw="32" slack="1"/>
</pin_list>
<bind>
<opcode="fptrunc(40) " fcode="fptrunc"/>
<opset="p_acc/9 "/>
</bind>
</comp>

<comp id="86" class="1004" name="grp_fu_86">
<pin_list>
<pin id="87" dir="0" index="0" bw="64" slack="0"/>
<pin id="88" dir="0" index="1" bw="64" slack="0"/>
<pin id="89" dir="1" index="2" bw="64" slack="1"/>
</pin_list>
<bind>
<opcode="dexp(522) " fcode="dexp"/>
<opset="tmp_s/1 "/>
</bind>
</comp>

<comp id="92" class="1004" name="icmp_ln449_fu_92">
<pin_list>
<pin id="93" dir="0" index="0" bw="32" slack="0"/>
<pin id="94" dir="0" index="1" bw="32" slack="0"/>
<pin id="95" dir="1" index="2" bw="1" slack="0"/>
</pin_list>
<bind>
<opcode="icmp(45) " fcode="icmp"/>
<opset="icmp_ln449/1 "/>
</bind>
</comp>

<comp id="98" class="1004" name="icmp_ln434_fu_98">
<pin_list>
<pin id="99" dir="0" index="0" bw="32" slack="0"/>
<pin id="100" dir="0" index="1" bw="32" slack="0"/>
<pin id="101" dir="1" index="2" bw="1" slack="0"/>
</pin_list>
<bind>
<opcode="icmp(45) " fcode="icmp"/>
<opset="icmp_ln434/1 "/>
</bind>
</comp>

<comp id="104" class="1004" name="and_ln413_fu_104">
<pin_list>
<pin id="105" dir="0" index="0" bw="1" slack="0"/>
<pin id="106" dir="0" index="1" bw="1" slack="0"/>
<pin id="107" dir="1" index="2" bw="1" slack="11"/>
</pin_list>
<bind>
<opcode="and(23) " fcode="and"/>
<opset="and_ln413/1 "/>
</bind>
</comp>

<comp id="110" class="1004" name="bitcast_ln519_fu_110">
<pin_list>
<pin id="111" dir="0" index="0" bw="32" slack="1"/>
<pin id="112" dir="1" index="1" bw="32" slack="0"/>
</pin_list>
<bind>
<opcode="bitcast(44) " fcode="bitcast"/>
<opset="bitcast_ln519/11 "/>
</bind>
</comp>

<comp id="113" class="1004" name="trunc_ln519_fu_113">
<pin_list>
<pin id="114" dir="0" index="0" bw="32" slack="0"/>
<pin id="115" dir="1" index="1" bw="31" slack="0"/>
</pin_list>
<bind>
<opcode="trunc(33) " fcode="trunc"/>
<opset="trunc_ln519/11 "/>
</bind>
</comp>

<comp id="118" class="1004" name="trunc_ln519_1_fu_118">
<pin_list>
<pin id="119" dir="0" index="0" bw="32" slack="0"/>
<pin id="120" dir="1" index="1" bw="23" slack="0"/>
</pin_list>
<bind>
<opcode="trunc(33) " fcode="trunc"/>
<opset="trunc_ln519_1/11 "/>
</bind>
</comp>

<comp id="123" class="1005" name="iter_read_reg_123">
<pin_list>
<pin id="124" dir="0" index="0" bw="32" slack="10"/>
<pin id="125" dir="1" index="1" bw="32" slack="10"/>
</pin_list>
<bind>
<opset="iter_read "/>
</bind>
</comp>

<comp id="128" class="1005" name="icmp_ln449_reg_128">
<pin_list>
<pin id="129" dir="0" index="0" bw="1" slack="10"/>
<pin id="130" dir="1" index="1" bw="1" slack="10"/>
</pin_list>
<bind>
<opset="icmp_ln449 "/>
</bind>
</comp>

<comp id="133" class="1005" name="and_ln413_reg_133">
<pin_list>
<pin id="134" dir="0" index="0" bw="1" slack="11"/>
<pin id="135" dir="1" index="1" bw="1" slack="2147483647"/>
</pin_list>
<bind>
<opset="and_ln413 "/>
</bind>
</comp>

<comp id="137" class="1005" name="tmp_s_reg_137">
<pin_list>
<pin id="138" dir="0" index="0" bw="64" slack="1"/>
<pin id="139" dir="1" index="1" bw="64" slack="1"/>
</pin_list>
<bind>
<opset="tmp_s "/>
</bind>
</comp>

<comp id="142" class="1005" name="p_acc_reg_142">
<pin_list>
<pin id="143" dir="0" index="0" bw="32" slack="1"/>
<pin id="144" dir="1" index="1" bw="32" slack="1"/>
</pin_list>
<bind>
<opset="p_acc "/>
</bind>
</comp>

<comp id="148" class="1005" name="trunc_ln519_reg_148">
<pin_list>
<pin id="149" dir="0" index="0" bw="31" slack="1"/>
<pin id="150" dir="1" index="1" bw="31" slack="1"/>
</pin_list>
<bind>
<opset="trunc_ln519 "/>
</bind>
</comp>

<comp id="153" class="1005" name="trunc_ln519_1_reg_153">
<pin_list>
<pin id="154" dir="0" index="0" bw="23" slack="1"/>
<pin id="155" dir="1" index="1" bw="23" slack="1"/>
</pin_list>
<bind>
<opset="trunc_ln519_1 "/>
</bind>
</comp>

</comp_list>

<net_list>
<net id="60"><net_src comp="40" pin="0"/><net_sink comp="56" pin=0"/></net>

<net id="61"><net_src comp="18" pin="0"/><net_sink comp="56" pin=1"/></net>

<net id="66"><net_src comp="40" pin="0"/><net_sink comp="62" pin=0"/></net>

<net id="67"><net_src comp="14" pin="0"/><net_sink comp="62" pin=1"/></net>

<net id="72"><net_src comp="40" pin="0"/><net_sink comp="68" pin=0"/></net>

<net id="73"><net_src comp="2" pin="0"/><net_sink comp="68" pin=1"/></net>

<net id="82"><net_src comp="52" pin="0"/><net_sink comp="74" pin=0"/></net>

<net id="90"><net_src comp="42" pin="0"/><net_sink comp="86" pin=0"/></net>

<net id="91"><net_src comp="44" pin="0"/><net_sink comp="86" pin=1"/></net>

<net id="96"><net_src comp="68" pin="2"/><net_sink comp="92" pin=0"/></net>

<net id="97"><net_src comp="34" pin="0"/><net_sink comp="92" pin=1"/></net>

<net id="102"><net_src comp="62" pin="2"/><net_sink comp="98" pin=0"/></net>

<net id="103"><net_src comp="34" pin="0"/><net_sink comp="98" pin=1"/></net>

<net id="108"><net_src comp="98" pin="2"/><net_sink comp="104" pin=0"/></net>

<net id="109"><net_src comp="92" pin="2"/><net_sink comp="104" pin=1"/></net>

<net id="116"><net_src comp="110" pin="1"/><net_sink comp="113" pin=0"/></net>

<net id="117"><net_src comp="113" pin="1"/><net_sink comp="74" pin=2"/></net>

<net id="121"><net_src comp="110" pin="1"/><net_sink comp="118" pin=0"/></net>

<net id="122"><net_src comp="118" pin="1"/><net_sink comp="74" pin=3"/></net>

<net id="126"><net_src comp="56" pin="2"/><net_sink comp="123" pin=0"/></net>

<net id="127"><net_src comp="123" pin="1"/><net_sink comp="74" pin=1"/></net>

<net id="131"><net_src comp="92" pin="2"/><net_sink comp="128" pin=0"/></net>

<net id="132"><net_src comp="128" pin="1"/><net_sink comp="74" pin=5"/></net>

<net id="136"><net_src comp="104" pin="2"/><net_sink comp="133" pin=0"/></net>

<net id="140"><net_src comp="86" pin="2"/><net_sink comp="137" pin=0"/></net>

<net id="141"><net_src comp="137" pin="1"/><net_sink comp="83" pin=0"/></net>

<net id="145"><net_src comp="83" pin="1"/><net_sink comp="142" pin=0"/></net>

<net id="146"><net_src comp="142" pin="1"/><net_sink comp="110" pin=0"/></net>

<net id="147"><net_src comp="142" pin="1"/><net_sink comp="74" pin=4"/></net>

<net id="151"><net_src comp="113" pin="1"/><net_sink comp="148" pin=0"/></net>

<net id="152"><net_src comp="148" pin="1"/><net_sink comp="74" pin=2"/></net>

<net id="156"><net_src comp="118" pin="1"/><net_sink comp="153" pin=0"/></net>

<net id="157"><net_src comp="153" pin="1"/><net_sink comp="74" pin=3"/></net>

</net_list>

</model> 
---------------- Datapath Model END ------------------

* FSMD analyzer results:
  - Output states:
 - Input state : 
	Port: MHGD_detect_accel : Nt | {1 }
	Port: MHGD_detect_accel : mmse_init | {1 }
	Port: MHGD_detect_accel : iter | {1 }
  - Chain level:
	State 1
		and_ln413 : 1
		br_ln434 : 1
	State 2
	State 3
	State 4
	State 5
	State 6
	State 7
	State 8
	State 9
	State 10
	State 11
		trunc_ln519 : 1
		trunc_ln519_1 : 1
		targetBlock : 2
	State 12
		br_ln214 : 1


============================================================
+ Verbose Summary: Datapath Resource usage 
============================================================

* Functional unit list:
|----------|-------------------------------------------------------|---------|---------|---------|
| Operation|                    Functional Unit                    |   DSP   |    FF   |   LUT   |
|----------|-------------------------------------------------------|---------|---------|---------|
|   dexp   |                       grp_fu_86                       |    26   |   725   |   1785  |
|----------|-------------------------------------------------------|---------|---------|---------|
|   call   | grp_MHGD_detect_accel_Pipeline_VITIS_LOOP_480_3_fu_74 |    0    |    32   |   128   |
|----------|-------------------------------------------------------|---------|---------|---------|
|   icmp   |                    icmp_ln449_fu_92                   |    0    |    0    |    39   |
|          |                    icmp_ln434_fu_98                   |    0    |    0    |    39   |
|----------|-------------------------------------------------------|---------|---------|---------|
|    and   |                    and_ln413_fu_104                   |    0    |    0    |    2    |
|----------|-------------------------------------------------------|---------|---------|---------|
|          |                  iter_read_read_fu_56                 |    0    |    0    |    0    |
|   read   |               mmse_init_read_read_fu_62               |    0    |    0    |    0    |
|          |                   Nt_read_read_fu_68                  |    0    |    0    |    0    |
|----------|-------------------------------------------------------|---------|---------|---------|
|  fptrunc |                       grp_fu_83                       |    0    |    0    |    0    |
|----------|-------------------------------------------------------|---------|---------|---------|
|   trunc  |                   trunc_ln519_fu_113                  |    0    |    0    |    0    |
|          |                  trunc_ln519_1_fu_118                 |    0    |    0    |    0    |
|----------|-------------------------------------------------------|---------|---------|---------|
|   Total  |                                                       |    26   |   757   |   1993  |
|----------|-------------------------------------------------------|---------|---------|---------|

Memories:
N/A

* Register list:
+---------------------+--------+
|                     |   FF   |
+---------------------+--------+
|  and_ln413_reg_133  |    1   |
|  icmp_ln449_reg_128 |    1   |
|  iter_read_reg_123  |   32   |
|    p_acc_reg_142    |   32   |
|    tmp_s_reg_137    |   64   |
|trunc_ln519_1_reg_153|   23   |
| trunc_ln519_reg_148 |   31   |
+---------------------+--------+
|        Total        |   184  |
+---------------------+--------+

* Multiplexer (MUX) list: 
|-------------------------------------------------------|------|------|------|--------||---------||---------||---------|
|                          Comp                         |  Pin | Size |  BW  | S x BW ||  Delay  ||    FF   ||   LUT   |
|-------------------------------------------------------|------|------|------|--------||---------||---------||---------|
| grp_MHGD_detect_accel_Pipeline_VITIS_LOOP_480_3_fu_74 |  p2  |   2  |  31  |   62   ||    0    ||    9    |
| grp_MHGD_detect_accel_Pipeline_VITIS_LOOP_480_3_fu_74 |  p3  |   2  |  23  |   46   ||    0    ||    9    |
|-------------------------------------------------------|------|------|------|--------||---------||---------||---------|
|                         Total                         |      |      |      |   108  ||  0.774  ||    0    ||    18   |
|-------------------------------------------------------|------|------|------|--------||---------||---------||---------|



* Summary:
+-----------+--------+--------+--------+--------+
|           |   DSP  |  Delay |   FF   |   LUT  |
+-----------+--------+--------+--------+--------+
|  Function |   26   |    -   |   757  |  1993  |
|   Memory  |    -   |    -   |    -   |    -   |
|Multiplexer|    -   |    0   |    0   |   18   |
|  Register |    -   |    -   |   184  |    -   |
+-----------+--------+--------+--------+--------+
|   Total   |   26   |    0   |   941  |  2011  |
+-----------+--------+--------+--------+--------+
