

================================================================
== Vitis HLS Report for 'MHGD_detect_accel'
================================================================
* Date:           Mon Mar 31 10:13:18 2025

* Version:        2024.2 (Build 5238294 on Nov  8 2024)
* Project:        component_perfect_loop
* Solution:       hls (Vivado IP Flow Target)
* Product family: virtexuplus
* Target device:  xcvu9p-flga2104-2-i


================================================================
== Performance Estimates
================================================================
+ Timing: 
    * Summary: 
    +--------+----------+----------+------------+
    |  Clock |  Target  | Estimated| Uncertainty|
    +--------+----------+----------+------------+
    |ap_clk  |  10.00 ns|  7.766 ns|     2.70 ns|
    +--------+----------+----------+------------+

+ Latency: 
    * Summary: 
    +---------+---------+----------+----------+-----+-----+---------+
    |  Latency (cycles) |  Latency (absolute) |  Interval | Pipeline|
    |   min   |   max   |    min   |    max   | min | max |   Type  |
    +---------+---------+----------+----------+-----+-----+---------+
    |        ?|        ?|         ?|         ?|    ?|    ?|       no|
    +---------+---------+----------+----------+-----+-----+---------+

    + Detail: 
        * Instance: 
        N/A

        * Loop: 
        N/A

============================================================
+ Verbose Summary: Synthesis Manager
============================================================
InlineROM: 1
ExposeGlobal: 0
============================================================
+ Verbose Summary: CDFG Model
============================================================
IsTopModel: 1
ResetActiveHigh: 1
IsCombinational: 0
IsDatapathOnly: 0
HasWiredReturn: 1
HasMFsm: 0
HasVarLatency: 1
IsPipeline: 0
IsRtlPipelined: 0
IsInstanceOverlapped: 0
IsDontTouch: 0
HasImplIP: 0
IsGatedGlobalClock: 0


============================================================
+ Verbose Summary: Schedule
============================================================
* Number of FSM states : 12
* Pipeline : 0
* Dataflow Pipeline: 0

* FSM state transitions: 
1 --> 2 12 
2 --> 3 
3 --> 4 
4 --> 5 
5 --> 6 
6 --> 7 
7 --> 8 
8 --> 9 
9 --> 10 
10 --> 11 
11 --> 12 
12 --> 

* FSM state operations: 

State 1 <SV = 0> <Delay = 6.65>
ST_1 : Operation 13 [1/1] (0.00ns)   --->   "%specbitsmap_ln0 = specbitsmap void @_ssdm_op_SpecBitsMap, i32 0"   --->   Operation 13 'specbitsmap' 'specbitsmap_ln0' <Predicate = true> <Delay = 0.00>
ST_1 : Operation 14 [1/1] (0.00ns)   --->   "%spectopmodule_ln214 = spectopmodule void @_ssdm_op_SpecTopModule, void @empty_1" [MHGD_accel.c:214]   --->   Operation 14 'spectopmodule' 'spectopmodule_ln214' <Predicate = true> <Delay = 0.00>
ST_1 : Operation 15 [1/1] (0.00ns)   --->   "%specbitsmap_ln0 = specbitsmap void @_ssdm_op_SpecBitsMap, i64 %x_hat"   --->   Operation 15 'specbitsmap' 'specbitsmap_ln0' <Predicate = true> <Delay = 0.00>
ST_1 : Operation 16 [1/1] (0.00ns)   --->   "%specinterface_ln0 = specinterface void @_ssdm_op_SpecInterface, i64 %x_hat, void @empty, i32 0, i32 0, void @empty_0, i32 0, i32 0, void @empty_0, void @empty_0, void @empty_0, i32 0, i32 0, i32 0, i32 0, void @empty_0, void @empty_0, i32 4294967295, i32 0, i32 0"   --->   Operation 16 'specinterface' 'specinterface_ln0' <Predicate = true> <Delay = 0.00>
ST_1 : Operation 17 [1/1] (0.00ns)   --->   "%specbitsmap_ln0 = specbitsmap void @_ssdm_op_SpecBitsMap, i32 %Nt"   --->   Operation 17 'specbitsmap' 'specbitsmap_ln0' <Predicate = true> <Delay = 0.00>
ST_1 : Operation 18 [1/1] (0.00ns)   --->   "%specinterface_ln0 = specinterface void @_ssdm_op_SpecInterface, i32 %Nt, void @empty, i32 0, i32 0, void @empty_0, i32 0, i32 0, void @empty_0, void @empty_0, void @empty_0, i32 0, i32 0, i32 0, i32 0, void @empty_0, void @empty_0, i32 4294967295, i32 0, i32 0"   --->   Operation 18 'specinterface' 'specinterface_ln0' <Predicate = true> <Delay = 0.00>
ST_1 : Operation 19 [1/1] (0.00ns)   --->   "%specbitsmap_ln0 = specbitsmap void @_ssdm_op_SpecBitsMap, i32 %Nr"   --->   Operation 19 'specbitsmap' 'specbitsmap_ln0' <Predicate = true> <Delay = 0.00>
ST_1 : Operation 20 [1/1] (0.00ns)   --->   "%specinterface_ln0 = specinterface void @_ssdm_op_SpecInterface, i32 %Nr, void @empty, i32 0, i32 0, void @empty_0, i32 0, i32 0, void @empty_0, void @empty_0, void @empty_0, i32 0, i32 0, i32 0, i32 0, void @empty_0, void @empty_0, i32 4294967295, i32 0, i32 0"   --->   Operation 20 'specinterface' 'specinterface_ln0' <Predicate = true> <Delay = 0.00>
ST_1 : Operation 21 [1/1] (0.00ns)   --->   "%specbitsmap_ln0 = specbitsmap void @_ssdm_op_SpecBitsMap, i32 %mu"   --->   Operation 21 'specbitsmap' 'specbitsmap_ln0' <Predicate = true> <Delay = 0.00>
ST_1 : Operation 22 [1/1] (0.00ns)   --->   "%specinterface_ln0 = specinterface void @_ssdm_op_SpecInterface, i32 %mu, void @empty, i32 0, i32 0, void @empty_0, i32 0, i32 0, void @empty_0, void @empty_0, void @empty_0, i32 0, i32 0, i32 0, i32 0, void @empty_0, void @empty_0, i32 4294967295, i32 0, i32 0"   --->   Operation 22 'specinterface' 'specinterface_ln0' <Predicate = true> <Delay = 0.00>
ST_1 : Operation 23 [1/1] (0.00ns)   --->   "%specbitsmap_ln0 = specbitsmap void @_ssdm_op_SpecBitsMap, i64 %H"   --->   Operation 23 'specbitsmap' 'specbitsmap_ln0' <Predicate = true> <Delay = 0.00>
ST_1 : Operation 24 [1/1] (0.00ns)   --->   "%specinterface_ln0 = specinterface void @_ssdm_op_SpecInterface, i64 %H, void @empty, i32 0, i32 0, void @empty_0, i32 0, i32 0, void @empty_0, void @empty_0, void @empty_0, i32 0, i32 0, i32 0, i32 0, void @empty_0, void @empty_0, i32 4294967295, i32 0, i32 0"   --->   Operation 24 'specinterface' 'specinterface_ln0' <Predicate = true> <Delay = 0.00>
ST_1 : Operation 25 [1/1] (0.00ns)   --->   "%specbitsmap_ln0 = specbitsmap void @_ssdm_op_SpecBitsMap, i64 %y"   --->   Operation 25 'specbitsmap' 'specbitsmap_ln0' <Predicate = true> <Delay = 0.00>
ST_1 : Operation 26 [1/1] (0.00ns)   --->   "%specinterface_ln0 = specinterface void @_ssdm_op_SpecInterface, i64 %y, void @empty, i32 0, i32 0, void @empty_0, i32 0, i32 0, void @empty_0, void @empty_0, void @empty_0, i32 0, i32 0, i32 0, i32 0, void @empty_0, void @empty_0, i32 4294967295, i32 0, i32 0"   --->   Operation 26 'specinterface' 'specinterface_ln0' <Predicate = true> <Delay = 0.00>
ST_1 : Operation 27 [1/1] (0.00ns)   --->   "%specbitsmap_ln0 = specbitsmap void @_ssdm_op_SpecBitsMap, i32 %sigma2"   --->   Operation 27 'specbitsmap' 'specbitsmap_ln0' <Predicate = true> <Delay = 0.00>
ST_1 : Operation 28 [1/1] (0.00ns)   --->   "%specinterface_ln0 = specinterface void @_ssdm_op_SpecInterface, i32 %sigma2, void @empty, i32 0, i32 0, void @empty_0, i32 0, i32 0, void @empty_0, void @empty_0, void @empty_0, i32 0, i32 0, i32 0, i32 0, void @empty_0, void @empty_0, i32 4294967295, i32 0, i32 0"   --->   Operation 28 'specinterface' 'specinterface_ln0' <Predicate = true> <Delay = 0.00>
ST_1 : Operation 29 [1/1] (0.00ns)   --->   "%specbitsmap_ln0 = specbitsmap void @_ssdm_op_SpecBitsMap, i32 %mmse_init"   --->   Operation 29 'specbitsmap' 'specbitsmap_ln0' <Predicate = true> <Delay = 0.00>
ST_1 : Operation 30 [1/1] (0.00ns)   --->   "%specinterface_ln0 = specinterface void @_ssdm_op_SpecInterface, i32 %mmse_init, void @empty, i32 0, i32 0, void @empty_0, i32 0, i32 0, void @empty_0, void @empty_0, void @empty_0, i32 0, i32 0, i32 0, i32 0, void @empty_0, void @empty_0, i32 4294967295, i32 0, i32 0"   --->   Operation 30 'specinterface' 'specinterface_ln0' <Predicate = true> <Delay = 0.00>
ST_1 : Operation 31 [1/1] (0.00ns)   --->   "%specbitsmap_ln0 = specbitsmap void @_ssdm_op_SpecBitsMap, i32 %lr_approx"   --->   Operation 31 'specbitsmap' 'specbitsmap_ln0' <Predicate = true> <Delay = 0.00>
ST_1 : Operation 32 [1/1] (0.00ns)   --->   "%specinterface_ln0 = specinterface void @_ssdm_op_SpecInterface, i32 %lr_approx, void @empty, i32 0, i32 0, void @empty_0, i32 0, i32 0, void @empty_0, void @empty_0, void @empty_0, i32 0, i32 0, i32 0, i32 0, void @empty_0, void @empty_0, i32 4294967295, i32 0, i32 0"   --->   Operation 32 'specinterface' 'specinterface_ln0' <Predicate = true> <Delay = 0.00>
ST_1 : Operation 33 [1/1] (0.00ns)   --->   "%specbitsmap_ln0 = specbitsmap void @_ssdm_op_SpecBitsMap, i32 %iter"   --->   Operation 33 'specbitsmap' 'specbitsmap_ln0' <Predicate = true> <Delay = 0.00>
ST_1 : Operation 34 [1/1] (0.00ns)   --->   "%specinterface_ln0 = specinterface void @_ssdm_op_SpecInterface, i32 %iter, void @empty, i32 0, i32 0, void @empty_0, i32 0, i32 0, void @empty_0, void @empty_0, void @empty_0, i32 0, i32 0, i32 0, i32 0, void @empty_0, void @empty_0, i32 4294967295, i32 0, i32 0"   --->   Operation 34 'specinterface' 'specinterface_ln0' <Predicate = true> <Delay = 0.00>
ST_1 : Operation 35 [1/1] (0.00ns)   --->   "%specbitsmap_ln0 = specbitsmap void @_ssdm_op_SpecBitsMap, i64 %v_tb"   --->   Operation 35 'specbitsmap' 'specbitsmap_ln0' <Predicate = true> <Delay = 0.00>
ST_1 : Operation 36 [1/1] (0.00ns)   --->   "%specinterface_ln0 = specinterface void @_ssdm_op_SpecInterface, i64 %v_tb, void @empty, i32 0, i32 0, void @empty_0, i32 0, i32 0, void @empty_0, void @empty_0, void @empty_0, i32 0, i32 0, i32 0, i32 0, void @empty_0, void @empty_0, i32 4294967295, i32 0, i32 0"   --->   Operation 36 'specinterface' 'specinterface_ln0' <Predicate = true> <Delay = 0.00>
ST_1 : Operation 37 [1/1] (0.00ns)   --->   "%iter_read = read i32 @_ssdm_op_Read.ap_auto.i32, i32 %iter" [MHGD_accel.c:214]   --->   Operation 37 'read' 'iter_read' <Predicate = true> <Delay = 0.00>
ST_1 : Operation 38 [1/1] (0.00ns)   --->   "%mmse_init_read = read i32 @_ssdm_op_Read.ap_auto.i32, i32 %mmse_init" [MHGD_accel.c:214]   --->   Operation 38 'read' 'mmse_init_read' <Predicate = true> <Delay = 0.00>
ST_1 : Operation 39 [1/1] (0.00ns)   --->   "%Nt_read = read i32 @_ssdm_op_Read.ap_auto.i32, i32 %Nt" [MHGD_accel.c:214]   --->   Operation 39 'read' 'Nt_read' <Predicate = true> <Delay = 0.00>
ST_1 : Operation 40 [1/1] (0.88ns)   --->   "%icmp_ln449 = icmp_sgt  i32 %Nt_read, i32 0" [MHGD_accel.c:449]   --->   Operation 40 'icmp' 'icmp_ln449' <Predicate = true> <Delay = 0.88> <CoreInst = "Cmp">   --->   Core 9 'Cmp' <Latency = 0> <II = 1> <Delay = 0.88> <FuncUnit> <Opcode : 'seteq' 'setne' 'setle' 'setge' 'setlt' 'setgt'> <InPorts = 2> <OutPorts = 1>
ST_1 : Operation 41 [1/1] (0.88ns)   --->   "%icmp_ln434 = icmp_eq  i32 %mmse_init_read, i32 0" [MHGD_accel.c:434]   --->   Operation 41 'icmp' 'icmp_ln434' <Predicate = true> <Delay = 0.88> <CoreInst = "Cmp">   --->   Core 9 'Cmp' <Latency = 0> <II = 1> <Delay = 0.88> <FuncUnit> <Opcode : 'seteq' 'setne' 'setle' 'setge' 'setlt' 'setgt'> <InPorts = 2> <OutPorts = 1>
ST_1 : Operation 42 [1/1] (0.12ns)   --->   "%and_ln413 = and i1 %icmp_ln434, i1 %icmp_ln449" [util.c:413->MHGD_accel.c:448]   --->   Operation 42 'and' 'and_ln413' <Predicate = true> <Delay = 0.12> <CoreInst = "LogicGate">   --->   Core 74 'LogicGate' <Latency = 0> <II = 1> <Delay = 0.12> <FuncUnit> <Opcode : 'and' 'or' 'xor'> <InPorts = 2> <OutPorts = 1>
ST_1 : Operation 43 [1/1] (0.00ns)   --->   "%br_ln434 = br i1 %and_ln413, void %if.end29, void %for.inc26.split" [MHGD_accel.c:434]   --->   Operation 43 'br' 'br_ln434' <Predicate = true> <Delay = 0.00>
ST_1 : Operation 44 [8/8] (6.65ns)   --->   "%tmp_s = dexp i64 @llvm.exp.f64, i64 <undef>" [MHGD_accel.c:516]   --->   Operation 44 'dexp' 'tmp_s' <Predicate = (!and_ln413)> <Delay = 6.65> <CoreInst = "DExp_fulldsp">   --->   Core 42 'DExp_fulldsp' <Latency = 7> <II = 1> <Delay = 6.65> <FuncUnit> <Opcode : 'dexp'> <InPorts = 1> <OutPorts = 1>
ST_1 : Operation 45 [1/1] (0.00ns)   --->   "%specpipeline_ln232 = specpipeline void @_ssdm_op_SpecPipeline, i32 4294967295, i32 0, i32 0, i32 0, void @empty_0" [MHGD_accel.c:232]   --->   Operation 45 'specpipeline' 'specpipeline_ln232' <Predicate = (and_ln413)> <Delay = 0.00>
ST_1 : Operation 46 [1/1] (0.00ns)   --->   "%specloopname_ln449 = specloopname void @_ssdm_op_SpecLoopName, void @empty_4" [MHGD_accel.c:449]   --->   Operation 46 'specloopname' 'specloopname_ln449' <Predicate = (and_ln413)> <Delay = 0.00>
ST_1 : Operation 47 [1/1] (0.00ns)   --->   "%br_ln0 = br void %UnifiedUnreachableBlock"   --->   Operation 47 'br' 'br_ln0' <Predicate = (and_ln413)> <Delay = 0.00>

State 2 <SV = 1> <Delay = 6.65>
ST_2 : Operation 48 [7/8] (6.65ns)   --->   "%tmp_s = dexp i64 @llvm.exp.f64, i64 <undef>" [MHGD_accel.c:516]   --->   Operation 48 'dexp' 'tmp_s' <Predicate = true> <Delay = 6.65> <CoreInst = "DExp_fulldsp">   --->   Core 42 'DExp_fulldsp' <Latency = 7> <II = 1> <Delay = 6.65> <FuncUnit> <Opcode : 'dexp'> <InPorts = 1> <OutPorts = 1>

State 3 <SV = 2> <Delay = 6.65>
ST_3 : Operation 49 [6/8] (6.65ns)   --->   "%tmp_s = dexp i64 @llvm.exp.f64, i64 <undef>" [MHGD_accel.c:516]   --->   Operation 49 'dexp' 'tmp_s' <Predicate = true> <Delay = 6.65> <CoreInst = "DExp_fulldsp">   --->   Core 42 'DExp_fulldsp' <Latency = 7> <II = 1> <Delay = 6.65> <FuncUnit> <Opcode : 'dexp'> <InPorts = 1> <OutPorts = 1>

State 4 <SV = 3> <Delay = 6.65>
ST_4 : Operation 50 [5/8] (6.65ns)   --->   "%tmp_s = dexp i64 @llvm.exp.f64, i64 <undef>" [MHGD_accel.c:516]   --->   Operation 50 'dexp' 'tmp_s' <Predicate = true> <Delay = 6.65> <CoreInst = "DExp_fulldsp">   --->   Core 42 'DExp_fulldsp' <Latency = 7> <II = 1> <Delay = 6.65> <FuncUnit> <Opcode : 'dexp'> <InPorts = 1> <OutPorts = 1>

State 5 <SV = 4> <Delay = 6.65>
ST_5 : Operation 51 [4/8] (6.65ns)   --->   "%tmp_s = dexp i64 @llvm.exp.f64, i64 <undef>" [MHGD_accel.c:516]   --->   Operation 51 'dexp' 'tmp_s' <Predicate = true> <Delay = 6.65> <CoreInst = "DExp_fulldsp">   --->   Core 42 'DExp_fulldsp' <Latency = 7> <II = 1> <Delay = 6.65> <FuncUnit> <Opcode : 'dexp'> <InPorts = 1> <OutPorts = 1>

State 6 <SV = 5> <Delay = 6.65>
ST_6 : Operation 52 [3/8] (6.65ns)   --->   "%tmp_s = dexp i64 @llvm.exp.f64, i64 <undef>" [MHGD_accel.c:516]   --->   Operation 52 'dexp' 'tmp_s' <Predicate = true> <Delay = 6.65> <CoreInst = "DExp_fulldsp">   --->   Core 42 'DExp_fulldsp' <Latency = 7> <II = 1> <Delay = 6.65> <FuncUnit> <Opcode : 'dexp'> <InPorts = 1> <OutPorts = 1>

State 7 <SV = 6> <Delay = 6.65>
ST_7 : Operation 53 [2/8] (6.65ns)   --->   "%tmp_s = dexp i64 @llvm.exp.f64, i64 <undef>" [MHGD_accel.c:516]   --->   Operation 53 'dexp' 'tmp_s' <Predicate = true> <Delay = 6.65> <CoreInst = "DExp_fulldsp">   --->   Core 42 'DExp_fulldsp' <Latency = 7> <II = 1> <Delay = 6.65> <FuncUnit> <Opcode : 'dexp'> <InPorts = 1> <OutPorts = 1>

State 8 <SV = 7> <Delay = 6.65>
ST_8 : Operation 54 [1/8] (6.65ns)   --->   "%tmp_s = dexp i64 @llvm.exp.f64, i64 <undef>" [MHGD_accel.c:516]   --->   Operation 54 'dexp' 'tmp_s' <Predicate = true> <Delay = 6.65> <CoreInst = "DExp_fulldsp">   --->   Core 42 'DExp_fulldsp' <Latency = 7> <II = 1> <Delay = 6.65> <FuncUnit> <Opcode : 'dexp'> <InPorts = 1> <OutPorts = 1>

State 9 <SV = 8> <Delay = 1.82>
ST_9 : Operation 55 [2/2] (1.82ns)   --->   "%p_acc = fptrunc i64 %tmp_s" [MHGD_accel.c:516]   --->   Operation 55 'fptrunc' 'p_acc' <Predicate = true> <Delay = 1.82> <CoreInst = "Double2Float">   --->   Core 67 'Double2Float' <Latency = 1> <II = 1> <Delay = 1.82> <FuncUnit> <Opcode : 'fptrunc'> <InPorts = 1> <OutPorts = 1>

State 10 <SV = 9> <Delay = 1.82>
ST_10 : Operation 56 [1/2] (1.82ns)   --->   "%p_acc = fptrunc i64 %tmp_s" [MHGD_accel.c:516]   --->   Operation 56 'fptrunc' 'p_acc' <Predicate = true> <Delay = 1.82> <CoreInst = "Double2Float">   --->   Core 67 'Double2Float' <Latency = 1> <II = 1> <Delay = 1.82> <FuncUnit> <Opcode : 'fptrunc'> <InPorts = 1> <OutPorts = 1>

State 11 <SV = 10> <Delay = 7.76>
ST_11 : Operation 57 [1/1] (0.00ns)   --->   "%bitcast_ln519 = bitcast i32 %p_acc" [MHGD_accel.c:519]   --->   Operation 57 'bitcast' 'bitcast_ln519' <Predicate = true> <Delay = 0.00>
ST_11 : Operation 58 [1/1] (0.00ns)   --->   "%trunc_ln519 = trunc i32 %bitcast_ln519" [MHGD_accel.c:519]   --->   Operation 58 'trunc' 'trunc_ln519' <Predicate = true> <Delay = 0.00>
ST_11 : Operation 59 [1/1] (0.00ns)   --->   "%trunc_ln519_1 = trunc i32 %bitcast_ln519" [MHGD_accel.c:519]   --->   Operation 59 'trunc' 'trunc_ln519_1' <Predicate = true> <Delay = 0.00>
ST_11 : Operation 60 [2/2] (7.76ns)   --->   "%targetBlock = call i1 @MHGD_detect_accel_Pipeline_VITIS_LOOP_480_3, i32 %iter_read, i31 %trunc_ln519, i23 %trunc_ln519_1, i32 %p_acc, i1 %icmp_ln449" [MHGD_accel.c:214]   --->   Operation 60 'call' 'targetBlock' <Predicate = true> <Delay = 7.76> <CoreType = "Generic">   --->   Generic Core

State 12 <SV = 11> <Delay = 7.76>
ST_12 : Operation 61 [1/2] (7.76ns)   --->   "%targetBlock = call i1 @MHGD_detect_accel_Pipeline_VITIS_LOOP_480_3, i32 %iter_read, i31 %trunc_ln519, i23 %trunc_ln519_1, i32 %p_acc, i1 %icmp_ln449" [MHGD_accel.c:214]   --->   Operation 61 'call' 'targetBlock' <Predicate = (!and_ln413)> <Delay = 7.76> <CoreType = "Generic">   --->   Generic Core
ST_12 : Operation 62 [1/1] (0.00ns)   --->   "%br_ln214 = br i1 %targetBlock, void %for.inc.i186.split, void %for.inc.i212" [MHGD_accel.c:214]   --->   Operation 62 'br' 'br_ln214' <Predicate = (!and_ln413)> <Delay = 0.00>
ST_12 : Operation 63 [1/1] (0.00ns)   --->   "%specloopname_ln287 = specloopname void @_ssdm_op_SpecLoopName, void @empty_2" [util.c:287->MHGD_accel.c:521]   --->   Operation 63 'specloopname' 'specloopname_ln287' <Predicate = (!and_ln413 & !targetBlock)> <Delay = 0.00>
ST_12 : Operation 64 [1/1] (0.00ns)   --->   "%br_ln0 = br void %UnifiedUnreachableBlock"   --->   Operation 64 'br' 'br_ln0' <Predicate = (!and_ln413 & !targetBlock)> <Delay = 0.00>
ST_12 : Operation 65 [1/1] (0.00ns)   --->   "%br_ln287 = br i1 %icmp_ln449, void %my_complex_copy.exit214, void %for.inc.i212.split" [util.c:287->MHGD_accel.c:537]   --->   Operation 65 'br' 'br_ln287' <Predicate = (!and_ln413 & targetBlock)> <Delay = 0.00>
ST_12 : Operation 66 [1/1] (0.00ns)   --->   "%ret_ln540 = ret i32 0" [MHGD_accel.c:540]   --->   Operation 66 'ret' 'ret_ln540' <Predicate = (!and_ln413 & !icmp_ln449 & targetBlock)> <Delay = 0.00>
ST_12 : Operation 67 [1/1] (0.00ns)   --->   "%specloopname_ln287 = specloopname void @_ssdm_op_SpecLoopName, void @empty_2" [util.c:287->MHGD_accel.c:537]   --->   Operation 67 'specloopname' 'specloopname_ln287' <Predicate = (!and_ln413 & icmp_ln449 & targetBlock)> <Delay = 0.00>
ST_12 : Operation 68 [1/1] (0.00ns)   --->   "%br_ln0 = br void %UnifiedUnreachableBlock"   --->   Operation 68 'br' 'br_ln0' <Predicate = (!and_ln413 & icmp_ln449 & targetBlock)> <Delay = 0.00>
ST_12 : Operation 69 [1/1] (0.00ns)   --->   "%unreachable_ln0 = unreachable"   --->   Operation 69 'unreachable' 'unreachable_ln0' <Predicate = (!targetBlock) | (icmp_ln449) | (and_ln413)> <Delay = 0.00>


============================================================
+ Verbose Summary: Timing violations
============================================================
Target clock period: 10.000ns, clock uncertainty: 2.700ns.

 <State 1>: 6.657ns
The critical path consists of the following:
	'dexp' operation 64 bit ('tmp_s', MHGD_accel.c:516) [44]  (6.657 ns)

 <State 2>: 6.657ns
The critical path consists of the following:
	'dexp' operation 64 bit ('tmp_s', MHGD_accel.c:516) [44]  (6.657 ns)

 <State 3>: 6.657ns
The critical path consists of the following:
	'dexp' operation 64 bit ('tmp_s', MHGD_accel.c:516) [44]  (6.657 ns)

 <State 4>: 6.657ns
The critical path consists of the following:
	'dexp' operation 64 bit ('tmp_s', MHGD_accel.c:516) [44]  (6.657 ns)

 <State 5>: 6.657ns
The critical path consists of the following:
	'dexp' operation 64 bit ('tmp_s', MHGD_accel.c:516) [44]  (6.657 ns)

 <State 6>: 6.657ns
The critical path consists of the following:
	'dexp' operation 64 bit ('tmp_s', MHGD_accel.c:516) [44]  (6.657 ns)

 <State 7>: 6.657ns
The critical path consists of the following:
	'dexp' operation 64 bit ('tmp_s', MHGD_accel.c:516) [44]  (6.657 ns)

 <State 8>: 6.657ns
The critical path consists of the following:
	'dexp' operation 64 bit ('tmp_s', MHGD_accel.c:516) [44]  (6.657 ns)

 <State 9>: 1.825ns
The critical path consists of the following:
	'fptrunc' operation 32 bit ('p_acc', MHGD_accel.c:516) [45]  (1.825 ns)

 <State 10>: 1.825ns
The critical path consists of the following:
	'fptrunc' operation 32 bit ('p_acc', MHGD_accel.c:516) [45]  (1.825 ns)

 <State 11>: 7.766ns
The critical path consists of the following:
	'call' operation 1 bit ('targetBlock', MHGD_accel.c:214) to 'MHGD_detect_accel_Pipeline_VITIS_LOOP_480_3' [49]  (7.766 ns)

 <State 12>: 7.766ns
The critical path consists of the following:
	'call' operation 1 bit ('targetBlock', MHGD_accel.c:214) to 'MHGD_detect_accel_Pipeline_VITIS_LOOP_480_3' [49]  (7.766 ns)


============================================================
+ Verbose Summary: Binding
============================================================
N/A
* FSMD analyzer results:
  - Output states:
 - Input state : 
  - Chain level:
	State 1
	State 2
	State 3
	State 4
	State 5
	State 6
	State 7
	State 8
	State 9
	State 10
	State 11
	State 12


============================================================
+ Verbose Summary: Datapath Resource usage 
============================================================
N/A
