Mon Mar 31 11:41:34 2025: Running xcd server. This server was built by gradle.
Mon Mar 31 11:41:34 2025: Server was asked to start on port: '37315'
Mon Mar 31 11:41:34 2025: Server is using token UUID: '299fe86f-e81b-4ff5-b551-a995c458cf23'
Mon Mar 31 11:41:34 2025: SESSION_MGR: creating session with session uuid: '6d04a3e9-ade5-4ab9-8d63-1f78fcd2ec76' and name 'default'
Mon Mar 31 11:41:34 2025: Attempting to start server on port '37315'
Mon Mar 31 11:41:34 2025: XCD main fifo: created main fifo '/tmp/xcdmain299fe86f-e81b-4ff5-b551-a995c458cf23', fd read = 15
Mon Mar 31 11:41:34 2025: Running Dispatch Server
Mon Mar 31 11:41:34 2025: Version 2.2.0
Mon Mar 31 11:41:36 2025: Dispatch Server: Accepted socket connection from client
Mon Mar 31 11:41:36 2025: Starting Socket connection
Mon Mar 31 11:41:36 2025: EXCHANGE_TOKEN received, server token: 299fe86f-e81b-4ff5-b551-a995c458cf23, passed token: 299fe86f-e81b-4ff5-b551-a995c458cf23
Mon Mar 31 11:41:36 2025: SESSION_MGR: creating session with session uuid: '143d47b4-7bd6-484d-893a-2c3c71e86663' and name 'vitis_hls'
Mon Mar 31 11:41:36 2025: KERNEL_SVC: creating session with uuid: '143d47b4-7bd6-484d-893a-2c3c71e86663' and name 'vitis_hls'
Mon Mar 31 11:41:36 2025: GUIDANCE_SMGR: creating guidance session with uuid: '143d47b4-7bd6-484d-893a-2c3c71e86663' and name 'vitis_hls'
Mon Mar 31 11:41:45 2025: STOP_SERVER received, server token: 299fe86f-e81b-4ff5-b551-a995c458cf23, passed token: 299fe86f-e81b-4ff5-b551-a995c458cf23
Mon Mar 31 11:41:45 2025: Socket received request to stop server.
Mon Mar 31 11:41:45 2025: Dispatch Server: do_await_stop
Mon Mar 31 11:41:45 2025: Dispatch Server: stopping mainFifo_
Mon Mar 31 11:41:45 2025: XCD main fifo: Stopping
Mon Mar 31 11:41:45 2025: XCD main fifo: do_read error code: Operation canceled
Mon Mar 31 11:41:45 2025: XCD main fifo: bytes_transferred: 0
Mon Mar 31 11:41:45 2025: SERVER: destructor for server bound to port 37315
Mon Mar 31 11:41:45 2025: XCD main fifo: Good unlink of /tmp/xcdmain299fe86f-e81b-4ff5-b551-a995c458cf23
Mon Mar 31 11:41:45 2025: Server exiting with status 0.
Mon Mar 31 11:41:45 2025: Closing log file.
