INFO: [HLS 200-2005] Using work_dir /home/ggg_wufuqi/hls/MHGD/MHGD 
INFO: [HLS 200-1505] Using default flow_target 'vivado'
Resolution: For help on HLS 200-1505 see docs.xilinx.com/access/sources/dita/topic?Doc_Version=2024.2%20English&url=ug1448-hls-guidance&resourceid=200-1505.html
INFO: [HLS 200-1465] Applying ini 'syn.file=MHGD_accel.c' from /home/ggg_wufuqi/hls/MHGD/hls_config.cfg(20)
INFO: [HLS 200-10] Adding design file '/home/ggg_wufuqi/hls/MHGD/MHGD_accel.c' to the project
INFO: [HLS 200-1465] Applying ini 'syn.file=MHGD_accel.h' from /home/ggg_wufuqi/hls/MHGD/hls_config.cfg(21)
INFO: [HLS 200-10] Adding design file '/home/ggg_wufuqi/hls/MHGD/MHGD_accel.h' to the project
INFO: [HLS 200-1465] Applying ini 'syn.file=MyComplex.h' from /home/ggg_wufuqi/hls/MHGD/hls_config.cfg(22)
INFO: [HLS 200-10] Adding design file '/home/ggg_wufuqi/hls/MHGD/MyComplex.h' to the project
INFO: [HLS 200-1465] Applying ini 'syn.file=util.c' from /home/ggg_wufuqi/hls/MHGD/hls_config.cfg(23)
INFO: [HLS 200-10] Adding design file '/home/ggg_wufuqi/hls/MHGD/util.c' to the project
INFO: [HLS 200-1465] Applying ini 'syn.file=util.h' from /home/ggg_wufuqi/hls/MHGD/hls_config.cfg(24)
INFO: [HLS 200-10] Adding design file '/home/ggg_wufuqi/hls/MHGD/util.h' to the project
INFO: [HLS 200-1465] Applying ini 'syn.file=sys_config.h' from /home/ggg_wufuqi/hls/MHGD/hls_config.cfg(25)
INFO: [HLS 200-10] Adding design file '/home/ggg_wufuqi/hls/MHGD/sys_config.h' to the project
INFO: [HLS 200-1465] Applying ini 'syn.file=/home/ggg_wufuqi/hls/MHGD/MIMO_simulation.c' from /home/ggg_wufuqi/hls/MHGD/hls_config.cfg(26)
INFO: [HLS 200-10] Adding design file '/home/ggg_wufuqi/hls/MHGD/MIMO_simulation.c' to the project
INFO: [HLS 200-1465] Applying ini 'syn.file=/home/ggg_wufuqi/hls/MHGD/MIMO_simulation.h' from /home/ggg_wufuqi/hls/MHGD/hls_config.cfg(27)
INFO: [HLS 200-10] Adding design file '/home/ggg_wufuqi/hls/MHGD/MIMO_simulation.h' to the project
INFO: [HLS 200-1465] Applying ini 'tb.file=tb.c' from /home/ggg_wufuqi/hls/MHGD/hls_config.cfg(4)
INFO: [HLS 200-10] Adding test bench file '/home/ggg_wufuqi/hls/MHGD/tb.c' to the project
INFO: [HLS 200-1465] Applying ini 'tb.file=/home/ggg_wufuqi/MCMC_MIMO_Detector-master/input_file/H_SNR=5.txt' from /home/ggg_wufuqi/hls/MHGD/hls_config.cfg(6)
INFO: [HLS 200-10] Adding test bench file '/home/ggg_wufuqi/MCMC_MIMO_Detector-master/input_file/H_SNR=5.txt' to the project
INFO: [HLS 200-1465] Applying ini 'tb.file=/home/ggg_wufuqi/MCMC_MIMO_Detector-master/input_file/H_SNR=10.txt' from /home/ggg_wufuqi/hls/MHGD/hls_config.cfg(7)
INFO: [HLS 200-10] Adding test bench file '/home/ggg_wufuqi/MCMC_MIMO_Detector-master/input_file/H_SNR=10.txt' to the project
INFO: [HLS 200-1465] Applying ini 'tb.file=/home/ggg_wufuqi/MCMC_MIMO_Detector-master/input_file/H_SNR=15.txt' from /home/ggg_wufuqi/hls/MHGD/hls_config.cfg(8)
INFO: [HLS 200-10] Adding test bench file '/home/ggg_wufuqi/MCMC_MIMO_Detector-master/input_file/H_SNR=15.txt' to the project
INFO: [HLS 200-1465] Applying ini 'tb.file=/home/ggg_wufuqi/MCMC_MIMO_Detector-master/input_file/H_SNR=20.txt' from /home/ggg_wufuqi/hls/MHGD/hls_config.cfg(9)
INFO: [HLS 200-10] Adding test bench file '/home/ggg_wufuqi/MCMC_MIMO_Detector-master/input_file/H_SNR=20.txt' to the project
INFO: [HLS 200-1465] Applying ini 'tb.file=/home/ggg_wufuqi/MCMC_MIMO_Detector-master/input_file/H_SNR=25.txt' from /home/ggg_wufuqi/hls/MHGD/hls_config.cfg(10)
INFO: [HLS 200-10] Adding test bench file '/home/ggg_wufuqi/MCMC_MIMO_Detector-master/input_file/H_SNR=25.txt' to the project
INFO: [HLS 200-1465] Applying ini 'tb.file=/home/ggg_wufuqi/MCMC_MIMO_Detector-master/input_file/y_SNR=5.txt' from /home/ggg_wufuqi/hls/MHGD/hls_config.cfg(11)
INFO: [HLS 200-10] Adding test bench file '/home/ggg_wufuqi/MCMC_MIMO_Detector-master/input_file/y_SNR=5.txt' to the project
INFO: [HLS 200-1465] Applying ini 'tb.file=/home/ggg_wufuqi/MCMC_MIMO_Detector-master/input_file/y_SNR=10.txt' from /home/ggg_wufuqi/hls/MHGD/hls_config.cfg(12)
INFO: [HLS 200-10] Adding test bench file '/home/ggg_wufuqi/MCMC_MIMO_Detector-master/input_file/y_SNR=10.txt' to the project
INFO: [HLS 200-1465] Applying ini 'tb.file=/home/ggg_wufuqi/MCMC_MIMO_Detector-master/input_file/y_SNR=15.txt' from /home/ggg_wufuqi/hls/MHGD/hls_config.cfg(13)
INFO: [HLS 200-10] Adding test bench file '/home/ggg_wufuqi/MCMC_MIMO_Detector-master/input_file/y_SNR=15.txt' to the project
INFO: [HLS 200-1465] Applying ini 'tb.file=/home/ggg_wufuqi/MCMC_MIMO_Detector-master/input_file/y_SNR=20.txt' from /home/ggg_wufuqi/hls/MHGD/hls_config.cfg(14)
INFO: [HLS 200-10] Adding test bench file '/home/ggg_wufuqi/MCMC_MIMO_Detector-master/input_file/y_SNR=20.txt' to the project
INFO: [HLS 200-1465] Applying ini 'tb.file=/home/ggg_wufuqi/MCMC_MIMO_Detector-master/input_file/y_SNR=25.txt' from /home/ggg_wufuqi/hls/MHGD/hls_config.cfg(15)
INFO: [HLS 200-10] Adding test bench file '/home/ggg_wufuqi/MCMC_MIMO_Detector-master/input_file/y_SNR=25.txt' to the project
INFO: [HLS 200-1465] Applying ini 'syn.top=MHGD_detect_accel' from /home/ggg_wufuqi/hls/MHGD/hls_config.cfg(29)
INFO: [HLS 200-1465] Applying ini 'flow_target=vivado' from /home/ggg_wufuqi/hls/MHGD/hls_config.cfg(28)
INFO: [HLS 200-1505] Using flow_target 'vivado'
Resolution: For help on HLS 200-1505 see docs.xilinx.com/access/sources/dita/topic?Doc_Version=2024.2%20English&url=ug1448-hls-guidance&resourceid=200-1505.html
INFO: [HLS 200-1465] Applying ini 'part=xck26-sfvc784-2LV-c' from /home/ggg_wufuqi/hls/MHGD/hls_config.cfg(1)
INFO: [HLS 200-1611] Setting target device to 'xck26-sfvc784-2LV-c'
INFO: [HLS 200-1465] Applying ini 'clock=10ns' from /home/ggg_wufuqi/hls/MHGD/hls_config.cfg(16)
INFO: [SYN 201-201] Setting up clock 'default' with a period of 10ns.
INFO: [HLS 200-1465] Applying ini 'cosim.argv=MHGD_detect_accel' from /home/ggg_wufuqi/hls/MHGD/hls_config.cfg(18)
INFO: [HLS 200-1465] Applying ini 'csim.argv=MHGD_detect_accel' from /home/ggg_wufuqi/hls/MHGD/hls_config.cfg(17)
INFO: [HLS 200-1465] Applying ini 'csim.clean=1' from /home/ggg_wufuqi/hls/MHGD/hls_config.cfg(19)
INFO: [HLS 200-1465] Applying ini 'syn.dataflow.disable_fifo_sizing_opt=1' from /home/ggg_wufuqi/hls/MHGD/hls_config.cfg(30)
INFO: [HLS 200-111] Finished File checks and directory preparation: CPU user time: 1.75 seconds. CPU system time: 0.16 seconds. Elapsed time: 1.83 seconds; current allocated memory: 659.059 MB.
INFO: [HLS 200-10] Analyzing design file 'MIMO_simulation.c' ... 
WARNING: [HLS 207-1017] unknown pragma ignored (./util.h:10:9)
INFO: [HLS 200-10] Analyzing design file 'util.c' ... 
WARNING: [HLS 207-1017] unknown pragma ignored (./util.h:10:9)
INFO: [HLS 200-10] Analyzing design file 'MHGD_accel.c' ... 
WARNING: [HLS 207-910] '__SYNTHESIS__' macro redefined (MHGD_accel.c:11:10)
INFO: [HLS 207-71] previous definition is here (<command line>:3:9)
WARNING: [HLS 207-1017] unknown pragma ignored (./util.h:10:9)
WARNING: [HLS 207-5292] unused parameter 'Nr' (MHGD_accel.c:147:34)
INFO: [HLS 200-111] Finished Source Code Analysis and Preprocessing: CPU user time: 0.49 seconds. CPU system time: 0.4 seconds. Elapsed time: 0.88 seconds; current allocated memory: 662.172 MB.
INFO: [HLS 200-777] Using interface defaults for 'Vivado' flow target.
WARNING: [HLS 200-1995] There were 100,733 instructions in the design after the 'Compile/Link' phase of compilation. See the Design Size Report for more details: /home/ggg_wufuqi/hls/MHGD/MHGD/hls/syn/report/csynth_design_size.rpt
INFO: [HLS 200-1995] There were 10,621 instructions in the design after the 'Unroll/Inline (step 1)' phase of compilation. See the Design Size Report for more details: /home/ggg_wufuqi/hls/MHGD/MHGD/hls/syn/report/csynth_design_size.rpt
INFO: [HLS 200-1995] There were 6,539 instructions in the design after the 'Unroll/Inline (step 2)' phase of compilation. See the Design Size Report for more details: /home/ggg_wufuqi/hls/MHGD/MHGD/hls/syn/report/csynth_design_size.rpt
INFO: [HLS 200-1995] There were 6,403 instructions in the design after the 'Unroll/Inline (step 3)' phase of compilation. See the Design Size Report for more details: /home/ggg_wufuqi/hls/MHGD/MHGD/hls/syn/report/csynth_design_size.rpt
INFO: [HLS 200-1995] There were 2,949 instructions in the design after the 'Unroll/Inline (step 4)' phase of compilation. See the Design Size Report for more details: /home/ggg_wufuqi/hls/MHGD/MHGD/hls/syn/report/csynth_design_size.rpt
INFO: [HLS 200-1995] There were 2,474 instructions in the design after the 'Array/Struct (step 1)' phase of compilation. See the Design Size Report for more details: /home/ggg_wufuqi/hls/MHGD/MHGD/hls/syn/report/csynth_design_size.rpt
INFO: [HLS 200-1995] There were 2,474 instructions in the design after the 'Array/Struct (step 2)' phase of compilation. See the Design Size Report for more details: /home/ggg_wufuqi/hls/MHGD/MHGD/hls/syn/report/csynth_design_size.rpt
INFO: [HLS 200-1995] There were 2,576 instructions in the design after the 'Array/Struct (step 3)' phase of compilation. See the Design Size Report for more details: /home/ggg_wufuqi/hls/MHGD/MHGD/hls/syn/report/csynth_design_size.rpt
INFO: [HLS 200-1995] There were 2,549 instructions in the design after the 'Array/Struct (step 4)' phase of compilation. See the Design Size Report for more details: /home/ggg_wufuqi/hls/MHGD/MHGD/hls/syn/report/csynth_design_size.rpt
INFO: [HLS 200-1995] There were 2,198 instructions in the design after the 'Array/Struct (step 5)' phase of compilation. See the Design Size Report for more details: /home/ggg_wufuqi/hls/MHGD/MHGD/hls/syn/report/csynth_design_size.rpt
INFO: [HLS 200-1995] There were 2,138 instructions in the design after the 'Performance (step 1)' phase of compilation. See the Design Size Report for more details: /home/ggg_wufuqi/hls/MHGD/MHGD/hls/syn/report/csynth_design_size.rpt
INFO: [HLS 200-1995] There were 2,122 instructions in the design after the 'Performance (step 2)' phase of compilation. See the Design Size Report for more details: /home/ggg_wufuqi/hls/MHGD/MHGD/hls/syn/report/csynth_design_size.rpt
INFO: [HLS 200-1995] There were 2,048 instructions in the design after the 'Performance (step 3)' phase of compilation. See the Design Size Report for more details: /home/ggg_wufuqi/hls/MHGD/MHGD/hls/syn/report/csynth_design_size.rpt
INFO: [HLS 200-1995] There were 2,048 instructions in the design after the 'Performance (step 4)' phase of compilation. See the Design Size Report for more details: /home/ggg_wufuqi/hls/MHGD/MHGD/hls/syn/report/csynth_design_size.rpt
INFO: [HLS 200-1995] There were 2,122 instructions in the design after the 'HW Transforms (step 1)' phase of compilation. See the Design Size Report for more details: /home/ggg_wufuqi/hls/MHGD/MHGD/hls/syn/report/csynth_design_size.rpt
INFO: [HLS 200-1995] There were 2,046 instructions in the design after the 'HW Transforms (step 2)' phase of compilation. See the Design Size Report for more details: /home/ggg_wufuqi/hls/MHGD/MHGD/hls/syn/report/csynth_design_size.rpt
INFO: [HLS 214-178] Inlining function 'fp_struct<double>::fp_struct(double)' into 'int generic_isinf<double>(double)' (/wrk/ci/prod/2024.2/hls_product/continuous/495/2024.2/src/shared/hls/clib/hlsmath/include/FloatingPoint/hls_isinf.h:16:0)
INFO: [HLS 214-178] Inlining function 'fp_struct<double>::fp_struct(double)' into 'int generic_isnan<double>(double)' (/wrk/ci/prod/2024.2/hls_product/continuous/495/2024.2/src/shared/hls/clib/hlsmath/include/FloatingPoint/hls_isnan.h:16:0)
INFO: [HLS 214-178] Inlining function 'fp_struct<double>::data() const (.79.114.123.133.164)' into 'fp_struct<double>::to_double() const (.111.120.130.161)' (/wrk/ci/prod/2024.2/hls_product/continuous/495/2024.2/src/shared/hls/clib/src/hls/utils/x_hls_utils.h:494:0)
INFO: [HLS 214-178] Inlining function 'fp_struct<double>::to_double() const (.111.120.130.161)' into 'fp_struct<double>::to_ieee() const' (/wrk/ci/prod/2024.2/hls_product/continuous/495/2024.2/src/shared/hls/clib/src/hls/utils/x_hls_utils.h:509:0)
INFO: [HLS 214-178] Inlining function 'void pow_reduce::log_range_reduce<ap_fixed<121, 12, (ap_q_mode)5, (ap_o_mode)3, 0>, 4, 4, 71, 73>(ap_ufixed<71, -(4), (ap_q_mode)5, (ap_o_mode)3, 0>, ap_fixed<121, 12, (ap_q_mode)5, (ap_o_mode)3, 0>&, ap_ufixed<73, -(((4) + (4)) - (1)), (ap_q_mode)5, (ap_o_mode)3, 0>&)' into 'ap_ufixed<72, -37, (ap_q_mode)5, (ap_o_mode)3, 0> pow_reduce::pow_traits<double>::log_range_reduction<71>(ap_ufixed<71, -4, (ap_q_mode)5, (ap_o_mode)3, 0>, ap_fixed<121, 12, (ap_q_mode)5, (ap_o_mode)3, 0>&)' (/wrk/ci/prod/2024.2/hls_product/continuous/495/2024.2/src/shared/hls/clib/hlsmath/include/FloatingPoint/hls_pow.h:186:0)
INFO: [HLS 214-178] Inlining function 'void pow_reduce::log_range_reduce<ap_fixed<121, 12, (ap_q_mode)5, (ap_o_mode)3, 0>, 7, 6, 73, 83>(ap_ufixed<73, -(7), (ap_q_mode)5, (ap_o_mode)3, 0>, ap_fixed<121, 12, (ap_q_mode)5, (ap_o_mode)3, 0>&, ap_ufixed<83, -(((7) + (6)) - (1)), (ap_q_mode)5, (ap_o_mode)3, 0>&)' into 'ap_ufixed<72, -37, (ap_q_mode)5, (ap_o_mode)3, 0> pow_reduce::pow_traits<double>::log_range_reduction<71>(ap_ufixed<71, -4, (ap_q_mode)5, (ap_o_mode)3, 0>, ap_fixed<121, 12, (ap_q_mode)5, (ap_o_mode)3, 0>&)' (/wrk/ci/prod/2024.2/hls_product/continuous/495/2024.2/src/shared/hls/clib/hlsmath/include/FloatingPoint/hls_pow.h:186:0)
INFO: [HLS 214-178] Inlining function 'void pow_reduce::log_range_reduce<ap_fixed<121, 12, (ap_q_mode)5, (ap_o_mode)3, 0>, 12, 6, 83, 92>(ap_ufixed<83, -(12), (ap_q_mode)5, (ap_o_mode)3, 0>, ap_fixed<121, 12, (ap_q_mode)5, (ap_o_mode)3, 0>&, ap_ufixed<92, -(((12) + (6)) - (1)), (ap_q_mode)5, (ap_o_mode)3, 0>&)' into 'ap_ufixed<72, -37, (ap_q_mode)5, (ap_o_mode)3, 0> pow_reduce::pow_traits<double>::log_range_reduction<71>(ap_ufixed<71, -4, (ap_q_mode)5, (ap_o_mode)3, 0>, ap_fixed<121, 12, (ap_q_mode)5, (ap_o_mode)3, 0>&)' (/wrk/ci/prod/2024.2/hls_product/continuous/495/2024.2/src/shared/hls/clib/hlsmath/include/FloatingPoint/hls_pow.h:186:0)
INFO: [HLS 214-178] Inlining function 'void pow_reduce::log_range_reduce<ap_fixed<121, 12, (ap_q_mode)5, (ap_o_mode)3, 0>, 17, 6, 92, 87>(ap_ufixed<92, -(17), (ap_q_mode)5, (ap_o_mode)3, 0>, ap_fixed<121, 12, (ap_q_mode)5, (ap_o_mode)3, 0>&, ap_ufixed<87, -(((17) + (6)) - (1)), (ap_q_mode)5, (ap_o_mode)3, 0>&)' into 'ap_ufixed<72, -37, (ap_q_mode)5, (ap_o_mode)3, 0> pow_reduce::pow_traits<double>::log_range_reduction<71>(ap_ufixed<71, -4, (ap_q_mode)5, (ap_o_mode)3, 0>, ap_fixed<121, 12, (ap_q_mode)5, (ap_o_mode)3, 0>&)' (/wrk/ci/prod/2024.2/hls_product/continuous/495/2024.2/src/shared/hls/clib/hlsmath/include/FloatingPoint/hls_pow.h:186:0)
INFO: [HLS 214-178] Inlining function 'void pow_reduce::log_range_reduce<ap_fixed<121, 12, (ap_q_mode)5, (ap_o_mode)3, 0>, 22, 6, 87, 82>(ap_ufixed<87, -(22), (ap_q_mode)5, (ap_o_mode)3, 0>, ap_fixed<121, 12, (ap_q_mode)5, (ap_o_mode)3, 0>&, ap_ufixed<82, -(((22) + (6)) - (1)), (ap_q_mode)5, (ap_o_mode)3, 0>&)' into 'ap_ufixed<72, -37, (ap_q_mode)5, (ap_o_mode)3, 0> pow_reduce::pow_traits<double>::log_range_reduction<71>(ap_ufixed<71, -4, (ap_q_mode)5, (ap_o_mode)3, 0>, ap_fixed<121, 12, (ap_q_mode)5, (ap_o_mode)3, 0>&)' (/wrk/ci/prod/2024.2/hls_product/continuous/495/2024.2/src/shared/hls/clib/hlsmath/include/FloatingPoint/hls_pow.h:186:0)
INFO: [HLS 214-178] Inlining function 'void pow_reduce::log_range_reduce<ap_fixed<121, 12, (ap_q_mode)5, (ap_o_mode)3, 0>, 27, 6, 82, 77>(ap_ufixed<82, -(27), (ap_q_mode)5, (ap_o_mode)3, 0>, ap_fixed<121, 12, (ap_q_mode)5, (ap_o_mode)3, 0>&, ap_ufixed<77, -(((27) + (6)) - (1)), (ap_q_mode)5, (ap_o_mode)3, 0>&)' into 'ap_ufixed<72, -37, (ap_q_mode)5, (ap_o_mode)3, 0> pow_reduce::pow_traits<double>::log_range_reduction<71>(ap_ufixed<71, -4, (ap_q_mode)5, (ap_o_mode)3, 0>, ap_fixed<121, 12, (ap_q_mode)5, (ap_o_mode)3, 0>&)' (/wrk/ci/prod/2024.2/hls_product/continuous/495/2024.2/src/shared/hls/clib/hlsmath/include/FloatingPoint/hls_pow.h:186:0)
INFO: [HLS 214-178] Inlining function 'void pow_reduce::log_range_reduce<ap_fixed<121, 12, (ap_q_mode)5, (ap_o_mode)3, 0>, 32, 6, 77, 72>(ap_ufixed<77, -(32), (ap_q_mode)5, (ap_o_mode)3, 0>, ap_fixed<121, 12, (ap_q_mode)5, (ap_o_mode)3, 0>&, ap_ufixed<72, -(((32) + (6)) - (1)), (ap_q_mode)5, (ap_o_mode)3, 0>&)' into 'ap_ufixed<72, -37, (ap_q_mode)5, (ap_o_mode)3, 0> pow_reduce::pow_traits<double>::log_range_reduction<71>(ap_ufixed<71, -4, (ap_q_mode)5, (ap_o_mode)3, 0>, ap_fixed<121, 12, (ap_q_mode)5, (ap_o_mode)3, 0>&)' (/wrk/ci/prod/2024.2/hls_product/continuous/495/2024.2/src/shared/hls/clib/hlsmath/include/FloatingPoint/hls_pow.h:186:0)
INFO: [HLS 214-178] Inlining function 'fp_struct<double>::fp_struct(double)' into 'double pow_reduce::pow_generic<double>(double, double)' (/wrk/ci/prod/2024.2/hls_product/continuous/495/2024.2/src/shared/hls/clib/hlsmath/include/FloatingPoint/hls_pow.h:292:0)
INFO: [HLS 214-178] Inlining function 'fp_struct<double>::expv() const' into 'double pow_reduce::pow_generic<double>(double, double)' (/wrk/ci/prod/2024.2/hls_product/continuous/495/2024.2/src/shared/hls/clib/hlsmath/include/FloatingPoint/hls_pow.h:292:0)
INFO: [HLS 214-178] Inlining function 'int generic_isinf<double>(double)' into 'double pow_reduce::pow_generic<double>(double, double)' (/wrk/ci/prod/2024.2/hls_product/continuous/495/2024.2/src/shared/hls/clib/hlsmath/include/FloatingPoint/hls_pow.h:292:0)
INFO: [HLS 214-178] Inlining function 'int generic_isnan<double>(double)' into 'double pow_reduce::pow_generic<double>(double, double)' (/wrk/ci/prod/2024.2/hls_product/continuous/495/2024.2/src/shared/hls/clib/hlsmath/include/FloatingPoint/hls_pow.h:292:0)
INFO: [HLS 214-178] Inlining function 'pow_reduce::pow_traits<double>::exp_Z1P_m_1(ap_ufixed<51, -8, (ap_q_mode)5, (ap_o_mode)3, 0>)' into 'double pow_reduce::pow_generic<double>(double, double)' (/wrk/ci/prod/2024.2/hls_product/continuous/495/2024.2/src/shared/hls/clib/hlsmath/include/FloatingPoint/hls_pow.h:292:0)
INFO: [HLS 214-178] Inlining function 'complex_conjugate' into 'c_matmultiple' (util.c:285:0)
INFO: [HLS 214-178] Inlining function 'complex_multiply.208' into 'c_matmultiple' (util.c:285:0)
INFO: [HLS 214-178] Inlining function 'complex_add' into 'c_matmultiple' (util.c:285:0)
INFO: [HLS 214-178] Inlining function 'complex_multiply.208' into 'MulMatrix' (util.c:111:0)
INFO: [HLS 214-178] Inlining function 'complex_add' into 'MulMatrix' (util.c:111:0)
INFO: [HLS 214-178] Inlining function 'initMatrix' into 'Inverse_LU' (util.c:133:0)
INFO: [HLS 214-178] Inlining function 'complex_divide' into 'Inverse_LU' (util.c:133:0)
INFO: [HLS 214-178] Inlining function 'complex_multiply.208' into 'Inverse_LU' (util.c:133:0)
INFO: [HLS 214-178] Inlining function 'complex_add' into 'Inverse_LU' (util.c:133:0)
INFO: [HLS 214-178] Inlining function 'complex_subtract' into 'Inverse_LU' (util.c:133:0)
INFO: [HLS 214-178] Inlining function 'complex_divide.221.227' into 'Inverse_LU' (util.c:133:0)
INFO: [HLS 214-178] Inlining function 'MulMatrix' into 'Inverse_LU' (util.c:133:0)
INFO: [HLS 214-178] Inlining function 'fp_struct<double>::fp_struct(double)' into 'double generic_copysign<double>(double, double)' (/wrk/ci/prod/2024.2/hls_product/continuous/495/2024.2/src/shared/hls/clib/hlsmath/include/FloatingPoint/hls_copysign.h:10:0)
INFO: [HLS 214-178] Inlining function 'fp_struct<double>::to_ieee() const' into 'double generic_copysign<double>(double, double)' (/wrk/ci/prod/2024.2/hls_product/continuous/495/2024.2/src/shared/hls/clib/hlsmath/include/FloatingPoint/hls_copysign.h:10:0)
INFO: [HLS 214-178] Inlining function 'fp_struct<double>::fp_struct(double)' into 'double generic_floor<double>(double)' (/wrk/ci/prod/2024.2/hls_product/continuous/495/2024.2/src/shared/hls/clib/hlsmath/include/FloatingPoint/hls_floor.h:14:0)
INFO: [HLS 214-178] Inlining function 'fp_struct<double>::__signbit() const' into 'double generic_floor<double>(double)' (/wrk/ci/prod/2024.2/hls_product/continuous/495/2024.2/src/shared/hls/clib/hlsmath/include/FloatingPoint/hls_floor.h:14:0)
INFO: [HLS 214-178] Inlining function 'double generic_copysign<double>(double, double)' into 'double generic_floor<double>(double)' (/wrk/ci/prod/2024.2/hls_product/continuous/495/2024.2/src/shared/hls/clib/hlsmath/include/FloatingPoint/hls_floor.h:14:0)
INFO: [HLS 214-178] Inlining function 'fp_struct<double>::data() const (.79.114.123.133.164)' into 'double generic_floor<double>(double)' (/wrk/ci/prod/2024.2/hls_product/continuous/495/2024.2/src/shared/hls/clib/hlsmath/include/FloatingPoint/hls_floor.h:14:0)
INFO: [HLS 214-178] Inlining function 'fp_struct<double>::fp_struct(ap_uint<64>)' into 'double generic_floor<double>(double)' (/wrk/ci/prod/2024.2/hls_product/continuous/495/2024.2/src/shared/hls/clib/hlsmath/include/FloatingPoint/hls_floor.h:14:0)
INFO: [HLS 214-178] Inlining function 'fp_struct<double>::to_ieee() const' into 'double generic_floor<double>(double)' (/wrk/ci/prod/2024.2/hls_product/continuous/495/2024.2/src/shared/hls/clib/hlsmath/include/FloatingPoint/hls_floor.h:14:0)
INFO: [HLS 214-178] Inlining function 'floor' into 'map' (util.c:441:0)
INFO: [HLS 214-178] Inlining function 'my_complex_scal' into 'map' (util.c:441:0)
INFO: [HLS 214-178] Inlining function 'pow' into 'MHGD_detect_accel' (MHGD_accel.c:213:0)
INFO: [HLS 214-178] Inlining function 'c_eye_generate' into 'MHGD_detect_accel' (MHGD_accel.c:213:0)
INFO: [HLS 214-178] Inlining function 'my_complex_add' into 'MHGD_detect_accel' (MHGD_accel.c:213:0)
INFO: [HLS 214-178] Inlining function 'generateUniformRandoms_int' into 'MHGD_detect_accel' (MHGD_accel.c:213:0)
INFO: [HLS 214-178] Inlining function 'my_complex_sub' into 'MHGD_detect_accel' (MHGD_accel.c:213:0)
INFO: [HLS 214-178] Inlining function 'my_complex_copy' into 'MHGD_detect_accel' (MHGD_accel.c:213:0)
INFO: [HLS 214-178] Inlining function 'my_complex_scal' into 'MHGD_detect_accel' (MHGD_accel.c:213:0)
INFO: [HLS 214-178] Inlining function 'generateUniformRandoms_float' into 'MHGD_detect_accel' (MHGD_accel.c:213:0)
WARNING: [HLS 214-450] Ignore address on register port 'vla.real' (util.c:183:24)
WARNING: [HLS 214-450] Ignore address on register port 'vla.imag' (util.c:183:24)
WARNING: [HLS 214-450] Ignore address on register port 'vla2.real' (util.c:183:24)
WARNING: [HLS 214-450] Ignore address on register port 'vla2.imag' (util.c:183:24)
WARNING: [HLS 214-450] Ignore address on register port 'vla2.real'
WARNING: [HLS 214-450] Ignore address on register port 'vla2.imag'
WARNING: [HLS 214-450] Ignore address on register port 'vla.real' (util.c:193:24)
WARNING: [HLS 214-450] Ignore address on register port 'vla.imag' (util.c:193:24)
WARNING: [HLS 214-450] Ignore address on register port 'vla2.real' (util.c:193:24)
WARNING: [HLS 214-450] Ignore address on register port 'vla2.imag' (util.c:193:24)
WARNING: [HLS 214-450] Ignore address on register port 'vla.real' (util.c:211:24)
WARNING: [HLS 214-450] Ignore address on register port 'vla.imag' (util.c:211:24)
WARNING: [HLS 214-450] Ignore address on register port 'vla4.real' (util.c:211:24)
WARNING: [HLS 214-450] Ignore address on register port 'vla4.imag' (util.c:211:24)
WARNING: [HLS 214-450] Ignore address on register port 'vla4.real' (util.c:213:41)
WARNING: [HLS 214-450] Ignore address on register port 'vla4.imag' (util.c:213:41)
WARNING: [HLS 214-450] Ignore address on register port 'vla4.real' (util.c:214:41)
WARNING: [HLS 214-450] Ignore address on register port 'vla2.real' (util.c:222:28)
WARNING: [HLS 214-450] Ignore address on register port 'vla2.imag' (util.c:222:28)
WARNING: [HLS 214-450] Ignore address on register port 'vla2.real' (util.c:233:24)
WARNING: [HLS 214-450] Ignore address on register port 'vla2.imag' (util.c:233:24)
WARNING: [HLS 214-450] Ignore address on register port 'vla6.real' (util.c:233:24)
WARNING: [HLS 214-450] Ignore address on register port 'vla6.imag' (util.c:233:24)
WARNING: [HLS 214-450] Ignore address on register port 'vla2.real' (util.c:238:29)
WARNING: [HLS 214-450] Ignore address on register port 'vla2.imag' (util.c:238:29)
WARNING: [HLS 214-167] The program may have out of bound array access on variable 'p_uni' (util.c:407:12)
INFO: [HLS 214-241] Aggregating scalar variable 'v_tb' with compact=bit mode in 64-bits (MHGD_accel.c:213:0)
INFO: [HLS 214-241] Aggregating scalar variable 'y' with compact=bit mode in 64-bits (MHGD_accel.c:213:0)
INFO: [HLS 214-241] Aggregating scalar variable 'H' with compact=bit mode in 64-bits (MHGD_accel.c:213:0)
INFO: [HLS 214-241] Aggregating scalar variable 'x_hat' with compact=bit mode in 64-bits (MHGD_accel.c:213:0)
WARNING: [HLS 214-450] Ignore address on register port 'x_hat' (util.c:446:17)
WARNING: [HLS 214-450] Ignore address on register port 'x_hat' (util.c:453:18)
WARNING: [HLS 214-450] Ignore address on register port 'x_hat' (util.c:459:18)
WARNING: [HLS 214-450] Ignore address on register port 'x_hat' (util.c:465:18)
WARNING: [HLS 214-450] Ignore address on register port 'x_hat' (util.c:279:20)
WARNING: [HLS 214-450] Ignore address on register port 'x_hat' (util.c:280:20)
WARNING: [HLS 214-450] Ignore address on register port 'x_hat' (MHGD_accel.c:436:15)
WARNING: [HLS 214-450] Ignore address on register port 'x_hat' (util.c:272:20)
INFO: [HLS 214-376] automatically set the pipeline for Loop< VITIS_LOOP_443_1> at util.c:443:20 
INFO: [HLS 214-376] automatically set the pipeline for Loop< VITIS_LOOP_278_1> at util.c:278:20 
INFO: [HLS 214-376] automatically set the pipeline for Loop< VITIS_LOOP_191_8> at util.c:191:22 
INFO: [HLS 214-376] automatically set the pipeline for Loop< VITIS_LOOP_182_6> at util.c:182:22 
INFO: [HLS 214-376] automatically set the pipeline for Loop< VITIS_LOOP_210_12> at util.c:210:23 
INFO: [HLS 214-376] automatically set the pipeline for Loop< VITIS_LOOP_231_16> at util.c:231:23 
INFO: [HLS 214-376] automatically set the pipeline for Loop< VITIS_LOOP_116_2> at util.c:116:21 
INFO: [HLS 214-376] automatically set the pipeline for Loop< VITIS_LOOP_307_2> at util.c:307:21 
INFO: [HLS 214-376] automatically set the pipeline for Loop< VITIS_LOOP_34_1> at util.c:34:19 
INFO: [HLS 214-376] automatically set the pipeline for Loop< VITIS_LOOP_40_2> at util.c:40:19 
INFO: [HLS 214-376] automatically set the pipeline for Loop< VITIS_LOOP_246_1> at util.c:246:20 
INFO: [HLS 214-376] automatically set the pipeline for Loop< VITIS_LOOP_413_1> at MHGD_accel.c:413:21 
INFO: [HLS 214-376] automatically set the pipeline for Loop< VITIS_LOOP_394_1> at util.c:394:20 
INFO: [HLS 214-376] automatically set the pipeline for Loop< VITIS_LOOP_435_2> at MHGD_accel.c:435:21 
INFO: [HLS 214-376] automatically set the pipeline for Loop< VITIS_LOOP_254_1> at util.c:254:20 
INFO: [HLS 214-376] automatically set the pipeline for Loop< VITIS_LOOP_270_1> at util.c:270:20 
INFO: [HLS 214-376] automatically set the pipeline for Loop< VITIS_LOOP_406_1> at util.c:406:20 
INFO: [HLS 214-437] Automatically disabling loop flattening for loop 'VITIS_LOOP_227_15'. (util.c:227:22)
INFO: [HLS 214-437] Automatically disabling loop flattening for loop 'VITIS_LOOP_206_11'. (util.c:206:22)
INFO: [HLS 214-437] Automatically disabling loop flattening for loop 'VITIS_LOOP_178_5'. (util.c:178:21)
INFO: [HLS 214-437] Automatically disabling loop flattening for loop 'VITIS_LOOP_187_7'. (util.c:187:21)
INFO: [HLS 200-111] Finished Compiling Optimization and Transform: CPU user time: 2.66 seconds. CPU system time: 0.34 seconds. Elapsed time: 7.08 seconds; current allocated memory: 666.652 MB.
INFO: [HLS 200-111] Finished Checking Pragmas: CPU user time: 0 seconds. CPU system time: 0 seconds. Elapsed time: 0 seconds; current allocated memory: 666.652 MB.
INFO: [HLS 200-10] Starting code transformations ...
INFO: [HLS 200-111] Finished Standard Transforms: CPU user time: 0.03 seconds. CPU system time: 0 seconds. Elapsed time: 0.03 seconds; current allocated memory: 670.227 MB.
INFO: [HLS 200-10] Checking synthesizability ...
INFO: [HLS 200-111] Finished Checking Synthesizability: CPU user time: 0.02 seconds. CPU system time: 0 seconds. Elapsed time: 0.02 seconds; current allocated memory: 672.484 MB.
INFO: [HLS 200-111] Finished Loop, function and other optimizations: CPU user time: 0.03 seconds. CPU system time: 0.01 seconds. Elapsed time: 0.04 seconds; current allocated memory: 696.453 MB.
WARNING: [XFORM 203-561] 'VITIS_LOOP_406_1' (util.c:406:20) in function 'MHGD_detect_accel' is an infinite loop.
INFO: [HLS 200-111] Finished Architecture Synthesis: CPU user time: 0.01 seconds. CPU system time: 0 seconds. Elapsed time: 0.01 seconds; current allocated memory: 696.453 MB.
INFO: [HLS 200-10] Starting hardware synthesis ...
INFO: [HLS 200-10] Synthesizing 'MHGD_detect_accel' ...
INFO: [HLS 200-10] ----------------------------------------------------------------
INFO: [HLS 200-42] -- Implementing module 'MHGD_detect_accel' 
INFO: [HLS 200-10] ----------------------------------------------------------------
INFO: [SCHED 204-11] Starting scheduling ...
INFO: [SCHED 204-61] Pipelining function 'MHGD_detect_accel'.
INFO: [HLS 200-1470] Pipelining result : Target II = NA, Final II = 1, Depth = 1, function 'MHGD_detect_accel'
INFO: [SCHED 204-11] Finished scheduling.
INFO: [HLS 200-111] Finished Scheduling: CPU user time: 0.02 seconds. CPU system time: 0.01 seconds. Elapsed time: 0.03 seconds; current allocated memory: 696.453 MB.
INFO: [BIND 205-100] Starting micro-architecture generation ...
INFO: [BIND 205-101] Performing variable lifetime analysis.
INFO: [BIND 205-101] Exploring resource sharing.
INFO: [BIND 205-101] Binding ...
INFO: [BIND 205-100] Finished micro-architecture generation.
INFO: [HLS 200-111] Finished Binding: CPU user time: 0.01 seconds. CPU system time: 0 seconds. Elapsed time: 0.01 seconds; current allocated memory: 696.453 MB.
INFO: [HLS 200-10] ----------------------------------------------------------------
INFO: [HLS 200-10] -- Generating RTL for module 'MHGD_detect_accel' 
INFO: [HLS 200-10] ----------------------------------------------------------------
INFO: [RTGEN 206-500] Setting interface mode on port 'MHGD_detect_accel/x_hat' to 'ap_none'.
INFO: [RTGEN 206-500] Setting interface mode on port 'MHGD_detect_accel/Nt' to 'ap_none'.
INFO: [RTGEN 206-500] Setting interface mode on port 'MHGD_detect_accel/Nr' to 'ap_none'.
INFO: [RTGEN 206-500] Setting interface mode on port 'MHGD_detect_accel/mu' to 'ap_none'.
INFO: [RTGEN 206-500] Setting interface mode on port 'MHGD_detect_accel/H' to 'ap_none'.
INFO: [RTGEN 206-500] Setting interface mode on port 'MHGD_detect_accel/y' to 'ap_none'.
INFO: [RTGEN 206-500] Setting interface mode on port 'MHGD_detect_accel/sigma2' to 'ap_none'.
INFO: [RTGEN 206-500] Setting interface mode on port 'MHGD_detect_accel/mmse_init' to 'ap_none'.
INFO: [RTGEN 206-500] Setting interface mode on port 'MHGD_detect_accel/lr_approx' to 'ap_none'.
INFO: [RTGEN 206-500] Setting interface mode on port 'MHGD_detect_accel/iter' to 'ap_none'.
INFO: [RTGEN 206-500] Setting interface mode on port 'MHGD_detect_accel/v_tb' to 'ap_none'.
INFO: [RTGEN 206-500] Setting interface mode on function 'MHGD_detect_accel' to 'ap_ctrl_hs'.
WARNING: [RTGEN 206-101] Port 'MHGD_detect_accel/x_hat' has no fanin or fanout and is left dangling.
               Please use C simulation to confirm this function argument can be read from or written to.
WARNING: [RTGEN 206-101] Port 'MHGD_detect_accel/Nr' has no fanin or fanout and is left dangling.
               Please use C simulation to confirm this function argument can be read from or written to.
WARNING: [RTGEN 206-101] Port 'MHGD_detect_accel/mu' has no fanin or fanout and is left dangling.
               Please use C simulation to confirm this function argument can be read from or written to.
WARNING: [RTGEN 206-101] Port 'MHGD_detect_accel/H' has no fanin or fanout and is left dangling.
               Please use C simulation to confirm this function argument can be read from or written to.
WARNING: [RTGEN 206-101] Port 'MHGD_detect_accel/y' has no fanin or fanout and is left dangling.
               Please use C simulation to confirm this function argument can be read from or written to.
WARNING: [RTGEN 206-101] Port 'MHGD_detect_accel/sigma2' has no fanin or fanout and is left dangling.
               Please use C simulation to confirm this function argument can be read from or written to.
WARNING: [RTGEN 206-101] Port 'MHGD_detect_accel/lr_approx' has no fanin or fanout and is left dangling.
               Please use C simulation to confirm this function argument can be read from or written to.
WARNING: [RTGEN 206-101] Port 'MHGD_detect_accel/v_tb' has no fanin or fanout and is left dangling.
               Please use C simulation to confirm this function argument can be read from or written to.
INFO: [RTGEN 206-100] Finished creating RTL model for 'MHGD_detect_accel'.
INFO: [HLS 200-111] Finished Creating RTL model: CPU user time: 0.02 seconds. CPU system time: 0.01 seconds. Elapsed time: 0.02 seconds; current allocated memory: 696.453 MB.
INFO: [HLS 200-111] Finished Generating all RTL models: CPU user time: 0.07 seconds. CPU system time: 0 seconds. Elapsed time: 0.08 seconds; current allocated memory: 696.453 MB.
INFO: [HLS 200-111] Finished Updating report files: CPU user time: 0.11 seconds. CPU system time: 0 seconds. Elapsed time: 0.11 seconds; current allocated memory: 696.453 MB.
INFO: [VHDL 208-304] Generating VHDL RTL for MHGD_detect_accel.
INFO: [VLOG 209-307] Generating Verilog RTL for MHGD_detect_accel.
INFO: [HLS 200-789] **** Estimated Fmax: 767.46 MHz
INFO: [IMPL 213-8] Exporting RTL as a Vivado IP.
WARNING: /tools/Xilinx/Vivado/2024.2/tps/lnx64/jre11.0.16_1 does not exist.

****** Vivado v2024.2 (64-bit)
  **** SW Build 5239630 on Fri Nov 08 22:34:34 MST 2024
  **** IP Build 5239520 on Sun Nov 10 16:12:51 MST 2024
  **** SharedData Build 5239561 on Fri Nov 08 14:39:27 MST 2024
  **** Start of session at: Tue Mar 25 20:24:45 2025
    ** Copyright 1986-2022 Xilinx, Inc. All Rights Reserved.
    ** Copyright 2022-2024 Advanced Micro Devices, Inc. All Rights Reserved.

source run_ippack.tcl -notrace
INFO: calling package_hls_ip ip_types=vitis sysgen json_file=/home/ggg_wufuqi/hls/MHGD/MHGD/hls/hls_data.json outdir=/home/ggg_wufuqi/hls/MHGD/MHGD/hls/impl/ip srcdir=/home/ggg_wufuqi/hls/MHGD/MHGD/hls sort_interfaces_ports=false
INFO: Copied 1 ipmisc file(s) to /home/ggg_wufuqi/hls/MHGD/MHGD/hls/impl/ip/misc
INFO: Copied 1 verilog file(s) to /home/ggg_wufuqi/hls/MHGD/MHGD/hls/impl/ip/hdl/verilog
INFO: Copied 1 vhdl file(s) to /home/ggg_wufuqi/hls/MHGD/MHGD/hls/impl/ip/hdl/vhdl
WARNING: [Common 17-1496] Vivado tclapp support version doesn't have install/uninstall hooks. Please update support using ::tclapp::update_support command.
WARNING: [Common 17-1496] Vivado tclapp support version doesn't have install/uninstall hooks. Please update support using ::tclapp::update_support command.
WARNING: [Common 17-1496] Vivado tclapp support version doesn't have install/uninstall hooks. Please update support using ::tclapp::update_support command.
WARNING: [Common 17-1496] Vivado tclapp support version doesn't have install/uninstall hooks. Please update support using ::tclapp::update_support command.
WARNING: [Common 17-1496] Vivado tclapp support version doesn't have install/uninstall hooks. Please update support using ::tclapp::update_support command.
WARNING: [Common 17-1496] Vivado tclapp support version doesn't have install/uninstall hooks. Please update support using ::tclapp::update_support command.
INFO: Import ports from HDL: /home/ggg_wufuqi/hls/MHGD/MHGD/hls/impl/ip/hdl/vhdl/MHGD_detect_accel.vhd (MHGD_detect_accel)
INFO: Add ap_ctrl interface ap_ctrl
INFO: Add data interface ap_return
INFO: [IP_Flow 19-234] Refreshing IP repositories
INFO: [IP_Flow 19-1704] No user IP repositories specified
INFO: [IP_Flow 19-2313] Loaded Vivado IP repository '/tools/Xilinx/Vivado/2024.2/data/ip'.
INFO: Add reset interface ap_rst
INFO: Add data interface x_hat
INFO: Add data interface Nt
INFO: Add data interface Nr
INFO: Add data interface mu
INFO: Add data interface H
INFO: Add data interface y
INFO: Add data interface sigma2
INFO: Add data interface mmse_init
INFO: Add data interface lr_approx
INFO: Add data interface iter
INFO: Add data interface v_tb
INFO: Calling post_process_vitis to specialize IP
INFO: Calling post_process_sysgen to specialize IP
Generating sysgen info xml from json file
INFO: Created IP /home/ggg_wufuqi/hls/MHGD/MHGD/hls/impl/ip/component.xml
INFO: Created IP archive /home/ggg_wufuqi/hls/MHGD/MHGD/hls/impl/ip/xilinx_com_hls_MHGD_detect_accel_1_0.zip
INFO: [Common 17-206] Exiting Vivado at Tue Mar 25 20:24:49 2025...
INFO: [HLS 200-802] Generated output file MHGD/MHGD_detect_accel.zip
INFO: [HLS 200-112] Total CPU user time: 11.1 seconds. Total CPU system time: 1.18 seconds. Total elapsed time: 15.7 seconds; peak allocated memory: 696.453 MB.
INFO: [v++ 60-791] Total elapsed time: 0h 0m 19s
