INFO: [HLS 200-2005] Using work_dir /home/ggg_wufuqi/hls/MHGD/MHGD 
INFO: [HLS 200-1505] Using default flow_target 'vivado'
Resolution: For help on HLS 200-1505 see docs.xilinx.com/access/sources/dita/topic?Doc_Version=2024.2%20English&url=ug1448-hls-guidance&resourceid=200-1505.html
INFO: [HLS 200-1465] Applying ini 'syn.file=MHGD_accel.c' from /home/ggg_wufuqi/hls/MHGD/hls_config.cfg(20)
INFO: [HLS 200-10] Adding design file '/home/ggg_wufuqi/hls/MHGD/MHGD_accel.c' to the project
INFO: [HLS 200-1465] Applying ini 'syn.file=MHGD_accel.h' from /home/ggg_wufuqi/hls/MHGD/hls_config.cfg(21)
INFO: [HLS 200-10] Adding design file '/home/ggg_wufuqi/hls/MHGD/MHGD_accel.h' to the project
INFO: [HLS 200-1465] Applying ini 'syn.file=MyComplex.h' from /home/ggg_wufuqi/hls/MHGD/hls_config.cfg(22)
INFO: [HLS 200-10] Adding design file '/home/ggg_wufuqi/hls/MHGD/MyComplex.h' to the project
INFO: [HLS 200-1465] Applying ini 'syn.file=util.c' from /home/ggg_wufuqi/hls/MHGD/hls_config.cfg(23)
INFO: [HLS 200-10] Adding design file '/home/ggg_wufuqi/hls/MHGD/util.c' to the project
INFO: [HLS 200-1465] Applying ini 'syn.file=util.h' from /home/ggg_wufuqi/hls/MHGD/hls_config.cfg(24)
INFO: [HLS 200-10] Adding design file '/home/ggg_wufuqi/hls/MHGD/util.h' to the project
INFO: [HLS 200-1465] Applying ini 'syn.file=sys_config.h' from /home/ggg_wufuqi/hls/MHGD/hls_config.cfg(25)
INFO: [HLS 200-10] Adding design file '/home/ggg_wufuqi/hls/MHGD/sys_config.h' to the project
INFO: [HLS 200-1465] Applying ini 'syn.file=/home/ggg_wufuqi/hls/MHGD/MIMO_simulation.c' from /home/ggg_wufuqi/hls/MHGD/hls_config.cfg(26)
INFO: [HLS 200-10] Adding design file '/home/ggg_wufuqi/hls/MHGD/MIMO_simulation.c' to the project
INFO: [HLS 200-1465] Applying ini 'syn.file=/home/ggg_wufuqi/hls/MHGD/MIMO_simulation.h' from /home/ggg_wufuqi/hls/MHGD/hls_config.cfg(27)
INFO: [HLS 200-10] Adding design file '/home/ggg_wufuqi/hls/MHGD/MIMO_simulation.h' to the project
INFO: [HLS 200-1465] Applying ini 'tb.file=tb.c' from /home/ggg_wufuqi/hls/MHGD/hls_config.cfg(4)
INFO: [HLS 200-10] Adding test bench file '/home/ggg_wufuqi/hls/MHGD/tb.c' to the project
INFO: [HLS 200-1465] Applying ini 'tb.file=/home/ggg_wufuqi/MCMC_MIMO_Detector-master/input_file/H_SNR=5.txt' from /home/ggg_wufuqi/hls/MHGD/hls_config.cfg(6)
INFO: [HLS 200-10] Adding test bench file '/home/ggg_wufuqi/MCMC_MIMO_Detector-master/input_file/H_SNR=5.txt' to the project
INFO: [HLS 200-1465] Applying ini 'tb.file=/home/ggg_wufuqi/MCMC_MIMO_Detector-master/input_file/H_SNR=10.txt' from /home/ggg_wufuqi/hls/MHGD/hls_config.cfg(7)
INFO: [HLS 200-10] Adding test bench file '/home/ggg_wufuqi/MCMC_MIMO_Detector-master/input_file/H_SNR=10.txt' to the project
INFO: [HLS 200-1465] Applying ini 'tb.file=/home/ggg_wufuqi/MCMC_MIMO_Detector-master/input_file/H_SNR=15.txt' from /home/ggg_wufuqi/hls/MHGD/hls_config.cfg(8)
INFO: [HLS 200-10] Adding test bench file '/home/ggg_wufuqi/MCMC_MIMO_Detector-master/input_file/H_SNR=15.txt' to the project
INFO: [HLS 200-1465] Applying ini 'tb.file=/home/ggg_wufuqi/MCMC_MIMO_Detector-master/input_file/H_SNR=20.txt' from /home/ggg_wufuqi/hls/MHGD/hls_config.cfg(9)
INFO: [HLS 200-10] Adding test bench file '/home/ggg_wufuqi/MCMC_MIMO_Detector-master/input_file/H_SNR=20.txt' to the project
INFO: [HLS 200-1465] Applying ini 'tb.file=/home/ggg_wufuqi/MCMC_MIMO_Detector-master/input_file/H_SNR=25.txt' from /home/ggg_wufuqi/hls/MHGD/hls_config.cfg(10)
INFO: [HLS 200-10] Adding test bench file '/home/ggg_wufuqi/MCMC_MIMO_Detector-master/input_file/H_SNR=25.txt' to the project
INFO: [HLS 200-1465] Applying ini 'tb.file=/home/ggg_wufuqi/MCMC_MIMO_Detector-master/input_file/y_SNR=5.txt' from /home/ggg_wufuqi/hls/MHGD/hls_config.cfg(11)
INFO: [HLS 200-10] Adding test bench file '/home/ggg_wufuqi/MCMC_MIMO_Detector-master/input_file/y_SNR=5.txt' to the project
INFO: [HLS 200-1465] Applying ini 'tb.file=/home/ggg_wufuqi/MCMC_MIMO_Detector-master/input_file/y_SNR=10.txt' from /home/ggg_wufuqi/hls/MHGD/hls_config.cfg(12)
INFO: [HLS 200-10] Adding test bench file '/home/ggg_wufuqi/MCMC_MIMO_Detector-master/input_file/y_SNR=10.txt' to the project
INFO: [HLS 200-1465] Applying ini 'tb.file=/home/ggg_wufuqi/MCMC_MIMO_Detector-master/input_file/y_SNR=15.txt' from /home/ggg_wufuqi/hls/MHGD/hls_config.cfg(13)
INFO: [HLS 200-10] Adding test bench file '/home/ggg_wufuqi/MCMC_MIMO_Detector-master/input_file/y_SNR=15.txt' to the project
INFO: [HLS 200-1465] Applying ini 'tb.file=/home/ggg_wufuqi/MCMC_MIMO_Detector-master/input_file/y_SNR=20.txt' from /home/ggg_wufuqi/hls/MHGD/hls_config.cfg(14)
INFO: [HLS 200-10] Adding test bench file '/home/ggg_wufuqi/MCMC_MIMO_Detector-master/input_file/y_SNR=20.txt' to the project
INFO: [HLS 200-1465] Applying ini 'tb.file=/home/ggg_wufuqi/MCMC_MIMO_Detector-master/input_file/y_SNR=25.txt' from /home/ggg_wufuqi/hls/MHGD/hls_config.cfg(15)
INFO: [HLS 200-10] Adding test bench file '/home/ggg_wufuqi/MCMC_MIMO_Detector-master/input_file/y_SNR=25.txt' to the project
INFO: [HLS 200-1465] Applying ini 'syn.top=MHGD_detect_accel' from /home/ggg_wufuqi/hls/MHGD/hls_config.cfg(29)
INFO: [HLS 200-1465] Applying ini 'flow_target=vivado' from /home/ggg_wufuqi/hls/MHGD/hls_config.cfg(28)
INFO: [HLS 200-1505] Using flow_target 'vivado'
Resolution: For help on HLS 200-1505 see docs.xilinx.com/access/sources/dita/topic?Doc_Version=2024.2%20English&url=ug1448-hls-guidance&resourceid=200-1505.html
INFO: [HLS 200-1465] Applying ini 'part=xck26-sfvc784-2LV-c' from /home/ggg_wufuqi/hls/MHGD/hls_config.cfg(1)
INFO: [HLS 200-1611] Setting target device to 'xck26-sfvc784-2LV-c'
INFO: [HLS 200-1465] Applying ini 'clock=10ns' from /home/ggg_wufuqi/hls/MHGD/hls_config.cfg(16)
INFO: [SYN 201-201] Setting up clock 'default' with a period of 10ns.
INFO: [HLS 200-1465] Applying ini 'cosim.argv=MHGD_detect_accel' from /home/ggg_wufuqi/hls/MHGD/hls_config.cfg(18)
INFO: [HLS 200-1465] Applying ini 'csim.argv=MHGD_detect_accel' from /home/ggg_wufuqi/hls/MHGD/hls_config.cfg(17)
INFO: [HLS 200-1465] Applying ini 'csim.clean=1' from /home/ggg_wufuqi/hls/MHGD/hls_config.cfg(19)
INFO: [HLS 200-1465] Applying ini 'syn.dataflow.disable_fifo_sizing_opt=1' from /home/ggg_wufuqi/hls/MHGD/hls_config.cfg(30)
INFO: [HLS 200-111] Finished File checks and directory preparation: CPU user time: 1.74 seconds. CPU system time: 0.16 seconds. Elapsed time: 1.8 seconds; current allocated memory: 658.930 MB.
INFO: [HLS 200-10] Analyzing design file 'MIMO_simulation.c' ... 
WARNING: [HLS 207-1017] unknown pragma ignored (./util.h:10:9)
INFO: [HLS 200-10] Analyzing design file 'util.c' ... 
WARNING: [HLS 207-1017] unknown pragma ignored (./util.h:10:9)
INFO: [HLS 200-10] Analyzing design file 'MHGD_accel.c' ... 
WARNING: [HLS 207-877] ISO C99 requires whitespace after the macro name (MHGD_accel.c:10:23)
WARNING: [HLS 207-910] '__SYNTHESIS__' macro redefined (MHGD_accel.c:10:10)
INFO: [HLS 207-71] previous definition is here (<command line>:3:9)
WARNING: [HLS 207-1017] unknown pragma ignored (./util.h:10:9)
WARNING: [HLS 207-5292] unused parameter 'Nr' (MHGD_accel.c:146:34)
INFO: [HLS 200-111] Finished Source Code Analysis and Preprocessing: CPU user time: 0.5 seconds. CPU system time: 0.43 seconds. Elapsed time: 0.93 seconds; current allocated memory: 662.043 MB.
INFO: [HLS 200-777] Using interface defaults for 'Vivado' flow target.
WARNING: [HLS 200-1995] There were 100,931 instructions in the design after the 'Compile/Link' phase of compilation. See the Design Size Report for more details: /home/ggg_wufuqi/hls/MHGD/MHGD/hls/syn/report/csynth_design_size.rpt
INFO: [HLS 200-1995] There were 11,048 instructions in the design after the 'Unroll/Inline (step 1)' phase of compilation. See the Design Size Report for more details: /home/ggg_wufuqi/hls/MHGD/MHGD/hls/syn/report/csynth_design_size.rpt
INFO: [HLS 200-1995] There were 3 instructions in the design after the 'Unroll/Inline (step 2)' phase of compilation. See the Design Size Report for more details: /home/ggg_wufuqi/hls/MHGD/MHGD/hls/syn/report/csynth_design_size.rpt
INFO: [HLS 200-1995] There were 3 instructions in the design after the 'Unroll/Inline (step 3)' phase of compilation. See the Design Size Report for more details: /home/ggg_wufuqi/hls/MHGD/MHGD/hls/syn/report/csynth_design_size.rpt
INFO: [HLS 200-1995] There were 3 instructions in the design after the 'Unroll/Inline (step 4)' phase of compilation. See the Design Size Report for more details: /home/ggg_wufuqi/hls/MHGD/MHGD/hls/syn/report/csynth_design_size.rpt
ERROR: [HLS 214-194] in function 'MHGD_detect_accel': Undefined function clock (MHGD_accel.c:233:29)
ERROR: [HLS 214-135] Syn check fail!
ERROR: [HLS 200-1715] Encountered problem during source synthesis
ERROR: Pre-synthesis failed.
INFO: [HLS 200-112] Total CPU user time: 4.01 seconds. Total CPU system time: 0.79 seconds. Total elapsed time: 9.28 seconds; peak allocated memory: 663.441 MB.
